2023-03-05 15:45:51.074 [info] Added views:workbench.panel.markers.view in workbench.panel.markers
2023-03-05 15:45:51.074 [info] Added views:workbench.panel.output in workbench.panel.output
2023-03-05 15:45:51.074 [info] Added views:terminal in terminal
2023-03-05 15:45:51.074 [info] Added views:outline in workbench.view.explorer
2023-03-05 15:45:51.074 [info] Added views:workbench.scm in workbench.view.scm
2023-03-05 15:45:51.074 [info] Added views:workbench.view.search in workbench.view.search
2023-03-05 15:45:51.074 [info] Added views:timeline in workbench.view.explorer
2023-03-05 15:45:51.074 [info] Added views:workbench.explorer.fileView in workbench.view.explorer
2023-03-05 15:45:51.585 [info] Added views:workbench.debug.welcome in workbench.view.debug
2023-03-05 15:45:52.246 [info] Added views:gitlens.views.home,gitlens.views.contributors in workbench.view.extension.gitlens
2023-03-05 15:45:52.248 [info] Added views:gitlens.views.commits,gitlens.views.commitDetails,gitlens.views.fileHistory,gitlens.views.branches,gitlens.views.remotes,gitlens.views.stashes,gitlens.views.tags,gitlens.views.searchAndCompare in workbench.view.scm
2023-03-05 15:45:52.249 [info] Added views:cell-tag in workbench.view.extension.jupyter
2023-03-05 15:45:53.712 [info] Added views:workbench.panel.repl.view in workbench.panel.repl
2023-03-05 15:45:57.835 [info] Added views:workbench.view.testing in workbench.view.extension.test
2023-03-05 15:46:03.632 [info] Removed views:gitlens.views.searchAndCompare,gitlens.views.tags,gitlens.views.stashes,gitlens.views.remotes,gitlens.views.branches,gitlens.views.fileHistory,gitlens.views.commitDetails,gitlens.views.commits from workbench.view.scm
2023-03-05 15:46:03.632 [info] Removed views:gitlens.views.contributors from workbench.view.extension.gitlens
2023-03-05 15:46:04.650 [info] Added views:liveshare.session,liveshare.contacts in workbench.view.extension.liveshare
2023-03-05 15:48:01.458 [info] Removed views:workbench.view.testing from workbench.view.extension.test
2023-03-05 15:48:02.331 [info] Added views:workbench.panel.markers.view in workbench.panel.markers
2023-03-05 15:48:02.331 [info] Added views:workbench.panel.output in workbench.panel.output
2023-03-05 15:48:02.331 [info] Added views:terminal in terminal
2023-03-05 15:48:02.331 [info] Added views:outline in workbench.view.explorer
2023-03-05 15:48:02.331 [info] Added views:workbench.scm in workbench.view.scm
2023-03-05 15:48:02.331 [info] Added views:workbench.view.search in workbench.view.search
2023-03-05 15:48:02.331 [info] Added views:timeline in workbench.view.explorer
2023-03-05 15:48:02.331 [info] Added views:workbench.explorer.fileView in workbench.view.explorer
2023-03-05 15:48:02.694 [info] Added views:workbench.debug.variablesView,workbench.debug.watchExpressionsView,workbench.debug.callStackView,workbench.debug.breakPointsView in workbench.view.debug
2023-03-05 15:48:03.234 [info] Added views:gitlens.views.home,gitlens.views.contributors in workbench.view.extension.gitlens
2023-03-05 15:48:03.240 [info] Added views:gitlens.views.commits,gitlens.views.commitDetails,gitlens.views.fileHistory,gitlens.views.branches,gitlens.views.remotes,gitlens.views.stashes,gitlens.views.tags,gitlens.views.searchAndCompare in workbench.view.scm
2023-03-05 15:48:03.241 [info] Added views:cell-tag in workbench.view.extension.jupyter
2023-03-05 15:48:03.687 [info] Added views:workbench.panel.repl.view in workbench.panel.repl
2023-03-05 15:48:03.689 [info] Removed views:workbench.debug.breakPointsView,workbench.debug.callStackView,workbench.debug.watchExpressionsView,workbench.debug.variablesView from workbench.view.debug
2023-03-05 15:48:03.691 [info] Added views:workbench.debug.welcome in workbench.view.debug
2023-03-05 15:48:04.998 [info] Removed views:gitlens.views.searchAndCompare,gitlens.views.tags,gitlens.views.stashes,gitlens.views.remotes,gitlens.views.branches,gitlens.views.fileHistory,gitlens.views.commitDetails,gitlens.views.commits from workbench.view.scm
2023-03-05 15:48:04.999 [info] Removed views:gitlens.views.contributors from workbench.view.extension.gitlens
2023-03-05 15:48:05.252 [info] Added views:liveshare.session,liveshare.contacts in workbench.view.extension.liveshare
2023-03-05 16:29:48.112 [info] Added views:gitlens.views.timeline in workbench.view.extension.gitlensPanel
2023-03-05 16:29:48.113 [info] Added views:gitlens.views.contributors in workbench.view.extension.gitlens
2023-03-05 16:29:48.117 [info] Added views:gitlens.views.commits,gitlens.views.commitDetails,gitlens.views.fileHistory,gitlens.views.branches,gitlens.views.remotes,gitlens.views.stashes,gitlens.views.tags,gitlens.views.worktrees,gitlens.views.searchAndCompare in workbench.view.scm
