2023-02-28 21:44:54.322 [info] Extension host with pid 16902 started
2023-02-28 21:44:54.323 [info] Skipping acquiring lock for /home/rugery/.config/Code/User/workspaceStorage/41810d14e38801c00679b6fa9135698f.
2023-02-28 21:44:54.650 [info] ExtensionService#_doActivateExtension vscode.emmet, startup: false, activationEvent: 'onLanguage'
2023-02-28 21:44:54.675 [info] ExtensionService#_doActivateExtension ms-python.python, startup: false, activationEvent: 'onLanguage:python', root cause: ms-python.isort
2023-02-28 21:44:55.185 [info] ExtensionService#_doActivateExtension ms-toolsai.jupyter, startup: false, activationEvent: 'onLanguage:python'
2023-02-28 21:44:56.031 [info] ExtensionService#_doActivateExtension vscode.git-base, startup: true, activationEvent: '*', root cause: vscode.git
2023-02-28 21:44:56.049 [info] ExtensionService#_doActivateExtension alexiv.vscode-angular2-files, startup: true, activationEvent: '*'
2023-02-28 21:44:56.189 [info] ExtensionService#_doActivateExtension christian-kohler.path-intellisense, startup: true, activationEvent: '*'
2023-02-28 21:44:56.487 [info] ExtensionService#_doActivateExtension formulahendry.auto-rename-tag, startup: true, activationEvent: '*'
2023-02-28 21:44:56.553 [info] ExtensionService#_doActivateExtension kisstkondoros.vscode-gutter-preview, startup: true, activationEvent: '*'
2023-02-28 21:44:56.688 [info] ExtensionService#_doActivateExtension naumovs.color-highlight, startup: true, activationEvent: '*'
2023-02-28 21:44:56.770 [info] ExtensionService#_doActivateExtension oderwat.indent-rainbow, startup: true, activationEvent: '*'
2023-02-28 21:44:58.721 [info] Extension host terminating: parent process 16684 does not exist anymore: kill ESRCH (code: ESRCH) (errno: -3)
2023-02-28 21:44:58.754 [error] Canceled: Canceled
    at Object.k [as canceled] (/opt/visual-studio-code/resources/app/out/vs/workbench/api/node/extensionHostProcess.js:7:1192)
    at /opt/visual-studio-code/resources/app/out/vs/workbench/api/node/extensionHostProcess.js:106:7891
    at Array.forEach (<anonymous>)
    at l.dispose (/opt/visual-studio-code/resources/app/out/vs/workbench/api/node/extensionHostProcess.js:106:7856)
    at f.terminate (/opt/visual-studio-code/resources/app/out/vs/workbench/api/node/extensionHostProcess.js:108:9275)
    at h.terminate (/opt/visual-studio-code/resources/app/out/vs/workbench/api/node/extensionHostProcess.js:112:1397)
    at p (/opt/visual-studio-code/resources/app/out/vs/workbench/api/node/extensionHostProcess.js:122:17851)
    at Timeout._onTimeout (/opt/visual-studio-code/resources/app/out/vs/workbench/api/node/extensionHostProcess.js:122:16296)
    at listOnTimeout (node:internal/timers:559:17)
    at processTimers (node:internal/timers:502:7) setContext undefined
2023-02-28 21:44:58.754 [error] Canceled: Canceled
    at Object.k [as canceled] (/opt/visual-studio-code/resources/app/out/vs/workbench/api/node/extensionHostProcess.js:7:1192)
    at /opt/visual-studio-code/resources/app/out/vs/workbench/api/node/extensionHostProcess.js:106:7891
    at Array.forEach (<anonymous>)
    at l.dispose (/opt/visual-studio-code/resources/app/out/vs/workbench/api/node/extensionHostProcess.js:106:7856)
    at f.terminate (/opt/visual-studio-code/resources/app/out/vs/workbench/api/node/extensionHostProcess.js:108:9275)
    at h.terminate (/opt/visual-studio-code/resources/app/out/vs/workbench/api/node/extensionHostProcess.js:112:1397)
    at p (/opt/visual-studio-code/resources/app/out/vs/workbench/api/node/extensionHostProcess.js:122:17851)
    at Timeout._onTimeout (/opt/visual-studio-code/resources/app/out/vs/workbench/api/node/extensionHostProcess.js:122:16296)
    at listOnTimeout (node:internal/timers:559:17)
    at processTimers (node:internal/timers:502:7) setContext undefined
2023-02-28 21:44:58.755 [error] Canceled: Canceled
    at Object.k [as canceled] (/opt/visual-studio-code/resources/app/out/vs/workbench/api/node/extensionHostProcess.js:7:1192)
    at /opt/visual-studio-code/resources/app/out/vs/workbench/api/node/extensionHostProcess.js:106:7891
    at Array.forEach (<anonymous>)
    at l.dispose (/opt/visual-studio-code/resources/app/out/vs/workbench/api/node/extensionHostProcess.js:106:7856)
    at f.terminate (/opt/visual-studio-code/resources/app/out/vs/workbench/api/node/extensionHostProcess.js:108:9275)
    at h.terminate (/opt/visual-studio-code/resources/app/out/vs/workbench/api/node/extensionHostProcess.js:112:1397)
    at p (/opt/visual-studio-code/resources/app/out/vs/workbench/api/node/extensionHostProcess.js:122:17851)
    at Timeout._onTimeout (/opt/visual-studio-code/resources/app/out/vs/workbench/api/node/extensionHostProcess.js:122:16296)
    at listOnTimeout (node:internal/timers:559:17)
    at processTimers (node:internal/timers:502:7) setContext undefined
2023-02-28 21:44:58.757 [error] Canceled: Canceled
    at Object.k [as canceled] (/opt/visual-studio-code/resources/app/out/vs/workbench/api/node/extensionHostProcess.js:7:1192)
    at /opt/visual-studio-code/resources/app/out/vs/workbench/api/node/extensionHostProcess.js:106:7891
    at Array.forEach (<anonymous>)
    at l.dispose (/opt/visual-studio-code/resources/app/out/vs/workbench/api/node/extensionHostProcess.js:106:7856)
    at f.terminate (/opt/visual-studio-code/resources/app/out/vs/workbench/api/node/extensionHostProcess.js:108:9275)
    at h.terminate (/opt/visual-studio-code/resources/app/out/vs/workbench/api/node/extensionHostProcess.js:112:1397)
    at p (/opt/visual-studio-code/resources/app/out/vs/workbench/api/node/extensionHostProcess.js:122:17851)
    at Timeout._onTimeout (/opt/visual-studio-code/resources/app/out/vs/workbench/api/node/extensionHostProcess.js:122:16296)
    at listOnTimeout (node:internal/timers:559:17)
    at processTimers (node:internal/timers:502:7) setContext undefined
2023-02-28 21:44:58.758 [error] Canceled: Canceled
    at Object.k [as canceled] (/opt/visual-studio-code/resources/app/out/vs/workbench/api/node/extensionHostProcess.js:7:1192)
    at /opt/visual-studio-code/resources/app/out/vs/workbench/api/node/extensionHostProcess.js:106:7891
    at Array.forEach (<anonymous>)
    at l.dispose (/opt/visual-studio-code/resources/app/out/vs/workbench/api/node/extensionHostProcess.js:106:7856)
    at f.terminate (/opt/visual-studio-code/resources/app/out/vs/workbench/api/node/extensionHostProcess.js:108:9275)
    at h.terminate (/opt/visual-studio-code/resources/app/out/vs/workbench/api/node/extensionHostProcess.js:112:1397)
    at p (/opt/visual-studio-code/resources/app/out/vs/workbench/api/node/extensionHostProcess.js:122:17851)
    at Timeout._onTimeout (/opt/visual-studio-code/resources/app/out/vs/workbench/api/node/extensionHostProcess.js:122:16296)
    at listOnTimeout (node:internal/timers:559:17)
    at processTimers (node:internal/timers:502:7) setContext undefined
2023-02-28 21:44:58.758 [error] Canceled: Canceled
    at Object.k [as canceled] (/opt/visual-studio-code/resources/app/out/vs/workbench/api/node/extensionHostProcess.js:7:1192)
    at /opt/visual-studio-code/resources/app/out/vs/workbench/api/node/extensionHostProcess.js:106:7891
    at Array.forEach (<anonymous>)
    at l.dispose (/opt/visual-studio-code/resources/app/out/vs/workbench/api/node/extensionHostProcess.js:106:7856)
    at f.terminate (/opt/visual-studio-code/resources/app/out/vs/workbench/api/node/extensionHostProcess.js:108:9275)
    at h.terminate (/opt/visual-studio-code/resources/app/out/vs/workbench/api/node/extensionHostProcess.js:112:1397)
    at p (/opt/visual-studio-code/resources/app/out/vs/workbench/api/node/extensionHostProcess.js:122:17851)
    at Timeout._onTimeout (/opt/visual-studio-code/resources/app/out/vs/workbench/api/node/extensionHostProcess.js:122:16296)
    at listOnTimeout (node:internal/timers:559:17)
    at processTimers (node:internal/timers:502:7) setContext undefined
2023-02-28 21:44:58.759 [error] Canceled: Canceled
    at Object.k [as canceled] (/opt/visual-studio-code/resources/app/out/vs/workbench/api/node/extensionHostProcess.js:7:1192)
    at /opt/visual-studio-code/resources/app/out/vs/workbench/api/node/extensionHostProcess.js:106:7891
    at Array.forEach (<anonymous>)
    at l.dispose (/opt/visual-studio-code/resources/app/out/vs/workbench/api/node/extensionHostProcess.js:106:7856)
    at f.terminate (/opt/visual-studio-code/resources/app/out/vs/workbench/api/node/extensionHostProcess.js:108:9275)
    at h.terminate (/opt/visual-studio-code/resources/app/out/vs/workbench/api/node/extensionHostProcess.js:112:1397)
    at p (/opt/visual-studio-code/resources/app/out/vs/workbench/api/node/extensionHostProcess.js:122:17851)
    at Timeout._onTimeout (/opt/visual-studio-code/resources/app/out/vs/workbench/api/node/extensionHostProcess.js:122:16296)
    at listOnTimeout (node:internal/timers:559:17)
    at processTimers (node:internal/timers:502:7) setContext undefined
2023-02-28 21:44:58.759 [error] Canceled: Canceled
    at Object.k [as canceled] (/opt/visual-studio-code/resources/app/out/vs/workbench/api/node/extensionHostProcess.js:7:1192)
    at /opt/visual-studio-code/resources/app/out/vs/workbench/api/node/extensionHostProcess.js:106:7891
    at Array.forEach (<anonymous>)
    at l.dispose (/opt/visual-studio-code/resources/app/out/vs/workbench/api/node/extensionHostProcess.js:106:7856)
    at f.terminate (/opt/visual-studio-code/resources/app/out/vs/workbench/api/node/extensionHostProcess.js:108:9275)
    at h.terminate (/opt/visual-studio-code/resources/app/out/vs/workbench/api/node/extensionHostProcess.js:112:1397)
    at p (/opt/visual-studio-code/resources/app/out/vs/workbench/api/node/extensionHostProcess.js:122:17851)
    at Timeout._onTimeout (/opt/visual-studio-code/resources/app/out/vs/workbench/api/node/extensionHostProcess.js:122:16296)
    at listOnTimeout (node:internal/timers:559:17)
    at processTimers (node:internal/timers:502:7) setContext undefined
2023-02-28 21:44:58.759 [error] Canceled: Canceled
    at Object.k [as canceled] (/opt/visual-studio-code/resources/app/out/vs/workbench/api/node/extensionHostProcess.js:7:1192)
    at /opt/visual-studio-code/resources/app/out/vs/workbench/api/node/extensionHostProcess.js:106:7891
    at Array.forEach (<anonymous>)
    at l.dispose (/opt/visual-studio-code/resources/app/out/vs/workbench/api/node/extensionHostProcess.js:106:7856)
    at f.terminate (/opt/visual-studio-code/resources/app/out/vs/workbench/api/node/extensionHostProcess.js:108:9275)
    at h.terminate (/opt/visual-studio-code/resources/app/out/vs/workbench/api/node/extensionHostProcess.js:112:1397)
    at p (/opt/visual-studio-code/resources/app/out/vs/workbench/api/node/extensionHostProcess.js:122:17851)
    at Timeout._onTimeout (/opt/visual-studio-code/resources/app/out/vs/workbench/api/node/extensionHostProcess.js:122:16296)
    at listOnTimeout (node:internal/timers:559:17)
    at processTimers (node:internal/timers:502:7) setContext undefined
2023-02-28 21:44:58.759 [error] Canceled: Canceled
    at Object.k [as canceled] (/opt/visual-studio-code/resources/app/out/vs/workbench/api/node/extensionHostProcess.js:7:1192)
    at /opt/visual-studio-code/resources/app/out/vs/workbench/api/node/extensionHostProcess.js:106:7891
    at Array.forEach (<anonymous>)
    at l.dispose (/opt/visual-studio-code/resources/app/out/vs/workbench/api/node/extensionHostProcess.js:106:7856)
    at f.terminate (/opt/visual-studio-code/resources/app/out/vs/workbench/api/node/extensionHostProcess.js:108:9275)
    at h.terminate (/opt/visual-studio-code/resources/app/out/vs/workbench/api/node/extensionHostProcess.js:112:1397)
    at p (/opt/visual-studio-code/resources/app/out/vs/workbench/api/node/extensionHostProcess.js:122:17851)
    at Timeout._onTimeout (/opt/visual-studio-code/resources/app/out/vs/workbench/api/node/extensionHostProcess.js:122:16296)
    at listOnTimeout (node:internal/timers:559:17)
    at processTimers (node:internal/timers:502:7) setContext undefined
2023-02-28 21:44:58.760 [error] Canceled: Canceled
    at Object.k [as canceled] (/opt/visual-studio-code/resources/app/out/vs/workbench/api/node/extensionHostProcess.js:7:1192)
    at /opt/visual-studio-code/resources/app/out/vs/workbench/api/node/extensionHostProcess.js:106:7891
    at Array.forEach (<anonymous>)
    at l.dispose (/opt/visual-studio-code/resources/app/out/vs/workbench/api/node/extensionHostProcess.js:106:7856)
    at f.terminate (/opt/visual-studio-code/resources/app/out/vs/workbench/api/node/extensionHostProcess.js:108:9275)
    at h.terminate (/opt/visual-studio-code/resources/app/out/vs/workbench/api/node/extensionHostProcess.js:112:1397)
    at p (/opt/visual-studio-code/resources/app/out/vs/workbench/api/node/extensionHostProcess.js:122:17851)
    at Timeout._onTimeout (/opt/visual-studio-code/resources/app/out/vs/workbench/api/node/extensionHostProcess.js:122:16296)
    at listOnTimeout (node:internal/timers:559:17)
    at processTimers (node:internal/timers:502:7) setContext undefined
2023-02-28 21:44:58.760 [error] Canceled: Canceled
    at Object.k [as canceled] (/opt/visual-studio-code/resources/app/out/vs/workbench/api/node/extensionHostProcess.js:7:1192)
    at /opt/visual-studio-code/resources/app/out/vs/workbench/api/node/extensionHostProcess.js:106:7891
    at Array.forEach (<anonymous>)
    at l.dispose (/opt/visual-studio-code/resources/app/out/vs/workbench/api/node/extensionHostProcess.js:106:7856)
    at f.terminate (/opt/visual-studio-code/resources/app/out/vs/workbench/api/node/extensionHostProcess.js:108:9275)
    at h.terminate (/opt/visual-studio-code/resources/app/out/vs/workbench/api/node/extensionHostProcess.js:112:1397)
    at p (/opt/visual-studio-code/resources/app/out/vs/workbench/api/node/extensionHostProcess.js:122:17851)
    at Timeout._onTimeout (/opt/visual-studio-code/resources/app/out/vs/workbench/api/node/extensionHostProcess.js:122:16296)
    at listOnTimeout (node:internal/timers:559:17)
    at processTimers (node:internal/timers:502:7) setContext undefined
2023-02-28 21:44:58.761 [error] Canceled: Canceled
    at Object.k [as canceled] (/opt/visual-studio-code/resources/app/out/vs/workbench/api/node/extensionHostProcess.js:7:1192)
    at /opt/visual-studio-code/resources/app/out/vs/workbench/api/node/extensionHostProcess.js:106:7891
    at Array.forEach (<anonymous>)
    at l.dispose (/opt/visual-studio-code/resources/app/out/vs/workbench/api/node/extensionHostProcess.js:106:7856)
    at f.terminate (/opt/visual-studio-code/resources/app/out/vs/workbench/api/node/extensionHostProcess.js:108:9275)
    at h.terminate (/opt/visual-studio-code/resources/app/out/vs/workbench/api/node/extensionHostProcess.js:112:1397)
    at p (/opt/visual-studio-code/resources/app/out/vs/workbench/api/node/extensionHostProcess.js:122:17851)
    at Timeout._onTimeout (/opt/visual-studio-code/resources/app/out/vs/workbench/api/node/extensionHostProcess.js:122:16296)
    at listOnTimeout (node:internal/timers:559:17)
    at processTimers (node:internal/timers:502:7) setContext undefined
2023-02-28 21:44:58.761 [error] Canceled: Canceled
    at Object.k [as canceled] (/opt/visual-studio-code/resources/app/out/vs/workbench/api/node/extensionHostProcess.js:7:1192)
    at /opt/visual-studio-code/resources/app/out/vs/workbench/api/node/extensionHostProcess.js:106:7891
    at Array.forEach (<anonymous>)
    at l.dispose (/opt/visual-studio-code/resources/app/out/vs/workbench/api/node/extensionHostProcess.js:106:7856)
    at f.terminate (/opt/visual-studio-code/resources/app/out/vs/workbench/api/node/extensionHostProcess.js:108:9275)
    at h.terminate (/opt/visual-studio-code/resources/app/out/vs/workbench/api/node/extensionHostProcess.js:112:1397)
    at p (/opt/visual-studio-code/resources/app/out/vs/workbench/api/node/extensionHostProcess.js:122:17851)
    at Timeout._onTimeout (/opt/visual-studio-code/resources/app/out/vs/workbench/api/node/extensionHostProcess.js:122:16296)
    at listOnTimeout (node:internal/timers:559:17)
    at processTimers (node:internal/timers:502:7) setContext undefined
2023-02-28 21:44:58.817 [info] Extension host with pid 16902 exiting with code 0
2023-02-28 21:44:58.831 [error] Canceled: Canceled
    at new u (/opt/visual-studio-code/resources/app/out/vs/workbench/api/node/extensionHostProcess.js:96:88070)
    at l.O (/opt/visual-studio-code/resources/app/out/vs/workbench/api/node/extensionHostProcess.js:106:11276)
    at Proxy.V.<computed>.M.charCodeAt.V.<computed> (/opt/visual-studio-code/resources/app/out/vs/workbench/api/node/extensionHostProcess.js:106:8557)
    at s.g (/opt/visual-studio-code/resources/app/out/vs/workbench/api/node/extensionHostProcess.js:96:107430)
    at s.executeCommand (/opt/visual-studio-code/resources/app/out/vs/workbench/api/node/extensionHostProcess.js:96:106806)
    at w.registerCommand.description (/opt/visual-studio-code/resources/app/out/vs/workbench/api/node/extensionHostProcess.js:96:106099)
    at s.h (/opt/visual-studio-code/resources/app/out/vs/workbench/api/node/extensionHostProcess.js:96:108016)
    at s.g (/opt/visual-studio-code/resources/app/out/vs/workbench/api/node/extensionHostProcess.js:96:106906)
    at s.executeCommand (/opt/visual-studio-code/resources/app/out/vs/workbench/api/node/extensionHostProcess.js:96:106806)
    at Object.executeCommand (/opt/visual-studio-code/resources/app/out/vs/workbench/api/node/extensionHostProcess.js:117:30778)
    at a.executeCommand (/home/rugery/.vscode/extensions/ms-python.python-2023.2.0/out/client/extension.js:2:107531)
    at /home/rugery/.vscode/extensions/ms-python.python-2023.2.0/out/client/extension.js:2:409834
    at runNextTicks (node:internal/process/task_queues:61:5)
    at listOnTimeout (node:internal/timers:528:9)
    at processTimers (node:internal/timers:502:7)
    at t.activateComponents (/home/rugery/.vscode/extensions/ms-python.python-2023.2.0/out/client/extension.js:2:408578)
    at /home/rugery/.vscode/extensions/ms-python.python-2023.2.0/out/client/extension.js:2:3124940
    at e (/home/rugery/.vscode/extensions/ms-python.python-2023.2.0/out/client/extension.js:2:3124490)
    at f.n (/opt/visual-studio-code/resources/app/out/vs/workbench/api/node/extensionHostProcess.js:94:6818)
    at f.m (/opt/visual-studio-code/resources/app/out/vs/workbench/api/node/extensionHostProcess.js:94:6781)
    at f.l (/opt/visual-studio-code/resources/app/out/vs/workbench/api/node/extensionHostProcess.js:94:6238) setContext undefined
2023-02-28 21:44:58.846 [info] Eager extensions activated
2023-02-28 21:44:58.847 [error] Activating extension vscode.debug-auto-launch failed due to an error:
2023-02-28 21:44:58.847 [error] Canceled: Canceled
    at new u (/opt/visual-studio-code/resources/app/out/vs/workbench/api/node/extensionHostProcess.js:96:88070)
    at l.O (/opt/visual-studio-code/resources/app/out/vs/workbench/api/node/extensionHostProcess.js:106:11276)
    at Proxy.V.<computed>.M.charCodeAt.V.<computed> (/opt/visual-studio-code/resources/app/out/vs/workbench/api/node/extensionHostProcess.js:106:8557)
    at f.Y (/opt/visual-studio-code/resources/app/out/vs/workbench/api/node/extensionHostProcess.js:108:11499)
    at Object.actualActivateExtension (/opt/visual-studio-code/resources/app/out/vs/workbench/api/node/extensionHostProcess.js:108:8535)
    at f.n (/opt/visual-studio-code/resources/app/out/vs/workbench/api/node/extensionHostProcess.js:94:6831)
    at f.m (/opt/visual-studio-code/resources/app/out/vs/workbench/api/node/extensionHostProcess.js:94:6792)
    at f.l (/opt/visual-studio-code/resources/app/out/vs/workbench/api/node/extensionHostProcess.js:94:6249)
    at new f (/opt/visual-studio-code/resources/app/out/vs/workbench/api/node/extensionHostProcess.js:94:6176)
    at E.k (/opt/visual-studio-code/resources/app/out/vs/workbench/api/node/extensionHostProcess.js:94:5656)
    at E.j (/opt/visual-studio-code/resources/app/out/vs/workbench/api/node/extensionHostProcess.js:94:5611)
    at /opt/visual-studio-code/resources/app/out/vs/workbench/api/node/extensionHostProcess.js:94:4445
    at Array.map (<anonymous>)
    at E.h (/opt/visual-studio-code/resources/app/out/vs/workbench/api/node/extensionHostProcess.js:94:4433)
    at E.activateById (/opt/visual-studio-code/resources/app/out/vs/workbench/api/node/extensionHostProcess.js:94:4345)
    at f.S (/opt/visual-studio-code/resources/app/out/vs/workbench/api/node/extensionHostProcess.js:108:10021)
    at f.eb (/opt/visual-studio-code/resources/app/out/vs/workbench/api/node/extensionHostProcess.js:108:15029)
    at fb (/opt/visual-studio-code/resources/app/out/vs/workbench/api/node/extensionHostProcess.js:108:15325)
    at /opt/visual-studio-code/resources/app/out/vs/workbench/api/node/extensionHostProcess.js:108:15620
    at runNextTicks (node:internal/process/task_queues:61:5)
    at listOnTimeout (node:internal/timers:528:9)
    at processTimers (node:internal/timers:502:7)
2023-02-28 21:44:58.847 [error] Activating extension vscode.merge-conflict failed due to an error:
2023-02-28 21:44:58.847 [error] Canceled: Canceled
    at new u (/opt/visual-studio-code/resources/app/out/vs/workbench/api/node/extensionHostProcess.js:96:88070)
    at l.O (/opt/visual-studio-code/resources/app/out/vs/workbench/api/node/extensionHostProcess.js:106:11276)
    at Proxy.V.<computed>.M.charCodeAt.V.<computed> (/opt/visual-studio-code/resources/app/out/vs/workbench/api/node/extensionHostProcess.js:106:8557)
    at f.Y (/opt/visual-studio-code/resources/app/out/vs/workbench/api/node/extensionHostProcess.js:108:11499)
    at Object.actualActivateExtension (/opt/visual-studio-code/resources/app/out/vs/workbench/api/node/extensionHostProcess.js:108:8535)
    at f.n (/opt/visual-studio-code/resources/app/out/vs/workbench/api/node/extensionHostProcess.js:94:6831)
    at f.m (/opt/visual-studio-code/resources/app/out/vs/workbench/api/node/extensionHostProcess.js:94:6792)
    at f.l (/opt/visual-studio-code/resources/app/out/vs/workbench/api/node/extensionHostProcess.js:94:6249)
    at new f (/opt/visual-studio-code/resources/app/out/vs/workbench/api/node/extensionHostProcess.js:94:6176)
    at E.k (/opt/visual-studio-code/resources/app/out/vs/workbench/api/node/extensionHostProcess.js:94:5656)
    at E.j (/opt/visual-studio-code/resources/app/out/vs/workbench/api/node/extensionHostProcess.js:94:5611)
    at /opt/visual-studio-code/resources/app/out/vs/workbench/api/node/extensionHostProcess.js:94:4445
    at Array.map (<anonymous>)
    at E.h (/opt/visual-studio-code/resources/app/out/vs/workbench/api/node/extensionHostProcess.js:94:4433)
    at E.activateById (/opt/visual-studio-code/resources/app/out/vs/workbench/api/node/extensionHostProcess.js:94:4345)
    at f.S (/opt/visual-studio-code/resources/app/out/vs/workbench/api/node/extensionHostProcess.js:108:10021)
    at f.eb (/opt/visual-studio-code/resources/app/out/vs/workbench/api/node/extensionHostProcess.js:108:15029)
    at fb (/opt/visual-studio-code/resources/app/out/vs/workbench/api/node/extensionHostProcess.js:108:15325)
    at /opt/visual-studio-code/resources/app/out/vs/workbench/api/node/extensionHostProcess.js:108:15620
    at runNextTicks (node:internal/process/task_queues:61:5)
    at listOnTimeout (node:internal/timers:528:9)
    at processTimers (node:internal/timers:502:7)
2023-02-28 21:44:58.848 [error] Activating extension aaron-bond.better-comments failed due to an error:
2023-02-28 21:44:58.848 [error] Canceled: Canceled
    at new u (/opt/visual-studio-code/resources/app/out/vs/workbench/api/node/extensionHostProcess.js:96:88070)
    at l.O (/opt/visual-studio-code/resources/app/out/vs/workbench/api/node/extensionHostProcess.js:106:11276)
    at Proxy.V.<computed>.M.charCodeAt.V.<computed> (/opt/visual-studio-code/resources/app/out/vs/workbench/api/node/extensionHostProcess.js:106:8557)
    at f.Y (/opt/visual-studio-code/resources/app/out/vs/workbench/api/node/extensionHostProcess.js:108:11499)
    at Object.actualActivateExtension (/opt/visual-studio-code/resources/app/out/vs/workbench/api/node/extensionHostProcess.js:108:8535)
    at f.n (/opt/visual-studio-code/resources/app/out/vs/workbench/api/node/extensionHostProcess.js:94:6831)
    at f.m (/opt/visual-studio-code/resources/app/out/vs/workbench/api/node/extensionHostProcess.js:94:6792)
    at f.l (/opt/visual-studio-code/resources/app/out/vs/workbench/api/node/extensionHostProcess.js:94:6249)
    at new f (/opt/visual-studio-code/resources/app/out/vs/workbench/api/node/extensionHostProcess.js:94:6176)
    at E.k (/opt/visual-studio-code/resources/app/out/vs/workbench/api/node/extensionHostProcess.js:94:5656)
    at E.j (/opt/visual-studio-code/resources/app/out/vs/workbench/api/node/extensionHostProcess.js:94:5611)
    at /opt/visual-studio-code/resources/app/out/vs/workbench/api/node/extensionHostProcess.js:94:4445
    at Array.map (<anonymous>)
    at E.h (/opt/visual-studio-code/resources/app/out/vs/workbench/api/node/extensionHostProcess.js:94:4433)
    at E.activateById (/opt/visual-studio-code/resources/app/out/vs/workbench/api/node/extensionHostProcess.js:94:4345)
    at f.S (/opt/visual-studio-code/resources/app/out/vs/workbench/api/node/extensionHostProcess.js:108:10021)
    at f.eb (/opt/visual-studio-code/resources/app/out/vs/workbench/api/node/extensionHostProcess.js:108:15029)
    at fb (/opt/visual-studio-code/resources/app/out/vs/workbench/api/node/extensionHostProcess.js:108:15325)
    at /opt/visual-studio-code/resources/app/out/vs/workbench/api/node/extensionHostProcess.js:108:15620
    at runNextTicks (node:internal/process/task_queues:61:5)
    at listOnTimeout (node:internal/timers:528:9)
    at processTimers (node:internal/timers:502:7)
2023-02-28 21:44:58.848 [error] Activating extension dbaeumer.vscode-eslint failed due to an error:
2023-02-28 21:44:58.849 [error] Canceled: Canceled
    at new u (/opt/visual-studio-code/resources/app/out/vs/workbench/api/node/extensionHostProcess.js:96:88070)
    at l.O (/opt/visual-studio-code/resources/app/out/vs/workbench/api/node/extensionHostProcess.js:106:11276)
    at Proxy.V.<computed>.M.charCodeAt.V.<computed> (/opt/visual-studio-code/resources/app/out/vs/workbench/api/node/extensionHostProcess.js:106:8557)
    at f.Y (/opt/visual-studio-code/resources/app/out/vs/workbench/api/node/extensionHostProcess.js:108:11499)
    at Object.actualActivateExtension (/opt/visual-studio-code/resources/app/out/vs/workbench/api/node/extensionHostProcess.js:108:8535)
    at f.n (/opt/visual-studio-code/resources/app/out/vs/workbench/api/node/extensionHostProcess.js:94:6831)
    at f.m (/opt/visual-studio-code/resources/app/out/vs/workbench/api/node/extensionHostProcess.js:94:6792)
    at f.l (/opt/visual-studio-code/resources/app/out/vs/workbench/api/node/extensionHostProcess.js:94:6249)
    at new f (/opt/visual-studio-code/resources/app/out/vs/workbench/api/node/extensionHostProcess.js:94:6176)
    at E.k (/opt/visual-studio-code/resources/app/out/vs/workbench/api/node/extensionHostProcess.js:94:5656)
    at E.j (/opt/visual-studio-code/resources/app/out/vs/workbench/api/node/extensionHostProcess.js:94:5611)
    at /opt/visual-studio-code/resources/app/out/vs/workbench/api/node/extensionHostProcess.js:94:4445
    at Array.map (<anonymous>)
    at E.h (/opt/visual-studio-code/resources/app/out/vs/workbench/api/node/extensionHostProcess.js:94:4433)
    at E.activateById (/opt/visual-studio-code/resources/app/out/vs/workbench/api/node/extensionHostProcess.js:94:4345)
    at f.S (/opt/visual-studio-code/resources/app/out/vs/workbench/api/node/extensionHostProcess.js:108:10021)
    at f.eb (/opt/visual-studio-code/resources/app/out/vs/workbench/api/node/extensionHostProcess.js:108:15029)
    at fb (/opt/visual-studio-code/resources/app/out/vs/workbench/api/node/extensionHostProcess.js:108:15325)
    at /opt/visual-studio-code/resources/app/out/vs/workbench/api/node/extensionHostProcess.js:108:15620
    at runNextTicks (node:internal/process/task_queues:61:5)
    at listOnTimeout (node:internal/timers:528:9)
    at processTimers (node:internal/timers:502:7)
2023-02-28 21:44:58.849 [error] Activating extension eamodio.gitlens failed due to an error:
2023-02-28 21:44:58.849 [error] Canceled: Canceled
    at new u (/opt/visual-studio-code/resources/app/out/vs/workbench/api/node/extensionHostProcess.js:96:88070)
    at l.O (/opt/visual-studio-code/resources/app/out/vs/workbench/api/node/extensionHostProcess.js:106:11276)
    at Proxy.V.<computed>.M.charCodeAt.V.<computed> (/opt/visual-studio-code/resources/app/out/vs/workbench/api/node/extensionHostProcess.js:106:8557)
    at f.Y (/opt/visual-studio-code/resources/app/out/vs/workbench/api/node/extensionHostProcess.js:108:11499)
    at Object.actualActivateExtension (/opt/visual-studio-code/resources/app/out/vs/workbench/api/node/extensionHostProcess.js:108:8535)
    at f.n (/opt/visual-studio-code/resources/app/out/vs/workbench/api/node/extensionHostProcess.js:94:6831)
    at f.m (/opt/visual-studio-code/resources/app/out/vs/workbench/api/node/extensionHostProcess.js:94:6792)
    at f.l (/opt/visual-studio-code/resources/app/out/vs/workbench/api/node/extensionHostProcess.js:94:6249)
    at new f (/opt/visual-studio-code/resources/app/out/vs/workbench/api/node/extensionHostProcess.js:94:6176)
    at E.k (/opt/visual-studio-code/resources/app/out/vs/workbench/api/node/extensionHostProcess.js:94:5656)
    at E.j (/opt/visual-studio-code/resources/app/out/vs/workbench/api/node/extensionHostProcess.js:94:5611)
    at /opt/visual-studio-code/resources/app/out/vs/workbench/api/node/extensionHostProcess.js:94:4445
    at Array.map (<anonymous>)
    at E.h (/opt/visual-studio-code/resources/app/out/vs/workbench/api/node/extensionHostProcess.js:94:4433)
    at E.activateById (/opt/visual-studio-code/resources/app/out/vs/workbench/api/node/extensionHostProcess.js:94:4345)
    at f.S (/opt/visual-studio-code/resources/app/out/vs/workbench/api/node/extensionHostProcess.js:108:10021)
    at f.eb (/opt/visual-studio-code/resources/app/out/vs/workbench/api/node/extensionHostProcess.js:108:15029)
    at fb (/opt/visual-studio-code/resources/app/out/vs/workbench/api/node/extensionHostProcess.js:108:15325)
    at /opt/visual-studio-code/resources/app/out/vs/workbench/api/node/extensionHostProcess.js:108:15620
    at runNextTicks (node:internal/process/task_queues:61:5)
    at listOnTimeout (node:internal/timers:528:9)
    at processTimers (node:internal/timers:502:7)
2023-02-28 21:44:58.849 [error] Activating extension ms-vsliveshare.vsliveshare failed due to an error:
2023-02-28 21:44:58.849 [error] Canceled: Canceled
    at new u (/opt/visual-studio-code/resources/app/out/vs/workbench/api/node/extensionHostProcess.js:96:88070)
    at l.O (/opt/visual-studio-code/resources/app/out/vs/workbench/api/node/extensionHostProcess.js:106:11276)
    at Proxy.V.<computed>.M.charCodeAt.V.<computed> (/opt/visual-studio-code/resources/app/out/vs/workbench/api/node/extensionHostProcess.js:106:8557)
    at f.Y (/opt/visual-studio-code/resources/app/out/vs/workbench/api/node/extensionHostProcess.js:108:11499)
    at Object.actualActivateExtension (/opt/visual-studio-code/resources/app/out/vs/workbench/api/node/extensionHostProcess.js:108:8535)
    at f.n (/opt/visual-studio-code/resources/app/out/vs/workbench/api/node/extensionHostProcess.js:94:6831)
    at f.m (/opt/visual-studio-code/resources/app/out/vs/workbench/api/node/extensionHostProcess.js:94:6792)
    at f.l (/opt/visual-studio-code/resources/app/out/vs/workbench/api/node/extensionHostProcess.js:94:6249)
    at new f (/opt/visual-studio-code/resources/app/out/vs/workbench/api/node/extensionHostProcess.js:94:6176)
    at E.k (/opt/visual-studio-code/resources/app/out/vs/workbench/api/node/extensionHostProcess.js:94:5656)
    at E.j (/opt/visual-studio-code/resources/app/out/vs/workbench/api/node/extensionHostProcess.js:94:5611)
    at /opt/visual-studio-code/resources/app/out/vs/workbench/api/node/extensionHostProcess.js:94:4445
    at Array.map (<anonymous>)
    at E.h (/opt/visual-studio-code/resources/app/out/vs/workbench/api/node/extensionHostProcess.js:94:4433)
    at E.activateById (/opt/visual-studio-code/resources/app/out/vs/workbench/api/node/extensionHostProcess.js:94:4345)
    at f.S (/opt/visual-studio-code/resources/app/out/vs/workbench/api/node/extensionHostProcess.js:108:10021)
    at f.eb (/opt/visual-studio-code/resources/app/out/vs/workbench/api/node/extensionHostProcess.js:108:15029)
    at fb (/opt/visual-studio-code/resources/app/out/vs/workbench/api/node/extensionHostProcess.js:108:15325)
    at /opt/visual-studio-code/resources/app/out/vs/workbench/api/node/extensionHostProcess.js:108:15620
    at runNextTicks (node:internal/process/task_queues:61:5)
    at listOnTimeout (node:internal/timers:528:9)
    at processTimers (node:internal/timers:502:7)
2023-02-28 21:44:58.864 [error] Activating extension PKief.material-icon-theme failed due to an error:
2023-02-28 21:44:58.864 [error] Canceled: Canceled
    at new u (/opt/visual-studio-code/resources/app/out/vs/workbench/api/node/extensionHostProcess.js:96:88070)
    at l.O (/opt/visual-studio-code/resources/app/out/vs/workbench/api/node/extensionHostProcess.js:106:11276)
    at Proxy.V.<computed>.M.charCodeAt.V.<computed> (/opt/visual-studio-code/resources/app/out/vs/workbench/api/node/extensionHostProcess.js:106:8557)
    at f.Y (/opt/visual-studio-code/resources/app/out/vs/workbench/api/node/extensionHostProcess.js:108:11499)
    at Object.actualActivateExtension (/opt/visual-studio-code/resources/app/out/vs/workbench/api/node/extensionHostProcess.js:108:8535)
    at f.n (/opt/visual-studio-code/resources/app/out/vs/workbench/api/node/extensionHostProcess.js:94:6831)
    at f.m (/opt/visual-studio-code/resources/app/out/vs/workbench/api/node/extensionHostProcess.js:94:6792)
    at f.l (/opt/visual-studio-code/resources/app/out/vs/workbench/api/node/extensionHostProcess.js:94:6249)
    at new f (/opt/visual-studio-code/resources/app/out/vs/workbench/api/node/extensionHostProcess.js:94:6176)
    at E.k (/opt/visual-studio-code/resources/app/out/vs/workbench/api/node/extensionHostProcess.js:94:5656)
    at E.j (/opt/visual-studio-code/resources/app/out/vs/workbench/api/node/extensionHostProcess.js:94:5611)
    at /opt/visual-studio-code/resources/app/out/vs/workbench/api/node/extensionHostProcess.js:94:4445
    at Array.map (<anonymous>)
    at E.h (/opt/visual-studio-code/resources/app/out/vs/workbench/api/node/extensionHostProcess.js:94:4433)
    at E.activateById (/opt/visual-studio-code/resources/app/out/vs/workbench/api/node/extensionHostProcess.js:94:4345)
    at f.S (/opt/visual-studio-code/resources/app/out/vs/workbench/api/node/extensionHostProcess.js:108:10021)
    at f.eb (/opt/visual-studio-code/resources/app/out/vs/workbench/api/node/extensionHostProcess.js:108:15029)
    at fb (/opt/visual-studio-code/resources/app/out/vs/workbench/api/node/extensionHostProcess.js:108:15325)
    at /opt/visual-studio-code/resources/app/out/vs/workbench/api/node/extensionHostProcess.js:108:15620
    at runNextTicks (node:internal/process/task_queues:61:5)
    at listOnTimeout (node:internal/timers:528:9)
    at processTimers (node:internal/timers:502:7)
2023-02-28 21:44:58.865 [error] Activating extension ritwickdey.LiveServer failed due to an error:
2023-02-28 21:44:58.865 [error] Canceled: Canceled
    at new u (/opt/visual-studio-code/resources/app/out/vs/workbench/api/node/extensionHostProcess.js:96:88070)
    at l.O (/opt/visual-studio-code/resources/app/out/vs/workbench/api/node/extensionHostProcess.js:106:11276)
    at Proxy.V.<computed>.M.charCodeAt.V.<computed> (/opt/visual-studio-code/resources/app/out/vs/workbench/api/node/extensionHostProcess.js:106:8557)
    at f.Y (/opt/visual-studio-code/resources/app/out/vs/workbench/api/node/extensionHostProcess.js:108:11499)
    at Object.actualActivateExtension (/opt/visual-studio-code/resources/app/out/vs/workbench/api/node/extensionHostProcess.js:108:8535)
    at f.n (/opt/visual-studio-code/resources/app/out/vs/workbench/api/node/extensionHostProcess.js:94:6831)
    at f.m (/opt/visual-studio-code/resources/app/out/vs/workbench/api/node/extensionHostProcess.js:94:6792)
    at f.l (/opt/visual-studio-code/resources/app/out/vs/workbench/api/node/extensionHostProcess.js:94:6249)
    at new f (/opt/visual-studio-code/resources/app/out/vs/workbench/api/node/extensionHostProcess.js:94:6176)
    at E.k (/opt/visual-studio-code/resources/app/out/vs/workbench/api/node/extensionHostProcess.js:94:5656)
    at E.j (/opt/visual-studio-code/resources/app/out/vs/workbench/api/node/extensionHostProcess.js:94:5611)
    at /opt/visual-studio-code/resources/app/out/vs/workbench/api/node/extensionHostProcess.js:94:4445
    at Array.map (<anonymous>)
    at E.h (/opt/visual-studio-code/resources/app/out/vs/workbench/api/node/extensionHostProcess.js:94:4433)
    at E.activateById (/opt/visual-studio-code/resources/app/out/vs/workbench/api/node/extensionHostProcess.js:94:4345)
    at f.S (/opt/visual-studio-code/resources/app/out/vs/workbench/api/node/extensionHostProcess.js:108:10021)
    at f.eb (/opt/visual-studio-code/resources/app/out/vs/workbench/api/node/extensionHostProcess.js:108:15029)
    at fb (/opt/visual-studio-code/resources/app/out/vs/workbench/api/node/extensionHostProcess.js:108:15325)
    at /opt/visual-studio-code/resources/app/out/vs/workbench/api/node/extensionHostProcess.js:108:15620
    at runNextTicks (node:internal/process/task_queues:61:5)
    at listOnTimeout (node:internal/timers:528:9)
    at processTimers (node:internal/timers:502:7)
2023-02-28 21:44:58.865 [error] Activating extension zhuangtongfa.material-theme failed due to an error:
2023-02-28 21:44:58.865 [error] Canceled: Canceled
    at new u (/opt/visual-studio-code/resources/app/out/vs/workbench/api/node/extensionHostProcess.js:96:88070)
    at l.O (/opt/visual-studio-code/resources/app/out/vs/workbench/api/node/extensionHostProcess.js:106:11276)
    at Proxy.V.<computed>.M.charCodeAt.V.<computed> (/opt/visual-studio-code/resources/app/out/vs/workbench/api/node/extensionHostProcess.js:106:8557)
    at f.Y (/opt/visual-studio-code/resources/app/out/vs/workbench/api/node/extensionHostProcess.js:108:11499)
    at Object.actualActivateExtension (/opt/visual-studio-code/resources/app/out/vs/workbench/api/node/extensionHostProcess.js:108:8535)
    at f.n (/opt/visual-studio-code/resources/app/out/vs/workbench/api/node/extensionHostProcess.js:94:6831)
    at f.m (/opt/visual-studio-code/resources/app/out/vs/workbench/api/node/extensionHostProcess.js:94:6792)
    at f.l (/opt/visual-studio-code/resources/app/out/vs/workbench/api/node/extensionHostProcess.js:94:6249)
    at new f (/opt/visual-studio-code/resources/app/out/vs/workbench/api/node/extensionHostProcess.js:94:6176)
    at E.k (/opt/visual-studio-code/resources/app/out/vs/workbench/api/node/extensionHostProcess.js:94:5656)
    at E.j (/opt/visual-studio-code/resources/app/out/vs/workbench/api/node/extensionHostProcess.js:94:5611)
    at /opt/visual-studio-code/resources/app/out/vs/workbench/api/node/extensionHostProcess.js:94:4445
    at Array.map (<anonymous>)
    at E.h (/opt/visual-studio-code/resources/app/out/vs/workbench/api/node/extensionHostProcess.js:94:4433)
    at E.activateById (/opt/visual-studio-code/resources/app/out/vs/workbench/api/node/extensionHostProcess.js:94:4345)
    at f.S (/opt/visual-studio-code/resources/app/out/vs/workbench/api/node/extensionHostProcess.js:108:10021)
    at f.eb (/opt/visual-studio-code/resources/app/out/vs/workbench/api/node/extensionHostProcess.js:108:15029)
    at fb (/opt/visual-studio-code/resources/app/out/vs/workbench/api/node/extensionHostProcess.js:108:15325)
    at /opt/visual-studio-code/resources/app/out/vs/workbench/api/node/extensionHostProcess.js:108:15620
    at runNextTicks (node:internal/process/task_queues:61:5)
    at listOnTimeout (node:internal/timers:528:9)
    at processTimers (node:internal/timers:502:7)
