[Info  - 16:42:09] Angular language server process ID: 12767
[Info  - 16:42:09] Using typescript/lib/tsserverlibrary v4.9.5 from /home/rugery/Documentos/Proyects/Portafolio/node_modules/typescript/lib/tsserverlibrary.js
[Info  - 16:42:09] Using @angular/language-service v15.2.0 from /home/rugery/.vscode/extensions/angular.ng-template-15.2.0/node_modules/@angular/language-service/index.js
[Info  - 16:42:09] Logging is turned off. To enable, run command 'Open Angular server log'.
[Error - 16:42:13] No config file for /home/rugery/Documentos/Proyects/Portafolio/src/index.html
[Error - 16:42:13] No config file for /home/rugery/Documentos/Proyects/Portafolio/src/index.html
[Error - 16:42:13] No config file for /home/rugery/Documentos/Proyects/Portafolio/src/index.html
[Error - 16:42:13] No config file for /home/rugery/Documentos/Proyects/Portafolio/src/index.html
[Info  - 16:42:16] Enabling Ivy language service for /home/rugery/Documentos/Proyects/Portafolio/tsconfig.json.
[Error - 16:42:16] No config file for /home/rugery/Documentos/Proyects/Portafolio/src/index.html
[Error - 16:47:34] No config file for /home/rugery/Documentos/Proyects/Portafolio/src/index.html
[Error - 16:47:34] No config file for /home/rugery/Documentos/Proyects/Portafolio/src/index.html
[Error - 16:47:34] No config file for /home/rugery/Documentos/Proyects/Portafolio/src/index.html
[Error - 16:47:34] No config file for /home/rugery/Documentos/Proyects/Portafolio/src/index.html
[Error - 16:47:56] No config file for /home/rugery/Documentos/Proyects/Portafolio/src/index.html
[Error - 16:47:57] No config file for /home/rugery/Documentos/Proyects/Portafolio/src/index.html
[Error - 16:47:57] No config file for /home/rugery/Documentos/Proyects/Portafolio/src/index.html
[Error - 16:47:57] No config file for /home/rugery/Documentos/Proyects/Portafolio/src/index.html
[Error - 16:47:58] No config file for /home/rugery/Documentos/Proyects/Portafolio/src/index.html
[Error - 16:47:58] No config file for /home/rugery/Documentos/Proyects/Portafolio/src/index.html
[Error - 16:47:58] No config file for /home/rugery/Documentos/Proyects/Portafolio/src/index.html
[Error - 16:47:58] No config file for /home/rugery/Documentos/Proyects/Portafolio/src/index.html
[Error - 16:47:58] No config file for /home/rugery/Documentos/Proyects/Portafolio/src/index.html
[Error - 16:47:59] No config file for /home/rugery/Documentos/Proyects/Portafolio/src/index.html
[Error - 16:47:59] No config file for /home/rugery/Documentos/Proyects/Portafolio/src/index.html
[Error - 16:47:59] No config file for /home/rugery/Documentos/Proyects/Portafolio/src/index.html
[Error - 16:47:59] No config file for /home/rugery/Documentos/Proyects/Portafolio/src/index.html
[Error - 16:48:00] No config file for /home/rugery/Documentos/Proyects/Portafolio/src/index.html
[Error - 16:48:10] No config file for /home/rugery/Documentos/Proyects/Portafolio/src/index.html
[Error - 16:48:10] No config file for /home/rugery/Documentos/Proyects/Portafolio/src/index.html
[Error - 16:48:10] No config file for /home/rugery/Documentos/Proyects/Portafolio/src/index.html
[Error - 16:48:10] No config file for /home/rugery/Documentos/Proyects/Portafolio/src/index.html
[Error - 16:48:11] No config file for /home/rugery/Documentos/Proyects/Portafolio/src/index.html
[Error - 16:48:11] No config file for /home/rugery/Documentos/Proyects/Portafolio/src/index.html
[Error - 16:48:11] No config file for /home/rugery/Documentos/Proyects/Portafolio/src/index.html
[Error - 16:48:14] No config file for /home/rugery/Documentos/Proyects/Portafolio/src/index.html
[Error - 16:48:14] No config file for /home/rugery/Documentos/Proyects/Portafolio/src/index.html
[Error - 16:48:15] No config file for /home/rugery/Documentos/Proyects/Portafolio/src/index.html
[Error - 16:48:16] No config file for /home/rugery/Documentos/Proyects/Portafolio/src/index.html
[Error - 16:48:16] No config file for /home/rugery/Documentos/Proyects/Portafolio/src/index.html
[Error - 16:48:16] No config file for /home/rugery/Documentos/Proyects/Portafolio/src/index.html
[Error - 16:48:16] No config file for /home/rugery/Documentos/Proyects/Portafolio/src/index.html
[Error - 16:48:16] No config file for /home/rugery/Documentos/Proyects/Portafolio/src/index.html
[Error - 16:48:16] No config file for /home/rugery/Documentos/Proyects/Portafolio/src/index.html
[Error - 16:48:16] No config file for /home/rugery/Documentos/Proyects/Portafolio/src/index.html
[Error - 16:48:16] No config file for /home/rugery/Documentos/Proyects/Portafolio/src/index.html
[Error - 16:48:17] No config file for /home/rugery/Documentos/Proyects/Portafolio/src/index.html
[Error - 16:48:17] No config file for /home/rugery/Documentos/Proyects/Portafolio/src/index.html
[Error - 16:48:17] No config file for /home/rugery/Documentos/Proyects/Portafolio/src/index.html
[Error - 16:48:17] No config file for /home/rugery/Documentos/Proyects/Portafolio/src/index.html
[Error - 16:48:17] No config file for /home/rugery/Documentos/Proyects/Portafolio/src/index.html
[Error - 16:48:17] No config file for /home/rugery/Documentos/Proyects/Portafolio/src/index.html
[Error - 16:48:18] No config file for /home/rugery/Documentos/Proyects/Portafolio/src/index.html
[Error - 16:48:18] No config file for /home/rugery/Documentos/Proyects/Portafolio/src/index.html
[Error - 16:48:18] No config file for /home/rugery/Documentos/Proyects/Portafolio/src/index.html
[Error - 16:48:18] No config file for /home/rugery/Documentos/Proyects/Portafolio/src/index.html
[Error - 16:48:18] No config file for /home/rugery/Documentos/Proyects/Portafolio/src/index.html
[Error - 16:48:18] No config file for /home/rugery/Documentos/Proyects/Portafolio/src/index.html
[Error - 16:48:18] No config file for /home/rugery/Documentos/Proyects/Portafolio/src/index.html
[Error - 16:48:18] No config file for /home/rugery/Documentos/Proyects/Portafolio/src/index.html
[Error - 16:48:19] No config file for /home/rugery/Documentos/Proyects/Portafolio/src/index.html
[Error - 16:48:19] No config file for /home/rugery/Documentos/Proyects/Portafolio/src/index.html
[Error - 16:48:19] No config file for /home/rugery/Documentos/Proyects/Portafolio/src/index.html
[Error - 16:48:20] No config file for /home/rugery/Documentos/Proyects/Portafolio/src/index.html
[Error - 16:48:20] No config file for /home/rugery/Documentos/Proyects/Portafolio/src/index.html
[Error - 16:48:20] No config file for /home/rugery/Documentos/Proyects/Portafolio/src/index.html
[Error - 16:48:20] No config file for /home/rugery/Documentos/Proyects/Portafolio/src/index.html
[Error - 16:48:20] No config file for /home/rugery/Documentos/Proyects/Portafolio/src/index.html
[Error - 16:48:21] No config file for /home/rugery/Documentos/Proyects/Portafolio/src/index.html
[Error - 16:48:25] No config file for /home/rugery/Documentos/Proyects/Portafolio/src/index.html
[Error - 16:48:25] No config file for /home/rugery/Documentos/Proyects/Portafolio/src/index.html
[Error - 16:48:25] No config file for /home/rugery/Documentos/Proyects/Portafolio/src/index.html
[Error - 16:48:25] No config file for /home/rugery/Documentos/Proyects/Portafolio/src/index.html
[Error - 16:48:25] No config file for /home/rugery/Documentos/Proyects/Portafolio/src/index.html
[Error - 16:48:25] No config file for /home/rugery/Documentos/Proyects/Portafolio/src/index.html
[Error - 16:48:25] No config file for /home/rugery/Documentos/Proyects/Portafolio/src/index.html
[Error - 16:48:26] No config file for /home/rugery/Documentos/Proyects/Portafolio/src/index.html
[Error - 16:48:26] No config file for /home/rugery/Documentos/Proyects/Portafolio/src/index.html
[Error - 16:48:26] No config file for /home/rugery/Documentos/Proyects/Portafolio/src/index.html
[Error - 16:48:26] No config file for /home/rugery/Documentos/Proyects/Portafolio/src/index.html
[Error - 16:48:27] No config file for /home/rugery/Documentos/Proyects/Portafolio/src/index.html
[Error - 16:48:27] No config file for /home/rugery/Documentos/Proyects/Portafolio/src/index.html
[Error - 16:48:27] No config file for /home/rugery/Documentos/Proyects/Portafolio/src/index.html
[Error - 16:48:27] No config file for /home/rugery/Documentos/Proyects/Portafolio/src/index.html
[Error - 16:48:27] No config file for /home/rugery/Documentos/Proyects/Portafolio/src/index.html
[Error - 16:48:27] No config file for /home/rugery/Documentos/Proyects/Portafolio/src/index.html
[Error - 16:48:28] No config file for /home/rugery/Documentos/Proyects/Portafolio/src/index.html
[Error - 16:48:28] No config file for /home/rugery/Documentos/Proyects/Portafolio/src/index.html
[Error - 16:48:28] No config file for /home/rugery/Documentos/Proyects/Portafolio/src/index.html
[Error - 16:48:28] No config file for /home/rugery/Documentos/Proyects/Portafolio/src/index.html
[Error - 16:48:29] No config file for /home/rugery/Documentos/Proyects/Portafolio/src/index.html
[Error - 16:48:30] No config file for /home/rugery/Documentos/Proyects/Portafolio/src/index.html
[Error - 16:48:30] No config file for /home/rugery/Documentos/Proyects/Portafolio/src/index.html
[Error - 16:48:31] No config file for /home/rugery/Documentos/Proyects/Portafolio/src/index.html
[Error - 16:48:36] No config file for /home/rugery/Documentos/Proyects/Portafolio/src/index.html
[Error - 16:48:40] No config file for /home/rugery/Documentos/Proyects/Portafolio/src/index.html
[Error - 16:48:41] No config file for /home/rugery/Documentos/Proyects/Portafolio/src/index.html
[Error - 16:48:45] No config file for /home/rugery/Documentos/Proyects/Portafolio/src/index.html
[Error - 16:48:45] No config file for /home/rugery/Documentos/Proyects/Portafolio/src/index.html
[Error - 16:48:45] No config file for /home/rugery/Documentos/Proyects/Portafolio/src/index.html
[Error - 16:48:45] No config file for /home/rugery/Documentos/Proyects/Portafolio/src/index.html
[Error - 16:48:46] No config file for /home/rugery/Documentos/Proyects/Portafolio/src/index.html
[Error - 16:48:47] No config file for /home/rugery/Documentos/Proyects/Portafolio/src/index.html
[Error - 16:48:48] No config file for /home/rugery/Documentos/Proyects/Portafolio/src/index.html
[Error - 16:48:48] No config file for /home/rugery/Documentos/Proyects/Portafolio/src/index.html
[Error - 16:48:49] No config file for /home/rugery/Documentos/Proyects/Portafolio/src/index.html
[Error - 16:48:52] No config file for /home/rugery/Documentos/Proyects/Portafolio/src/index.html
[Error - 16:48:53] No config file for /home/rugery/Documentos/Proyects/Portafolio/src/index.html
[Error - 16:49:07] No config file for /home/rugery/Documentos/Proyects/Portafolio/src/index.html
[Error - 16:49:09] No config file for /home/rugery/Documentos/Proyects/Portafolio/src/index.html
[Error - 16:49:10] No config file for /home/rugery/Documentos/Proyects/Portafolio/src/index.html
[Error - 16:49:12] No config file for /home/rugery/Documentos/Proyects/Portafolio/src/index.html
[Error - 16:49:12] No config file for /home/rugery/Documentos/Proyects/Portafolio/src/index.html
[Error - 16:49:13] No config file for /home/rugery/Documentos/Proyects/Portafolio/src/index.html
[Error - 16:49:13] No config file for /home/rugery/Documentos/Proyects/Portafolio/src/index.html
[Error - 16:49:14] No config file for /home/rugery/Documentos/Proyects/Portafolio/src/index.html
[Error - 16:49:16] No config file for /home/rugery/Documentos/Proyects/Portafolio/src/index.html
[Error - 16:49:22] No config file for /home/rugery/Documentos/Proyects/Portafolio/src/index.html
[Error - 16:49:35] No config file for /home/rugery/Documentos/Proyects/Portafolio/src/index.html
[Error - 16:49:37] No config file for /home/rugery/Documentos/Proyects/Portafolio/src/index.html
[Error - 16:49:38] No config file for /home/rugery/Documentos/Proyects/Portafolio/src/index.html
[Error - 16:49:38] No config file for /home/rugery/Documentos/Proyects/Portafolio/src/index.html
[Error - 16:49:49] No config file for /home/rugery/Documentos/Proyects/Portafolio/src/index.html
[Error - 16:49:49] No config file for /home/rugery/Documentos/Proyects/Portafolio/src/index.html
[Error - 16:49:49] No config file for /home/rugery/Documentos/Proyects/Portafolio/src/index.html
[Error - 16:49:49] No config file for /home/rugery/Documentos/Proyects/Portafolio/src/index.html
[Error - 16:49:50] No config file for /home/rugery/Documentos/Proyects/Portafolio/src/index.html
[Error - 16:49:51] No config file for /home/rugery/Documentos/Proyects/Portafolio/src/index.html
[Error - 16:49:52] No config file for /home/rugery/Documentos/Proyects/Portafolio/src/index.html
[Error - 16:49:52] No config file for /home/rugery/Documentos/Proyects/Portafolio/src/index.html
[Error - 16:49:52] No config file for /home/rugery/Documentos/Proyects/Portafolio/src/index.html
[Error - 16:49:52] No config file for /home/rugery/Documentos/Proyects/Portafolio/src/index.html
[Error - 16:49:53] No config file for /home/rugery/Documentos/Proyects/Portafolio/src/index.html
[Error - 16:51:03] No config file for /home/rugery/Documentos/Proyects/Portafolio/src/index.html
[Error - 16:51:06] No config file for /home/rugery/Documentos/Proyects/Portafolio/src/index.html
[Error - 16:51:07] No config file for /home/rugery/Documentos/Proyects/Portafolio/src/index.html
[Error - 16:51:13] No config file for /home/rugery/Documentos/Proyects/Portafolio/src/index.html
[Error - 16:51:19] No config file for /home/rugery/Documentos/Proyects/Portafolio/src/index.html
[Error - 16:51:20] No config file for /home/rugery/Documentos/Proyects/Portafolio/src/index.html
[Error - 16:51:20] No config file for /home/rugery/Documentos/Proyects/Portafolio/src/index.html
[Error - 16:52:03] No config file for /home/rugery/Documentos/Proyects/Portafolio/src/index.html
[Error - 16:52:04] No config file for /home/rugery/Documentos/Proyects/Portafolio/src/index.html
[Error - 16:52:04] No config file for /home/rugery/Documentos/Proyects/Portafolio/src/index.html
[Error - 16:52:05] No config file for /home/rugery/Documentos/Proyects/Portafolio/src/index.html
[Error - 16:52:06] No config file for /home/rugery/Documentos/Proyects/Portafolio/src/index.html
[Error - 16:52:06] No config file for /home/rugery/Documentos/Proyects/Portafolio/src/index.html
[Error - 16:52:06] No config file for /home/rugery/Documentos/Proyects/Portafolio/src/index.html
[Error - 16:52:16] No config file for /home/rugery/Documentos/Proyects/Portafolio/src/index.html
[Error - 16:52:16] No config file for /home/rugery/Documentos/Proyects/Portafolio/src/index.html
[Error - 16:52:22] No config file for /home/rugery/Documentos/Proyects/Portafolio/src/index.html
[Error - 16:52:23] No config file for /home/rugery/Documentos/Proyects/Portafolio/src/index.html
[Error - 16:52:23] No config file for /home/rugery/Documentos/Proyects/Portafolio/src/index.html
[Error - 16:52:24] No config file for /home/rugery/Documentos/Proyects/Portafolio/src/index.html
[Error - 16:52:24] No config file for /home/rugery/Documentos/Proyects/Portafolio/src/index.html
[Error - 16:52:24] No config file for /home/rugery/Documentos/Proyects/Portafolio/src/index.html
[Error - 16:52:24] No config file for /home/rugery/Documentos/Proyects/Portafolio/src/index.html
[Error - 16:52:24] No config file for /home/rugery/Documentos/Proyects/Portafolio/src/index.html
[Error - 16:52:24] No config file for /home/rugery/Documentos/Proyects/Portafolio/src/index.html
[Error - 16:52:24] No config file for /home/rugery/Documentos/Proyects/Portafolio/src/index.html
[Error - 16:52:24] No config file for /home/rugery/Documentos/Proyects/Portafolio/src/index.html
[Error - 16:52:24] No config file for /home/rugery/Documentos/Proyects/Portafolio/src/index.html
[Error - 16:52:25] No config file for /home/rugery/Documentos/Proyects/Portafolio/src/index.html
[Error - 16:52:25] No config file for /home/rugery/Documentos/Proyects/Portafolio/src/index.html
[Error - 16:52:25] No config file for /home/rugery/Documentos/Proyects/Portafolio/src/index.html
[Error - 16:52:26] No config file for /home/rugery/Documentos/Proyects/Portafolio/src/index.html
[Error - 16:52:26] No config file for /home/rugery/Documentos/Proyects/Portafolio/src/index.html
[Error - 16:52:27] No config file for /home/rugery/Documentos/Proyects/Portafolio/src/index.html
[Error - 16:52:27] No config file for /home/rugery/Documentos/Proyects/Portafolio/src/index.html
[Error - 16:52:27] No config file for /home/rugery/Documentos/Proyects/Portafolio/src/index.html
[Error - 16:52:28] No config file for /home/rugery/Documentos/Proyects/Portafolio/src/index.html
[Error - 16:53:00] No config file for /home/rugery/Documentos/Proyects/Portafolio/src/index.html
[Error - 16:53:00] No config file for /home/rugery/Documentos/Proyects/Portafolio/src/index.html
[Error - 16:53:00] No config file for /home/rugery/Documentos/Proyects/Portafolio/src/index.html
[Error - 16:53:01] No config file for /home/rugery/Documentos/Proyects/Portafolio/src/index.html
[Error - 16:53:01] No config file for /home/rugery/Documentos/Proyects/Portafolio/src/index.html
[Error - 16:53:04] No config file for /home/rugery/Documentos/Proyects/Portafolio/src/index.html
[Error - 16:53:05] No config file for /home/rugery/Documentos/Proyects/Portafolio/src/index.html
[Error - 16:53:06] No config file for /home/rugery/Documentos/Proyects/Portafolio/src/index.html
[Error - 16:53:07] No config file for /home/rugery/Documentos/Proyects/Portafolio/src/index.html
[Error - 16:53:07] No config file for /home/rugery/Documentos/Proyects/Portafolio/src/index.html
[Error - 16:53:08] No config file for /home/rugery/Documentos/Proyects/Portafolio/src/index.html
[Error - 16:53:08] No config file for /home/rugery/Documentos/Proyects/Portafolio/src/index.html
[Error - 16:53:08] No config file for /home/rugery/Documentos/Proyects/Portafolio/src/index.html
[Error - 16:53:09] No config file for /home/rugery/Documentos/Proyects/Portafolio/src/index.html
[Error - 16:53:09] No config file for /home/rugery/Documentos/Proyects/Portafolio/src/index.html
[Error - 16:53:09] No config file for /home/rugery/Documentos/Proyects/Portafolio/src/index.html
[Error - 16:53:09] No config file for /home/rugery/Documentos/Proyects/Portafolio/src/index.html
[Error - 16:53:09] No config file for /home/rugery/Documentos/Proyects/Portafolio/src/index.html
[Error - 16:53:10] No config file for /home/rugery/Documentos/Proyects/Portafolio/src/index.html
[Error - 16:53:16] No config file for /home/rugery/Documentos/Proyects/Portafolio/src/index.html
[Error - 16:53:17] No config file for /home/rugery/Documentos/Proyects/Portafolio/src/index.html
[Error - 16:53:18] No config file for /home/rugery/Documentos/Proyects/Portafolio/src/index.html
[Error - 16:53:18] No config file for /home/rugery/Documentos/Proyects/Portafolio/src/index.html
[Error - 16:53:18] No config file for /home/rugery/Documentos/Proyects/Portafolio/src/index.html
[Error - 16:53:18] No config file for /home/rugery/Documentos/Proyects/Portafolio/src/index.html
[Error - 16:53:19] No config file for /home/rugery/Documentos/Proyects/Portafolio/src/index.html
[Error - 16:53:27] No config file for /home/rugery/Documentos/Proyects/Portafolio/src/index.html
[Error - 16:53:28] No config file for /home/rugery/Documentos/Proyects/Portafolio/src/index.html
[Error - 16:53:30] No config file for /home/rugery/Documentos/Proyects/Portafolio/src/index.html
[Error - 16:53:30] No config file for /home/rugery/Documentos/Proyects/Portafolio/src/index.html
[Error - 16:53:30] No config file for /home/rugery/Documentos/Proyects/Portafolio/src/index.html
[Error - 16:53:30] No config file for /home/rugery/Documentos/Proyects/Portafolio/src/index.html
[Error - 16:53:30] No config file for /home/rugery/Documentos/Proyects/Portafolio/src/index.html
[Error - 16:53:30] No config file for /home/rugery/Documentos/Proyects/Portafolio/src/index.html
[Error - 16:53:31] No config file for /home/rugery/Documentos/Proyects/Portafolio/src/index.html
[Error - 16:53:31] No config file for /home/rugery/Documentos/Proyects/Portafolio/src/index.html
[Error - 16:53:31] No config file for /home/rugery/Documentos/Proyects/Portafolio/src/index.html
[Error - 16:53:31] No config file for /home/rugery/Documentos/Proyects/Portafolio/src/index.html
[Error - 16:53:31] No config file for /home/rugery/Documentos/Proyects/Portafolio/src/index.html
[Error - 16:53:31] No config file for /home/rugery/Documentos/Proyects/Portafolio/src/index.html
[Error - 16:53:31] No config file for /home/rugery/Documentos/Proyects/Portafolio/src/index.html
[Error - 16:53:31] No config file for /home/rugery/Documentos/Proyects/Portafolio/src/index.html
[Error - 16:53:31] No config file for /home/rugery/Documentos/Proyects/Portafolio/src/index.html
[Error - 16:53:32] No config file for /home/rugery/Documentos/Proyects/Portafolio/src/index.html
[Error - 16:53:32] No config file for /home/rugery/Documentos/Proyects/Portafolio/src/index.html
[Error - 16:53:32] No config file for /home/rugery/Documentos/Proyects/Portafolio/src/index.html
[Error - 16:53:32] No config file for /home/rugery/Documentos/Proyects/Portafolio/src/index.html
[Error - 16:53:32] No config file for /home/rugery/Documentos/Proyects/Portafolio/src/index.html
[Error - 16:53:32] No config file for /home/rugery/Documentos/Proyects/Portafolio/src/index.html
[Error - 16:53:32] No config file for /home/rugery/Documentos/Proyects/Portafolio/src/index.html
[Error - 16:53:32] No config file for /home/rugery/Documentos/Proyects/Portafolio/src/index.html
[Error - 16:53:33] No config file for /home/rugery/Documentos/Proyects/Portafolio/src/index.html
[Error - 16:54:26] No config file for /home/rugery/Documentos/Proyects/Portafolio/src/index.html
[Error - 16:54:34] No config file for /home/rugery/Documentos/Proyects/Portafolio/src/index.html
[Error - 16:54:34] No config file for /home/rugery/Documentos/Proyects/Portafolio/src/index.html
[Error - 16:54:34] No config file for /home/rugery/Documentos/Proyects/Portafolio/src/index.html
[Error - 16:54:34] No config file for /home/rugery/Documentos/Proyects/Portafolio/src/index.html
[Error - 16:54:35] No config file for /home/rugery/Documentos/Proyects/Portafolio/src/index.html
[Error - 16:54:36] No config file for /home/rugery/Documentos/Proyects/Portafolio/src/index.html
[Error - 16:54:36] No config file for /home/rugery/Documentos/Proyects/Portafolio/src/index.html
[Error - 16:54:36] No config file for /home/rugery/Documentos/Proyects/Portafolio/src/index.html
[Error - 16:54:37] No config file for /home/rugery/Documentos/Proyects/Portafolio/src/index.html
[Error - 16:54:37] No config file for /home/rugery/Documentos/Proyects/Portafolio/src/index.html
[Error - 16:54:37] No config file for /home/rugery/Documentos/Proyects/Portafolio/src/index.html
[Error - 16:54:37] No config file for /home/rugery/Documentos/Proyects/Portafolio/src/index.html
[Error - 16:54:37] No config file for /home/rugery/Documentos/Proyects/Portafolio/src/index.html
[Error - 16:54:38] No config file for /home/rugery/Documentos/Proyects/Portafolio/src/index.html
[Error - 16:54:44] No config file for /home/rugery/Documentos/Proyects/Portafolio/src/index.html
[Error - 16:54:44] No config file for /home/rugery/Documentos/Proyects/Portafolio/src/index.html
[Error - 16:54:45] No config file for /home/rugery/Documentos/Proyects/Portafolio/src/index.html
[Error - 16:54:45] No config file for /home/rugery/Documentos/Proyects/Portafolio/src/index.html
[Error - 16:54:46] No config file for /home/rugery/Documentos/Proyects/Portafolio/src/index.html
[Error - 16:54:46] No config file for /home/rugery/Documentos/Proyects/Portafolio/src/index.html
[Error - 16:54:47] No config file for /home/rugery/Documentos/Proyects/Portafolio/src/index.html
[Error - 16:54:47] No config file for /home/rugery/Documentos/Proyects/Portafolio/src/index.html
[Error - 16:54:47] No config file for /home/rugery/Documentos/Proyects/Portafolio/src/index.html
[Error - 16:54:47] No config file for /home/rugery/Documentos/Proyects/Portafolio/src/index.html
[Error - 16:54:47] No config file for /home/rugery/Documentos/Proyects/Portafolio/src/index.html
[Error - 16:54:47] No config file for /home/rugery/Documentos/Proyects/Portafolio/src/index.html
[Error - 16:54:47] No config file for /home/rugery/Documentos/Proyects/Portafolio/src/index.html
[Error - 16:54:48] No config file for /home/rugery/Documentos/Proyects/Portafolio/src/index.html
[Error - 16:54:53] No config file for /home/rugery/Documentos/Proyects/Portafolio/src/index.html
[Error - 16:54:55] No config file for /home/rugery/Documentos/Proyects/Portafolio/src/index.html
[Error - 16:54:56] No config file for /home/rugery/Documentos/Proyects/Portafolio/src/index.html
[Error - 16:54:56] No config file for /home/rugery/Documentos/Proyects/Portafolio/src/index.html
[Error - 16:54:56] No config file for /home/rugery/Documentos/Proyects/Portafolio/src/index.html
[Error - 16:54:56] No config file for /home/rugery/Documentos/Proyects/Portafolio/src/index.html
[Error - 16:54:56] No config file for /home/rugery/Documentos/Proyects/Portafolio/src/index.html
[Error - 16:54:56] No config file for /home/rugery/Documentos/Proyects/Portafolio/src/index.html
[Error - 16:54:57] No config file for /home/rugery/Documentos/Proyects/Portafolio/src/index.html
[Error - 16:55:03] No config file for /home/rugery/Documentos/Proyects/Portafolio/src/index.html
[Error - 16:55:03] No config file for /home/rugery/Documentos/Proyects/Portafolio/src/index.html
[Error - 16:55:03] No config file for /home/rugery/Documentos/Proyects/Portafolio/src/index.html
[Error - 16:55:03] No config file for /home/rugery/Documentos/Proyects/Portafolio/src/index.html
[Error - 16:55:03] No config file for /home/rugery/Documentos/Proyects/Portafolio/src/index.html
[Error - 16:55:04] No config file for /home/rugery/Documentos/Proyects/Portafolio/src/index.html
[Error - 16:55:04] No config file for /home/rugery/Documentos/Proyects/Portafolio/src/index.html
[Error - 16:55:04] No config file for /home/rugery/Documentos/Proyects/Portafolio/src/index.html
[Error - 16:55:04] No config file for /home/rugery/Documentos/Proyects/Portafolio/src/index.html
[Error - 16:55:04] No config file for /home/rugery/Documentos/Proyects/Portafolio/src/index.html
[Error - 16:55:04] No config file for /home/rugery/Documentos/Proyects/Portafolio/src/index.html
[Error - 16:55:04] No config file for /home/rugery/Documentos/Proyects/Portafolio/src/index.html
[Error - 16:55:04] No config file for /home/rugery/Documentos/Proyects/Portafolio/src/index.html
[Error - 16:55:04] No config file for /home/rugery/Documentos/Proyects/Portafolio/src/index.html
[Error - 16:55:04] No config file for /home/rugery/Documentos/Proyects/Portafolio/src/index.html
[Error - 16:55:05] No config file for /home/rugery/Documentos/Proyects/Portafolio/src/index.html
[Error - 16:55:05] No config file for /home/rugery/Documentos/Proyects/Portafolio/src/index.html
[Error - 16:55:05] No config file for /home/rugery/Documentos/Proyects/Portafolio/src/index.html
[Error - 16:55:05] No config file for /home/rugery/Documentos/Proyects/Portafolio/src/index.html
[Error - 16:55:05] No config file for /home/rugery/Documentos/Proyects/Portafolio/src/index.html
[Error - 16:55:05] No config file for /home/rugery/Documentos/Proyects/Portafolio/src/index.html
[Error - 16:55:05] No config file for /home/rugery/Documentos/Proyects/Portafolio/src/index.html
[Error - 16:55:05] No config file for /home/rugery/Documentos/Proyects/Portafolio/src/index.html
[Error - 16:55:05] No config file for /home/rugery/Documentos/Proyects/Portafolio/src/index.html
[Error - 16:55:05] No config file for /home/rugery/Documentos/Proyects/Portafolio/src/index.html
[Error - 16:55:05] No config file for /home/rugery/Documentos/Proyects/Portafolio/src/index.html
[Error - 16:55:05] No config file for /home/rugery/Documentos/Proyects/Portafolio/src/index.html
[Error - 16:55:05] No config file for /home/rugery/Documentos/Proyects/Portafolio/src/index.html
[Error - 16:55:05] No config file for /home/rugery/Documentos/Proyects/Portafolio/src/index.html
[Error - 16:55:05] No config file for /home/rugery/Documentos/Proyects/Portafolio/src/index.html
[Error - 16:55:05] No config file for /home/rugery/Documentos/Proyects/Portafolio/src/index.html
[Error - 16:55:06] No config file for /home/rugery/Documentos/Proyects/Portafolio/src/index.html
[Error - 16:55:06] No config file for /home/rugery/Documentos/Proyects/Portafolio/src/index.html
[Error - 16:55:06] No config file for /home/rugery/Documentos/Proyects/Portafolio/src/index.html
[Error - 16:55:07] No config file for /home/rugery/Documentos/Proyects/Portafolio/src/index.html
[Error - 16:55:35] No config file for /home/rugery/Documentos/Proyects/Portafolio/src/index.html
[Error - 16:55:40] No config file for /home/rugery/Documentos/Proyects/Portafolio/src/index.html
[Error - 16:55:41] No config file for /home/rugery/Documentos/Proyects/Portafolio/src/index.html
[Error - 16:55:42] No config file for /home/rugery/Documentos/Proyects/Portafolio/src/index.html
[Error - 16:55:42] No config file for /home/rugery/Documentos/Proyects/Portafolio/src/index.html
[Error - 16:55:42] No config file for /home/rugery/Documentos/Proyects/Portafolio/src/index.html
[Error - 16:55:42] No config file for /home/rugery/Documentos/Proyects/Portafolio/src/index.html
[Error - 16:55:43] No config file for /home/rugery/Documentos/Proyects/Portafolio/src/index.html
[Error - 16:55:43] No config file for /home/rugery/Documentos/Proyects/Portafolio/src/index.html
[Error - 16:55:43] No config file for /home/rugery/Documentos/Proyects/Portafolio/src/index.html
[Error - 16:55:43] No config file for /home/rugery/Documentos/Proyects/Portafolio/src/index.html
[Error - 16:55:43] No config file for /home/rugery/Documentos/Proyects/Portafolio/src/index.html
[Error - 16:55:43] No config file for /home/rugery/Documentos/Proyects/Portafolio/src/index.html
[Error - 16:55:43] No config file for /home/rugery/Documentos/Proyects/Portafolio/src/index.html
[Error - 16:55:43] No config file for /home/rugery/Documentos/Proyects/Portafolio/src/index.html
[Error - 16:55:43] No config file for /home/rugery/Documentos/Proyects/Portafolio/src/index.html
[Error - 16:55:43] No config file for /home/rugery/Documentos/Proyects/Portafolio/src/index.html
[Error - 16:55:43] No config file for /home/rugery/Documentos/Proyects/Portafolio/src/index.html
[Error - 16:55:43] No config file for /home/rugery/Documentos/Proyects/Portafolio/src/index.html
[Error - 16:55:44] No config file for /home/rugery/Documentos/Proyects/Portafolio/src/index.html
[Error - 16:55:44] No config file for /home/rugery/Documentos/Proyects/Portafolio/src/index.html
[Error - 16:55:44] No config file for /home/rugery/Documentos/Proyects/Portafolio/src/index.html
[Error - 16:55:45] No config file for /home/rugery/Documentos/Proyects/Portafolio/src/index.html
[Error - 16:55:51] No config file for /home/rugery/Documentos/Proyects/Portafolio/src/index.html
[Error - 16:56:23] No config file for /home/rugery/Documentos/Proyects/Portafolio/src/index.html
[Error - 16:56:23] No config file for /home/rugery/Documentos/Proyects/Portafolio/src/index.html
[Error - 16:56:24] No config file for /home/rugery/Documentos/Proyects/Portafolio/src/index.html
[Error - 16:56:24] No config file for /home/rugery/Documentos/Proyects/Portafolio/src/index.html
[Error - 16:56:24] No config file for /home/rugery/Documentos/Proyects/Portafolio/src/index.html
[Error - 16:56:24] No config file for /home/rugery/Documentos/Proyects/Portafolio/src/index.html
[Error - 16:56:25] No config file for /home/rugery/Documentos/Proyects/Portafolio/src/index.html
[Error - 16:58:47] No config file for /home/rugery/Documentos/Proyects/Portafolio/src/index.html
[Error - 16:59:21] No config file for /home/rugery/Documentos/Proyects/Portafolio/src/index.html
[Error - 16:59:21] No config file for /home/rugery/Documentos/Proyects/Portafolio/src/index.html
[Error - 16:59:22] No config file for /home/rugery/Documentos/Proyects/Portafolio/src/index.html
[Error - 16:59:22] No config file for /home/rugery/Documentos/Proyects/Portafolio/src/index.html
[Error - 16:59:22] No config file for /home/rugery/Documentos/Proyects/Portafolio/src/index.html
[Error - 16:59:22] No config file for /home/rugery/Documentos/Proyects/Portafolio/src/index.html
[Error - 16:59:23] No config file for /home/rugery/Documentos/Proyects/Portafolio/src/index.html
[Error - 16:59:24] No config file for /home/rugery/Documentos/Proyects/Portafolio/src/index.html
[Error - 16:59:52] No config file for /home/rugery/Documentos/Proyects/Portafolio/src/index.html
[Error - 16:59:53] No config file for /home/rugery/Documentos/Proyects/Portafolio/src/index.html
[Error - 16:59:57] No config file for /home/rugery/Documentos/Proyects/Portafolio/src/index.html
[Error - 16:59:58] No config file for /home/rugery/Documentos/Proyects/Portafolio/src/index.html
[Error - 16:59:59] No config file for /home/rugery/Documentos/Proyects/Portafolio/src/index.html
[Error - 17:00:01] No config file for /home/rugery/Documentos/Proyects/Portafolio/src/index.html
[Error - 17:00:01] No config file for /home/rugery/Documentos/Proyects/Portafolio/src/index.html
[Error - 17:00:01] No config file for /home/rugery/Documentos/Proyects/Portafolio/src/index.html
[Error - 17:00:01] No config file for /home/rugery/Documentos/Proyects/Portafolio/src/index.html
[Error - 17:00:01] No config file for /home/rugery/Documentos/Proyects/Portafolio/src/index.html
[Error - 17:00:04] No config file for /home/rugery/Documentos/Proyects/Portafolio/src/index.html
[Error - 17:00:07] No config file for /home/rugery/Documentos/Proyects/Portafolio/src/index.html
[Error - 17:00:10] No config file for /home/rugery/Documentos/Proyects/Portafolio/src/index.html
