2023-03-15 15:52:23.365 [info] Added views:workbench.panel.markers.view in workbench.panel.markers
2023-03-15 15:52:23.365 [info] Added views:workbench.panel.output in workbench.panel.output
2023-03-15 15:52:23.365 [info] Added views:terminal in terminal
2023-03-15 15:52:23.365 [info] Added views:outline in workbench.view.explorer
2023-03-15 15:52:23.365 [info] Added views:workbench.scm in workbench.view.scm
2023-03-15 15:52:23.365 [info] Added views:workbench.view.search in workbench.view.search
2023-03-15 15:52:23.365 [info] Added views:timeline in workbench.view.explorer
2023-03-15 15:52:23.365 [info] Added views:workbench.explorer.fileView in workbench.view.explorer
2023-03-15 15:52:23.989 [info] Added views:workbench.debug.welcome in workbench.view.debug
2023-03-15 15:52:26.627 [info] Added views:gitlens.views.home,gitlens.views.contributors in workbench.view.extension.gitlens
2023-03-15 15:52:26.629 [info] Added views:gitlens.views.commits,gitlens.views.commitDetails,gitlens.views.fileHistory,gitlens.views.branches,gitlens.views.remotes,gitlens.views.stashes,gitlens.views.tags,gitlens.views.searchAndCompare in workbench.view.scm
2023-03-15 15:52:26.630 [info] Added views:cell-tag in workbench.view.extension.jupyter
2023-03-15 15:52:27.585 [info] Added views:workbench.panel.repl.view in workbench.panel.repl
2023-03-15 15:52:41.981 [info] Added views:gitlens.views.timeline in workbench.view.extension.gitlensPanel
2023-03-15 15:52:41.984 [info] Added views:gitlens.views.worktrees in workbench.view.scm
2023-03-15 15:52:41.995 [info] Removed views:gitlens.views.searchAndCompare,gitlens.views.worktrees,gitlens.views.tags,gitlens.views.stashes,gitlens.views.remotes,gitlens.views.branches,gitlens.views.fileHistory,gitlens.views.commitDetails,gitlens.views.commits from workbench.view.scm
2023-03-15 15:52:41.995 [info] Removed views:gitlens.views.contributors from workbench.view.extension.gitlens
2023-03-15 15:52:41.996 [info] Removed views:gitlens.views.timeline from workbench.view.extension.gitlensPanel
2023-03-15 15:52:43.042 [info] Added views:liveshare.session,liveshare.contacts in workbench.view.extension.liveshare
2023-03-15 16:00:02.051 [info] Added views:workbench.panel.markers.view in workbench.panel.markers
2023-03-15 16:00:02.051 [info] Added views:workbench.panel.output in workbench.panel.output
2023-03-15 16:00:02.051 [info] Added views:terminal in terminal
2023-03-15 16:00:02.051 [info] Added views:outline in workbench.view.explorer
2023-03-15 16:00:02.051 [info] Added views:workbench.scm in workbench.view.scm
2023-03-15 16:00:02.051 [info] Added views:workbench.view.search in workbench.view.search
2023-03-15 16:00:02.051 [info] Added views:timeline in workbench.view.explorer
2023-03-15 16:00:02.051 [info] Added views:workbench.explorer.emptyView in workbench.view.explorer
2023-03-15 16:00:02.244 [info] Added views:workbench.debug.variablesView,workbench.debug.watchExpressionsView,workbench.debug.callStackView,workbench.debug.breakPointsView in workbench.view.debug
2023-03-15 16:00:02.916 [info] Added views:gitlens.views.home,gitlens.views.contributors in workbench.view.extension.gitlens
2023-03-15 16:00:02.919 [info] Added views:gitlens.views.commits,gitlens.views.commitDetails,gitlens.views.fileHistory,gitlens.views.branches,gitlens.views.remotes,gitlens.views.stashes,gitlens.views.tags,gitlens.views.searchAndCompare in workbench.view.scm
2023-03-15 16:00:02.920 [info] Added views:cell-tag in workbench.view.extension.jupyter
2023-03-15 16:00:03.434 [info] Added views:workbench.panel.repl.view in workbench.panel.repl
2023-03-15 16:00:03.438 [info] Removed views:workbench.debug.breakPointsView,workbench.debug.callStackView,workbench.debug.watchExpressionsView,workbench.debug.variablesView from workbench.view.debug
2023-03-15 16:00:03.440 [info] Added views:workbench.debug.welcome in workbench.view.debug
2023-03-15 16:00:04.819 [info] Removed views:gitlens.views.searchAndCompare,gitlens.views.tags,gitlens.views.stashes,gitlens.views.remotes,gitlens.views.branches,gitlens.views.fileHistory,gitlens.views.commitDetails,gitlens.views.commits from workbench.view.scm
2023-03-15 16:00:04.820 [info] Removed views:gitlens.views.contributors from workbench.view.extension.gitlens
2023-03-15 16:00:05.265 [info] Added views:liveshare.session,liveshare.contacts in workbench.view.extension.liveshare
2023-03-15 16:00:05.530 [info] Added views:workbench.views.extensions.installed,workbench.views.extensions.popular,extensions.recommendedList in workbench.view.extensions
2023-03-15 16:00:05.544 [info] Removed views:workbench.views.extensions.popular from workbench.view.extensions
2023-03-15 16:00:32.709 [info] Added views:workbench.panel.markers.view in workbench.panel.markers
2023-03-15 16:00:32.709 [info] Added views:workbench.panel.output in workbench.panel.output
2023-03-15 16:00:32.709 [info] Added views:terminal in terminal
2023-03-15 16:00:32.709 [info] Added views:outline in workbench.view.explorer
2023-03-15 16:00:32.709 [info] Added views:workbench.scm in workbench.view.scm
2023-03-15 16:00:32.709 [info] Added views:workbench.view.search in workbench.view.search
2023-03-15 16:00:32.709 [info] Added views:timeline in workbench.view.explorer
2023-03-15 16:00:32.709 [info] Added views:workbench.explorer.fileView in workbench.view.explorer
2023-03-15 16:00:32.893 [info] Added views:workbench.debug.variablesView,workbench.debug.watchExpressionsView,workbench.debug.callStackView,workbench.debug.breakPointsView in workbench.view.debug
2023-03-15 16:00:33.497 [info] Added views:gitlens.views.home,gitlens.views.contributors in workbench.view.extension.gitlens
2023-03-15 16:00:33.501 [info] Added views:gitlens.views.commits,gitlens.views.commitDetails,gitlens.views.fileHistory,gitlens.views.branches,gitlens.views.remotes,gitlens.views.stashes,gitlens.views.tags,gitlens.views.searchAndCompare in workbench.view.scm
2023-03-15 16:00:33.501 [info] Added views:cell-tag in workbench.view.extension.jupyter
2023-03-15 16:00:33.985 [info] Added views:workbench.panel.repl.view in workbench.panel.repl
2023-03-15 16:00:33.987 [info] Removed views:workbench.debug.breakPointsView,workbench.debug.callStackView,workbench.debug.watchExpressionsView,workbench.debug.variablesView from workbench.view.debug
2023-03-15 16:00:33.988 [info] Added views:workbench.debug.welcome in workbench.view.debug
2023-03-15 16:00:35.107 [info] Removed views:gitlens.views.searchAndCompare,gitlens.views.tags,gitlens.views.stashes,gitlens.views.remotes,gitlens.views.branches,gitlens.views.fileHistory,gitlens.views.commitDetails,gitlens.views.commits from workbench.view.scm
2023-03-15 16:00:35.107 [info] Removed views:gitlens.views.contributors from workbench.view.extension.gitlens
2023-03-15 16:00:35.303 [info] Added views:liveshare.session,liveshare.contacts in workbench.view.extension.liveshare
