2023-02-26T03:25:09.878Z [Modules] Modules initializing
2023-02-26T03:25:09.879Z [Modules] Distribution: remote
2023-02-26T03:25:09.879Z [Modules] Host updates: enabled
2023-02-26T03:25:09.879Z [Modules] Module updates: enabled
2023-02-26T03:25:09.879Z [Modules] Module install path: /home/rugery/.config/discord/0.0.25/modules
2023-02-26T03:25:09.879Z [Modules] Module installed file path: /home/rugery/.config/discord/0.0.25/modules/installed.json
2023-02-26T03:25:09.879Z [Modules] Module download path: /home/rugery/.config/discord/0.0.25/modules/pending
2023-02-26T03:25:10.144Z [Modules] Bootstrapping...
2023-02-26T03:25:10.146Z [Modules] Installing discord_desktop_core@0 from /home/rugery/Descargas/Discord/resources/bootstrap/discord_desktop_core.zip
2023-02-26T03:25:10.148Z [Modules] Failed installing discord_desktop_core@0: Error: ENOENT: no such file or directory, open '/home/rugery/Descargas/Discord/resources/bootstrap/discord_desktop_core.zip'
2023-02-26T03:25:10.149Z [Modules] Installing discord_erlpack@0 from /home/rugery/Descargas/Discord/resources/bootstrap/discord_erlpack.zip
2023-02-26T03:25:10.150Z [Modules] Failed installing discord_erlpack@0: Error: ENOENT: no such file or directory, open '/home/rugery/Descargas/Discord/resources/bootstrap/discord_erlpack.zip'
2023-02-26T03:25:10.151Z [Modules] Installing discord_spellcheck@0 from /home/rugery/Descargas/Discord/resources/bootstrap/discord_spellcheck.zip
2023-02-26T03:25:10.151Z [Modules] Failed installing discord_spellcheck@0: Error: ENOENT: no such file or directory, open '/home/rugery/Descargas/Discord/resources/bootstrap/discord_spellcheck.zip'
2023-02-26T03:25:10.172Z [Modules] Installing discord_utils@0 from /home/rugery/Descargas/Discord/resources/bootstrap/discord_utils.zip
2023-02-26T03:25:10.173Z [Modules] Failed installing discord_utils@0: Error: ENOENT: no such file or directory, open '/home/rugery/Descargas/Discord/resources/bootstrap/discord_utils.zip'
2023-02-26T03:25:10.174Z [Modules] Installing discord_voice@0 from /home/rugery/Descargas/Discord/resources/bootstrap/discord_voice.zip
2023-02-26T03:25:10.175Z [Modules] Failed installing discord_voice@0: Error: ENOENT: no such file or directory, open '/home/rugery/Descargas/Discord/resources/bootstrap/discord_voice.zip'
2023-02-26T03:25:10.176Z [Modules] Finished module installations. [success: 0] [failure: 5]
2023-02-26T03:25:10.177Z [Modules] Checking for host updates.
2023-02-26T03:25:10.749Z [Modules] Host is up to date.
2023-02-26T03:25:10.749Z [Modules] Checking for module updates at https://discord.com/api/modules/stable/versions.json
2023-02-26T03:25:10.874Z [Modules] Module update available: discord_desktop_core@1 [installed: 0]
2023-02-26T03:25:10.876Z [Modules] Module update available: discord_erlpack@1 [installed: 0]
2023-02-26T03:25:10.877Z [Modules] Module update available: discord_spellcheck@1 [installed: 0]
2023-02-26T03:25:10.877Z [Modules] Module update available: discord_utils@1 [installed: 0]
2023-02-26T03:25:10.880Z [Modules] Module update available: discord_voice@1 [installed: 0]
2023-02-26T03:25:10.883Z [Modules] Fetching discord_desktop_core@1 from https://discord.com/api/modules/stable/discord_desktop_core/1
2023-02-26T03:25:10.885Z [Modules] Streaming discord_desktop_core@1 to /home/rugery/.config/discord/0.0.25/modules/pending/discord_desktop_core-1.zip
2023-02-26T03:25:11.160Z [Modules] Streaming discord_desktop_core@1 to /home/rugery/.config/discord/0.0.25/modules/pending/discord_desktop_core-1.zip: 3%
2023-02-26T03:25:11.167Z [Modules] Streaming discord_desktop_core@1 to /home/rugery/.config/discord/0.0.25/modules/pending/discord_desktop_core-1.zip: 4%
2023-02-26T03:25:11.188Z [Modules] Streaming discord_desktop_core@1 to /home/rugery/.config/discord/0.0.25/modules/pending/discord_desktop_core-1.zip: 25%
2023-02-26T03:25:11.197Z [Modules] Streaming discord_desktop_core@1 to /home/rugery/.config/discord/0.0.25/modules/pending/discord_desktop_core-1.zip: 28%
2023-02-26T03:25:11.202Z [Modules] Streaming discord_desktop_core@1 to /home/rugery/.config/discord/0.0.25/modules/pending/discord_desktop_core-1.zip: 45%
2023-02-26T03:25:11.205Z [Modules] Streaming discord_desktop_core@1 to /home/rugery/.config/discord/0.0.25/modules/pending/discord_desktop_core-1.zip: 56%
2023-02-26T03:25:11.207Z [Modules] Streaming discord_desktop_core@1 to /home/rugery/.config/discord/0.0.25/modules/pending/discord_desktop_core-1.zip: 66%
2023-02-26T03:25:11.216Z [Modules] Streaming discord_desktop_core@1 to /home/rugery/.config/discord/0.0.25/modules/pending/discord_desktop_core-1.zip: 84%
2023-02-26T03:25:11.217Z [Modules] Streaming discord_desktop_core@1 to /home/rugery/.config/discord/0.0.25/modules/pending/discord_desktop_core-1.zip: 95%
2023-02-26T03:25:11.218Z [Modules] Streaming discord_desktop_core@1 to /home/rugery/.config/discord/0.0.25/modules/pending/discord_desktop_core-1.zip: 100%
2023-02-26T03:25:11.220Z [Modules] Fetching discord_erlpack@1 from https://discord.com/api/modules/stable/discord_erlpack/1
2023-02-26T03:25:11.221Z [Modules] Streaming discord_erlpack@1 to /home/rugery/.config/discord/0.0.25/modules/pending/discord_erlpack-1.zip
2023-02-26T03:25:11.316Z [Modules] Streaming discord_erlpack@1 to /home/rugery/.config/discord/0.0.25/modules/pending/discord_erlpack-1.zip: 3%
2023-02-26T03:25:11.319Z [Modules] Streaming discord_erlpack@1 to /home/rugery/.config/discord/0.0.25/modules/pending/discord_erlpack-1.zip: 4%
2023-02-26T03:25:11.330Z [Modules] Streaming discord_erlpack@1 to /home/rugery/.config/discord/0.0.25/modules/pending/discord_erlpack-1.zip: 12%
2023-02-26T03:25:11.333Z [Modules] Streaming discord_erlpack@1 to /home/rugery/.config/discord/0.0.25/modules/pending/discord_erlpack-1.zip: 31%
2023-02-26T03:25:11.335Z [Modules] Streaming discord_erlpack@1 to /home/rugery/.config/discord/0.0.25/modules/pending/discord_erlpack-1.zip: 47%
2023-02-26T03:25:11.336Z [Modules] Streaming discord_erlpack@1 to /home/rugery/.config/discord/0.0.25/modules/pending/discord_erlpack-1.zip: 54%
2023-02-26T03:25:11.338Z [Modules] Streaming discord_erlpack@1 to /home/rugery/.config/discord/0.0.25/modules/pending/discord_erlpack-1.zip: 62%
2023-02-26T03:25:11.339Z [Modules] Streaming discord_erlpack@1 to /home/rugery/.config/discord/0.0.25/modules/pending/discord_erlpack-1.zip: 81%
2023-02-26T03:25:11.340Z [Modules] Streaming discord_erlpack@1 to /home/rugery/.config/discord/0.0.25/modules/pending/discord_erlpack-1.zip: 93%
2023-02-26T03:25:11.341Z [Modules] Streaming discord_erlpack@1 to /home/rugery/.config/discord/0.0.25/modules/pending/discord_erlpack-1.zip: 100%
2023-02-26T03:25:11.346Z [Modules] Fetching discord_spellcheck@1 from https://discord.com/api/modules/stable/discord_spellcheck/1
2023-02-26T03:25:11.346Z [Modules] Streaming discord_spellcheck@1 to /home/rugery/.config/discord/0.0.25/modules/pending/discord_spellcheck-1.zip
2023-02-26T03:25:11.453Z [Modules] Streaming discord_spellcheck@1 to /home/rugery/.config/discord/0.0.25/modules/pending/discord_spellcheck-1.zip: 1%
2023-02-26T03:25:11.460Z [Modules] Streaming discord_spellcheck@1 to /home/rugery/.config/discord/0.0.25/modules/pending/discord_spellcheck-1.zip: 2%
2023-02-26T03:25:11.466Z [Modules] Streaming discord_spellcheck@1 to /home/rugery/.config/discord/0.0.25/modules/pending/discord_spellcheck-1.zip: 3%
2023-02-26T03:25:11.484Z [Modules] Streaming discord_spellcheck@1 to /home/rugery/.config/discord/0.0.25/modules/pending/discord_spellcheck-1.zip: 5%
2023-02-26T03:25:11.516Z [Modules] Streaming discord_spellcheck@1 to /home/rugery/.config/discord/0.0.25/modules/pending/discord_spellcheck-1.zip: 8%
2023-02-26T03:25:11.528Z [Modules] Streaming discord_spellcheck@1 to /home/rugery/.config/discord/0.0.25/modules/pending/discord_spellcheck-1.zip: 10%
2023-02-26T03:25:11.530Z [Modules] Streaming discord_spellcheck@1 to /home/rugery/.config/discord/0.0.25/modules/pending/discord_spellcheck-1.zip: 13%
2023-02-26T03:25:11.531Z [Modules] Streaming discord_spellcheck@1 to /home/rugery/.config/discord/0.0.25/modules/pending/discord_spellcheck-1.zip: 14%
2023-02-26T03:25:11.535Z [Modules] Streaming discord_spellcheck@1 to /home/rugery/.config/discord/0.0.25/modules/pending/discord_spellcheck-1.zip: 15%
2023-02-26T03:25:11.538Z [Modules] Streaming discord_spellcheck@1 to /home/rugery/.config/discord/0.0.25/modules/pending/discord_spellcheck-1.zip: 18%
2023-02-26T03:25:11.539Z [Modules] Streaming discord_spellcheck@1 to /home/rugery/.config/discord/0.0.25/modules/pending/discord_spellcheck-1.zip: 19%
2023-02-26T03:25:11.540Z [Modules] Streaming discord_spellcheck@1 to /home/rugery/.config/discord/0.0.25/modules/pending/discord_spellcheck-1.zip: 20%
2023-02-26T03:25:11.542Z [Modules] Streaming discord_spellcheck@1 to /home/rugery/.config/discord/0.0.25/modules/pending/discord_spellcheck-1.zip: 21%
2023-02-26T03:25:11.543Z [Modules] Streaming discord_spellcheck@1 to /home/rugery/.config/discord/0.0.25/modules/pending/discord_spellcheck-1.zip: 23%
2023-02-26T03:25:11.544Z [Modules] Streaming discord_spellcheck@1 to /home/rugery/.config/discord/0.0.25/modules/pending/discord_spellcheck-1.zip: 24%
2023-02-26T03:25:11.545Z [Modules] Streaming discord_spellcheck@1 to /home/rugery/.config/discord/0.0.25/modules/pending/discord_spellcheck-1.zip: 25%
2023-02-26T03:25:11.546Z [Modules] Streaming discord_spellcheck@1 to /home/rugery/.config/discord/0.0.25/modules/pending/discord_spellcheck-1.zip: 27%
2023-02-26T03:25:11.548Z [Modules] Streaming discord_spellcheck@1 to /home/rugery/.config/discord/0.0.25/modules/pending/discord_spellcheck-1.zip: 28%
2023-02-26T03:25:11.549Z [Modules] Streaming discord_spellcheck@1 to /home/rugery/.config/discord/0.0.25/modules/pending/discord_spellcheck-1.zip: 29%
2023-02-26T03:25:11.550Z [Modules] Streaming discord_spellcheck@1 to /home/rugery/.config/discord/0.0.25/modules/pending/discord_spellcheck-1.zip: 31%
2023-02-26T03:25:11.551Z [Modules] Streaming discord_spellcheck@1 to /home/rugery/.config/discord/0.0.25/modules/pending/discord_spellcheck-1.zip: 32%
2023-02-26T03:25:11.552Z [Modules] Streaming discord_spellcheck@1 to /home/rugery/.config/discord/0.0.25/modules/pending/discord_spellcheck-1.zip: 33%
2023-02-26T03:25:11.553Z [Modules] Streaming discord_spellcheck@1 to /home/rugery/.config/discord/0.0.25/modules/pending/discord_spellcheck-1.zip: 34%
2023-02-26T03:25:11.555Z [Modules] Streaming discord_spellcheck@1 to /home/rugery/.config/discord/0.0.25/modules/pending/discord_spellcheck-1.zip: 35%
2023-02-26T03:25:11.557Z [Modules] Streaming discord_spellcheck@1 to /home/rugery/.config/discord/0.0.25/modules/pending/discord_spellcheck-1.zip: 36%
2023-02-26T03:25:11.560Z [Modules] Streaming discord_spellcheck@1 to /home/rugery/.config/discord/0.0.25/modules/pending/discord_spellcheck-1.zip: 37%
2023-02-26T03:25:11.563Z [Modules] Streaming discord_spellcheck@1 to /home/rugery/.config/discord/0.0.25/modules/pending/discord_spellcheck-1.zip: 38%
2023-02-26T03:25:11.564Z [Modules] Streaming discord_spellcheck@1 to /home/rugery/.config/discord/0.0.25/modules/pending/discord_spellcheck-1.zip: 39%
2023-02-26T03:25:11.565Z [Modules] Streaming discord_spellcheck@1 to /home/rugery/.config/discord/0.0.25/modules/pending/discord_spellcheck-1.zip: 40%
2023-02-26T03:25:11.566Z [Modules] Streaming discord_spellcheck@1 to /home/rugery/.config/discord/0.0.25/modules/pending/discord_spellcheck-1.zip: 41%
2023-02-26T03:25:11.567Z [Modules] Streaming discord_spellcheck@1 to /home/rugery/.config/discord/0.0.25/modules/pending/discord_spellcheck-1.zip: 42%
2023-02-26T03:25:11.568Z [Modules] Streaming discord_spellcheck@1 to /home/rugery/.config/discord/0.0.25/modules/pending/discord_spellcheck-1.zip: 43%
2023-02-26T03:25:11.569Z [Modules] Streaming discord_spellcheck@1 to /home/rugery/.config/discord/0.0.25/modules/pending/discord_spellcheck-1.zip: 45%
2023-02-26T03:25:11.570Z [Modules] Streaming discord_spellcheck@1 to /home/rugery/.config/discord/0.0.25/modules/pending/discord_spellcheck-1.zip: 46%
2023-02-26T03:25:11.571Z [Modules] Streaming discord_spellcheck@1 to /home/rugery/.config/discord/0.0.25/modules/pending/discord_spellcheck-1.zip: 50%
2023-02-26T03:25:11.572Z [Modules] Streaming discord_spellcheck@1 to /home/rugery/.config/discord/0.0.25/modules/pending/discord_spellcheck-1.zip: 51%
2023-02-26T03:25:11.574Z [Modules] Streaming discord_spellcheck@1 to /home/rugery/.config/discord/0.0.25/modules/pending/discord_spellcheck-1.zip: 53%
2023-02-26T03:25:11.578Z [Modules] Streaming discord_spellcheck@1 to /home/rugery/.config/discord/0.0.25/modules/pending/discord_spellcheck-1.zip: 54%
2023-02-26T03:25:11.578Z [Modules] Streaming discord_spellcheck@1 to /home/rugery/.config/discord/0.0.25/modules/pending/discord_spellcheck-1.zip: 56%
2023-02-26T03:25:11.584Z [Modules] Streaming discord_spellcheck@1 to /home/rugery/.config/discord/0.0.25/modules/pending/discord_spellcheck-1.zip: 59%
2023-02-26T03:25:11.585Z [Modules] Streaming discord_spellcheck@1 to /home/rugery/.config/discord/0.0.25/modules/pending/discord_spellcheck-1.zip: 62%
2023-02-26T03:25:11.586Z [Modules] Streaming discord_spellcheck@1 to /home/rugery/.config/discord/0.0.25/modules/pending/discord_spellcheck-1.zip: 63%
2023-02-26T03:25:11.587Z [Modules] Streaming discord_spellcheck@1 to /home/rugery/.config/discord/0.0.25/modules/pending/discord_spellcheck-1.zip: 65%
2023-02-26T03:25:11.588Z [Modules] Streaming discord_spellcheck@1 to /home/rugery/.config/discord/0.0.25/modules/pending/discord_spellcheck-1.zip: 67%
2023-02-26T03:25:11.588Z [Modules] Streaming discord_spellcheck@1 to /home/rugery/.config/discord/0.0.25/modules/pending/discord_spellcheck-1.zip: 68%
2023-02-26T03:25:11.590Z [Modules] Streaming discord_spellcheck@1 to /home/rugery/.config/discord/0.0.25/modules/pending/discord_spellcheck-1.zip: 69%
2023-02-26T03:25:11.596Z [Modules] Streaming discord_spellcheck@1 to /home/rugery/.config/discord/0.0.25/modules/pending/discord_spellcheck-1.zip: 71%
2023-02-26T03:25:11.597Z [Modules] Streaming discord_spellcheck@1 to /home/rugery/.config/discord/0.0.25/modules/pending/discord_spellcheck-1.zip: 72%
2023-02-26T03:25:11.599Z [Modules] Streaming discord_spellcheck@1 to /home/rugery/.config/discord/0.0.25/modules/pending/discord_spellcheck-1.zip: 74%
2023-02-26T03:25:11.601Z [Modules] Streaming discord_spellcheck@1 to /home/rugery/.config/discord/0.0.25/modules/pending/discord_spellcheck-1.zip: 75%
2023-02-26T03:25:11.603Z [Modules] Streaming discord_spellcheck@1 to /home/rugery/.config/discord/0.0.25/modules/pending/discord_spellcheck-1.zip: 76%
2023-02-26T03:25:11.603Z [Modules] Streaming discord_spellcheck@1 to /home/rugery/.config/discord/0.0.25/modules/pending/discord_spellcheck-1.zip: 77%
2023-02-26T03:25:11.605Z [Modules] Streaming discord_spellcheck@1 to /home/rugery/.config/discord/0.0.25/modules/pending/discord_spellcheck-1.zip: 81%
2023-02-26T03:25:11.606Z [Modules] Streaming discord_spellcheck@1 to /home/rugery/.config/discord/0.0.25/modules/pending/discord_spellcheck-1.zip: 82%
2023-02-26T03:25:11.606Z [Modules] Streaming discord_spellcheck@1 to /home/rugery/.config/discord/0.0.25/modules/pending/discord_spellcheck-1.zip: 84%
2023-02-26T03:25:11.607Z [Modules] Streaming discord_spellcheck@1 to /home/rugery/.config/discord/0.0.25/modules/pending/discord_spellcheck-1.zip: 85%
2023-02-26T03:25:11.612Z [Modules] Streaming discord_spellcheck@1 to /home/rugery/.config/discord/0.0.25/modules/pending/discord_spellcheck-1.zip: 87%
2023-02-26T03:25:11.614Z [Modules] Streaming discord_spellcheck@1 to /home/rugery/.config/discord/0.0.25/modules/pending/discord_spellcheck-1.zip: 89%
2023-02-26T03:25:11.615Z [Modules] Streaming discord_spellcheck@1 to /home/rugery/.config/discord/0.0.25/modules/pending/discord_spellcheck-1.zip: 91%
2023-02-26T03:25:11.616Z [Modules] Streaming discord_spellcheck@1 to /home/rugery/.config/discord/0.0.25/modules/pending/discord_spellcheck-1.zip: 93%
2023-02-26T03:25:11.620Z [Modules] Streaming discord_spellcheck@1 to /home/rugery/.config/discord/0.0.25/modules/pending/discord_spellcheck-1.zip: 94%
2023-02-26T03:25:11.621Z [Modules] Streaming discord_spellcheck@1 to /home/rugery/.config/discord/0.0.25/modules/pending/discord_spellcheck-1.zip: 95%
2023-02-26T03:25:11.622Z [Modules] Streaming discord_spellcheck@1 to /home/rugery/.config/discord/0.0.25/modules/pending/discord_spellcheck-1.zip: 96%
2023-02-26T03:25:11.623Z [Modules] Streaming discord_spellcheck@1 to /home/rugery/.config/discord/0.0.25/modules/pending/discord_spellcheck-1.zip: 98%
2023-02-26T03:25:11.630Z [Modules] Streaming discord_spellcheck@1 to /home/rugery/.config/discord/0.0.25/modules/pending/discord_spellcheck-1.zip: 99%
2023-02-26T03:25:11.631Z [Modules] Streaming discord_spellcheck@1 to /home/rugery/.config/discord/0.0.25/modules/pending/discord_spellcheck-1.zip: 100%
2023-02-26T03:25:11.632Z [Modules] Fetching discord_utils@1 from https://discord.com/api/modules/stable/discord_utils/1
2023-02-26T03:25:11.633Z [Modules] Streaming discord_utils@1 to /home/rugery/.config/discord/0.0.25/modules/pending/discord_utils-1.zip
2023-02-26T03:25:11.769Z [Modules] Streaming discord_utils@1 to /home/rugery/.config/discord/0.0.25/modules/pending/discord_utils-1.zip: 10%
2023-02-26T03:25:11.780Z [Modules] Streaming discord_utils@1 to /home/rugery/.config/discord/0.0.25/modules/pending/discord_utils-1.zip: 16%
2023-02-26T03:25:11.781Z [Modules] Streaming discord_utils@1 to /home/rugery/.config/discord/0.0.25/modules/pending/discord_utils-1.zip: 17%
2023-02-26T03:25:11.783Z [Modules] Streaming discord_utils@1 to /home/rugery/.config/discord/0.0.25/modules/pending/discord_utils-1.zip: 23%
2023-02-26T03:25:11.784Z [Modules] Streaming discord_utils@1 to /home/rugery/.config/discord/0.0.25/modules/pending/discord_utils-1.zip: 28%
2023-02-26T03:25:11.786Z [Modules] Streaming discord_utils@1 to /home/rugery/.config/discord/0.0.25/modules/pending/discord_utils-1.zip: 32%
2023-02-26T03:25:11.797Z [Modules] Streaming discord_utils@1 to /home/rugery/.config/discord/0.0.25/modules/pending/discord_utils-1.zip: 34%
2023-02-26T03:25:11.798Z [Modules] Streaming discord_utils@1 to /home/rugery/.config/discord/0.0.25/modules/pending/discord_utils-1.zip: 41%
2023-02-26T03:25:11.806Z [Modules] Streaming discord_utils@1 to /home/rugery/.config/discord/0.0.25/modules/pending/discord_utils-1.zip: 43%
2023-02-26T03:25:11.808Z [Modules] Streaming discord_utils@1 to /home/rugery/.config/discord/0.0.25/modules/pending/discord_utils-1.zip: 49%
2023-02-26T03:25:11.810Z [Modules] Streaming discord_utils@1 to /home/rugery/.config/discord/0.0.25/modules/pending/discord_utils-1.zip: 52%
2023-02-26T03:25:11.814Z [Modules] Streaming discord_utils@1 to /home/rugery/.config/discord/0.0.25/modules/pending/discord_utils-1.zip: 69%
2023-02-26T03:25:11.819Z [Modules] Streaming discord_utils@1 to /home/rugery/.config/discord/0.0.25/modules/pending/discord_utils-1.zip: 84%
2023-02-26T03:25:11.820Z [Modules] Streaming discord_utils@1 to /home/rugery/.config/discord/0.0.25/modules/pending/discord_utils-1.zip: 86%
2023-02-26T03:25:11.820Z [Modules] Streaming discord_utils@1 to /home/rugery/.config/discord/0.0.25/modules/pending/discord_utils-1.zip: 88%
2023-02-26T03:25:11.822Z [Modules] Streaming discord_utils@1 to /home/rugery/.config/discord/0.0.25/modules/pending/discord_utils-1.zip: 93%
2023-02-26T03:25:11.823Z [Modules] Streaming discord_utils@1 to /home/rugery/.config/discord/0.0.25/modules/pending/discord_utils-1.zip: 97%
2023-02-26T03:25:11.824Z [Modules] Streaming discord_utils@1 to /home/rugery/.config/discord/0.0.25/modules/pending/discord_utils-1.zip: 100%
2023-02-26T03:25:11.830Z [Modules] Fetching discord_voice@1 from https://discord.com/api/modules/stable/discord_voice/1
2023-02-26T03:25:11.831Z [Modules] Streaming discord_voice@1 to /home/rugery/.config/discord/0.0.25/modules/pending/discord_voice-1.zip
2023-02-26T03:25:11.942Z [Modules] Streaming discord_voice@1 to /home/rugery/.config/discord/0.0.25/modules/pending/discord_voice-1.zip: 1%
2023-02-26T03:25:11.948Z [Modules] Streaming discord_voice@1 to /home/rugery/.config/discord/0.0.25/modules/pending/discord_voice-1.zip: 2%
2023-02-26T03:25:11.967Z [Modules] Streaming discord_voice@1 to /home/rugery/.config/discord/0.0.25/modules/pending/discord_voice-1.zip: 3%
2023-02-26T03:25:11.970Z [Modules] Streaming discord_voice@1 to /home/rugery/.config/discord/0.0.25/modules/pending/discord_voice-1.zip: 5%
2023-02-26T03:25:11.970Z [Modules] Streaming discord_voice@1 to /home/rugery/.config/discord/0.0.25/modules/pending/discord_voice-1.zip: 6%
2023-02-26T03:25:11.972Z [Modules] Streaming discord_voice@1 to /home/rugery/.config/discord/0.0.25/modules/pending/discord_voice-1.zip: 7%
2023-02-26T03:25:11.975Z [Modules] Streaming discord_voice@1 to /home/rugery/.config/discord/0.0.25/modules/pending/discord_voice-1.zip: 8%
2023-02-26T03:25:11.982Z [Modules] Streaming discord_voice@1 to /home/rugery/.config/discord/0.0.25/modules/pending/discord_voice-1.zip: 9%
2023-02-26T03:25:11.985Z [Modules] Streaming discord_voice@1 to /home/rugery/.config/discord/0.0.25/modules/pending/discord_voice-1.zip: 10%
2023-02-26T03:25:11.986Z [Modules] Streaming discord_voice@1 to /home/rugery/.config/discord/0.0.25/modules/pending/discord_voice-1.zip: 11%
2023-02-26T03:25:11.987Z [Modules] Streaming discord_voice@1 to /home/rugery/.config/discord/0.0.25/modules/pending/discord_voice-1.zip: 12%
2023-02-26T03:25:11.988Z [Modules] Streaming discord_voice@1 to /home/rugery/.config/discord/0.0.25/modules/pending/discord_voice-1.zip: 13%
2023-02-26T03:25:11.989Z [Modules] Streaming discord_voice@1 to /home/rugery/.config/discord/0.0.25/modules/pending/discord_voice-1.zip: 14%
2023-02-26T03:25:11.990Z [Modules] Streaming discord_voice@1 to /home/rugery/.config/discord/0.0.25/modules/pending/discord_voice-1.zip: 15%
2023-02-26T03:25:11.998Z [Modules] Streaming discord_voice@1 to /home/rugery/.config/discord/0.0.25/modules/pending/discord_voice-1.zip: 16%
2023-02-26T03:25:12.000Z [Modules] Streaming discord_voice@1 to /home/rugery/.config/discord/0.0.25/modules/pending/discord_voice-1.zip: 17%
2023-02-26T03:25:12.015Z [Modules] Streaming discord_voice@1 to /home/rugery/.config/discord/0.0.25/modules/pending/discord_voice-1.zip: 18%
2023-02-26T03:25:12.016Z [Modules] Streaming discord_voice@1 to /home/rugery/.config/discord/0.0.25/modules/pending/discord_voice-1.zip: 19%
2023-02-26T03:25:12.017Z [Modules] Streaming discord_voice@1 to /home/rugery/.config/discord/0.0.25/modules/pending/discord_voice-1.zip: 20%
2023-02-26T03:25:12.019Z [Modules] Streaming discord_voice@1 to /home/rugery/.config/discord/0.0.25/modules/pending/discord_voice-1.zip: 21%
2023-02-26T03:25:12.020Z [Modules] Streaming discord_voice@1 to /home/rugery/.config/discord/0.0.25/modules/pending/discord_voice-1.zip: 22%
2023-02-26T03:25:12.023Z [Modules] Streaming discord_voice@1 to /home/rugery/.config/discord/0.0.25/modules/pending/discord_voice-1.zip: 23%
2023-02-26T03:25:12.032Z [Modules] Streaming discord_voice@1 to /home/rugery/.config/discord/0.0.25/modules/pending/discord_voice-1.zip: 24%
2023-02-26T03:25:12.035Z [Modules] Streaming discord_voice@1 to /home/rugery/.config/discord/0.0.25/modules/pending/discord_voice-1.zip: 26%
2023-02-26T03:25:12.039Z [Modules] Streaming discord_voice@1 to /home/rugery/.config/discord/0.0.25/modules/pending/discord_voice-1.zip: 27%
2023-02-26T03:25:12.044Z [Modules] Streaming discord_voice@1 to /home/rugery/.config/discord/0.0.25/modules/pending/discord_voice-1.zip: 30%
2023-02-26T03:25:12.052Z [Modules] Streaming discord_voice@1 to /home/rugery/.config/discord/0.0.25/modules/pending/discord_voice-1.zip: 32%
2023-02-26T03:25:12.054Z [Modules] Streaming discord_voice@1 to /home/rugery/.config/discord/0.0.25/modules/pending/discord_voice-1.zip: 33%
2023-02-26T03:25:12.056Z [Modules] Streaming discord_voice@1 to /home/rugery/.config/discord/0.0.25/modules/pending/discord_voice-1.zip: 34%
2023-02-26T03:25:12.057Z [Modules] Streaming discord_voice@1 to /home/rugery/.config/discord/0.0.25/modules/pending/discord_voice-1.zip: 35%
2023-02-26T03:25:12.058Z [Modules] Streaming discord_voice@1 to /home/rugery/.config/discord/0.0.25/modules/pending/discord_voice-1.zip: 36%
2023-02-26T03:25:12.064Z [Modules] Streaming discord_voice@1 to /home/rugery/.config/discord/0.0.25/modules/pending/discord_voice-1.zip: 37%
2023-02-26T03:25:12.066Z [Modules] Streaming discord_voice@1 to /home/rugery/.config/discord/0.0.25/modules/pending/discord_voice-1.zip: 38%
2023-02-26T03:25:12.067Z [Modules] Streaming discord_voice@1 to /home/rugery/.config/discord/0.0.25/modules/pending/discord_voice-1.zip: 39%
2023-02-26T03:25:12.069Z [Modules] Streaming discord_voice@1 to /home/rugery/.config/discord/0.0.25/modules/pending/discord_voice-1.zip: 40%
2023-02-26T03:25:12.070Z [Modules] Streaming discord_voice@1 to /home/rugery/.config/discord/0.0.25/modules/pending/discord_voice-1.zip: 41%
2023-02-26T03:25:12.071Z [Modules] Streaming discord_voice@1 to /home/rugery/.config/discord/0.0.25/modules/pending/discord_voice-1.zip: 42%
2023-02-26T03:25:12.072Z [Modules] Streaming discord_voice@1 to /home/rugery/.config/discord/0.0.25/modules/pending/discord_voice-1.zip: 43%
2023-02-26T03:25:12.075Z [Modules] Streaming discord_voice@1 to /home/rugery/.config/discord/0.0.25/modules/pending/discord_voice-1.zip: 44%
2023-02-26T03:25:12.076Z [Modules] Streaming discord_voice@1 to /home/rugery/.config/discord/0.0.25/modules/pending/discord_voice-1.zip: 45%
2023-02-26T03:25:12.080Z [Modules] Streaming discord_voice@1 to /home/rugery/.config/discord/0.0.25/modules/pending/discord_voice-1.zip: 46%
2023-02-26T03:25:12.083Z [Modules] Streaming discord_voice@1 to /home/rugery/.config/discord/0.0.25/modules/pending/discord_voice-1.zip: 47%
2023-02-26T03:25:12.084Z [Modules] Streaming discord_voice@1 to /home/rugery/.config/discord/0.0.25/modules/pending/discord_voice-1.zip: 48%
2023-02-26T03:25:12.085Z [Modules] Streaming discord_voice@1 to /home/rugery/.config/discord/0.0.25/modules/pending/discord_voice-1.zip: 49%
2023-02-26T03:25:12.089Z [Modules] Streaming discord_voice@1 to /home/rugery/.config/discord/0.0.25/modules/pending/discord_voice-1.zip: 50%
2023-02-26T03:25:12.090Z [Modules] Streaming discord_voice@1 to /home/rugery/.config/discord/0.0.25/modules/pending/discord_voice-1.zip: 51%
2023-02-26T03:25:12.091Z [Modules] Streaming discord_voice@1 to /home/rugery/.config/discord/0.0.25/modules/pending/discord_voice-1.zip: 52%
2023-02-26T03:25:12.098Z [Modules] Streaming discord_voice@1 to /home/rugery/.config/discord/0.0.25/modules/pending/discord_voice-1.zip: 53%
2023-02-26T03:25:12.103Z [Modules] Streaming discord_voice@1 to /home/rugery/.config/discord/0.0.25/modules/pending/discord_voice-1.zip: 54%
2023-02-26T03:25:12.104Z [Modules] Streaming discord_voice@1 to /home/rugery/.config/discord/0.0.25/modules/pending/discord_voice-1.zip: 55%
2023-02-26T03:25:12.105Z [Modules] Streaming discord_voice@1 to /home/rugery/.config/discord/0.0.25/modules/pending/discord_voice-1.zip: 56%
2023-02-26T03:25:12.106Z [Modules] Streaming discord_voice@1 to /home/rugery/.config/discord/0.0.25/modules/pending/discord_voice-1.zip: 57%
2023-02-26T03:25:12.111Z [Modules] Streaming discord_voice@1 to /home/rugery/.config/discord/0.0.25/modules/pending/discord_voice-1.zip: 58%
2023-02-26T03:25:12.113Z [Modules] Streaming discord_voice@1 to /home/rugery/.config/discord/0.0.25/modules/pending/discord_voice-1.zip: 59%
2023-02-26T03:25:12.115Z [Modules] Streaming discord_voice@1 to /home/rugery/.config/discord/0.0.25/modules/pending/discord_voice-1.zip: 60%
2023-02-26T03:25:12.116Z [Modules] Streaming discord_voice@1 to /home/rugery/.config/discord/0.0.25/modules/pending/discord_voice-1.zip: 61%
2023-02-26T03:25:12.117Z [Modules] Streaming discord_voice@1 to /home/rugery/.config/discord/0.0.25/modules/pending/discord_voice-1.zip: 62%
2023-02-26T03:25:12.119Z [Modules] Streaming discord_voice@1 to /home/rugery/.config/discord/0.0.25/modules/pending/discord_voice-1.zip: 63%
2023-02-26T03:25:12.120Z [Modules] Streaming discord_voice@1 to /home/rugery/.config/discord/0.0.25/modules/pending/discord_voice-1.zip: 64%
2023-02-26T03:25:12.121Z [Modules] Streaming discord_voice@1 to /home/rugery/.config/discord/0.0.25/modules/pending/discord_voice-1.zip: 65%
2023-02-26T03:25:12.122Z [Modules] Streaming discord_voice@1 to /home/rugery/.config/discord/0.0.25/modules/pending/discord_voice-1.zip: 66%
2023-02-26T03:25:12.130Z [Modules] Streaming discord_voice@1 to /home/rugery/.config/discord/0.0.25/modules/pending/discord_voice-1.zip: 67%
2023-02-26T03:25:12.134Z [Modules] Streaming discord_voice@1 to /home/rugery/.config/discord/0.0.25/modules/pending/discord_voice-1.zip: 68%
2023-02-26T03:25:12.136Z [Modules] Streaming discord_voice@1 to /home/rugery/.config/discord/0.0.25/modules/pending/discord_voice-1.zip: 69%
2023-02-26T03:25:12.137Z [Modules] Streaming discord_voice@1 to /home/rugery/.config/discord/0.0.25/modules/pending/discord_voice-1.zip: 70%
2023-02-26T03:25:12.139Z [Modules] Streaming discord_voice@1 to /home/rugery/.config/discord/0.0.25/modules/pending/discord_voice-1.zip: 71%
2023-02-26T03:25:12.140Z [Modules] Streaming discord_voice@1 to /home/rugery/.config/discord/0.0.25/modules/pending/discord_voice-1.zip: 72%
2023-02-26T03:25:12.143Z [Modules] Streaming discord_voice@1 to /home/rugery/.config/discord/0.0.25/modules/pending/discord_voice-1.zip: 73%
2023-02-26T03:25:12.147Z [Modules] Streaming discord_voice@1 to /home/rugery/.config/discord/0.0.25/modules/pending/discord_voice-1.zip: 74%
2023-02-26T03:25:12.149Z [Modules] Streaming discord_voice@1 to /home/rugery/.config/discord/0.0.25/modules/pending/discord_voice-1.zip: 75%
2023-02-26T03:25:12.151Z [Modules] Streaming discord_voice@1 to /home/rugery/.config/discord/0.0.25/modules/pending/discord_voice-1.zip: 76%
2023-02-26T03:25:12.152Z [Modules] Streaming discord_voice@1 to /home/rugery/.config/discord/0.0.25/modules/pending/discord_voice-1.zip: 77%
2023-02-26T03:25:12.154Z [Modules] Streaming discord_voice@1 to /home/rugery/.config/discord/0.0.25/modules/pending/discord_voice-1.zip: 80%
2023-02-26T03:25:12.155Z [Modules] Streaming discord_voice@1 to /home/rugery/.config/discord/0.0.25/modules/pending/discord_voice-1.zip: 81%
2023-02-26T03:25:12.157Z [Modules] Streaming discord_voice@1 to /home/rugery/.config/discord/0.0.25/modules/pending/discord_voice-1.zip: 82%
2023-02-26T03:25:12.160Z [Modules] Streaming discord_voice@1 to /home/rugery/.config/discord/0.0.25/modules/pending/discord_voice-1.zip: 84%
2023-02-26T03:25:12.162Z [Modules] Streaming discord_voice@1 to /home/rugery/.config/discord/0.0.25/modules/pending/discord_voice-1.zip: 85%
2023-02-26T03:25:12.166Z [Modules] Streaming discord_voice@1 to /home/rugery/.config/discord/0.0.25/modules/pending/discord_voice-1.zip: 86%
2023-02-26T03:25:12.184Z [Modules] Streaming discord_voice@1 to /home/rugery/.config/discord/0.0.25/modules/pending/discord_voice-1.zip: 87%
2023-02-26T03:25:12.185Z [Modules] Streaming discord_voice@1 to /home/rugery/.config/discord/0.0.25/modules/pending/discord_voice-1.zip: 88%
2023-02-26T03:25:12.185Z [Modules] Streaming discord_voice@1 to /home/rugery/.config/discord/0.0.25/modules/pending/discord_voice-1.zip: 89%
2023-02-26T03:25:12.191Z [Modules] Streaming discord_voice@1 to /home/rugery/.config/discord/0.0.25/modules/pending/discord_voice-1.zip: 90%
2023-02-26T03:25:12.193Z [Modules] Streaming discord_voice@1 to /home/rugery/.config/discord/0.0.25/modules/pending/discord_voice-1.zip: 91%
2023-02-26T03:25:12.195Z [Modules] Streaming discord_voice@1 to /home/rugery/.config/discord/0.0.25/modules/pending/discord_voice-1.zip: 92%
2023-02-26T03:25:12.196Z [Modules] Streaming discord_voice@1 to /home/rugery/.config/discord/0.0.25/modules/pending/discord_voice-1.zip: 93%
2023-02-26T03:25:12.198Z [Modules] Streaming discord_voice@1 to /home/rugery/.config/discord/0.0.25/modules/pending/discord_voice-1.zip: 94%
2023-02-26T03:25:12.199Z [Modules] Streaming discord_voice@1 to /home/rugery/.config/discord/0.0.25/modules/pending/discord_voice-1.zip: 95%
2023-02-26T03:25:12.200Z [Modules] Streaming discord_voice@1 to /home/rugery/.config/discord/0.0.25/modules/pending/discord_voice-1.zip: 96%
2023-02-26T03:25:12.201Z [Modules] Streaming discord_voice@1 to /home/rugery/.config/discord/0.0.25/modules/pending/discord_voice-1.zip: 97%
2023-02-26T03:25:12.210Z [Modules] Streaming discord_voice@1 to /home/rugery/.config/discord/0.0.25/modules/pending/discord_voice-1.zip: 98%
2023-02-26T03:25:12.211Z [Modules] Streaming discord_voice@1 to /home/rugery/.config/discord/0.0.25/modules/pending/discord_voice-1.zip: 99%
2023-02-26T03:25:12.213Z [Modules] Streaming discord_voice@1 to /home/rugery/.config/discord/0.0.25/modules/pending/discord_voice-1.zip: 100%
2023-02-26T03:25:12.215Z [Modules] Finished module downloads. [success: 5] [failure: 0]
2023-02-26T03:25:12.215Z [Modules] Installing updates...
2023-02-26T03:25:12.215Z [Modules] Installing discord_desktop_core@1 from /home/rugery/.config/discord/0.0.25/modules/pending/discord_desktop_core-1.zip
2023-02-26T03:25:12.373Z [Modules] Installing discord_erlpack@1 from /home/rugery/.config/discord/0.0.25/modules/pending/discord_erlpack-1.zip
2023-02-26T03:25:12.512Z [Modules] Installing discord_spellcheck@1 from /home/rugery/.config/discord/0.0.25/modules/pending/discord_spellcheck-1.zip
2023-02-26T03:25:13.946Z [Modules] Installing discord_utils@1 from /home/rugery/.config/discord/0.0.25/modules/pending/discord_utils-1.zip
2023-02-26T03:25:14.886Z [Modules] Installing discord_voice@1 from /home/rugery/.config/discord/0.0.25/modules/pending/discord_voice-1.zip
2023-02-26T03:25:16.262Z [Modules] Finished module installations. [success: 5] [failure: 0]
2023-02-26T03:25:16.263Z [Modules] Checking for host updates.
2023-02-26T03:25:16.402Z [Modules] Host is up to date.
2023-02-26T03:25:16.403Z [Modules] Checking for module updates at https://discord.com/api/modules/stable/versions.json
2023-02-26T03:25:16.412Z [Modules] No module updates available.
2023-02-26T03:25:18.636Z [Modules] Starting to install discord_krisp...
2023-02-26T03:25:18.636Z [Modules] Fetching discord_krisp@1 from https://discord.com/api/modules/stable/discord_krisp/1
2023-02-26T03:25:18.637Z [Modules] Streaming discord_krisp@1 to /home/rugery/.config/discord/0.0.25/modules/pending/discord_krisp-1.zip
2023-02-26T03:25:18.641Z [Modules] Starting to install discord_game_utils...
2023-02-26T03:25:18.781Z [Modules] Streaming discord_krisp@1 to /home/rugery/.config/discord/0.0.25/modules/pending/discord_krisp-1.zip: 1%
2023-02-26T03:25:18.798Z [Modules] Streaming discord_krisp@1 to /home/rugery/.config/discord/0.0.25/modules/pending/discord_krisp-1.zip: 2%
2023-02-26T03:25:18.817Z [Modules] Streaming discord_krisp@1 to /home/rugery/.config/discord/0.0.25/modules/pending/discord_krisp-1.zip: 3%
2023-02-26T03:25:18.832Z [Modules] Streaming discord_krisp@1 to /home/rugery/.config/discord/0.0.25/modules/pending/discord_krisp-1.zip: 4%
2023-02-26T03:25:18.849Z [Modules] Streaming discord_krisp@1 to /home/rugery/.config/discord/0.0.25/modules/pending/discord_krisp-1.zip: 5%
2023-02-26T03:25:18.864Z [Modules] Streaming discord_krisp@1 to /home/rugery/.config/discord/0.0.25/modules/pending/discord_krisp-1.zip: 6%
2023-02-26T03:25:18.878Z [Modules] Streaming discord_krisp@1 to /home/rugery/.config/discord/0.0.25/modules/pending/discord_krisp-1.zip: 7%
2023-02-26T03:25:18.885Z [Modules] Streaming discord_krisp@1 to /home/rugery/.config/discord/0.0.25/modules/pending/discord_krisp-1.zip: 8%
2023-02-26T03:25:18.899Z [Modules] Streaming discord_krisp@1 to /home/rugery/.config/discord/0.0.25/modules/pending/discord_krisp-1.zip: 9%
2023-02-26T03:25:18.903Z [Modules] Streaming discord_krisp@1 to /home/rugery/.config/discord/0.0.25/modules/pending/discord_krisp-1.zip: 10%
2023-02-26T03:25:18.915Z [Modules] Streaming discord_krisp@1 to /home/rugery/.config/discord/0.0.25/modules/pending/discord_krisp-1.zip: 11%
2023-02-26T03:25:18.921Z [Modules] Streaming discord_krisp@1 to /home/rugery/.config/discord/0.0.25/modules/pending/discord_krisp-1.zip: 12%
2023-02-26T03:25:18.928Z [Modules] Streaming discord_krisp@1 to /home/rugery/.config/discord/0.0.25/modules/pending/discord_krisp-1.zip: 13%
2023-02-26T03:25:18.935Z [Modules] Streaming discord_krisp@1 to /home/rugery/.config/discord/0.0.25/modules/pending/discord_krisp-1.zip: 14%
2023-02-26T03:25:18.945Z [Modules] Streaming discord_krisp@1 to /home/rugery/.config/discord/0.0.25/modules/pending/discord_krisp-1.zip: 15%
2023-02-26T03:25:18.951Z [Modules] Streaming discord_krisp@1 to /home/rugery/.config/discord/0.0.25/modules/pending/discord_krisp-1.zip: 16%
2023-02-26T03:25:18.953Z [Modules] Streaming discord_krisp@1 to /home/rugery/.config/discord/0.0.25/modules/pending/discord_krisp-1.zip: 17%
2023-02-26T03:25:18.964Z [Modules] Streaming discord_krisp@1 to /home/rugery/.config/discord/0.0.25/modules/pending/discord_krisp-1.zip: 18%
2023-02-26T03:25:18.969Z [Modules] Streaming discord_krisp@1 to /home/rugery/.config/discord/0.0.25/modules/pending/discord_krisp-1.zip: 19%
2023-02-26T03:25:18.979Z [Modules] Streaming discord_krisp@1 to /home/rugery/.config/discord/0.0.25/modules/pending/discord_krisp-1.zip: 20%
2023-02-26T03:25:18.986Z [Modules] Streaming discord_krisp@1 to /home/rugery/.config/discord/0.0.25/modules/pending/discord_krisp-1.zip: 21%
2023-02-26T03:25:18.987Z [Modules] Streaming discord_krisp@1 to /home/rugery/.config/discord/0.0.25/modules/pending/discord_krisp-1.zip: 22%
2023-02-26T03:25:19.038Z [Modules] Streaming discord_krisp@1 to /home/rugery/.config/discord/0.0.25/modules/pending/discord_krisp-1.zip: 23%
2023-02-26T03:25:19.049Z [Modules] Streaming discord_krisp@1 to /home/rugery/.config/discord/0.0.25/modules/pending/discord_krisp-1.zip: 24%
2023-02-26T03:25:19.052Z [Modules] Streaming discord_krisp@1 to /home/rugery/.config/discord/0.0.25/modules/pending/discord_krisp-1.zip: 25%
2023-02-26T03:25:19.066Z [Modules] Streaming discord_krisp@1 to /home/rugery/.config/discord/0.0.25/modules/pending/discord_krisp-1.zip: 26%
2023-02-26T03:25:19.078Z [Modules] Streaming discord_krisp@1 to /home/rugery/.config/discord/0.0.25/modules/pending/discord_krisp-1.zip: 27%
2023-02-26T03:25:19.088Z [Modules] Streaming discord_krisp@1 to /home/rugery/.config/discord/0.0.25/modules/pending/discord_krisp-1.zip: 28%
2023-02-26T03:25:19.110Z [Modules] Streaming discord_krisp@1 to /home/rugery/.config/discord/0.0.25/modules/pending/discord_krisp-1.zip: 30%
2023-02-26T03:25:19.116Z [Modules] Streaming discord_krisp@1 to /home/rugery/.config/discord/0.0.25/modules/pending/discord_krisp-1.zip: 32%
2023-02-26T03:25:19.120Z [Modules] Streaming discord_krisp@1 to /home/rugery/.config/discord/0.0.25/modules/pending/discord_krisp-1.zip: 33%
2023-02-26T03:25:19.129Z [Modules] Streaming discord_krisp@1 to /home/rugery/.config/discord/0.0.25/modules/pending/discord_krisp-1.zip: 34%
2023-02-26T03:25:19.134Z [Modules] Streaming discord_krisp@1 to /home/rugery/.config/discord/0.0.25/modules/pending/discord_krisp-1.zip: 36%
2023-02-26T03:25:19.135Z [Modules] Streaming discord_krisp@1 to /home/rugery/.config/discord/0.0.25/modules/pending/discord_krisp-1.zip: 37%
2023-02-26T03:25:19.136Z [Modules] Streaming discord_krisp@1 to /home/rugery/.config/discord/0.0.25/modules/pending/discord_krisp-1.zip: 38%
2023-02-26T03:25:19.139Z [Modules] Streaming discord_krisp@1 to /home/rugery/.config/discord/0.0.25/modules/pending/discord_krisp-1.zip: 39%
2023-02-26T03:25:19.142Z [Modules] Streaming discord_krisp@1 to /home/rugery/.config/discord/0.0.25/modules/pending/discord_krisp-1.zip: 40%
2023-02-26T03:25:19.143Z [Modules] Streaming discord_krisp@1 to /home/rugery/.config/discord/0.0.25/modules/pending/discord_krisp-1.zip: 41%
2023-02-26T03:25:19.146Z [Modules] Streaming discord_krisp@1 to /home/rugery/.config/discord/0.0.25/modules/pending/discord_krisp-1.zip: 42%
2023-02-26T03:25:19.147Z [Modules] Streaming discord_krisp@1 to /home/rugery/.config/discord/0.0.25/modules/pending/discord_krisp-1.zip: 43%
2023-02-26T03:25:19.147Z [Modules] Streaming discord_krisp@1 to /home/rugery/.config/discord/0.0.25/modules/pending/discord_krisp-1.zip: 44%
2023-02-26T03:25:19.149Z [Modules] Streaming discord_krisp@1 to /home/rugery/.config/discord/0.0.25/modules/pending/discord_krisp-1.zip: 45%
2023-02-26T03:25:19.150Z [Modules] Streaming discord_krisp@1 to /home/rugery/.config/discord/0.0.25/modules/pending/discord_krisp-1.zip: 46%
2023-02-26T03:25:19.151Z [Modules] Streaming discord_krisp@1 to /home/rugery/.config/discord/0.0.25/modules/pending/discord_krisp-1.zip: 47%
2023-02-26T03:25:19.160Z [Modules] Streaming discord_krisp@1 to /home/rugery/.config/discord/0.0.25/modules/pending/discord_krisp-1.zip: 48%
2023-02-26T03:25:19.160Z [Modules] Streaming discord_krisp@1 to /home/rugery/.config/discord/0.0.25/modules/pending/discord_krisp-1.zip: 49%
2023-02-26T03:25:19.163Z [Modules] Streaming discord_krisp@1 to /home/rugery/.config/discord/0.0.25/modules/pending/discord_krisp-1.zip: 50%
2023-02-26T03:25:19.166Z [Modules] Streaming discord_krisp@1 to /home/rugery/.config/discord/0.0.25/modules/pending/discord_krisp-1.zip: 51%
2023-02-26T03:25:19.167Z [Modules] Streaming discord_krisp@1 to /home/rugery/.config/discord/0.0.25/modules/pending/discord_krisp-1.zip: 52%
2023-02-26T03:25:19.168Z [Modules] Streaming discord_krisp@1 to /home/rugery/.config/discord/0.0.25/modules/pending/discord_krisp-1.zip: 53%
2023-02-26T03:25:19.171Z [Modules] Streaming discord_krisp@1 to /home/rugery/.config/discord/0.0.25/modules/pending/discord_krisp-1.zip: 54%
2023-02-26T03:25:19.173Z [Modules] Streaming discord_krisp@1 to /home/rugery/.config/discord/0.0.25/modules/pending/discord_krisp-1.zip: 55%
2023-02-26T03:25:19.191Z [Modules] Streaming discord_krisp@1 to /home/rugery/.config/discord/0.0.25/modules/pending/discord_krisp-1.zip: 57%
2023-02-26T03:25:19.205Z [Modules] Streaming discord_krisp@1 to /home/rugery/.config/discord/0.0.25/modules/pending/discord_krisp-1.zip: 58%
2023-02-26T03:25:19.207Z [Modules] Streaming discord_krisp@1 to /home/rugery/.config/discord/0.0.25/modules/pending/discord_krisp-1.zip: 59%
2023-02-26T03:25:19.219Z [Modules] Streaming discord_krisp@1 to /home/rugery/.config/discord/0.0.25/modules/pending/discord_krisp-1.zip: 60%
2023-02-26T03:25:19.228Z [Modules] Streaming discord_krisp@1 to /home/rugery/.config/discord/0.0.25/modules/pending/discord_krisp-1.zip: 61%
2023-02-26T03:25:19.231Z [Modules] Streaming discord_krisp@1 to /home/rugery/.config/discord/0.0.25/modules/pending/discord_krisp-1.zip: 62%
2023-02-26T03:25:19.232Z [Modules] Streaming discord_krisp@1 to /home/rugery/.config/discord/0.0.25/modules/pending/discord_krisp-1.zip: 63%
2023-02-26T03:25:19.234Z [Modules] Streaming discord_krisp@1 to /home/rugery/.config/discord/0.0.25/modules/pending/discord_krisp-1.zip: 64%
2023-02-26T03:25:19.235Z [Modules] Streaming discord_krisp@1 to /home/rugery/.config/discord/0.0.25/modules/pending/discord_krisp-1.zip: 65%
2023-02-26T03:25:19.236Z [Modules] Streaming discord_krisp@1 to /home/rugery/.config/discord/0.0.25/modules/pending/discord_krisp-1.zip: 66%
2023-02-26T03:25:19.238Z [Modules] Streaming discord_krisp@1 to /home/rugery/.config/discord/0.0.25/modules/pending/discord_krisp-1.zip: 67%
2023-02-26T03:25:19.238Z [Modules] Streaming discord_krisp@1 to /home/rugery/.config/discord/0.0.25/modules/pending/discord_krisp-1.zip: 68%
2023-02-26T03:25:19.240Z [Modules] Streaming discord_krisp@1 to /home/rugery/.config/discord/0.0.25/modules/pending/discord_krisp-1.zip: 69%
2023-02-26T03:25:19.241Z [Modules] Streaming discord_krisp@1 to /home/rugery/.config/discord/0.0.25/modules/pending/discord_krisp-1.zip: 70%
2023-02-26T03:25:19.243Z [Modules] Streaming discord_krisp@1 to /home/rugery/.config/discord/0.0.25/modules/pending/discord_krisp-1.zip: 71%
2023-02-26T03:25:19.246Z [Modules] Streaming discord_krisp@1 to /home/rugery/.config/discord/0.0.25/modules/pending/discord_krisp-1.zip: 72%
2023-02-26T03:25:19.249Z [Modules] Streaming discord_krisp@1 to /home/rugery/.config/discord/0.0.25/modules/pending/discord_krisp-1.zip: 73%
2023-02-26T03:25:19.252Z [Modules] Streaming discord_krisp@1 to /home/rugery/.config/discord/0.0.25/modules/pending/discord_krisp-1.zip: 74%
2023-02-26T03:25:19.253Z [Modules] Streaming discord_krisp@1 to /home/rugery/.config/discord/0.0.25/modules/pending/discord_krisp-1.zip: 75%
2023-02-26T03:25:19.254Z [Modules] Streaming discord_krisp@1 to /home/rugery/.config/discord/0.0.25/modules/pending/discord_krisp-1.zip: 76%
2023-02-26T03:25:19.255Z [Modules] Streaming discord_krisp@1 to /home/rugery/.config/discord/0.0.25/modules/pending/discord_krisp-1.zip: 77%
2023-02-26T03:25:19.264Z [Modules] Streaming discord_krisp@1 to /home/rugery/.config/discord/0.0.25/modules/pending/discord_krisp-1.zip: 78%
2023-02-26T03:25:19.265Z [Modules] Streaming discord_krisp@1 to /home/rugery/.config/discord/0.0.25/modules/pending/discord_krisp-1.zip: 79%
2023-02-26T03:25:19.267Z [Modules] Streaming discord_krisp@1 to /home/rugery/.config/discord/0.0.25/modules/pending/discord_krisp-1.zip: 80%
2023-02-26T03:25:19.270Z [Modules] Streaming discord_krisp@1 to /home/rugery/.config/discord/0.0.25/modules/pending/discord_krisp-1.zip: 81%
2023-02-26T03:25:19.279Z [Modules] Streaming discord_krisp@1 to /home/rugery/.config/discord/0.0.25/modules/pending/discord_krisp-1.zip: 83%
2023-02-26T03:25:19.281Z [Modules] Streaming discord_krisp@1 to /home/rugery/.config/discord/0.0.25/modules/pending/discord_krisp-1.zip: 84%
2023-02-26T03:25:19.285Z [Modules] Streaming discord_krisp@1 to /home/rugery/.config/discord/0.0.25/modules/pending/discord_krisp-1.zip: 86%
2023-02-26T03:25:19.287Z [Modules] Streaming discord_krisp@1 to /home/rugery/.config/discord/0.0.25/modules/pending/discord_krisp-1.zip: 87%
2023-02-26T03:25:19.288Z [Modules] Streaming discord_krisp@1 to /home/rugery/.config/discord/0.0.25/modules/pending/discord_krisp-1.zip: 88%
2023-02-26T03:25:19.290Z [Modules] Streaming discord_krisp@1 to /home/rugery/.config/discord/0.0.25/modules/pending/discord_krisp-1.zip: 89%
2023-02-26T03:25:19.295Z [Modules] Streaming discord_krisp@1 to /home/rugery/.config/discord/0.0.25/modules/pending/discord_krisp-1.zip: 90%
2023-02-26T03:25:19.296Z [Modules] Streaming discord_krisp@1 to /home/rugery/.config/discord/0.0.25/modules/pending/discord_krisp-1.zip: 91%
2023-02-26T03:25:19.297Z [Modules] Streaming discord_krisp@1 to /home/rugery/.config/discord/0.0.25/modules/pending/discord_krisp-1.zip: 92%
2023-02-26T03:25:19.298Z [Modules] Streaming discord_krisp@1 to /home/rugery/.config/discord/0.0.25/modules/pending/discord_krisp-1.zip: 93%
2023-02-26T03:25:19.300Z [Modules] Streaming discord_krisp@1 to /home/rugery/.config/discord/0.0.25/modules/pending/discord_krisp-1.zip: 94%
2023-02-26T03:25:19.301Z [Modules] Streaming discord_krisp@1 to /home/rugery/.config/discord/0.0.25/modules/pending/discord_krisp-1.zip: 95%
2023-02-26T03:25:19.302Z [Modules] Streaming discord_krisp@1 to /home/rugery/.config/discord/0.0.25/modules/pending/discord_krisp-1.zip: 96%
2023-02-26T03:25:19.303Z [Modules] Streaming discord_krisp@1 to /home/rugery/.config/discord/0.0.25/modules/pending/discord_krisp-1.zip: 97%
2023-02-26T03:25:19.304Z [Modules] Streaming discord_krisp@1 to /home/rugery/.config/discord/0.0.25/modules/pending/discord_krisp-1.zip: 98%
2023-02-26T03:25:19.305Z [Modules] Streaming discord_krisp@1 to /home/rugery/.config/discord/0.0.25/modules/pending/discord_krisp-1.zip: 99%
2023-02-26T03:25:19.308Z [Modules] Streaming discord_krisp@1 to /home/rugery/.config/discord/0.0.25/modules/pending/discord_krisp-1.zip: 100%
2023-02-26T03:25:19.310Z [Modules] Fetching discord_game_utils@1 from https://discord.com/api/modules/stable/discord_game_utils/1
2023-02-26T03:25:19.310Z [Modules] Streaming discord_game_utils@1 to /home/rugery/.config/discord/0.0.25/modules/pending/discord_game_utils-1.zip
2023-02-26T03:25:19.311Z [Modules] Installing discord_krisp@1 from /home/rugery/.config/discord/0.0.25/modules/pending/discord_krisp-1.zip
2023-02-26T03:25:19.567Z [Modules] Streaming discord_game_utils@1 to /home/rugery/.config/discord/0.0.25/modules/pending/discord_game_utils-1.zip: 5%
2023-02-26T03:25:19.571Z [Modules] Streaming discord_game_utils@1 to /home/rugery/.config/discord/0.0.25/modules/pending/discord_game_utils-1.zip: 10%
2023-02-26T03:25:19.588Z [Modules] Streaming discord_game_utils@1 to /home/rugery/.config/discord/0.0.25/modules/pending/discord_game_utils-1.zip: 13%
2023-02-26T03:25:19.592Z [Modules] Streaming discord_game_utils@1 to /home/rugery/.config/discord/0.0.25/modules/pending/discord_game_utils-1.zip: 18%
2023-02-26T03:25:19.605Z [Modules] Streaming discord_game_utils@1 to /home/rugery/.config/discord/0.0.25/modules/pending/discord_game_utils-1.zip: 21%
2023-02-26T03:25:19.605Z [Modules] Streaming discord_game_utils@1 to /home/rugery/.config/discord/0.0.25/modules/pending/discord_game_utils-1.zip: 23%
2023-02-26T03:25:19.617Z [Modules] Streaming discord_game_utils@1 to /home/rugery/.config/discord/0.0.25/modules/pending/discord_game_utils-1.zip: 26%
2023-02-26T03:25:19.618Z [Modules] Streaming discord_game_utils@1 to /home/rugery/.config/discord/0.0.25/modules/pending/discord_game_utils-1.zip: 29%
2023-02-26T03:25:19.620Z [Modules] Streaming discord_game_utils@1 to /home/rugery/.config/discord/0.0.25/modules/pending/discord_game_utils-1.zip: 34%
2023-02-26T03:25:19.629Z [Modules] Streaming discord_game_utils@1 to /home/rugery/.config/discord/0.0.25/modules/pending/discord_game_utils-1.zip: 39%
2023-02-26T03:25:19.630Z [Modules] Streaming discord_game_utils@1 to /home/rugery/.config/discord/0.0.25/modules/pending/discord_game_utils-1.zip: 42%
2023-02-26T03:25:19.631Z [Modules] Streaming discord_game_utils@1 to /home/rugery/.config/discord/0.0.25/modules/pending/discord_game_utils-1.zip: 45%
2023-02-26T03:25:19.637Z [Modules] Streaming discord_game_utils@1 to /home/rugery/.config/discord/0.0.25/modules/pending/discord_game_utils-1.zip: 47%
2023-02-26T03:25:19.647Z [Modules] Streaming discord_game_utils@1 to /home/rugery/.config/discord/0.0.25/modules/pending/discord_game_utils-1.zip: 50%
2023-02-26T03:25:19.653Z [Modules] Streaming discord_game_utils@1 to /home/rugery/.config/discord/0.0.25/modules/pending/discord_game_utils-1.zip: 63%
2023-02-26T03:25:19.654Z [Modules] Streaming discord_game_utils@1 to /home/rugery/.config/discord/0.0.25/modules/pending/discord_game_utils-1.zip: 66%
2023-02-26T03:25:19.655Z [Modules] Streaming discord_game_utils@1 to /home/rugery/.config/discord/0.0.25/modules/pending/discord_game_utils-1.zip: 69%
2023-02-26T03:25:19.658Z [Modules] Streaming discord_game_utils@1 to /home/rugery/.config/discord/0.0.25/modules/pending/discord_game_utils-1.zip: 74%
2023-02-26T03:25:19.664Z [Modules] Streaming discord_game_utils@1 to /home/rugery/.config/discord/0.0.25/modules/pending/discord_game_utils-1.zip: 77%
2023-02-26T03:25:19.665Z [Modules] Streaming discord_game_utils@1 to /home/rugery/.config/discord/0.0.25/modules/pending/discord_game_utils-1.zip: 85%
2023-02-26T03:25:19.669Z [Modules] Streaming discord_game_utils@1 to /home/rugery/.config/discord/0.0.25/modules/pending/discord_game_utils-1.zip: 87%
2023-02-26T03:25:19.670Z [Modules] Streaming discord_game_utils@1 to /home/rugery/.config/discord/0.0.25/modules/pending/discord_game_utils-1.zip: 90%
2023-02-26T03:25:19.671Z [Modules] Streaming discord_game_utils@1 to /home/rugery/.config/discord/0.0.25/modules/pending/discord_game_utils-1.zip: 92%
2023-02-26T03:25:19.672Z [Modules] Streaming discord_game_utils@1 to /home/rugery/.config/discord/0.0.25/modules/pending/discord_game_utils-1.zip: 95%
2023-02-26T03:25:19.677Z [Modules] Streaming discord_game_utils@1 to /home/rugery/.config/discord/0.0.25/modules/pending/discord_game_utils-1.zip: 98%
2023-02-26T03:25:19.678Z [Modules] Streaming discord_game_utils@1 to /home/rugery/.config/discord/0.0.25/modules/pending/discord_game_utils-1.zip: 100%
2023-02-26T03:25:19.682Z [Modules] Finished module downloads. [success: 2] [failure: 0]
2023-02-26T03:25:20.757Z [Modules] Installing discord_game_utils@1 from /home/rugery/.config/discord/0.0.25/modules/pending/discord_game_utils-1.zip
2023-02-26T03:25:20.920Z [Modules] Finished module installations. [success: 2] [failure: 0]
2023-02-26T03:25:20.985Z [Modules] Checking for host updates.
2023-02-26T03:25:21.066Z [Modules] Host is up to date.
2023-02-26T03:25:21.066Z [Modules] Checking for module updates at https://discord.com/api/modules/stable/versions.json
2023-02-26T03:25:21.069Z [Modules] No module updates available.
2023-02-26T03:25:21.333Z [Modules] Starting to install discord_rpc...
2023-02-26T03:25:21.333Z [Modules] Fetching discord_rpc@1 from https://discord.com/api/modules/stable/discord_rpc/1
2023-02-26T03:25:21.334Z [Modules] Streaming discord_rpc@1 to /home/rugery/.config/discord/0.0.25/modules/pending/discord_rpc-1.zip
2023-02-26T03:25:21.433Z [Modules] Streaming discord_rpc@1 to /home/rugery/.config/discord/0.0.25/modules/pending/discord_rpc-1.zip: 100%
2023-02-26T03:25:21.434Z [Modules] Finished module downloads. [success: 1] [failure: 0]
2023-02-26T03:25:21.434Z [Modules] Installing discord_rpc@1 from /home/rugery/.config/discord/0.0.25/modules/pending/discord_rpc-1.zip
2023-02-26T03:25:21.485Z [Modules] Finished module installations. [success: 1] [failure: 0]
2023-02-26T03:45:47.138Z [Modules] Modules initializing
2023-02-26T03:45:47.138Z [Modules] Distribution: remote
2023-02-26T03:45:47.138Z [Modules] Host updates: enabled
2023-02-26T03:45:47.138Z [Modules] Module updates: enabled
2023-02-26T03:45:47.138Z [Modules] Module install path: /home/rugery/.config/discord/0.0.25/modules
2023-02-26T03:45:47.138Z [Modules] Module installed file path: /home/rugery/.config/discord/0.0.25/modules/installed.json
2023-02-26T03:45:47.138Z [Modules] Module download path: /home/rugery/.config/discord/0.0.25/modules/pending
2023-02-26T03:45:47.351Z [Modules] No updates to install
2023-02-26T03:45:47.352Z [Modules] Checking for host updates.
2023-02-26T03:45:47.630Z [Modules] Host is up to date.
2023-02-26T03:45:47.632Z [Modules] Checking for module updates at https://discord.com/api/modules/stable/versions.json
2023-02-26T03:45:47.660Z [Modules] No module updates available.
2023-02-26T03:45:52.577Z [Modules] Checking for host updates.
2023-02-26T03:45:52.664Z [Modules] Host is up to date.
2023-02-26T03:45:52.664Z [Modules] Checking for module updates at https://discord.com/api/modules/stable/versions.json
2023-02-26T03:45:52.666Z [Modules] No module updates available.
2023-02-26T03:55:49.058Z [Modules] Modules initializing
2023-02-26T03:55:49.059Z [Modules] Distribution: remote
2023-02-26T03:55:49.059Z [Modules] Host updates: enabled
2023-02-26T03:55:49.059Z [Modules] Module updates: enabled
2023-02-26T03:55:49.059Z [Modules] Module install path: /home/rugery/.config/discord/0.0.25/modules
2023-02-26T03:55:49.060Z [Modules] Module installed file path: /home/rugery/.config/discord/0.0.25/modules/installed.json
2023-02-26T03:55:49.060Z [Modules] Module download path: /home/rugery/.config/discord/0.0.25/modules/pending
2023-02-26T03:55:49.271Z [Modules] No updates to install
2023-02-26T03:55:49.272Z [Modules] Checking for host updates.
2023-02-26T03:55:49.589Z [Modules] Host is up to date.
2023-02-26T03:55:49.590Z [Modules] Checking for module updates at https://discord.com/api/modules/stable/versions.json
2023-02-26T03:55:49.612Z [Modules] No module updates available.
2023-02-26T03:55:52.427Z [Modules] Checking for host updates.
2023-02-26T03:55:52.513Z [Modules] Host is up to date.
2023-02-26T03:55:52.513Z [Modules] Checking for module updates at https://discord.com/api/modules/stable/versions.json
2023-02-26T03:55:52.516Z [Modules] No module updates available.
2023-02-26T03:56:30.156Z [Modules] Modules initializing
2023-02-26T03:56:30.157Z [Modules] Distribution: remote
2023-02-26T03:56:30.157Z [Modules] Host updates: enabled
2023-02-26T03:56:30.157Z [Modules] Module updates: enabled
2023-02-26T03:56:30.157Z [Modules] Module install path: /home/rugery/.config/discord/0.0.25/modules
2023-02-26T03:56:30.157Z [Modules] Module installed file path: /home/rugery/.config/discord/0.0.25/modules/installed.json
2023-02-26T03:56:30.157Z [Modules] Module download path: /home/rugery/.config/discord/0.0.25/modules/pending
2023-02-26T03:56:30.374Z [Modules] No updates to install
2023-02-26T03:56:30.375Z [Modules] Checking for host updates.
2023-02-26T03:56:30.763Z [Modules] Host is up to date.
2023-02-26T03:56:30.764Z [Modules] Checking for module updates at https://discord.com/api/modules/stable/versions.json
2023-02-26T03:56:30.770Z [Modules] No module updates available.
2023-02-26T03:56:33.617Z [Modules] Checking for host updates.
2023-02-26T03:56:33.697Z [Modules] Host is up to date.
2023-02-26T03:56:33.697Z [Modules] Checking for module updates at https://discord.com/api/modules/stable/versions.json
2023-02-26T03:56:33.701Z [Modules] No module updates available.
2023-02-26T04:11:25.370Z [Modules] Modules initializing
2023-02-26T04:11:25.370Z [Modules] Distribution: remote
2023-02-26T04:11:25.370Z [Modules] Host updates: enabled
2023-02-26T04:11:25.370Z [Modules] Module updates: enabled
2023-02-26T04:11:25.370Z [Modules] Module install path: /home/rugery/.config/discord/0.0.25/modules
2023-02-26T04:11:25.370Z [Modules] Module installed file path: /home/rugery/.config/discord/0.0.25/modules/installed.json
2023-02-26T04:11:25.370Z [Modules] Module download path: /home/rugery/.config/discord/0.0.25/modules/pending
2023-02-26T04:11:25.569Z [Modules] No updates to install
2023-02-26T04:11:25.570Z [Modules] Checking for host updates.
2023-02-26T04:11:25.793Z [Modules] Host is up to date.
2023-02-26T04:11:25.794Z [Modules] Checking for module updates at https://discord.com/api/modules/stable/versions.json
2023-02-26T04:11:25.812Z [Modules] No module updates available.
2023-02-26T04:11:28.571Z [Modules] Checking for host updates.
2023-02-26T04:11:28.652Z [Modules] Host is up to date.
2023-02-26T04:11:28.652Z [Modules] Checking for module updates at https://discord.com/api/modules/stable/versions.json
2023-02-26T04:11:28.655Z [Modules] No module updates available.
2023-02-26T04:11:32.511Z [Modules] Modules initializing
2023-02-26T04:11:32.511Z [Modules] Distribution: remote
2023-02-26T04:11:32.511Z [Modules] Host updates: enabled
2023-02-26T04:11:32.512Z [Modules] Module updates: enabled
2023-02-26T04:11:32.512Z [Modules] Module install path: /home/rugery/.config/discord/0.0.25/modules
2023-02-26T04:11:32.512Z [Modules] Module installed file path: /home/rugery/.config/discord/0.0.25/modules/installed.json
2023-02-26T04:11:32.512Z [Modules] Module download path: /home/rugery/.config/discord/0.0.25/modules/pending
2023-02-26T04:11:32.726Z [Modules] No updates to install
2023-02-26T04:11:32.727Z [Modules] Checking for host updates.
2023-02-26T04:11:32.998Z [Modules] Host is up to date.
2023-02-26T04:11:32.999Z [Modules] Checking for module updates at https://discord.com/api/modules/stable/versions.json
2023-02-26T04:11:33.012Z [Modules] No module updates available.
2023-02-26T04:11:35.790Z [Modules] Checking for host updates.
2023-02-26T04:11:35.875Z [Modules] Host is up to date.
2023-02-26T04:11:35.875Z [Modules] Checking for module updates at https://discord.com/api/modules/stable/versions.json
2023-02-26T04:11:35.878Z [Modules] No module updates available.
2023-02-26T04:11:43.304Z [Modules] Modules initializing
2023-02-26T04:11:43.304Z [Modules] Distribution: remote
2023-02-26T04:11:43.304Z [Modules] Host updates: enabled
2023-02-26T04:11:43.304Z [Modules] Module updates: enabled
2023-02-26T04:11:43.305Z [Modules] Module install path: /home/rugery/.config/discord/0.0.25/modules
2023-02-26T04:11:43.305Z [Modules] Module installed file path: /home/rugery/.config/discord/0.0.25/modules/installed.json
2023-02-26T04:11:43.305Z [Modules] Module download path: /home/rugery/.config/discord/0.0.25/modules/pending
2023-02-26T04:11:43.502Z [Modules] No updates to install
2023-02-26T04:11:43.502Z [Modules] Checking for host updates.
2023-02-26T04:11:43.749Z [Modules] Host is up to date.
2023-02-26T04:11:43.750Z [Modules] Checking for module updates at https://discord.com/api/modules/stable/versions.json
2023-02-26T04:11:43.757Z [Modules] No module updates available.
2023-02-26T04:11:46.493Z [Modules] Checking for host updates.
2023-02-26T04:11:46.583Z [Modules] Host is up to date.
2023-02-26T04:11:46.583Z [Modules] Checking for module updates at https://discord.com/api/modules/stable/versions.json
2023-02-26T04:11:46.586Z [Modules] No module updates available.
2023-02-26T04:12:41.892Z [Modules] Modules initializing
2023-02-26T04:12:41.893Z [Modules] Distribution: remote
2023-02-26T04:12:41.893Z [Modules] Host updates: enabled
2023-02-26T04:12:41.893Z [Modules] Module updates: enabled
2023-02-26T04:12:41.893Z [Modules] Module install path: /home/rugery/.config/discord/0.0.25/modules
2023-02-26T04:12:41.893Z [Modules] Module installed file path: /home/rugery/.config/discord/0.0.25/modules/installed.json
2023-02-26T04:12:41.893Z [Modules] Module download path: /home/rugery/.config/discord/0.0.25/modules/pending
2023-02-26T04:12:42.102Z [Modules] No updates to install
2023-02-26T04:12:42.103Z [Modules] Checking for host updates.
2023-02-26T04:12:42.416Z [Modules] Host is up to date.
2023-02-26T04:12:42.418Z [Modules] Checking for module updates at https://discord.com/api/modules/stable/versions.json
2023-02-26T04:12:42.434Z [Modules] No module updates available.
2023-02-26T04:13:14.509Z [Modules] Modules initializing
2023-02-26T04:13:14.510Z [Modules] Distribution: remote
2023-02-26T04:13:14.510Z [Modules] Host updates: enabled
2023-02-26T04:13:14.510Z [Modules] Module updates: enabled
2023-02-26T04:13:14.510Z [Modules] Module install path: /home/rugery/.config/discord/0.0.25/modules
2023-02-26T04:13:14.510Z [Modules] Module installed file path: /home/rugery/.config/discord/0.0.25/modules/installed.json
2023-02-26T04:13:14.510Z [Modules] Module download path: /home/rugery/.config/discord/0.0.25/modules/pending
2023-02-26T04:13:14.720Z [Modules] No updates to install
2023-02-26T04:13:14.720Z [Modules] Checking for host updates.
2023-02-26T04:13:15.006Z [Modules] Host is up to date.
2023-02-26T04:13:15.006Z [Modules] Checking for module updates at https://discord.com/api/modules/stable/versions.json
2023-02-26T04:13:15.014Z [Modules] No module updates available.
2023-02-26T04:13:17.629Z [Modules] Checking for host updates.
2023-02-26T04:13:17.730Z [Modules] Host is up to date.
2023-02-26T04:13:17.730Z [Modules] Checking for module updates at https://discord.com/api/modules/stable/versions.json
2023-02-26T04:13:17.733Z [Modules] No module updates available.
2023-02-26T05:12:51.344Z [Modules] Modules initializing
2023-02-26T05:12:51.344Z [Modules] Distribution: remote
2023-02-26T05:12:51.344Z [Modules] Host updates: enabled
2023-02-26T05:12:51.345Z [Modules] Module updates: enabled
2023-02-26T05:12:51.345Z [Modules] Module install path: /home/rugery/.config/discord/0.0.25/modules
2023-02-26T05:12:51.345Z [Modules] Module installed file path: /home/rugery/.config/discord/0.0.25/modules/installed.json
2023-02-26T05:12:51.345Z [Modules] Module download path: /home/rugery/.config/discord/0.0.25/modules/pending
2023-02-26T05:12:51.612Z [Modules] No updates to install
2023-02-26T05:12:51.613Z [Modules] Checking for host updates.
2023-02-26T05:12:51.956Z [Modules] Host is up to date.
2023-02-26T05:12:51.958Z [Modules] Checking for module updates at https://discord.com/api/modules/stable/versions.json
2023-02-26T05:12:51.992Z [Modules] No module updates available.
2023-02-26T05:12:55.363Z [Modules] Checking for host updates.
2023-02-26T05:12:55.447Z [Modules] Host is up to date.
2023-02-26T05:12:55.448Z [Modules] Checking for module updates at https://discord.com/api/modules/stable/versions.json
2023-02-26T05:12:55.453Z [Modules] No module updates available.
2023-02-27T22:06:24.168Z [Modules] Modules initializing
2023-02-27T22:06:24.169Z [Modules] Distribution: remote
2023-02-27T22:06:24.169Z [Modules] Host updates: enabled
2023-02-27T22:06:24.170Z [Modules] Module updates: enabled
2023-02-27T22:06:24.181Z [Modules] Module install path: /home/rugery/.config/discord/0.0.25/modules
2023-02-27T22:06:24.182Z [Modules] Module installed file path: /home/rugery/.config/discord/0.0.25/modules/installed.json
2023-02-27T22:06:24.182Z [Modules] Module download path: /home/rugery/.config/discord/0.0.25/modules/pending
2023-02-27T22:06:42.092Z [Modules] No updates to install
2023-02-27T22:06:42.095Z [Modules] Checking for host updates.
2023-02-27T22:06:44.437Z [Modules] Host is up to date.
2023-02-27T22:06:44.438Z [Modules] Checking for module updates at https://discord.com/api/modules/stable/versions.json
2023-02-27T22:06:44.676Z [Modules] No module updates available.
2023-02-27T22:06:54.038Z [Modules] Checking for host updates.
2023-02-27T22:06:54.156Z [Modules] Host is up to date.
2023-02-27T22:06:54.156Z [Modules] Checking for module updates at https://discord.com/api/modules/stable/versions.json
2023-02-27T22:06:54.158Z [Modules] No module updates available.
2023-02-27T23:06:54.038Z [Modules] Checking for host updates.
2023-02-27T23:06:54.536Z [Modules] Host is up to date.
2023-02-27T23:06:54.537Z [Modules] Checking for module updates at https://discord.com/api/modules/stable/versions.json
2023-02-27T23:06:54.556Z [Modules] No module updates available.
2023-02-28T00:06:54.332Z [Modules] Checking for host updates.
2023-02-28T00:06:54.985Z [Modules] Host is up to date.
2023-02-28T00:06:54.986Z [Modules] Checking for module updates at https://discord.com/api/modules/stable/versions.json
2023-02-28T00:06:55.716Z [Modules] No module updates available.
