2023-03-05 16:32:05.370 [info] Extension host with pid 36318 started
2023-03-05 16:32:05.370 [info] Skipping acquiring lock for /home/rugery/.config/Code/User/workspaceStorage/cb17bc6e9aa3fb316b1fb80c803696b6.
2023-03-05 16:32:05.485 [info] ExtensionService#_doActivateExtension vscode.emmet, startup: false, activationEvent: 'onLanguage'
2023-03-05 16:32:05.495 [info] ExtensionService#_doActivateExtension vscode.git-base, startup: true, activationEvent: '*', root cause: vscode.git
2023-03-05 16:32:05.497 [info] ExtensionService#_doActivateExtension alexiv.vscode-angular2-files, startup: true, activationEvent: '*'
2023-03-05 16:32:05.521 [info] ExtensionService#_doActivateExtension christian-kohler.path-intellisense, startup: true, activationEvent: '*'
2023-03-05 16:32:05.546 [info] ExtensionService#_doActivateExtension formulahendry.auto-rename-tag, startup: true, activationEvent: '*'
2023-03-05 16:32:05.581 [info] ExtensionService#_doActivateExtension kisstkondoros.vscode-gutter-preview, startup: true, activationEvent: '*'
2023-03-05 16:32:05.610 [info] ExtensionService#_doActivateExtension naumovs.color-highlight, startup: true, activationEvent: '*'
2023-03-05 16:32:05.620 [info] ExtensionService#_doActivateExtension oderwat.indent-rainbow, startup: true, activationEvent: '*'
2023-03-05 16:32:05.765 [info] ExtensionService#_doActivateExtension vscode.git, startup: true, activationEvent: '*'
2023-03-05 16:32:05.812 [info] ExtensionService#_doActivateExtension vscode.github, startup: true, activationEvent: '*'
2023-03-05 16:32:06.176 [info] Eager extensions activated
2023-03-05 16:32:06.189 [info] ExtensionService#_doActivateExtension vscode.github-authentication, startup: false, activationEvent: 'onAuthenticationRequest:github'
2023-03-05 16:32:06.238 [info] ExtensionService#_doActivateExtension vscode.debug-auto-launch, startup: false, activationEvent: 'onStartupFinished'
2023-03-05 16:32:06.240 [info] ExtensionService#_doActivateExtension vscode.merge-conflict, startup: false, activationEvent: 'onStartupFinished'
2023-03-05 16:32:06.261 [info] ExtensionService#_doActivateExtension aaron-bond.better-comments, startup: false, activationEvent: 'onStartupFinished'
2023-03-05 16:32:06.292 [info] ExtensionService#_doActivateExtension dbaeumer.vscode-eslint, startup: false, activationEvent: 'onStartupFinished'
2023-03-05 16:32:06.361 [info] ExtensionService#_doActivateExtension eamodio.gitlens, startup: false, activationEvent: 'onStartupFinished'
2023-03-05 16:32:06.569 [info] ExtensionService#_doActivateExtension ms-vsliveshare.vsliveshare, startup: false, activationEvent: 'onStartupFinished'
2023-03-05 16:32:06.828 [info] ExtensionService#_doActivateExtension PKief.material-icon-theme, startup: false, activationEvent: 'onStartupFinished'
2023-03-05 16:32:06.859 [info] ExtensionService#_doActivateExtension ritwickdey.LiveServer, startup: false, activationEvent: 'onStartupFinished'
2023-03-05 16:32:06.883 [info] ExtensionService#_doActivateExtension zhuangtongfa.material-theme, startup: false, activationEvent: 'onStartupFinished'
2023-03-05 16:32:07.564 [info] ExtensionService#_doActivateExtension vscode.microsoft-authentication, startup: false, activationEvent: 'onAuthenticationRequest:microsoft'
2023-03-05 16:32:54.613 [info] ExtensionService#_doActivateExtension vscode.html-language-features, startup: false, activationEvent: 'onLanguage:html'
2023-03-05 16:32:54.645 [info] ExtensionService#_doActivateExtension Angular.ng-template, startup: false, activationEvent: 'onLanguage:html'
2023-03-05 16:32:57.481 [info] ExtensionService#_doActivateExtension quicktype.quicktype, startup: false, activationEvent: 'onCommand:quicktype.pasteJSONAsTypesAndSerialization'
2023-03-05 16:37:49.983 [info] ExtensionService#_doActivateExtension vscode.typescript-language-features, startup: false, activationEvent: 'onLanguage:typescript'
2023-03-05 16:37:50.010 [info] ExtensionService#_doActivateExtension christian-kohler.npm-intellisense, startup: false, activationEvent: 'onLanguage:typescript'
2023-03-05 16:37:50.054 [info] ExtensionService#_doActivateExtension steoates.autoimport, startup: false, activationEvent: 'onLanguage:typescript'
2023-03-05 16:40:55.058 [warning] TextEditor is closed/disposed
2023-03-05 16:46:44.788 [warning] TextEditor is closed/disposed
2023-03-05 16:47:28.312 [error] [Angular.ng-template] provider FAILED
2023-03-05 16:47:28.312 [error] Error: Connection got disposed.
    at Object.dispose (/home/rugery/.vscode/extensions/angular.ng-template-15.2.0/node_modules/vscode-jsonrpc/lib/common/connection.js:1044:27)
    at Object.dispose (/home/rugery/.vscode/extensions/angular.ng-template-15.2.0/node_modules/vscode-languageclient/lib/common/client.js:73:35)
    at LanguageClient.handleConnectionClosed (/home/rugery/.vscode/extensions/angular.ng-template-15.2.0/node_modules/vscode-languageclient/lib/common/client.js:2424:42)
    at LanguageClient.handleConnectionClosed (/home/rugery/.vscode/extensions/angular.ng-template-15.2.0/node_modules/vscode-languageclient/lib/node/main.js:155:15)
    at closeHandler (/home/rugery/.vscode/extensions/angular.ng-template-15.2.0/node_modules/vscode-languageclient/lib/common/client.js:2411:18)
    at CallbackList.invoke (/home/rugery/.vscode/extensions/angular.ng-template-15.2.0/node_modules/vscode-jsonrpc/lib/common/events.js:55:39)
    at Emitter.fire (/home/rugery/.vscode/extensions/angular.ng-template-15.2.0/node_modules/vscode-jsonrpc/lib/common/events.js:117:36)
    at closeHandler (/home/rugery/.vscode/extensions/angular.ng-template-15.2.0/node_modules/vscode-jsonrpc/lib/common/connection.js:256:26)
    at CallbackList.invoke (/home/rugery/.vscode/extensions/angular.ng-template-15.2.0/node_modules/vscode-jsonrpc/lib/common/events.js:55:39)
    at Emitter.fire (/home/rugery/.vscode/extensions/angular.ng-template-15.2.0/node_modules/vscode-jsonrpc/lib/common/events.js:117:36)
    at IPCMessageReader.fireClose (/home/rugery/.vscode/extensions/angular.ng-template-15.2.0/node_modules/vscode-jsonrpc/lib/common/messageReader.js:40:27)
    at ChildProcess.<anonymous> (/home/rugery/.vscode/extensions/angular.ng-template-15.2.0/node_modules/vscode-jsonrpc/lib/node/main.js:33:45)
    at ChildProcess.emit (node:events:538:35)
    at ChildProcess.emit (node:domain:475:12)
    at maybeClose (node:internal/child_process:1092:16)
    at Process.ChildProcess._handle.onexit (node:internal/child_process:302:5)
2023-03-05 16:47:28.312 [error] [Angular.ng-template] provider FAILED
2023-03-05 16:47:28.312 [error] Error: Connection got disposed.
    at Object.dispose (/home/rugery/.vscode/extensions/angular.ng-template-15.2.0/node_modules/vscode-jsonrpc/lib/common/connection.js:1044:27)
    at Object.dispose (/home/rugery/.vscode/extensions/angular.ng-template-15.2.0/node_modules/vscode-languageclient/lib/common/client.js:73:35)
    at LanguageClient.handleConnectionClosed (/home/rugery/.vscode/extensions/angular.ng-template-15.2.0/node_modules/vscode-languageclient/lib/common/client.js:2424:42)
    at LanguageClient.handleConnectionClosed (/home/rugery/.vscode/extensions/angular.ng-template-15.2.0/node_modules/vscode-languageclient/lib/node/main.js:155:15)
    at closeHandler (/home/rugery/.vscode/extensions/angular.ng-template-15.2.0/node_modules/vscode-languageclient/lib/common/client.js:2411:18)
    at CallbackList.invoke (/home/rugery/.vscode/extensions/angular.ng-template-15.2.0/node_modules/vscode-jsonrpc/lib/common/events.js:55:39)
    at Emitter.fire (/home/rugery/.vscode/extensions/angular.ng-template-15.2.0/node_modules/vscode-jsonrpc/lib/common/events.js:117:36)
    at closeHandler (/home/rugery/.vscode/extensions/angular.ng-template-15.2.0/node_modules/vscode-jsonrpc/lib/common/connection.js:256:26)
    at CallbackList.invoke (/home/rugery/.vscode/extensions/angular.ng-template-15.2.0/node_modules/vscode-jsonrpc/lib/common/events.js:55:39)
    at Emitter.fire (/home/rugery/.vscode/extensions/angular.ng-template-15.2.0/node_modules/vscode-jsonrpc/lib/common/events.js:117:36)
    at IPCMessageReader.fireClose (/home/rugery/.vscode/extensions/angular.ng-template-15.2.0/node_modules/vscode-jsonrpc/lib/common/messageReader.js:40:27)
    at ChildProcess.<anonymous> (/home/rugery/.vscode/extensions/angular.ng-template-15.2.0/node_modules/vscode-jsonrpc/lib/node/main.js:33:45)
    at ChildProcess.emit (node:events:538:35)
    at ChildProcess.emit (node:domain:475:12)
    at maybeClose (node:internal/child_process:1092:16)
    at Process.ChildProcess._handle.onexit (node:internal/child_process:302:5)
2023-03-05 16:47:49.381 [warning] TextEditor is closed/disposed
2023-03-05 16:48:41.741 [warning] TextEditor is closed/disposed
2023-03-05 16:50:50.807 [warning] TextEditor is closed/disposed
2023-03-05 16:55:15.485 [warning] TextEditor is closed/disposed
2023-03-05 16:55:49.276 [info] ExtensionService#_doActivateExtension vscode.configuration-editing, startup: false, activationEvent: 'onLanguage:jsonc'
2023-03-05 16:55:49.285 [info] ExtensionService#_doActivateExtension vscode.json-language-features, startup: false, activationEvent: 'onLanguage:jsonc'
2023-03-05 17:06:25.217 [info] Extension host terminating: renderer closed the MessagePort
2023-03-05 17:06:25.291 [error] Canceled: Canceled
    at new u (/opt/visual-studio-code/resources/app/out/vs/workbench/api/node/extensionHostProcess.js:96:88070)
    at l.O (/opt/visual-studio-code/resources/app/out/vs/workbench/api/node/extensionHostProcess.js:106:11276)
    at Proxy.V.<computed>.M.charCodeAt.V.<computed> (/opt/visual-studio-code/resources/app/out/vs/workbench/api/node/extensionHostProcess.js:106:8557)
    at s.g (/opt/visual-studio-code/resources/app/out/vs/workbench/api/node/extensionHostProcess.js:96:107430)
    at s.executeCommand (/opt/visual-studio-code/resources/app/out/vs/workbench/api/node/extensionHostProcess.js:96:106806)
    at w.registerCommand.description (/opt/visual-studio-code/resources/app/out/vs/workbench/api/node/extensionHostProcess.js:96:106099)
    at s.h (/opt/visual-studio-code/resources/app/out/vs/workbench/api/node/extensionHostProcess.js:96:108016)
    at s.g (/opt/visual-studio-code/resources/app/out/vs/workbench/api/node/extensionHostProcess.js:96:106906)
    at s.executeCommand (/opt/visual-studio-code/resources/app/out/vs/workbench/api/node/extensionHostProcess.js:96:106806)
    at Object.executeCommand (/opt/visual-studio-code/resources/app/out/vs/workbench/api/node/extensionHostProcess.js:117:30778)
    at D (/opt/visual-studio-code/resources/app/extensions/git/dist/main.js:2:2055373)
    at f.invoke (/opt/visual-studio-code/resources/app/out/vs/workbench/api/node/extensionHostProcess.js:63:145)
    at g.deliver (/opt/visual-studio-code/resources/app/out/vs/workbench/api/node/extensionHostProcess.js:63:2029)
    at d.fire (/opt/visual-studio-code/resources/app/out/vs/workbench/api/node/extensionHostProcess.js:63:1667)
    at Object.h [as dispose] (/opt/visual-studio-code/resources/app/extensions/git/dist/main.js:2:2070210)
    at /opt/visual-studio-code/resources/app/extensions/git/dist/main.js:2:2074277
    at Array.forEach (<anonymous>)
    at g.dispose (/opt/visual-studio-code/resources/app/extensions/git/dist/main.js:2:2074263)
    at C.<anonymous> (/opt/visual-studio-code/resources/app/out/vs/workbench/api/node/extensionHostProcess.js:94:12431)
    at C.dispose (/opt/visual-studio-code/resources/app/out/vs/workbench/api/node/extensionHostProcess.js:94:12566)
    at C.<anonymous> (/opt/visual-studio-code/resources/app/extensions/git/dist/main.js:2:2057503)
    at C.dispose (/opt/visual-studio-code/resources/app/out/vs/workbench/api/node/extensionHostProcess.js:94:12566)
    at T (/opt/visual-studio-code/resources/app/out/vs/workbench/api/node/extensionHostProcess.js:10:12072)
    at f.X (/opt/visual-studio-code/resources/app/out/vs/workbench/api/node/extensionHostProcess.js:108:11242)
    at /opt/visual-studio-code/resources/app/out/vs/workbench/api/node/extensionHostProcess.js:108:9037
    at Array.map (<anonymous>)
    at f.Q (/opt/visual-studio-code/resources/app/out/vs/workbench/api/node/extensionHostProcess.js:108:9024)
    at f.terminate (/opt/visual-studio-code/resources/app/out/vs/workbench/api/node/extensionHostProcess.js:108:9298)
    at h.terminate (/opt/visual-studio-code/resources/app/out/vs/workbench/api/node/extensionHostProcess.js:112:1397)
    at p (/opt/visual-studio-code/resources/app/out/vs/workbench/api/node/extensionHostProcess.js:122:17851)
    at MessagePortMain.<anonymous> (/opt/visual-studio-code/resources/app/out/vs/workbench/api/node/extensionHostProcess.js:122:13990)
    at MessagePortMain.emit (node:events:526:28)
    at MessagePortMain.emit (node:domain:475:12)
    at Object.MessagePortMain._internalPort.emit (node:electron/js2c/utility_init:5:364) setContext undefined
2023-03-05 17:06:25.346 [error] Canceled: Canceled
    at new u (/opt/visual-studio-code/resources/app/out/vs/workbench/api/node/extensionHostProcess.js:96:88070)
    at l.O (/opt/visual-studio-code/resources/app/out/vs/workbench/api/node/extensionHostProcess.js:106:11276)
    at Proxy.V.<computed>.M.charCodeAt.V.<computed> (/opt/visual-studio-code/resources/app/out/vs/workbench/api/node/extensionHostProcess.js:106:8557)
    at s.g (/opt/visual-studio-code/resources/app/out/vs/workbench/api/node/extensionHostProcess.js:96:107430)
    at s.executeCommand (/opt/visual-studio-code/resources/app/out/vs/workbench/api/node/extensionHostProcess.js:96:106806)
    at w.registerCommand.description (/opt/visual-studio-code/resources/app/out/vs/workbench/api/node/extensionHostProcess.js:96:106099)
    at s.h (/opt/visual-studio-code/resources/app/out/vs/workbench/api/node/extensionHostProcess.js:96:108016)
    at s.g (/opt/visual-studio-code/resources/app/out/vs/workbench/api/node/extensionHostProcess.js:96:106906)
    at s.executeCommand (/opt/visual-studio-code/resources/app/out/vs/workbench/api/node/extensionHostProcess.js:96:106806)
    at Object.executeCommand (/opt/visual-studio-code/resources/app/out/vs/workbench/api/node/extensionHostProcess.js:117:30778)
    at c (/home/rugery/.vscode/extensions/eamodio.gitlens-13.3.1/dist/gitlens.js:1:991281)
    at GitProviderService.setEnabledContext (/home/rugery/.vscode/extensions/eamodio.gitlens-13.3.1/dist/gitlens.js:1:719772)
    at GitProviderService.S.<computed> (/home/rugery/.vscode/extensions/eamodio.gitlens-13.3.1/dist/gitlens.js:1:1254640)
    at GitProviderService.updateContext (/home/rugery/.vscode/extensions/eamodio.gitlens-13.3.1/dist/gitlens.js:1:720061)
    at /home/rugery/.vscode/extensions/eamodio.gitlens-13.3.1/dist/gitlens.js:1:713767
    at f.invoke (/opt/visual-studio-code/resources/app/out/vs/workbench/api/node/extensionHostProcess.js:63:145)
    at g.deliver (/opt/visual-studio-code/resources/app/out/vs/workbench/api/node/extensionHostProcess.js:63:2029)
    at d.fire (/opt/visual-studio-code/resources/app/out/vs/workbench/api/node/extensionHostProcess.js:63:1667)
    at LocalGitProvider.onRepositoryChanged (/home/rugery/.vscode/extensions/eamodio.gitlens-13.3.1/dist/gitlens.js:1:94150)
    at W.fireChange (/home/rugery/.vscode/extensions/eamodio.gitlens-13.3.1/dist/gitlens.js:1:1178651)
    at W.S.<computed> (/home/rugery/.vscode/extensions/eamodio.gitlens-13.3.1/dist/gitlens.js:1:1254640)
    at W.set closed [as closed] (/home/rugery/.vscode/extensions/eamodio.gitlens-13.3.1/dist/gitlens.js:1:1168388)
    at /home/rugery/.vscode/extensions/eamodio.gitlens-13.3.1/dist/gitlens.js:1:714025
    at f.invoke (/opt/visual-studio-code/resources/app/out/vs/workbench/api/node/extensionHostProcess.js:63:145)
    at g.deliver (/opt/visual-studio-code/resources/app/out/vs/workbench/api/node/extensionHostProcess.js:63:2029)
    at d.fire (/opt/visual-studio-code/resources/app/out/vs/workbench/api/node/extensionHostProcess.js:63:1667)
    at /home/rugery/.vscode/extensions/eamodio.gitlens-13.3.1/dist/gitlens.js:1:94602
    at /opt/visual-studio-code/resources/app/extensions/git/dist/main.js:2:2141211
    at f.invoke (/opt/visual-studio-code/resources/app/out/vs/workbench/api/node/extensionHostProcess.js:63:145)
    at g.deliver (/opt/visual-studio-code/resources/app/out/vs/workbench/api/node/extensionHostProcess.js:63:2029)
    at d.fire (/opt/visual-studio-code/resources/app/out/vs/workbench/api/node/extensionHostProcess.js:63:1667)
    at Object.h [as dispose] (/opt/visual-studio-code/resources/app/extensions/git/dist/main.js:2:2070210)
    at /opt/visual-studio-code/resources/app/extensions/git/dist/main.js:2:2074277
    at Array.forEach (<anonymous>)
    at g.dispose (/opt/visual-studio-code/resources/app/extensions/git/dist/main.js:2:2074263)
    at C.<anonymous> (/opt/visual-studio-code/resources/app/out/vs/workbench/api/node/extensionHostProcess.js:94:12431)
    at C.dispose (/opt/visual-studio-code/resources/app/out/vs/workbench/api/node/extensionHostProcess.js:94:12566)
    at C.<anonymous> (/opt/visual-studio-code/resources/app/extensions/git/dist/main.js:2:2057503)
    at C.dispose (/opt/visual-studio-code/resources/app/out/vs/workbench/api/node/extensionHostProcess.js:94:12566)
    at T (/opt/visual-studio-code/resources/app/out/vs/workbench/api/node/extensionHostProcess.js:10:12072)
    at f.X (/opt/visual-studio-code/resources/app/out/vs/workbench/api/node/extensionHostProcess.js:108:11242)
    at /opt/visual-studio-code/resources/app/out/vs/workbench/api/node/extensionHostProcess.js:108:9037
    at Array.map (<anonymous>)
    at f.Q (/opt/visual-studio-code/resources/app/out/vs/workbench/api/node/extensionHostProcess.js:108:9024)
    at f.terminate (/opt/visual-studio-code/resources/app/out/vs/workbench/api/node/extensionHostProcess.js:108:9298)
    at h.terminate (/opt/visual-studio-code/resources/app/out/vs/workbench/api/node/extensionHostProcess.js:112:1397)
    at p (/opt/visual-studio-code/resources/app/out/vs/workbench/api/node/extensionHostProcess.js:122:17851)
    at MessagePortMain.<anonymous> (/opt/visual-studio-code/resources/app/out/vs/workbench/api/node/extensionHostProcess.js:122:13990)
    at MessagePortMain.emit (node:events:526:28)
    at MessagePortMain.emit (node:domain:475:12)
    at Object.MessagePortMain._internalPort.emit (node:electron/js2c/utility_init:5:364) setContext undefined
2023-03-05 17:06:25.349 [error] Canceled: Canceled
    at new u (/opt/visual-studio-code/resources/app/out/vs/workbench/api/node/extensionHostProcess.js:96:88070)
    at l.O (/opt/visual-studio-code/resources/app/out/vs/workbench/api/node/extensionHostProcess.js:106:11276)
    at Proxy.V.<computed>.M.charCodeAt.V.<computed> (/opt/visual-studio-code/resources/app/out/vs/workbench/api/node/extensionHostProcess.js:106:8557)
    at s.g (/opt/visual-studio-code/resources/app/out/vs/workbench/api/node/extensionHostProcess.js:96:107430)
    at s.executeCommand (/opt/visual-studio-code/resources/app/out/vs/workbench/api/node/extensionHostProcess.js:96:106806)
    at w.registerCommand.description (/opt/visual-studio-code/resources/app/out/vs/workbench/api/node/extensionHostProcess.js:96:106099)
    at s.h (/opt/visual-studio-code/resources/app/out/vs/workbench/api/node/extensionHostProcess.js:96:108016)
    at s.g (/opt/visual-studio-code/resources/app/out/vs/workbench/api/node/extensionHostProcess.js:96:106906)
    at s.executeCommand (/opt/visual-studio-code/resources/app/out/vs/workbench/api/node/extensionHostProcess.js:96:106806)
    at Object.executeCommand (/opt/visual-studio-code/resources/app/out/vs/workbench/api/node/extensionHostProcess.js:117:30778)
    at c (/home/rugery/.vscode/extensions/eamodio.gitlens-13.3.1/dist/gitlens.js:1:991281)
    at GitProviderService.setEnabledContext (/home/rugery/.vscode/extensions/eamodio.gitlens-13.3.1/dist/gitlens.js:1:719860)
    at GitProviderService.S.<computed> (/home/rugery/.vscode/extensions/eamodio.gitlens-13.3.1/dist/gitlens.js:1:1254640)
    at GitProviderService.updateContext (/home/rugery/.vscode/extensions/eamodio.gitlens-13.3.1/dist/gitlens.js:1:720061)
    at /home/rugery/.vscode/extensions/eamodio.gitlens-13.3.1/dist/gitlens.js:1:713767
    at f.invoke (/opt/visual-studio-code/resources/app/out/vs/workbench/api/node/extensionHostProcess.js:63:145)
    at g.deliver (/opt/visual-studio-code/resources/app/out/vs/workbench/api/node/extensionHostProcess.js:63:2029)
    at d.fire (/opt/visual-studio-code/resources/app/out/vs/workbench/api/node/extensionHostProcess.js:63:1667)
    at LocalGitProvider.onRepositoryChanged (/home/rugery/.vscode/extensions/eamodio.gitlens-13.3.1/dist/gitlens.js:1:94150)
    at W.fireChange (/home/rugery/.vscode/extensions/eamodio.gitlens-13.3.1/dist/gitlens.js:1:1178651)
    at W.S.<computed> (/home/rugery/.vscode/extensions/eamodio.gitlens-13.3.1/dist/gitlens.js:1:1254640)
    at W.set closed [as closed] (/home/rugery/.vscode/extensions/eamodio.gitlens-13.3.1/dist/gitlens.js:1:1168388)
    at /home/rugery/.vscode/extensions/eamodio.gitlens-13.3.1/dist/gitlens.js:1:714025
    at f.invoke (/opt/visual-studio-code/resources/app/out/vs/workbench/api/node/extensionHostProcess.js:63:145)
    at g.deliver (/opt/visual-studio-code/resources/app/out/vs/workbench/api/node/extensionHostProcess.js:63:2029)
    at d.fire (/opt/visual-studio-code/resources/app/out/vs/workbench/api/node/extensionHostProcess.js:63:1667)
    at /home/rugery/.vscode/extensions/eamodio.gitlens-13.3.1/dist/gitlens.js:1:94602
    at /opt/visual-studio-code/resources/app/extensions/git/dist/main.js:2:2141211
    at f.invoke (/opt/visual-studio-code/resources/app/out/vs/workbench/api/node/extensionHostProcess.js:63:145)
    at g.deliver (/opt/visual-studio-code/resources/app/out/vs/workbench/api/node/extensionHostProcess.js:63:2029)
    at d.fire (/opt/visual-studio-code/resources/app/out/vs/workbench/api/node/extensionHostProcess.js:63:1667)
    at Object.h [as dispose] (/opt/visual-studio-code/resources/app/extensions/git/dist/main.js:2:2070210)
    at /opt/visual-studio-code/resources/app/extensions/git/dist/main.js:2:2074277
    at Array.forEach (<anonymous>)
    at g.dispose (/opt/visual-studio-code/resources/app/extensions/git/dist/main.js:2:2074263)
    at C.<anonymous> (/opt/visual-studio-code/resources/app/out/vs/workbench/api/node/extensionHostProcess.js:94:12431)
    at C.dispose (/opt/visual-studio-code/resources/app/out/vs/workbench/api/node/extensionHostProcess.js:94:12566)
    at C.<anonymous> (/opt/visual-studio-code/resources/app/extensions/git/dist/main.js:2:2057503)
    at C.dispose (/opt/visual-studio-code/resources/app/out/vs/workbench/api/node/extensionHostProcess.js:94:12566)
    at T (/opt/visual-studio-code/resources/app/out/vs/workbench/api/node/extensionHostProcess.js:10:12072)
    at f.X (/opt/visual-studio-code/resources/app/out/vs/workbench/api/node/extensionHostProcess.js:108:11242)
    at /opt/visual-studio-code/resources/app/out/vs/workbench/api/node/extensionHostProcess.js:108:9037
    at Array.map (<anonymous>)
    at f.Q (/opt/visual-studio-code/resources/app/out/vs/workbench/api/node/extensionHostProcess.js:108:9024)
    at f.terminate (/opt/visual-studio-code/resources/app/out/vs/workbench/api/node/extensionHostProcess.js:108:9298)
    at h.terminate (/opt/visual-studio-code/resources/app/out/vs/workbench/api/node/extensionHostProcess.js:112:1397)
    at p (/opt/visual-studio-code/resources/app/out/vs/workbench/api/node/extensionHostProcess.js:122:17851)
    at MessagePortMain.<anonymous> (/opt/visual-studio-code/resources/app/out/vs/workbench/api/node/extensionHostProcess.js:122:13990)
    at MessagePortMain.emit (node:events:526:28)
    at MessagePortMain.emit (node:domain:475:12)
    at Object.MessagePortMain._internalPort.emit (node:electron/js2c/utility_init:5:364) setContext undefined
2023-03-05 17:06:25.358 [error] Canceled: Canceled
    at new u (/opt/visual-studio-code/resources/app/out/vs/workbench/api/node/extensionHostProcess.js:96:88070)
    at l.O (/opt/visual-studio-code/resources/app/out/vs/workbench/api/node/extensionHostProcess.js:106:11276)
    at Proxy.V.<computed>.M.charCodeAt.V.<computed> (/opt/visual-studio-code/resources/app/out/vs/workbench/api/node/extensionHostProcess.js:106:8557)
    at s.g (/opt/visual-studio-code/resources/app/out/vs/workbench/api/node/extensionHostProcess.js:96:107430)
    at s.executeCommand (/opt/visual-studio-code/resources/app/out/vs/workbench/api/node/extensionHostProcess.js:96:106806)
    at w.registerCommand.description (/opt/visual-studio-code/resources/app/out/vs/workbench/api/node/extensionHostProcess.js:96:106099)
    at s.h (/opt/visual-studio-code/resources/app/out/vs/workbench/api/node/extensionHostProcess.js:96:108016)
    at s.g (/opt/visual-studio-code/resources/app/out/vs/workbench/api/node/extensionHostProcess.js:96:106906)
    at s.executeCommand (/opt/visual-studio-code/resources/app/out/vs/workbench/api/node/extensionHostProcess.js:96:106806)
    at Object.executeCommand (/opt/visual-studio-code/resources/app/out/vs/workbench/api/node/extensionHostProcess.js:117:30778)
    at c (/home/rugery/.vscode/extensions/eamodio.gitlens-13.3.1/dist/gitlens.js:1:991281)
    at ActionRunners._updateContextKeys (/home/rugery/.vscode/extensions/eamodio.gitlens-13.3.1/dist/gitlens.js:1:12768)
    at s (/home/rugery/.vscode/extensions/eamodio.gitlens-13.3.1/dist/gitlens.js:1:11187)
    at RegisteredActionRunner.unregister (/home/rugery/.vscode/extensions/eamodio.gitlens-13.3.1/dist/gitlens.js:1:11331)
    at RegisteredActionRunner.dispose (/home/rugery/.vscode/extensions/eamodio.gitlens-13.3.1/dist/gitlens.js:1:9993)
    at ActionRunners.dispose (/home/rugery/.vscode/extensions/eamodio.gitlens-13.3.1/dist/gitlens.js:1:10772)
    at T (/opt/visual-studio-code/resources/app/out/vs/workbench/api/node/extensionHostProcess.js:10:12072)
    at f.X (/opt/visual-studio-code/resources/app/out/vs/workbench/api/node/extensionHostProcess.js:108:11242)
    at /opt/visual-studio-code/resources/app/out/vs/workbench/api/node/extensionHostProcess.js:108:9037
    at Array.map (<anonymous>)
    at f.Q (/opt/visual-studio-code/resources/app/out/vs/workbench/api/node/extensionHostProcess.js:108:9024)
    at f.terminate (/opt/visual-studio-code/resources/app/out/vs/workbench/api/node/extensionHostProcess.js:108:9298)
    at h.terminate (/opt/visual-studio-code/resources/app/out/vs/workbench/api/node/extensionHostProcess.js:112:1397)
    at p (/opt/visual-studio-code/resources/app/out/vs/workbench/api/node/extensionHostProcess.js:122:17851)
    at MessagePortMain.<anonymous> (/opt/visual-studio-code/resources/app/out/vs/workbench/api/node/extensionHostProcess.js:122:13990)
    at MessagePortMain.emit (node:events:526:28)
    at MessagePortMain.emit (node:domain:475:12)
    at Object.MessagePortMain._internalPort.emit (node:electron/js2c/utility_init:5:364) setContext undefined
2023-03-05 17:06:25.359 [error] Canceled: Canceled
    at new u (/opt/visual-studio-code/resources/app/out/vs/workbench/api/node/extensionHostProcess.js:96:88070)
    at l.O (/opt/visual-studio-code/resources/app/out/vs/workbench/api/node/extensionHostProcess.js:106:11276)
    at Proxy.V.<computed>.M.charCodeAt.V.<computed> (/opt/visual-studio-code/resources/app/out/vs/workbench/api/node/extensionHostProcess.js:106:8557)
    at s.g (/opt/visual-studio-code/resources/app/out/vs/workbench/api/node/extensionHostProcess.js:96:107430)
    at s.executeCommand (/opt/visual-studio-code/resources/app/out/vs/workbench/api/node/extensionHostProcess.js:96:106806)
    at w.registerCommand.description (/opt/visual-studio-code/resources/app/out/vs/workbench/api/node/extensionHostProcess.js:96:106099)
    at s.h (/opt/visual-studio-code/resources/app/out/vs/workbench/api/node/extensionHostProcess.js:96:108016)
    at s.g (/opt/visual-studio-code/resources/app/out/vs/workbench/api/node/extensionHostProcess.js:96:106906)
    at s.executeCommand (/opt/visual-studio-code/resources/app/out/vs/workbench/api/node/extensionHostProcess.js:96:106806)
    at Object.executeCommand (/opt/visual-studio-code/resources/app/out/vs/workbench/api/node/extensionHostProcess.js:117:30778)
    at c (/home/rugery/.vscode/extensions/eamodio.gitlens-13.3.1/dist/gitlens.js:1:991281)
    at ActionRunners._updateContextKeys (/home/rugery/.vscode/extensions/eamodio.gitlens-13.3.1/dist/gitlens.js:1:12768)
    at s (/home/rugery/.vscode/extensions/eamodio.gitlens-13.3.1/dist/gitlens.js:1:11187)
    at RegisteredActionRunner.unregister (/home/rugery/.vscode/extensions/eamodio.gitlens-13.3.1/dist/gitlens.js:1:11331)
    at RegisteredActionRunner.dispose (/home/rugery/.vscode/extensions/eamodio.gitlens-13.3.1/dist/gitlens.js:1:9993)
    at ActionRunners.dispose (/home/rugery/.vscode/extensions/eamodio.gitlens-13.3.1/dist/gitlens.js:1:10772)
    at T (/opt/visual-studio-code/resources/app/out/vs/workbench/api/node/extensionHostProcess.js:10:12072)
    at f.X (/opt/visual-studio-code/resources/app/out/vs/workbench/api/node/extensionHostProcess.js:108:11242)
    at /opt/visual-studio-code/resources/app/out/vs/workbench/api/node/extensionHostProcess.js:108:9037
    at Array.map (<anonymous>)
    at f.Q (/opt/visual-studio-code/resources/app/out/vs/workbench/api/node/extensionHostProcess.js:108:9024)
    at f.terminate (/opt/visual-studio-code/resources/app/out/vs/workbench/api/node/extensionHostProcess.js:108:9298)
    at h.terminate (/opt/visual-studio-code/resources/app/out/vs/workbench/api/node/extensionHostProcess.js:112:1397)
    at p (/opt/visual-studio-code/resources/app/out/vs/workbench/api/node/extensionHostProcess.js:122:17851)
    at MessagePortMain.<anonymous> (/opt/visual-studio-code/resources/app/out/vs/workbench/api/node/extensionHostProcess.js:122:13990)
    at MessagePortMain.emit (node:events:526:28)
    at MessagePortMain.emit (node:domain:475:12)
    at Object.MessagePortMain._internalPort.emit (node:electron/js2c/utility_init:5:364) setContext undefined
2023-03-05 17:06:25.360 [error] Canceled: Canceled
    at new u (/opt/visual-studio-code/resources/app/out/vs/workbench/api/node/extensionHostProcess.js:96:88070)
    at l.O (/opt/visual-studio-code/resources/app/out/vs/workbench/api/node/extensionHostProcess.js:106:11276)
    at Proxy.V.<computed>.M.charCodeAt.V.<computed> (/opt/visual-studio-code/resources/app/out/vs/workbench/api/node/extensionHostProcess.js:106:8557)
    at s.g (/opt/visual-studio-code/resources/app/out/vs/workbench/api/node/extensionHostProcess.js:96:107430)
    at s.executeCommand (/opt/visual-studio-code/resources/app/out/vs/workbench/api/node/extensionHostProcess.js:96:106806)
    at w.registerCommand.description (/opt/visual-studio-code/resources/app/out/vs/workbench/api/node/extensionHostProcess.js:96:106099)
    at s.h (/opt/visual-studio-code/resources/app/out/vs/workbench/api/node/extensionHostProcess.js:96:108016)
    at s.g (/opt/visual-studio-code/resources/app/out/vs/workbench/api/node/extensionHostProcess.js:96:106906)
    at s.executeCommand (/opt/visual-studio-code/resources/app/out/vs/workbench/api/node/extensionHostProcess.js:96:106806)
    at Object.executeCommand (/opt/visual-studio-code/resources/app/out/vs/workbench/api/node/extensionHostProcess.js:117:30778)
    at c (/home/rugery/.vscode/extensions/eamodio.gitlens-13.3.1/dist/gitlens.js:1:991281)
    at ActionRunners._updateContextKeys (/home/rugery/.vscode/extensions/eamodio.gitlens-13.3.1/dist/gitlens.js:1:12768)
    at s (/home/rugery/.vscode/extensions/eamodio.gitlens-13.3.1/dist/gitlens.js:1:11187)
    at RegisteredActionRunner.unregister (/home/rugery/.vscode/extensions/eamodio.gitlens-13.3.1/dist/gitlens.js:1:11331)
    at RegisteredActionRunner.dispose (/home/rugery/.vscode/extensions/eamodio.gitlens-13.3.1/dist/gitlens.js:1:9993)
    at ActionRunners.dispose (/home/rugery/.vscode/extensions/eamodio.gitlens-13.3.1/dist/gitlens.js:1:10772)
    at T (/opt/visual-studio-code/resources/app/out/vs/workbench/api/node/extensionHostProcess.js:10:12072)
    at f.X (/opt/visual-studio-code/resources/app/out/vs/workbench/api/node/extensionHostProcess.js:108:11242)
    at /opt/visual-studio-code/resources/app/out/vs/workbench/api/node/extensionHostProcess.js:108:9037
    at Array.map (<anonymous>)
    at f.Q (/opt/visual-studio-code/resources/app/out/vs/workbench/api/node/extensionHostProcess.js:108:9024)
    at f.terminate (/opt/visual-studio-code/resources/app/out/vs/workbench/api/node/extensionHostProcess.js:108:9298)
    at h.terminate (/opt/visual-studio-code/resources/app/out/vs/workbench/api/node/extensionHostProcess.js:112:1397)
    at p (/opt/visual-studio-code/resources/app/out/vs/workbench/api/node/extensionHostProcess.js:122:17851)
    at MessagePortMain.<anonymous> (/opt/visual-studio-code/resources/app/out/vs/workbench/api/node/extensionHostProcess.js:122:13990)
    at MessagePortMain.emit (node:events:526:28)
    at MessagePortMain.emit (node:domain:475:12)
    at Object.MessagePortMain._internalPort.emit (node:electron/js2c/utility_init:5:364) setContext undefined
2023-03-05 17:06:25.361 [error] Canceled: Canceled
    at new u (/opt/visual-studio-code/resources/app/out/vs/workbench/api/node/extensionHostProcess.js:96:88070)
    at l.O (/opt/visual-studio-code/resources/app/out/vs/workbench/api/node/extensionHostProcess.js:106:11276)
    at Proxy.V.<computed>.M.charCodeAt.V.<computed> (/opt/visual-studio-code/resources/app/out/vs/workbench/api/node/extensionHostProcess.js:106:8557)
    at s.g (/opt/visual-studio-code/resources/app/out/vs/workbench/api/node/extensionHostProcess.js:96:107430)
    at s.executeCommand (/opt/visual-studio-code/resources/app/out/vs/workbench/api/node/extensionHostProcess.js:96:106806)
    at w.registerCommand.description (/opt/visual-studio-code/resources/app/out/vs/workbench/api/node/extensionHostProcess.js:96:106099)
    at s.h (/opt/visual-studio-code/resources/app/out/vs/workbench/api/node/extensionHostProcess.js:96:108016)
    at s.g (/opt/visual-studio-code/resources/app/out/vs/workbench/api/node/extensionHostProcess.js:96:106906)
    at s.executeCommand (/opt/visual-studio-code/resources/app/out/vs/workbench/api/node/extensionHostProcess.js:96:106806)
    at Object.executeCommand (/opt/visual-studio-code/resources/app/out/vs/workbench/api/node/extensionHostProcess.js:117:30778)
    at c (/home/rugery/.vscode/extensions/eamodio.gitlens-13.3.1/dist/gitlens.js:1:991281)
    at ActionRunners._updateContextKeys (/home/rugery/.vscode/extensions/eamodio.gitlens-13.3.1/dist/gitlens.js:1:12768)
    at s (/home/rugery/.vscode/extensions/eamodio.gitlens-13.3.1/dist/gitlens.js:1:11187)
    at RegisteredActionRunner.unregister (/home/rugery/.vscode/extensions/eamodio.gitlens-13.3.1/dist/gitlens.js:1:11331)
    at RegisteredActionRunner.dispose (/home/rugery/.vscode/extensions/eamodio.gitlens-13.3.1/dist/gitlens.js:1:9993)
    at Object.dispose (/home/rugery/.vscode/extensions/eamodio.gitlens-13.3.1/dist/gitlens.js:1:11428)
    at T (/opt/visual-studio-code/resources/app/out/vs/workbench/api/node/extensionHostProcess.js:10:12072)
    at f.X (/opt/visual-studio-code/resources/app/out/vs/workbench/api/node/extensionHostProcess.js:108:11242)
    at /opt/visual-studio-code/resources/app/out/vs/workbench/api/node/extensionHostProcess.js:108:9037
    at Array.map (<anonymous>)
    at f.Q (/opt/visual-studio-code/resources/app/out/vs/workbench/api/node/extensionHostProcess.js:108:9024)
    at f.terminate (/opt/visual-studio-code/resources/app/out/vs/workbench/api/node/extensionHostProcess.js:108:9298)
    at h.terminate (/opt/visual-studio-code/resources/app/out/vs/workbench/api/node/extensionHostProcess.js:112:1397)
    at p (/opt/visual-studio-code/resources/app/out/vs/workbench/api/node/extensionHostProcess.js:122:17851)
    at MessagePortMain.<anonymous> (/opt/visual-studio-code/resources/app/out/vs/workbench/api/node/extensionHostProcess.js:122:13990)
    at MessagePortMain.emit (node:events:526:28)
    at MessagePortMain.emit (node:domain:475:12)
    at Object.MessagePortMain._internalPort.emit (node:electron/js2c/utility_init:5:364) setContext undefined
2023-03-05 17:06:25.367 [error] Canceled: Canceled
    at new u (/opt/visual-studio-code/resources/app/out/vs/workbench/api/node/extensionHostProcess.js:96:88070)
    at l.O (/opt/visual-studio-code/resources/app/out/vs/workbench/api/node/extensionHostProcess.js:106:11276)
    at Proxy.V.<computed>.M.charCodeAt.V.<computed> (/opt/visual-studio-code/resources/app/out/vs/workbench/api/node/extensionHostProcess.js:106:8557)
    at s.g (/opt/visual-studio-code/resources/app/out/vs/workbench/api/node/extensionHostProcess.js:96:107430)
    at s.executeCommand (/opt/visual-studio-code/resources/app/out/vs/workbench/api/node/extensionHostProcess.js:96:106806)
    at w.registerCommand.description (/opt/visual-studio-code/resources/app/out/vs/workbench/api/node/extensionHostProcess.js:96:106099)
    at s.h (/opt/visual-studio-code/resources/app/out/vs/workbench/api/node/extensionHostProcess.js:96:108016)
    at s.g (/opt/visual-studio-code/resources/app/out/vs/workbench/api/node/extensionHostProcess.js:96:106906)
    at s.executeCommand (/opt/visual-studio-code/resources/app/out/vs/workbench/api/node/extensionHostProcess.js:96:106806)
    at Object.executeCommand (/opt/visual-studio-code/resources/app/out/vs/workbench/api/node/extensionHostProcess.js:117:30778)
    at c (/home/rugery/.vscode/extensions/eamodio.gitlens-13.3.1/dist/gitlens.js:1:991281)
    at ActionRunners._updateContextKeys (/home/rugery/.vscode/extensions/eamodio.gitlens-13.3.1/dist/gitlens.js:1:12768)
    at s (/home/rugery/.vscode/extensions/eamodio.gitlens-13.3.1/dist/gitlens.js:1:11187)
    at RegisteredActionRunner.unregister (/home/rugery/.vscode/extensions/eamodio.gitlens-13.3.1/dist/gitlens.js:1:11331)
    at RegisteredActionRunner.dispose (/home/rugery/.vscode/extensions/eamodio.gitlens-13.3.1/dist/gitlens.js:1:9993)
    at Object.dispose (/home/rugery/.vscode/extensions/eamodio.gitlens-13.3.1/dist/gitlens.js:1:11428)
    at T (/opt/visual-studio-code/resources/app/out/vs/workbench/api/node/extensionHostProcess.js:10:12072)
    at f.X (/opt/visual-studio-code/resources/app/out/vs/workbench/api/node/extensionHostProcess.js:108:11242)
    at /opt/visual-studio-code/resources/app/out/vs/workbench/api/node/extensionHostProcess.js:108:9037
    at Array.map (<anonymous>)
    at f.Q (/opt/visual-studio-code/resources/app/out/vs/workbench/api/node/extensionHostProcess.js:108:9024)
    at f.terminate (/opt/visual-studio-code/resources/app/out/vs/workbench/api/node/extensionHostProcess.js:108:9298)
    at h.terminate (/opt/visual-studio-code/resources/app/out/vs/workbench/api/node/extensionHostProcess.js:112:1397)
    at p (/opt/visual-studio-code/resources/app/out/vs/workbench/api/node/extensionHostProcess.js:122:17851)
    at MessagePortMain.<anonymous> (/opt/visual-studio-code/resources/app/out/vs/workbench/api/node/extensionHostProcess.js:122:13990)
    at MessagePortMain.emit (node:events:526:28)
    at MessagePortMain.emit (node:domain:475:12)
    at Object.MessagePortMain._internalPort.emit (node:electron/js2c/utility_init:5:364) setContext undefined
2023-03-05 17:06:25.377 [error] Canceled: Canceled
    at new u (/opt/visual-studio-code/resources/app/out/vs/workbench/api/node/extensionHostProcess.js:96:88070)
    at l.O (/opt/visual-studio-code/resources/app/out/vs/workbench/api/node/extensionHostProcess.js:106:11276)
    at Proxy.V.<computed>.M.charCodeAt.V.<computed> (/opt/visual-studio-code/resources/app/out/vs/workbench/api/node/extensionHostProcess.js:106:8557)
    at s.g (/opt/visual-studio-code/resources/app/out/vs/workbench/api/node/extensionHostProcess.js:96:107430)
    at s.executeCommand (/opt/visual-studio-code/resources/app/out/vs/workbench/api/node/extensionHostProcess.js:96:106806)
    at w.registerCommand.description (/opt/visual-studio-code/resources/app/out/vs/workbench/api/node/extensionHostProcess.js:96:106099)
    at s.h (/opt/visual-studio-code/resources/app/out/vs/workbench/api/node/extensionHostProcess.js:96:108016)
    at s.g (/opt/visual-studio-code/resources/app/out/vs/workbench/api/node/extensionHostProcess.js:96:106906)
    at s.executeCommand (/opt/visual-studio-code/resources/app/out/vs/workbench/api/node/extensionHostProcess.js:96:106806)
    at Object.executeCommand (/opt/visual-studio-code/resources/app/out/vs/workbench/api/node/extensionHostProcess.js:117:30778)
    at c (/home/rugery/.vscode/extensions/eamodio.gitlens-13.3.1/dist/gitlens.js:1:991281)
    at ActionRunners._updateContextKeys (/home/rugery/.vscode/extensions/eamodio.gitlens-13.3.1/dist/gitlens.js:1:12768)
    at s (/home/rugery/.vscode/extensions/eamodio.gitlens-13.3.1/dist/gitlens.js:1:11187)
    at RegisteredActionRunner.unregister (/home/rugery/.vscode/extensions/eamodio.gitlens-13.3.1/dist/gitlens.js:1:11331)
    at RegisteredActionRunner.dispose (/home/rugery/.vscode/extensions/eamodio.gitlens-13.3.1/dist/gitlens.js:1:9993)
    at Object.dispose (/home/rugery/.vscode/extensions/eamodio.gitlens-13.3.1/dist/gitlens.js:1:11428)
    at T (/opt/visual-studio-code/resources/app/out/vs/workbench/api/node/extensionHostProcess.js:10:12072)
    at f.X (/opt/visual-studio-code/resources/app/out/vs/workbench/api/node/extensionHostProcess.js:108:11242)
    at /opt/visual-studio-code/resources/app/out/vs/workbench/api/node/extensionHostProcess.js:108:9037
    at Array.map (<anonymous>)
    at f.Q (/opt/visual-studio-code/resources/app/out/vs/workbench/api/node/extensionHostProcess.js:108:9024)
    at f.terminate (/opt/visual-studio-code/resources/app/out/vs/workbench/api/node/extensionHostProcess.js:108:9298)
    at h.terminate (/opt/visual-studio-code/resources/app/out/vs/workbench/api/node/extensionHostProcess.js:112:1397)
    at p (/opt/visual-studio-code/resources/app/out/vs/workbench/api/node/extensionHostProcess.js:122:17851)
    at MessagePortMain.<anonymous> (/opt/visual-studio-code/resources/app/out/vs/workbench/api/node/extensionHostProcess.js:122:13990)
    at MessagePortMain.emit (node:events:526:28)
    at MessagePortMain.emit (node:domain:475:12)
    at Object.MessagePortMain._internalPort.emit (node:electron/js2c/utility_init:5:364) setContext undefined
2023-03-05 17:06:25.491 [info] Extension host with pid 36318 exiting with code 0
