2023-03-05 17:06:28.743 [info] Added views:workbench.panel.markers.view in workbench.panel.markers
2023-03-05 17:06:28.743 [info] Added views:workbench.panel.output in workbench.panel.output
2023-03-05 17:06:28.743 [info] Added views:terminal in terminal
2023-03-05 17:06:28.743 [info] Added views:outline in workbench.view.explorer
2023-03-05 17:06:28.743 [info] Added views:workbench.scm in workbench.view.scm
2023-03-05 17:06:28.743 [info] Added views:workbench.view.search in workbench.view.search
2023-03-05 17:06:28.743 [info] Added views:timeline in workbench.view.explorer
2023-03-05 17:06:28.743 [info] Added views:workbench.explorer.fileView in workbench.view.explorer
2023-03-05 17:06:29.011 [info] Added views:workbench.debug.welcome in workbench.view.debug
2023-03-05 17:06:29.355 [info] Added views:gitlens.views.home,gitlens.views.contributors in workbench.view.extension.gitlens
2023-03-05 17:06:29.357 [info] Added views:gitlens.views.commits,gitlens.views.commitDetails,gitlens.views.fileHistory,gitlens.views.branches,gitlens.views.remotes,gitlens.views.stashes,gitlens.views.tags,gitlens.views.searchAndCompare in workbench.view.scm
2023-03-05 17:06:29.359 [info] Added views:cell-tag in workbench.view.extension.jupyter
2023-03-05 17:06:30.037 [info] Added views:workbench.panel.repl.view in workbench.panel.repl
2023-03-05 17:06:34.694 [info] Added views:gitlens.views.timeline in workbench.view.extension.gitlensPanel
2023-03-05 17:06:34.702 [info] Added views:gitlens.views.worktrees in workbench.view.scm
2023-03-05 17:06:34.725 [info] Removed views:gitlens.views.searchAndCompare,gitlens.views.worktrees,gitlens.views.tags,gitlens.views.stashes,gitlens.views.remotes,gitlens.views.branches,gitlens.views.fileHistory,gitlens.views.commitDetails,gitlens.views.commits from workbench.view.scm
2023-03-05 17:06:34.726 [info] Removed views:gitlens.views.contributors from workbench.view.extension.gitlens
2023-03-05 17:06:34.726 [info] Removed views:gitlens.views.timeline from workbench.view.extension.gitlensPanel
2023-03-05 17:06:35.220 [info] Added views:gitlens.views.timeline in workbench.view.extension.gitlensPanel
2023-03-05 17:06:35.222 [info] Added views:gitlens.views.contributors in workbench.view.extension.gitlens
2023-03-05 17:06:35.225 [info] Added views:gitlens.views.commits,gitlens.views.commitDetails,gitlens.views.fileHistory,gitlens.views.branches,gitlens.views.remotes,gitlens.views.stashes,gitlens.views.tags,gitlens.views.worktrees,gitlens.views.searchAndCompare in workbench.view.scm
2023-03-05 17:06:35.598 [info] Added views:liveshare.session,liveshare.contacts in workbench.view.extension.liveshare
