2023-03-15 15:52:33.377 [info] Reading sessions from keychain...
2023-03-15 15:52:33.377 [info] Getting sessions for user:email...
2023-03-15 15:52:33.377 [info] Got 0 sessions for user:email...
2023-03-15 15:52:33.377 [info] Getting sessions for all scopes...
2023-03-15 15:52:33.377 [info] Got 0 sessions for ...
2023-03-15 15:52:33.705 [info] Getting sessions for all scopes...
2023-03-15 15:52:33.705 [info] Got 0 sessions for ...
2023-03-15 15:52:41.944 [info] Getting sessions for all scopes...
2023-03-15 15:52:41.944 [info] Got 0 sessions for ...
2023-03-15 15:52:43.284 [info] Getting sessions for read:user,repo,user:email,workflow...
2023-03-15 15:52:43.284 [info] Got 0 sessions for read:user,repo,user:email,workflow...
2023-03-15 16:00:03.925 [info] Reading sessions from keychain...
2023-03-15 16:00:03.925 [info] Getting sessions for user:email...
2023-03-15 16:00:03.925 [info] Got 0 sessions for user:email...
2023-03-15 16:00:04.864 [info] Getting sessions for all scopes...
2023-03-15 16:00:04.864 [info] Got 0 sessions for ...
2023-03-15 16:00:04.920 [info] Getting sessions for all scopes...
2023-03-15 16:00:04.920 [info] Got 0 sessions for ...
2023-03-15 16:00:04.997 [info] Getting sessions for all scopes...
2023-03-15 16:00:04.997 [info] Got 0 sessions for ...
2023-03-15 16:00:05.405 [info] Getting sessions for read:user,repo,user:email,workflow...
2023-03-15 16:00:05.405 [info] Got 0 sessions for read:user,repo,user:email,workflow...
2023-03-15 16:00:35.071 [info] Reading sessions from keychain...
2023-03-15 16:00:35.071 [info] Getting sessions for user:email...
2023-03-15 16:00:35.071 [info] Got 0 sessions for user:email...
2023-03-15 16:00:35.071 [info] Getting sessions for all scopes...
2023-03-15 16:00:35.071 [info] Got 0 sessions for ...
2023-03-15 16:00:35.071 [info] Getting sessions for all scopes...
2023-03-15 16:00:35.071 [info] Got 0 sessions for ...
2023-03-15 16:00:35.124 [info] Getting sessions for all scopes...
2023-03-15 16:00:35.124 [info] Got 0 sessions for ...
2023-03-15 16:00:35.426 [info] Getting sessions for read:user,repo,user:email,workflow...
2023-03-15 16:00:35.426 [info] Got 0 sessions for read:user,repo,user:email,workflow...
