2023-03-15 16:35:03.519 [info] Added views:workbench.panel.markers.view in workbench.panel.markers
2023-03-15 16:35:03.519 [info] Added views:workbench.panel.output in workbench.panel.output
2023-03-15 16:35:03.519 [info] Added views:terminal in terminal
2023-03-15 16:35:03.519 [info] Added views:outline in workbench.view.explorer
2023-03-15 16:35:03.519 [info] Added views:workbench.scm in workbench.view.scm
2023-03-15 16:35:03.519 [info] Added views:workbench.view.search in workbench.view.search
2023-03-15 16:35:03.519 [info] Added views:timeline in workbench.view.explorer
2023-03-15 16:35:03.520 [info] Added views:workbench.explorer.emptyView in workbench.view.explorer
2023-03-15 16:35:03.921 [info] Added views:gitlens.views.home,gitlens.views.contributors in workbench.view.extension.gitlens
2023-03-15 16:35:03.924 [info] Added views:gitlens.views.commits,gitlens.views.commitDetails,gitlens.views.fileHistory,gitlens.views.branches,gitlens.views.remotes,gitlens.views.stashes,gitlens.views.tags,gitlens.views.searchAndCompare in workbench.view.scm
2023-03-15 16:35:03.925 [info] Added views:cell-tag in workbench.view.extension.jupyter
2023-03-15 16:35:04.338 [info] Added views:workbench.debug.variablesView,workbench.debug.watchExpressionsView,workbench.debug.callStackView,workbench.debug.breakPointsView in workbench.view.debug
2023-03-15 16:35:04.381 [info] Added views:workbench.panel.repl.view in workbench.panel.repl
2023-03-15 16:35:04.382 [info] Removed views:workbench.debug.breakPointsView,workbench.debug.callStackView,workbench.debug.watchExpressionsView,workbench.debug.variablesView from workbench.view.debug
2023-03-15 16:35:04.382 [info] Added views:workbench.debug.welcome in workbench.view.debug
2023-03-15 16:35:05.562 [info] Removed views:gitlens.views.searchAndCompare,gitlens.views.tags,gitlens.views.stashes,gitlens.views.remotes,gitlens.views.branches,gitlens.views.fileHistory,gitlens.views.commitDetails,gitlens.views.commits from workbench.view.scm
2023-03-15 16:35:05.563 [info] Removed views:gitlens.views.contributors from workbench.view.extension.gitlens
2023-03-15 16:35:05.905 [info] Added views:liveshare.session,liveshare.contacts in workbench.view.extension.liveshare
2023-03-15 16:39:05.304 [info] Added views:workbench.panel.markers.view in workbench.panel.markers
2023-03-15 16:39:05.305 [info] Added views:workbench.panel.output in workbench.panel.output
2023-03-15 16:39:05.305 [info] Added views:terminal in terminal
2023-03-15 16:39:05.305 [info] Added views:outline in workbench.view.explorer
2023-03-15 16:39:05.305 [info] Added views:workbench.scm in workbench.view.scm
2023-03-15 16:39:05.305 [info] Added views:workbench.view.search in workbench.view.search
2023-03-15 16:39:05.305 [info] Added views:timeline in workbench.view.explorer
2023-03-15 16:39:05.305 [info] Added views:workbench.explorer.fileView in workbench.view.explorer
2023-03-15 16:39:05.947 [info] Added views:gitlens.views.home,gitlens.views.contributors in workbench.view.extension.gitlens
2023-03-15 16:39:05.949 [info] Added views:gitlens.views.commits,gitlens.views.commitDetails,gitlens.views.fileHistory,gitlens.views.branches,gitlens.views.remotes,gitlens.views.stashes,gitlens.views.tags,gitlens.views.searchAndCompare in workbench.view.scm
2023-03-15 16:39:05.950 [info] Added views:cell-tag in workbench.view.extension.jupyter
2023-03-15 16:39:06.224 [info] Added views:workbench.debug.variablesView,workbench.debug.watchExpressionsView,workbench.debug.callStackView,workbench.debug.breakPointsView in workbench.view.debug
2023-03-15 16:39:06.304 [info] Added views:workbench.panel.repl.view in workbench.panel.repl
2023-03-15 16:39:08.237 [info] Added views:liveshare.session,liveshare.contacts in workbench.view.extension.liveshare
2023-03-15 16:39:08.689 [info] Added views:gitlens.views.timeline in workbench.view.extension.gitlensPanel
2023-03-15 16:39:08.689 [info] Added views:gitlens.views.worktrees in workbench.view.scm
2023-03-15 16:53:49.623 [info] Added views:workbench.view.testing in workbench.view.extension.test
2023-03-15 17:00:11.784 [info] Removed views:workbench.view.testing from workbench.view.extension.test
