[Info  - 16:02:29] Angular language server process ID: 7433
[Info  - 16:02:29] Using typescript/lib/tsserverlibrary v4.8.2 from /home/rugery/.vscode/extensions/angular.ng-template-15.2.0/node_modules/typescript/lib/tsserverlibrary.js
[Info  - 16:02:29] Using @angular/language-service v15.2.0 from /home/rugery/.vscode/extensions/angular.ng-template-15.2.0/node_modules/@angular/language-service/index.js
[Info  - 16:02:29] Logging is turned off. To enable, run command 'Open Angular server log'.
[Error - 16:02:30] No config file for /home/rugery/Documentos/Proyects/Portafolio/index.html
[Error - 16:02:30] No config file for /home/rugery/Documentos/Proyects/Portafolio/index.html
[Error - 16:02:30] No config file for /home/rugery/Documentos/Proyects/Portafolio/index.html
[Error - 16:02:30] No config file for /home/rugery/Documentos/Proyects/Portafolio/index.html
[Error - 16:02:30] No config file for /home/rugery/Documentos/Proyects/Portafolio/index.html
[Error - 16:02:31] No config file for /home/rugery/Documentos/Proyects/Portafolio/index.html
[Error - 16:02:31] No config file for /home/rugery/Documentos/Proyects/Portafolio/index.html
[Error - 16:02:31] No config file for /home/rugery/Documentos/Proyects/Portafolio/index.html
[Error - 16:02:31] No config file for /home/rugery/Documentos/Proyects/Portafolio/index.html
[Error - 16:02:31] No config file for /home/rugery/Documentos/Proyects/Portafolio/index.html
[Error - 16:02:32] No config file for /home/rugery/Documentos/Proyects/Portafolio/index.html
[Error - 16:02:32] No config file for /home/rugery/Documentos/Proyects/Portafolio/index.html
[Error - 16:02:32] No config file for /home/rugery/Documentos/Proyects/Portafolio/index.html
[Error - 16:02:32] No config file for /home/rugery/Documentos/Proyects/Portafolio/index.html
[Error - 16:02:33] No config file for /home/rugery/Documentos/Proyects/Portafolio/index.html
[Error - 16:02:37] No config file for /home/rugery/Documentos/Proyects/Portafolio/index.html
[Error - 16:02:37] No config file for /home/rugery/Documentos/Proyects/Portafolio/index.html
[Error - 16:02:37] No config file for /home/rugery/Documentos/Proyects/Portafolio/index.html
[Error - 16:02:37] No config file for /home/rugery/Documentos/Proyects/Portafolio/index.html
[Error - 16:02:37] No config file for /home/rugery/Documentos/Proyects/Portafolio/index.html
[Error - 16:02:37] No config file for /home/rugery/Documentos/Proyects/Portafolio/index.html
[Error - 16:02:37] No config file for /home/rugery/Documentos/Proyects/Portafolio/index.html
[Error - 16:02:38] No config file for /home/rugery/Documentos/Proyects/Portafolio/index.html
[Error - 16:02:38] No config file for /home/rugery/Documentos/Proyects/Portafolio/index.html
[Error - 16:02:38] No config file for /home/rugery/Documentos/Proyects/Portafolio/index.html
[Error - 16:02:38] No config file for /home/rugery/Documentos/Proyects/Portafolio/index.html
[Error - 16:02:38] No config file for /home/rugery/Documentos/Proyects/Portafolio/index.html
[Error - 16:02:38] No config file for /home/rugery/Documentos/Proyects/Portafolio/index.html
[Error - 16:02:39] No config file for /home/rugery/Documentos/Proyects/Portafolio/index.html
[Error - 16:02:39] No config file for /home/rugery/Documentos/Proyects/Portafolio/index.html
[Error - 16:02:39] No config file for /home/rugery/Documentos/Proyects/Portafolio/index.html
[Error - 16:02:39] No config file for /home/rugery/Documentos/Proyects/Portafolio/index.html
[Error - 16:02:39] No config file for /home/rugery/Documentos/Proyects/Portafolio/index.html
[Error - 16:02:39] No config file for /home/rugery/Documentos/Proyects/Portafolio/index.html
[Error - 16:02:39] No config file for /home/rugery/Documentos/Proyects/Portafolio/index.html
[Error - 16:02:39] No config file for /home/rugery/Documentos/Proyects/Portafolio/index.html
[Error - 16:02:39] No config file for /home/rugery/Documentos/Proyects/Portafolio/index.html
[Error - 16:02:39] No config file for /home/rugery/Documentos/Proyects/Portafolio/index.html
[Error - 16:02:39] No config file for /home/rugery/Documentos/Proyects/Portafolio/index.html
[Error - 16:02:40] No config file for /home/rugery/Documentos/Proyects/Portafolio/index.html
[Error - 16:02:40] No config file for /home/rugery/Documentos/Proyects/Portafolio/index.html
[Error - 16:02:40] No config file for /home/rugery/Documentos/Proyects/Portafolio/index.html
[Error - 16:02:40] No config file for /home/rugery/Documentos/Proyects/Portafolio/index.html
[Error - 16:02:40] No config file for /home/rugery/Documentos/Proyects/Portafolio/index.html
[Error - 16:02:40] No config file for /home/rugery/Documentos/Proyects/Portafolio/index.html
[Error - 16:02:40] No config file for /home/rugery/Documentos/Proyects/Portafolio/index.html
[Error - 16:02:40] No config file for /home/rugery/Documentos/Proyects/Portafolio/index.html
[Error - 16:02:40] No config file for /home/rugery/Documentos/Proyects/Portafolio/index.html
[Error - 16:02:40] No config file for /home/rugery/Documentos/Proyects/Portafolio/index.html
[Error - 16:02:41] No config file for /home/rugery/Documentos/Proyects/Portafolio/index.html
[Error - 16:02:41] No config file for /home/rugery/Documentos/Proyects/Portafolio/index.html
[Error - 16:02:42] No config file for /home/rugery/Documentos/Proyects/Portafolio/index.html
[Error - 16:02:42] No config file for /home/rugery/Documentos/Proyects/Portafolio/index.html
[Error - 16:02:43] No config file for /home/rugery/Documentos/Proyects/Portafolio/index.html
[Error - 16:02:43] No config file for /home/rugery/Documentos/Proyects/Portafolio/index.html
[Error - 16:02:43] No config file for /home/rugery/Documentos/Proyects/Portafolio/index.html
[Error - 16:02:43] No config file for /home/rugery/Documentos/Proyects/Portafolio/index.html
[Error - 16:02:44] No config file for /home/rugery/Documentos/Proyects/Portafolio/index.html
[Error - 16:02:44] No config file for /home/rugery/Documentos/Proyects/Portafolio/index.html
[Error - 16:02:44] No config file for /home/rugery/Documentos/Proyects/Portafolio/index.html
[Error - 16:02:44] No config file for /home/rugery/Documentos/Proyects/Portafolio/index.html
[Error - 16:02:45] No config file for /home/rugery/Documentos/Proyects/Portafolio/index.html
[Error - 16:02:45] No config file for /home/rugery/Documentos/Proyects/Portafolio/index.html
[Error - 16:02:46] No config file for /home/rugery/Documentos/Proyects/Portafolio/index.html
[Error - 16:02:46] No config file for /home/rugery/Documentos/Proyects/Portafolio/index.html
[Error - 16:02:46] No config file for /home/rugery/Documentos/Proyects/Portafolio/index.html
[Error - 16:02:46] No config file for /home/rugery/Documentos/Proyects/Portafolio/index.html
[Error - 16:02:46] No config file for /home/rugery/Documentos/Proyects/Portafolio/index.html
[Error - 16:02:46] No config file for /home/rugery/Documentos/Proyects/Portafolio/index.html
[Error - 16:02:46] No config file for /home/rugery/Documentos/Proyects/Portafolio/index.html
[Error - 16:02:48] No config file for /home/rugery/Documentos/Proyects/Portafolio/index.html
[Error - 16:02:48] No config file for /home/rugery/Documentos/Proyects/Portafolio/index.html
[Error - 16:02:49] No config file for /home/rugery/Documentos/Proyects/Portafolio/index.html
[Error - 16:02:49] No config file for /home/rugery/Documentos/Proyects/Portafolio/index.html
[Error - 16:02:49] No config file for /home/rugery/Documentos/Proyects/Portafolio/index.html
[Error - 16:02:49] No config file for /home/rugery/Documentos/Proyects/Portafolio/index.html
[Error - 16:02:49] No config file for /home/rugery/Documentos/Proyects/Portafolio/index.html
[Error - 16:02:49] No config file for /home/rugery/Documentos/Proyects/Portafolio/index.html
[Error - 16:02:49] No config file for /home/rugery/Documentos/Proyects/Portafolio/index.html
[Error - 16:02:50] No config file for /home/rugery/Documentos/Proyects/Portafolio/index.html
[Error - 16:02:50] No config file for /home/rugery/Documentos/Proyects/Portafolio/index.html
[Error - 16:02:50] No config file for /home/rugery/Documentos/Proyects/Portafolio/index.html
[Error - 16:02:50] No config file for /home/rugery/Documentos/Proyects/Portafolio/index.html
[Error - 16:02:50] No config file for /home/rugery/Documentos/Proyects/Portafolio/index.html
[Error - 16:02:52] No config file for /home/rugery/Documentos/Proyects/Portafolio/index.html
[Error - 16:02:52] No config file for /home/rugery/Documentos/Proyects/Portafolio/index.html
[Error - 16:02:58] No config file for /home/rugery/Documentos/Proyects/Portafolio/index.html
[Error - 16:03:00] No config file for /home/rugery/Documentos/Proyects/Portafolio/index.html
[Error - 16:03:16] No config file for /home/rugery/Documentos/Proyects/Portafolio/index.html
[Error - 16:10:16] No config file for /home/rugery/Documentos/Proyects/Portafolio/index.html
[Error - 16:10:17] No config file for /home/rugery/Documentos/Proyects/Portafolio/index.html
[Error - 16:10:17] No config file for /home/rugery/Documentos/Proyects/Portafolio/index.html
[Error - 16:10:18] No config file for /home/rugery/Documentos/Proyects/Portafolio/index.html
[Error - 16:10:20] No config file for /home/rugery/Documentos/Proyects/Portafolio/index.html
[Error - 16:10:20] No config file for /home/rugery/Documentos/Proyects/Portafolio/index.html
[Error - 16:10:21] No config file for /home/rugery/Documentos/Proyects/Portafolio/index.html
[Error - 16:10:21] No config file for /home/rugery/Documentos/Proyects/Portafolio/index.html
[Error - 16:10:21] No config file for /home/rugery/Documentos/Proyects/Portafolio/index.html
[Error - 16:10:22] No config file for /home/rugery/Documentos/Proyects/Portafolio/index.html
[Error - 16:10:22] No config file for /home/rugery/Documentos/Proyects/Portafolio/index.html
[Error - 16:10:22] No config file for /home/rugery/Documentos/Proyects/Portafolio/index.html
[Error - 16:10:22] No config file for /home/rugery/Documentos/Proyects/Portafolio/index.html
[Error - 16:10:22] No config file for /home/rugery/Documentos/Proyects/Portafolio/index.html
[Error - 16:10:22] No config file for /home/rugery/Documentos/Proyects/Portafolio/index.html
[Error - 16:10:23] No config file for /home/rugery/Documentos/Proyects/Portafolio/index.html
[Error - 16:10:23] No config file for /home/rugery/Documentos/Proyects/Portafolio/index.html
[Error - 16:10:23] No config file for /home/rugery/Documentos/Proyects/Portafolio/index.html
[Error - 16:10:23] No config file for /home/rugery/Documentos/Proyects/Portafolio/index.html
[Error - 16:10:23] No config file for /home/rugery/Documentos/Proyects/Portafolio/index.html
[Error - 16:10:24] No config file for /home/rugery/Documentos/Proyects/Portafolio/index.html
[Error - 16:10:24] No config file for /home/rugery/Documentos/Proyects/Portafolio/index.html
[Error - 16:10:24] No config file for /home/rugery/Documentos/Proyects/Portafolio/index.html
[Error - 16:10:24] No config file for /home/rugery/Documentos/Proyects/Portafolio/index.html
[Error - 16:10:24] No config file for /home/rugery/Documentos/Proyects/Portafolio/index.html
[Error - 16:10:24] No config file for /home/rugery/Documentos/Proyects/Portafolio/index.html
[Error - 16:10:24] No config file for /home/rugery/Documentos/Proyects/Portafolio/index.html
[Error - 16:10:24] No config file for /home/rugery/Documentos/Proyects/Portafolio/index.html
[Error - 16:10:26] No config file for /home/rugery/Documentos/Proyects/Portafolio/index.html
[Error - 16:10:26] No config file for /home/rugery/Documentos/Proyects/Portafolio/index.html
[Error - 16:10:26] No config file for /home/rugery/Documentos/Proyects/Portafolio/index.html
[Error - 16:10:27] No config file for /home/rugery/Documentos/Proyects/Portafolio/index.html
[Error - 16:10:27] No config file for /home/rugery/Documentos/Proyects/Portafolio/index.html
[Error - 16:10:27] No config file for /home/rugery/Documentos/Proyects/Portafolio/index.html
[Error - 16:10:28] No config file for /home/rugery/Documentos/Proyects/Portafolio/index.html
[Error - 16:10:28] No config file for /home/rugery/Documentos/Proyects/Portafolio/index.html
[Error - 16:10:28] No config file for /home/rugery/Documentos/Proyects/Portafolio/index.html
[Error - 16:10:28] No config file for /home/rugery/Documentos/Proyects/Portafolio/index.html
[Error - 16:10:28] No config file for /home/rugery/Documentos/Proyects/Portafolio/index.html
[Error - 16:10:29] No config file for /home/rugery/Documentos/Proyects/Portafolio/index.html
[Error - 16:10:29] No config file for /home/rugery/Documentos/Proyects/Portafolio/index.html
[Error - 16:10:29] No config file for /home/rugery/Documentos/Proyects/Portafolio/index.html
[Error - 16:10:30] No config file for /home/rugery/Documentos/Proyects/Portafolio/index.html
[Error - 16:10:30] No config file for /home/rugery/Documentos/Proyects/Portafolio/index.html
[Error - 16:10:30] No config file for /home/rugery/Documentos/Proyects/Portafolio/index.html
[Error - 16:10:30] No config file for /home/rugery/Documentos/Proyects/Portafolio/index.html
[Error - 16:10:30] No config file for /home/rugery/Documentos/Proyects/Portafolio/index.html
[Error - 16:10:30] No config file for /home/rugery/Documentos/Proyects/Portafolio/index.html
[Error - 16:10:32] No config file for /home/rugery/Documentos/Proyects/Portafolio/index.html
[Error - 16:10:32] No config file for /home/rugery/Documentos/Proyects/Portafolio/index.html
[Error - 16:10:32] No config file for /home/rugery/Documentos/Proyects/Portafolio/index.html
[Error - 16:10:32] No config file for /home/rugery/Documentos/Proyects/Portafolio/index.html
[Error - 16:10:36] No config file for /home/rugery/Documentos/Proyects/Portafolio/index.html
[Error - 16:10:37] No config file for /home/rugery/Documentos/Proyects/Portafolio/index.html
[Error - 16:10:38] No config file for /home/rugery/Documentos/Proyects/Portafolio/index.html
[Error - 16:10:38] No config file for /home/rugery/Documentos/Proyects/Portafolio/index.html
[Error - 16:10:38] No config file for /home/rugery/Documentos/Proyects/Portafolio/index.html
[Error - 16:10:38] No config file for /home/rugery/Documentos/Proyects/Portafolio/index.html
[Error - 16:10:39] No config file for /home/rugery/Documentos/Proyects/Portafolio/index.html
[Error - 16:10:39] No config file for /home/rugery/Documentos/Proyects/Portafolio/index.html
[Error - 16:10:40] No config file for /home/rugery/Documentos/Proyects/Portafolio/index.html
[Error - 16:10:40] No config file for /home/rugery/Documentos/Proyects/Portafolio/index.html
[Error - 16:10:40] No config file for /home/rugery/Documentos/Proyects/Portafolio/index.html
[Error - 16:10:43] No config file for /home/rugery/Documentos/Proyects/Portafolio/index.html
[Error - 16:10:43] No config file for /home/rugery/Documentos/Proyects/Portafolio/index.html
[Error - 16:10:43] No config file for /home/rugery/Documentos/Proyects/Portafolio/index.html
[Error - 16:10:43] No config file for /home/rugery/Documentos/Proyects/Portafolio/index.html
[Error - 16:10:43] No config file for /home/rugery/Documentos/Proyects/Portafolio/index.html
[Error - 16:10:44] No config file for /home/rugery/Documentos/Proyects/Portafolio/index.html
[Error - 16:10:44] No config file for /home/rugery/Documentos/Proyects/Portafolio/index.html
[Error - 16:10:44] No config file for /home/rugery/Documentos/Proyects/Portafolio/index.html
[Error - 16:10:44] No config file for /home/rugery/Documentos/Proyects/Portafolio/index.html
[Error - 16:10:44] No config file for /home/rugery/Documentos/Proyects/Portafolio/index.html
[Error - 16:10:44] No config file for /home/rugery/Documentos/Proyects/Portafolio/index.html
[Error - 16:10:44] No config file for /home/rugery/Documentos/Proyects/Portafolio/index.html
[Error - 16:10:44] No config file for /home/rugery/Documentos/Proyects/Portafolio/index.html
[Error - 16:10:45] No config file for /home/rugery/Documentos/Proyects/Portafolio/index.html
[Error - 16:10:45] No config file for /home/rugery/Documentos/Proyects/Portafolio/index.html
[Error - 16:10:45] No config file for /home/rugery/Documentos/Proyects/Portafolio/index.html
[Error - 16:10:45] No config file for /home/rugery/Documentos/Proyects/Portafolio/index.html
[Error - 16:10:45] No config file for /home/rugery/Documentos/Proyects/Portafolio/index.html
[Error - 16:10:45] No config file for /home/rugery/Documentos/Proyects/Portafolio/index.html
[Error - 16:10:45] No config file for /home/rugery/Documentos/Proyects/Portafolio/index.html
[Error - 16:10:45] No config file for /home/rugery/Documentos/Proyects/Portafolio/index.html
[Error - 16:10:45] No config file for /home/rugery/Documentos/Proyects/Portafolio/index.html
[Error - 16:10:45] No config file for /home/rugery/Documentos/Proyects/Portafolio/index.html
[Error - 16:10:46] No config file for /home/rugery/Documentos/Proyects/Portafolio/index.html
[Error - 16:13:56] No config file for /home/rugery/Documentos/Proyects/Portafolio/index.html
[Error - 16:13:57] No config file for /home/rugery/Documentos/Proyects/Portafolio/index.html
[Error - 16:13:57] No config file for /home/rugery/Documentos/Proyects/Portafolio/index.html
[Error - 16:13:57] No config file for /home/rugery/Documentos/Proyects/Portafolio/index.html
[Error - 16:14:25] No config file for /home/rugery/Documentos/Proyects/Portafolio/index.html
[Error - 16:14:25] No config file for /home/rugery/Documentos/Proyects/Portafolio/index.html
[Error - 16:14:25] No config file for /home/rugery/Documentos/Proyects/Portafolio/index.html
[Error - 16:16:10] No config file for /home/rugery/Documentos/Proyects/Portafolio/index.html
[Error - 16:16:10] No config file for /home/rugery/Documentos/Proyects/Portafolio/index.html
[Error - 16:16:10] No config file for /home/rugery/Documentos/Proyects/Portafolio/index.html
[Error - 16:16:10] No config file for /home/rugery/Documentos/Proyects/Portafolio/index.html
[Error - 16:16:12] No config file for /home/rugery/Documentos/Proyects/Portafolio/index.html
[Error - 16:16:16] No config file for /home/rugery/Documentos/Proyects/Portafolio/index.html
[Error - 16:16:16] No config file for /home/rugery/Documentos/Proyects/Portafolio/index.html
[Error - 16:16:17] No config file for /home/rugery/Documentos/Proyects/Portafolio/index.html
[Error - 16:16:20] No config file for /home/rugery/Documentos/Proyects/Portafolio/index.html
[Error - 16:16:21] No config file for /home/rugery/Documentos/Proyects/Portafolio/index.html
[Error - 16:16:21] No config file for /home/rugery/Documentos/Proyects/Portafolio/index.html
[Error - 16:16:21] No config file for /home/rugery/Documentos/Proyects/Portafolio/index.html
[Error - 16:16:21] No config file for /home/rugery/Documentos/Proyects/Portafolio/index.html
[Error - 16:16:21] No config file for /home/rugery/Documentos/Proyects/Portafolio/index.html
[Error - 16:16:24] No config file for /home/rugery/Documentos/Proyects/Portafolio/index.html
[Error - 16:16:24] No config file for /home/rugery/Documentos/Proyects/Portafolio/index.html
[Error - 16:16:24] No config file for /home/rugery/Documentos/Proyects/Portafolio/index.html
[Error - 16:16:24] No config file for /home/rugery/Documentos/Proyects/Portafolio/index.html
[Error - 16:16:26] No config file for /home/rugery/Documentos/Proyects/Portafolio/index.html
[Error - 16:16:26] No config file for /home/rugery/Documentos/Proyects/Portafolio/index.html
[Error - 16:16:26] No config file for /home/rugery/Documentos/Proyects/Portafolio/index.html
[Error - 16:16:26] No config file for /home/rugery/Documentos/Proyects/Portafolio/index.html
[Error - 16:16:26] No config file for /home/rugery/Documentos/Proyects/Portafolio/index.html
[Error - 16:16:26] No config file for /home/rugery/Documentos/Proyects/Portafolio/index.html
[Error - 16:16:26] No config file for /home/rugery/Documentos/Proyects/Portafolio/index.html
[Error - 16:16:26] No config file for /home/rugery/Documentos/Proyects/Portafolio/index.html
[Error - 16:16:28] No config file for /home/rugery/Documentos/Proyects/Portafolio/index.html
[Error - 16:16:28] No config file for /home/rugery/Documentos/Proyects/Portafolio/index.html
[Error - 16:16:29] No config file for /home/rugery/Documentos/Proyects/Portafolio/index.html
[Error - 16:16:29] No config file for /home/rugery/Documentos/Proyects/Portafolio/index.html
[Error - 16:16:29] No config file for /home/rugery/Documentos/Proyects/Portafolio/index.html
[Error - 16:16:32] No config file for /home/rugery/Documentos/Proyects/Portafolio/index.html
[Error - 16:16:32] No config file for /home/rugery/Documentos/Proyects/Portafolio/index.html
[Error - 16:16:32] No config file for /home/rugery/Documentos/Proyects/Portafolio/index.html
[Error - 16:16:32] No config file for /home/rugery/Documentos/Proyects/Portafolio/index.html
[Error - 16:16:33] No config file for /home/rugery/Documentos/Proyects/Portafolio/index.html
[Error - 16:16:33] No config file for /home/rugery/Documentos/Proyects/Portafolio/index.html
[Error - 16:16:34] No config file for /home/rugery/Documentos/Proyects/Portafolio/index.html
[Error - 16:16:40] No config file for /home/rugery/Documentos/Proyects/Portafolio/index.html
[Error - 16:16:40] No config file for /home/rugery/Documentos/Proyects/Portafolio/index.html
[Error - 16:16:40] No config file for /home/rugery/Documentos/Proyects/Portafolio/index.html
[Error - 16:16:41] No config file for /home/rugery/Documentos/Proyects/Portafolio/index.html
[Error - 16:17:09] No config file for /home/rugery/Documentos/Proyects/Portafolio/index.html
[Error - 16:17:09] No config file for /home/rugery/Documentos/Proyects/Portafolio/index.html
[Error - 16:17:09] No config file for /home/rugery/Documentos/Proyects/Portafolio/index.html
[Error - 16:17:09] No config file for /home/rugery/Documentos/Proyects/Portafolio/index.html
[Error - 16:17:10] No config file for /home/rugery/Documentos/Proyects/Portafolio/index.html
[Error - 16:18:17] No config file for /home/rugery/Documentos/Proyects/Portafolio/index.html
[Error - 16:18:18] No config file for /home/rugery/Documentos/Proyects/Portafolio/index.html
[Error - 16:18:18] No config file for /home/rugery/Documentos/Proyects/Portafolio/index.html
[Error - 16:18:18] No config file for /home/rugery/Documentos/Proyects/Portafolio/index.html
[Error - 16:18:19] No config file for /home/rugery/Documentos/Proyects/Portafolio/index.html
[Error - 16:18:20] No config file for /home/rugery/Documentos/Proyects/Portafolio/index.html
[Error - 16:18:20] No config file for /home/rugery/Documentos/Proyects/Portafolio/index.html
[Error - 16:18:20] No config file for /home/rugery/Documentos/Proyects/Portafolio/index.html
[Error - 16:18:21] No config file for /home/rugery/Documentos/Proyects/Portafolio/index.html
[Error - 16:18:21] No config file for /home/rugery/Documentos/Proyects/Portafolio/index.html
[Error - 16:18:22] No config file for /home/rugery/Documentos/Proyects/Portafolio/index.html
[Error - 16:18:22] No config file for /home/rugery/Documentos/Proyects/Portafolio/index.html
[Error - 16:18:22] No config file for /home/rugery/Documentos/Proyects/Portafolio/index.html
[Error - 16:18:23] No config file for /home/rugery/Documentos/Proyects/Portafolio/index.html
[Error - 16:18:23] No config file for /home/rugery/Documentos/Proyects/Portafolio/index.html
[Error - 16:18:23] No config file for /home/rugery/Documentos/Proyects/Portafolio/index.html
[Error - 16:18:23] No config file for /home/rugery/Documentos/Proyects/Portafolio/index.html
[Error - 16:18:23] No config file for /home/rugery/Documentos/Proyects/Portafolio/index.html
[Error - 16:18:23] No config file for /home/rugery/Documentos/Proyects/Portafolio/index.html
[Error - 16:18:23] No config file for /home/rugery/Documentos/Proyects/Portafolio/index.html
[Error - 16:18:23] No config file for /home/rugery/Documentos/Proyects/Portafolio/index.html
[Error - 16:18:23] No config file for /home/rugery/Documentos/Proyects/Portafolio/index.html
[Error - 16:18:23] No config file for /home/rugery/Documentos/Proyects/Portafolio/index.html
[Error - 16:18:26] No config file for /home/rugery/Documentos/Proyects/Portafolio/index.html
[Error - 16:18:26] No config file for /home/rugery/Documentos/Proyects/Portafolio/index.html
[Error - 16:18:26] No config file for /home/rugery/Documentos/Proyects/Portafolio/index.html
[Error - 16:18:26] No config file for /home/rugery/Documentos/Proyects/Portafolio/index.html
[Error - 16:18:26] No config file for /home/rugery/Documentos/Proyects/Portafolio/index.html
[Error - 16:18:26] No config file for /home/rugery/Documentos/Proyects/Portafolio/index.html
[Error - 16:18:26] No config file for /home/rugery/Documentos/Proyects/Portafolio/index.html
[Error - 16:18:27] No config file for /home/rugery/Documentos/Proyects/Portafolio/index.html
[Error - 16:18:27] No config file for /home/rugery/Documentos/Proyects/Portafolio/index.html
[Error - 16:18:27] No config file for /home/rugery/Documentos/Proyects/Portafolio/index.html
[Error - 16:18:27] No config file for /home/rugery/Documentos/Proyects/Portafolio/index.html
[Error - 16:18:28] No config file for /home/rugery/Documentos/Proyects/Portafolio/index.html
[Error - 16:18:28] No config file for /home/rugery/Documentos/Proyects/Portafolio/index.html
[Error - 16:18:28] No config file for /home/rugery/Documentos/Proyects/Portafolio/index.html
[Error - 16:18:28] No config file for /home/rugery/Documentos/Proyects/Portafolio/index.html
[Error - 16:18:28] No config file for /home/rugery/Documentos/Proyects/Portafolio/index.html
[Error - 16:18:28] No config file for /home/rugery/Documentos/Proyects/Portafolio/index.html
[Error - 16:18:28] No config file for /home/rugery/Documentos/Proyects/Portafolio/index.html
[Error - 16:18:29] No config file for /home/rugery/Documentos/Proyects/Portafolio/index.html
[Error - 16:18:29] No config file for /home/rugery/Documentos/Proyects/Portafolio/index.html
[Error - 16:18:29] No config file for /home/rugery/Documentos/Proyects/Portafolio/index.html
[Error - 16:18:29] No config file for /home/rugery/Documentos/Proyects/Portafolio/index.html
[Error - 16:18:29] No config file for /home/rugery/Documentos/Proyects/Portafolio/index.html
[Error - 16:18:29] No config file for /home/rugery/Documentos/Proyects/Portafolio/index.html
[Error - 16:18:29] No config file for /home/rugery/Documentos/Proyects/Portafolio/index.html
[Error - 16:18:29] No config file for /home/rugery/Documentos/Proyects/Portafolio/index.html
[Error - 16:18:30] No config file for /home/rugery/Documentos/Proyects/Portafolio/index.html
[Error - 16:18:31] No config file for /home/rugery/Documentos/Proyects/Portafolio/index.html
[Error - 16:18:31] No config file for /home/rugery/Documentos/Proyects/Portafolio/index.html
[Error - 16:18:32] No config file for /home/rugery/Documentos/Proyects/Portafolio/index.html
[Error - 16:18:33] No config file for /home/rugery/Documentos/Proyects/Portafolio/index.html
[Error - 16:18:33] No config file for /home/rugery/Documentos/Proyects/Portafolio/index.html
[Error - 16:18:33] No config file for /home/rugery/Documentos/Proyects/Portafolio/index.html
[Error - 16:18:33] No config file for /home/rugery/Documentos/Proyects/Portafolio/index.html
[Error - 16:18:33] No config file for /home/rugery/Documentos/Proyects/Portafolio/index.html
[Error - 16:18:33] No config file for /home/rugery/Documentos/Proyects/Portafolio/index.html
[Error - 16:18:33] No config file for /home/rugery/Documentos/Proyects/Portafolio/index.html
[Error - 16:18:34] No config file for /home/rugery/Documentos/Proyects/Portafolio/index.html
[Error - 16:18:34] No config file for /home/rugery/Documentos/Proyects/Portafolio/index.html
[Error - 16:18:34] No config file for /home/rugery/Documentos/Proyects/Portafolio/index.html
[Error - 16:18:35] No config file for /home/rugery/Documentos/Proyects/Portafolio/index.html
[Error - 16:18:35] No config file for /home/rugery/Documentos/Proyects/Portafolio/index.html
[Error - 16:18:35] No config file for /home/rugery/Documentos/Proyects/Portafolio/index.html
[Error - 16:18:35] No config file for /home/rugery/Documentos/Proyects/Portafolio/index.html
[Error - 16:18:35] No config file for /home/rugery/Documentos/Proyects/Portafolio/index.html
[Error - 16:18:35] No config file for /home/rugery/Documentos/Proyects/Portafolio/index.html
[Error - 16:18:36] No config file for /home/rugery/Documentos/Proyects/Portafolio/index.html
[Error - 16:18:37] No config file for /home/rugery/Documentos/Proyects/Portafolio/index.html
[Error - 16:18:37] No config file for /home/rugery/Documentos/Proyects/Portafolio/index.html
[Error - 16:18:37] No config file for /home/rugery/Documentos/Proyects/Portafolio/index.html
[Error - 16:18:37] No config file for /home/rugery/Documentos/Proyects/Portafolio/index.html
[Error - 16:19:43] No config file for /home/rugery/Documentos/Proyects/Portafolio/index.html
[Error - 16:19:43] No config file for /home/rugery/Documentos/Proyects/Portafolio/index.html
[Error - 16:19:43] No config file for /home/rugery/Documentos/Proyects/Portafolio/index.html
[Error - 16:19:43] No config file for /home/rugery/Documentos/Proyects/Portafolio/index.html
[Error - 16:20:07] No config file for /home/rugery/Documentos/Proyects/Portafolio/index.html
[Error - 16:22:07] No config file for /home/rugery/Documentos/Proyects/Portafolio/index.html
[Error - 16:22:07] No config file for /home/rugery/Documentos/Proyects/Portafolio/index.html
[Error - 16:22:07] No config file for /home/rugery/Documentos/Proyects/Portafolio/index.html
[Error - 16:22:07] No config file for /home/rugery/Documentos/Proyects/Portafolio/index.html
[Error - 16:22:08] No config file for /home/rugery/Documentos/Proyects/Portafolio/index.html
[Error - 16:22:48] No config file for /home/rugery/Documentos/Proyects/Portafolio/index.html
[Error - 16:23:19] No config file for /home/rugery/Documentos/Proyects/Portafolio/index.html
[Error - 16:23:19] No config file for /home/rugery/Documentos/Proyects/Portafolio/index.html
[Error - 16:23:19] No config file for /home/rugery/Documentos/Proyects/Portafolio/index.html
[Error - 16:23:19] No config file for /home/rugery/Documentos/Proyects/Portafolio/index.html
[Error - 16:23:21] No config file for /home/rugery/Documentos/Proyects/Portafolio/index.html
[Error - 16:23:21] No config file for /home/rugery/Documentos/Proyects/Portafolio/index.html
[Error - 16:23:21] No config file for /home/rugery/Documentos/Proyects/Portafolio/index.html
[Error - 16:23:21] No config file for /home/rugery/Documentos/Proyects/Portafolio/index.html
[Error - 16:23:21] No config file for /home/rugery/Documentos/Proyects/Portafolio/index.html
[Error - 16:23:23] No config file for /home/rugery/Documentos/Proyects/Portafolio/index.html
[Error - 16:23:23] No config file for /home/rugery/Documentos/Proyects/Portafolio/index.html
[Error - 16:23:23] No config file for /home/rugery/Documentos/Proyects/Portafolio/index.html
[Error - 16:23:23] No config file for /home/rugery/Documentos/Proyects/Portafolio/index.html
[Error - 16:23:23] No config file for /home/rugery/Documentos/Proyects/Portafolio/index.html
[Error - 16:23:23] No config file for /home/rugery/Documentos/Proyects/Portafolio/index.html
[Error - 16:23:24] No config file for /home/rugery/Documentos/Proyects/Portafolio/index.html
[Error - 16:23:24] No config file for /home/rugery/Documentos/Proyects/Portafolio/index.html
[Error - 16:23:24] No config file for /home/rugery/Documentos/Proyects/Portafolio/index.html
[Error - 16:23:24] No config file for /home/rugery/Documentos/Proyects/Portafolio/index.html
[Error - 16:23:24] No config file for /home/rugery/Documentos/Proyects/Portafolio/index.html
[Error - 16:23:24] No config file for /home/rugery/Documentos/Proyects/Portafolio/index.html
[Error - 16:23:25] No config file for /home/rugery/Documentos/Proyects/Portafolio/index.html
[Error - 16:23:26] No config file for /home/rugery/Documentos/Proyects/Portafolio/index.html
[Error - 16:23:26] No config file for /home/rugery/Documentos/Proyects/Portafolio/index.html
[Error - 16:23:26] No config file for /home/rugery/Documentos/Proyects/Portafolio/index.html
[Error - 16:23:26] No config file for /home/rugery/Documentos/Proyects/Portafolio/index.html
[Error - 16:23:26] No config file for /home/rugery/Documentos/Proyects/Portafolio/index.html
[Error - 16:23:28] No config file for /home/rugery/Documentos/Proyects/Portafolio/index.html
[Error - 16:23:29] No config file for /home/rugery/Documentos/Proyects/Portafolio/index.html
[Error - 16:23:31] No config file for /home/rugery/Documentos/Proyects/Portafolio/index.html
[Error - 16:23:31] No config file for /home/rugery/Documentos/Proyects/Portafolio/index.html
[Error - 16:23:31] No config file for /home/rugery/Documentos/Proyects/Portafolio/index.html
[Error - 16:23:31] No config file for /home/rugery/Documentos/Proyects/Portafolio/index.html
[Error - 16:23:31] No config file for /home/rugery/Documentos/Proyects/Portafolio/index.html
[Error - 16:23:31] No config file for /home/rugery/Documentos/Proyects/Portafolio/index.html
[Error - 16:23:31] No config file for /home/rugery/Documentos/Proyects/Portafolio/index.html
[Error - 16:23:31] No config file for /home/rugery/Documentos/Proyects/Portafolio/index.html
[Error - 16:23:31] No config file for /home/rugery/Documentos/Proyects/Portafolio/index.html
[Error - 16:23:32] No config file for /home/rugery/Documentos/Proyects/Portafolio/index.html
[Error - 16:23:32] No config file for /home/rugery/Documentos/Proyects/Portafolio/index.html
[Error - 16:23:32] No config file for /home/rugery/Documentos/Proyects/Portafolio/index.html
[Error - 16:23:32] No config file for /home/rugery/Documentos/Proyects/Portafolio/index.html
[Error - 16:23:32] No config file for /home/rugery/Documentos/Proyects/Portafolio/index.html
[Error - 16:23:33] No config file for /home/rugery/Documentos/Proyects/Portafolio/index.html
[Error - 16:23:33] No config file for /home/rugery/Documentos/Proyects/Portafolio/index.html
[Error - 16:23:38] No config file for /home/rugery/Documentos/Proyects/Portafolio/index.html
[Error - 16:23:39] No config file for /home/rugery/Documentos/Proyects/Portafolio/index.html
[Error - 16:23:40] No config file for /home/rugery/Documentos/Proyects/Portafolio/index.html
[Error - 16:23:40] No config file for /home/rugery/Documentos/Proyects/Portafolio/index.html
[Error - 16:23:40] No config file for /home/rugery/Documentos/Proyects/Portafolio/index.html
[Error - 16:23:40] No config file for /home/rugery/Documentos/Proyects/Portafolio/index.html
[Error - 16:23:40] No config file for /home/rugery/Documentos/Proyects/Portafolio/index.html
[Error - 16:23:40] No config file for /home/rugery/Documentos/Proyects/Portafolio/index.html
[Error - 16:23:41] No config file for /home/rugery/Documentos/Proyects/Portafolio/index.html
[Error - 16:23:41] No config file for /home/rugery/Documentos/Proyects/Portafolio/index.html
[Error - 16:23:41] No config file for /home/rugery/Documentos/Proyects/Portafolio/index.html
[Error - 16:23:41] No config file for /home/rugery/Documentos/Proyects/Portafolio/index.html
[Error - 16:25:18] No config file for /home/rugery/Documentos/Proyects/Portafolio/index.html
[Error - 16:29:00] No config file for /home/rugery/Documentos/Proyects/Portafolio/index.html
[Error - 16:29:00] No config file for /home/rugery/Documentos/Proyects/Portafolio/index.html
[Error - 16:29:00] No config file for /home/rugery/Documentos/Proyects/Portafolio/index.html
[Error - 16:29:00] No config file for /home/rugery/Documentos/Proyects/Portafolio/index.html
[Error - 16:34:13] No config file for /home/rugery/Documentos/Proyects/Portafolio/index.html
[Error - 16:34:13] No config file for /home/rugery/Documentos/Proyects/Portafolio/index.html
[Error - 16:34:13] No config file for /home/rugery/Documentos/Proyects/Portafolio/index.html
[Error - 16:34:13] No config file for /home/rugery/Documentos/Proyects/Portafolio/index.html
