2023-03-05 15:45:59.312 [info] Reading sessions from keychain...
2023-03-05 15:45:59.312 [info] Getting sessions for user:email...
2023-03-05 15:45:59.312 [info] Got 0 sessions for user:email...
2023-03-05 15:45:59.312 [info] Getting sessions for all scopes...
2023-03-05 15:45:59.312 [info] Got 0 sessions for ...
2023-03-05 15:45:59.805 [info] Getting sessions for all scopes...
2023-03-05 15:45:59.805 [info] Got 0 sessions for ...
2023-03-05 15:46:04.026 [info] Getting sessions for all scopes...
2023-03-05 15:46:04.026 [info] Got 0 sessions for ...
2023-03-05 15:46:04.949 [info] Getting sessions for read:user,repo,user:email,workflow...
2023-03-05 15:46:04.949 [info] Got 0 sessions for read:user,repo,user:email,workflow...
2023-03-05 15:48:04.868 [info] Reading sessions from keychain...
2023-03-05 15:48:04.868 [info] Getting sessions for user:email...
2023-03-05 15:48:04.868 [info] Got 0 sessions for user:email...
2023-03-05 15:48:04.894 [info] Getting sessions for all scopes...
2023-03-05 15:48:04.894 [info] Got 0 sessions for ...
2023-03-05 15:48:05.074 [info] Getting sessions for all scopes...
2023-03-05 15:48:05.074 [info] Got 0 sessions for ...
2023-03-05 15:48:05.443 [info] Getting sessions for read:user,repo,user:email,workflow...
2023-03-05 15:48:05.443 [info] Got 0 sessions for read:user,repo,user:email,workflow...
