2023-03-05 16:32:07.428 [info] Log level: Info
2023-03-05 16:32:07.428 [info] Validating found git in: "git"
2023-03-05 16:32:07.428 [info] Using git "2.39.2" from "git"
2023-03-05 16:32:07.428 [info] > git rev-parse --show-toplevel [70ms]
2023-03-05 16:32:07.428 [info] fatal: not a git repository (or any of the parent directories): .git
2023-03-05 16:32:07.428 [info] > git rev-parse --show-toplevel [22ms]
2023-03-05 16:32:07.428 [info] fatal: not a git repository (or any of the parent directories): .git
2023-03-05 16:32:07.428 [info] > git rev-parse --show-toplevel [49ms]
2023-03-05 16:32:07.428 [info] fatal: not a git repository (or any of the parent directories): .git
2023-03-05 16:32:07.428 [info] > git rev-parse --show-toplevel [55ms]
2023-03-05 16:32:07.428 [info] fatal: not a git repository (or any of the parent directories): .git
2023-03-05 16:32:09.417 [info] > git rev-parse --show-toplevel [4ms]
2023-03-05 16:32:09.417 [info] fatal: not a git repository (or any of the parent directories): .git
2023-03-05 16:32:54.470 [info] > git rev-parse --show-toplevel [6ms]
2023-03-05 16:32:54.486 [info] > git rev-parse --git-dir --git-common-dir [3ms]
2023-03-05 16:32:54.507 [info] Open repository: /home/rugery/Documentos/Programs/MapsAngular/maps
2023-03-05 16:32:54.537 [info] No remotes found in the git config file.
2023-03-05 16:32:54.538 [info] > git config --get commit.template [16ms]
2023-03-05 16:32:54.539 [info] > git for-each-ref --format=%(refname)%00%(upstream:short)%00%(objectname)%00%(upstream:track)%00%(upstream:remotename)%00%(upstream:remoteref) refs/heads/master refs/remotes/master [4ms]
2023-03-05 16:32:54.571 [info] > git status -z -uall [19ms]
2023-03-05 16:32:54.575 [info] > git for-each-ref --sort -committerdate --format %(refname) %(objectname) %(*objectname) [6ms]
2023-03-05 16:32:54.611 [info] No remotes found in the git config file.
2023-03-05 16:32:54.933 [info] > git for-each-ref --format=%(refname)%00%(upstream:short)%00%(objectname)%00%(upstream:track)%00%(upstream:remotename)%00%(upstream:remoteref) refs/heads/master refs/remotes/master [322ms]
2023-03-05 16:32:54.934 [info] > git config --get commit.template [335ms]
2023-03-05 16:32:55.114 [info] > git status -z -uall [167ms]
2023-03-05 16:32:55.118 [info] > git for-each-ref --sort -committerdate --format %(refname) %(objectname) %(*objectname) [156ms]
2023-03-05 16:32:55.624 [info] > git check-ignore -v -z --stdin [41ms]
2023-03-05 16:32:55.625 [info] > git show --textconv :src/index.html [24ms]
2023-03-05 16:32:55.628 [info] > git ls-files --stage -- /home/rugery/Documentos/Programs/MapsAngular/maps/src/index.html [6ms]
2023-03-05 16:32:55.645 [info] > git cat-file -s 28e405e19f8dbe94981929c0241bcbdbf15d1adf [4ms]
2023-03-05 16:33:00.274 [info] > git config --get commit.template [1ms]
2023-03-05 16:33:00.286 [info] No remotes found in the git config file.
2023-03-05 16:33:00.287 [info] > git for-each-ref --format=%(refname)%00%(upstream:short)%00%(objectname)%00%(upstream:track)%00%(upstream:remotename)%00%(upstream:remoteref) refs/heads/master refs/remotes/master [1ms]
2023-03-05 16:33:00.329 [info] > git status -z -uall [29ms]
2023-03-05 16:33:00.330 [info] > git for-each-ref --sort -committerdate --format %(refname) %(objectname) %(*objectname) [17ms]
2023-03-05 16:33:05.377 [info] > git config --get commit.template [4ms]
2023-03-05 16:33:05.401 [info] No remotes found in the git config file.
2023-03-05 16:33:05.404 [info] > git for-each-ref --format=%(refname)%00%(upstream:short)%00%(objectname)%00%(upstream:track)%00%(upstream:remotename)%00%(upstream:remoteref) refs/heads/master refs/remotes/master [3ms]
2023-03-05 16:33:05.439 [info] > git status -z -uall [19ms]
2023-03-05 16:33:05.441 [info] > git for-each-ref --sort -committerdate --format %(refname) %(objectname) %(*objectname) [4ms]
2023-03-05 16:35:37.775 [info] > git check-ignore -v -z --stdin [5ms]
2023-03-05 16:36:17.989 [info] > git config --get commit.template [2ms]
2023-03-05 16:36:17.999 [info] No remotes found in the git config file.
2023-03-05 16:36:18.000 [info] > git for-each-ref --format=%(refname)%00%(upstream:short)%00%(objectname)%00%(upstream:track)%00%(upstream:remotename)%00%(upstream:remoteref) refs/heads/master refs/remotes/master [2ms]
2023-03-05 16:36:18.033 [info] > git status -z -uall [25ms]
2023-03-05 16:36:18.033 [info] > git for-each-ref --sort -committerdate --format %(refname) %(objectname) %(*objectname) [13ms]
2023-03-05 16:36:23.052 [info] No remotes found in the git config file.
2023-03-05 16:36:23.061 [info] > git config --get commit.template [10ms]
2023-03-05 16:36:23.062 [info] > git for-each-ref --format=%(refname)%00%(upstream:short)%00%(objectname)%00%(upstream:track)%00%(upstream:remotename)%00%(upstream:remoteref) refs/heads/master refs/remotes/master [2ms]
2023-03-05 16:36:23.085 [info] > git status -z -uall [14ms]
2023-03-05 16:36:23.086 [info] > git for-each-ref --sort -committerdate --format %(refname) %(objectname) %(*objectname) [1ms]
2023-03-05 16:36:30.043 [info] > git config --get commit.template [3ms]
2023-03-05 16:36:30.053 [info] No remotes found in the git config file.
2023-03-05 16:36:30.055 [info] > git for-each-ref --format=%(refname)%00%(upstream:short)%00%(objectname)%00%(upstream:track)%00%(upstream:remotename)%00%(upstream:remoteref) refs/heads/master refs/remotes/master [2ms]
2023-03-05 16:36:30.074 [info] > git status -z -uall [11ms]
2023-03-05 16:36:30.076 [info] > git for-each-ref --sort -committerdate --format %(refname) %(objectname) %(*objectname) [3ms]
2023-03-05 16:36:31.157 [info] > git ls-files --stage -- /home/rugery/Documentos/Programs/MapsAngular/maps/src/index.html [2ms]
2023-03-05 16:36:31.167 [info] > git cat-file -s 28e405e19f8dbe94981929c0241bcbdbf15d1adf [1ms]
2023-03-05 16:36:31.179 [info] > git show --textconv :src/index.html [1ms]
2023-03-05 16:36:39.172 [info] No remotes found in the git config file.
2023-03-05 16:36:39.173 [info] > git config --get commit.template [14ms]
2023-03-05 16:36:39.175 [info] > git for-each-ref --format=%(refname)%00%(upstream:short)%00%(objectname)%00%(upstream:track)%00%(upstream:remotename)%00%(upstream:remoteref) refs/heads/master refs/remotes/master [3ms]
2023-03-05 16:36:39.201 [info] > git status -z -uall [16ms]
2023-03-05 16:36:39.204 [info] > git for-each-ref --sort -committerdate --format %(refname) %(objectname) %(*objectname) [3ms]
2023-03-05 16:36:44.233 [info] > git config --get commit.template [2ms]
2023-03-05 16:36:44.253 [info] No remotes found in the git config file.
2023-03-05 16:36:44.262 [info] > git for-each-ref --format=%(refname)%00%(upstream:short)%00%(objectname)%00%(upstream:track)%00%(upstream:remotename)%00%(upstream:remoteref) refs/heads/master refs/remotes/master [9ms]
2023-03-05 16:36:44.304 [info] > git status -z -uall [21ms]
2023-03-05 16:36:44.305 [info] > git for-each-ref --sort -committerdate --format %(refname) %(objectname) %(*objectname) [2ms]
2023-03-05 16:37:29.461 [info] > git check-ignore -v -z --stdin [3ms]
2023-03-05 16:37:35.327 [info] > git check-ignore -v -z --stdin [3ms]
2023-03-05 16:37:42.081 [info] > git check-ignore -v -z --stdin [5ms]
2023-03-05 16:37:51.092 [info] > git show --textconv :src/app/app.component.ts [57ms]
2023-03-05 16:37:51.092 [info] > git ls-files --stage -- /home/rugery/Documentos/Programs/MapsAngular/maps/src/app/app.component.ts [35ms]
2023-03-05 16:37:51.220 [info] > git cat-file -s 569dd7770153c9ff04cf93578d8cd78c4521a3e2 [76ms]
2023-03-05 16:40:23.784 [info] No remotes found in the git config file.
2023-03-05 16:40:23.785 [info] > git config --get commit.template [13ms]
2023-03-05 16:40:23.786 [info] > git for-each-ref --format=%(refname)%00%(upstream:short)%00%(objectname)%00%(upstream:track)%00%(upstream:remotename)%00%(upstream:remoteref) refs/heads/master refs/remotes/master [4ms]
2023-03-05 16:40:23.812 [info] > git status -z -uall [15ms]
2023-03-05 16:40:23.814 [info] > git for-each-ref --sort -committerdate --format %(refname) %(objectname) %(*objectname) [3ms]
2023-03-05 16:40:23.885 [info] > git ls-files --stage -- /home/rugery/Documentos/Programs/MapsAngular/maps/src/index.html [13ms]
2023-03-05 16:40:23.895 [info] > git ls-files --stage -- /home/rugery/Documentos/Programs/MapsAngular/maps/src/app/app.component.ts [11ms]
2023-03-05 16:40:23.906 [info] > git cat-file -s 28e405e19f8dbe94981929c0241bcbdbf15d1adf [12ms]
2023-03-05 16:40:23.908 [info] > git cat-file -s 569dd7770153c9ff04cf93578d8cd78c4521a3e2 [2ms]
2023-03-05 16:40:23.923 [info] > git show --textconv :src/index.html [1ms]
2023-03-05 16:40:23.939 [info] > git show --textconv :src/app/app.component.ts [2ms]
2023-03-05 16:40:51.238 [info] No remotes found in the git config file.
2023-03-05 16:40:51.240 [info] > git config --get commit.template [12ms]
2023-03-05 16:40:51.240 [info] > git for-each-ref --format=%(refname)%00%(upstream:short)%00%(objectname)%00%(upstream:track)%00%(upstream:remotename)%00%(upstream:remoteref) refs/heads/master refs/remotes/master [2ms]
2023-03-05 16:40:51.264 [info] > git status -z -uall [13ms]
2023-03-05 16:40:51.265 [info] > git for-each-ref --sort -committerdate --format %(refname) %(objectname) %(*objectname) [2ms]
2023-03-05 16:40:51.312 [info] > git check-ignore -v -z --stdin [2ms]
2023-03-05 16:40:54.900 [info] > git check-ignore -v -z --stdin [7ms]
2023-03-05 16:40:55.441 [info] > git show --textconv :src/app/maps/maps.module.ts [16ms]
2023-03-05 16:40:55.441 [info] > git ls-files --stage -- /home/rugery/Documentos/Programs/MapsAngular/maps/src/app/maps/maps.module.ts [2ms]
2023-03-05 16:41:32.685 [info] > git show --textconv :src/app/app.module.ts [15ms]
2023-03-05 16:41:32.687 [info] > git ls-files --stage -- /home/rugery/Documentos/Programs/MapsAngular/maps/src/app/app.module.ts [3ms]
2023-03-05 16:41:32.712 [info] > git cat-file -s 8dfc1d68272a4187ff2fd1d95cc18be7f1bb008e [15ms]
2023-03-05 16:41:36.812 [info] > git config --get commit.template [1ms]
2023-03-05 16:41:36.822 [info] No remotes found in the git config file.
2023-03-05 16:41:36.823 [info] > git for-each-ref --format=%(refname)%00%(upstream:short)%00%(objectname)%00%(upstream:track)%00%(upstream:remotename)%00%(upstream:remoteref) refs/heads/master refs/remotes/master [2ms]
2023-03-05 16:41:36.846 [info] > git status -z -uall [11ms]
2023-03-05 16:41:36.848 [info] > git for-each-ref --sort -committerdate --format %(refname) %(objectname) %(*objectname) [2ms]
2023-03-05 16:41:41.886 [info] No remotes found in the git config file.
2023-03-05 16:41:41.888 [info] > git config --get commit.template [24ms]
2023-03-05 16:41:41.888 [info] > git for-each-ref --format=%(refname)%00%(upstream:short)%00%(objectname)%00%(upstream:track)%00%(upstream:remotename)%00%(upstream:remoteref) refs/heads/master refs/remotes/master [2ms]
2023-03-05 16:41:41.920 [info] > git status -z -uall [12ms]
2023-03-05 16:41:41.921 [info] > git for-each-ref --sort -committerdate --format %(refname) %(objectname) %(*objectname) [2ms]
2023-03-05 16:41:46.938 [info] > git config --get commit.template [1ms]
2023-03-05 16:41:46.947 [info] No remotes found in the git config file.
2023-03-05 16:41:46.949 [info] > git for-each-ref --format=%(refname)%00%(upstream:short)%00%(objectname)%00%(upstream:track)%00%(upstream:remotename)%00%(upstream:remoteref) refs/heads/master refs/remotes/master [2ms]
2023-03-05 16:41:46.971 [info] > git status -z -uall [12ms]
2023-03-05 16:41:46.972 [info] > git for-each-ref --sort -committerdate --format %(refname) %(objectname) %(*objectname) [2ms]
2023-03-05 16:42:40.655 [info] No remotes found in the git config file.
2023-03-05 16:42:40.655 [info] > git config --get commit.template [15ms]
2023-03-05 16:42:40.656 [info] > git for-each-ref --format=%(refname)%00%(upstream:short)%00%(objectname)%00%(upstream:track)%00%(upstream:remotename)%00%(upstream:remoteref) refs/heads/master refs/remotes/master [2ms]
2023-03-05 16:42:40.682 [info] > git status -z -uall [12ms]
2023-03-05 16:42:40.683 [info] > git for-each-ref --sort -committerdate --format %(refname) %(objectname) %(*objectname) [2ms]
2023-03-05 16:42:54.500 [info] > git check-ignore -v -z --stdin [1ms]
2023-03-05 16:42:55.044 [info] > git config --get commit.template [2ms]
2023-03-05 16:42:55.053 [info] No remotes found in the git config file.
2023-03-05 16:42:55.054 [info] > git for-each-ref --format=%(refname)%00%(upstream:short)%00%(objectname)%00%(upstream:track)%00%(upstream:remotename)%00%(upstream:remoteref) refs/heads/master refs/remotes/master [1ms]
2023-03-05 16:42:55.076 [info] > git status -z -uall [12ms]
2023-03-05 16:42:55.077 [info] > git for-each-ref --sort -committerdate --format %(refname) %(objectname) %(*objectname) [2ms]
2023-03-05 16:43:00.581 [info] > git check-ignore -v -z --stdin [2ms]
2023-03-05 16:43:01.163 [info] > git config --get commit.template [6ms]
2023-03-05 16:43:01.200 [info] No remotes found in the git config file.
2023-03-05 16:43:01.205 [info] > git for-each-ref --format=%(refname)%00%(upstream:short)%00%(objectname)%00%(upstream:track)%00%(upstream:remotename)%00%(upstream:remoteref) refs/heads/master refs/remotes/master [6ms]
2023-03-05 16:43:01.259 [info] > git status -z -uall [23ms]
2023-03-05 16:43:01.259 [info] > git for-each-ref --sort -committerdate --format %(refname) %(objectname) %(*objectname) [8ms]
2023-03-05 16:43:06.309 [info] > git config --get commit.template [4ms]
2023-03-05 16:43:06.340 [info] No remotes found in the git config file.
2023-03-05 16:43:06.344 [info] > git for-each-ref --format=%(refname)%00%(upstream:short)%00%(objectname)%00%(upstream:track)%00%(upstream:remotename)%00%(upstream:remoteref) refs/heads/master refs/remotes/master [5ms]
2023-03-05 16:43:06.388 [info] > git status -z -uall [15ms]
2023-03-05 16:43:06.389 [info] > git for-each-ref --sort -committerdate --format %(refname) %(objectname) %(*objectname) [2ms]
2023-03-05 16:43:12.776 [info] > git check-ignore -v -z --stdin [6ms]
2023-03-05 16:43:13.346 [info] No remotes found in the git config file.
2023-03-05 16:43:13.347 [info] > git config --get commit.template [40ms]
2023-03-05 16:43:13.349 [info] > git for-each-ref --format=%(refname)%00%(upstream:short)%00%(objectname)%00%(upstream:track)%00%(upstream:remotename)%00%(upstream:remoteref) refs/heads/master refs/remotes/master [4ms]
2023-03-05 16:43:13.422 [info] > git status -z -uall [40ms]
2023-03-05 16:43:13.428 [info] > git for-each-ref --sort -committerdate --format %(refname) %(objectname) %(*objectname) [9ms]
2023-03-05 16:43:21.246 [info] > git check-ignore -v -z --stdin [5ms]
2023-03-05 16:43:21.829 [info] > git config --get commit.template [5ms]
2023-03-05 16:43:21.866 [info] No remotes found in the git config file.
2023-03-05 16:43:21.871 [info] > git for-each-ref --format=%(refname)%00%(upstream:short)%00%(objectname)%00%(upstream:track)%00%(upstream:remotename)%00%(upstream:remoteref) refs/heads/master refs/remotes/master [7ms]
2023-03-05 16:43:21.924 [info] > git status -z -uall [21ms]
2023-03-05 16:43:21.928 [info] > git for-each-ref --sort -committerdate --format %(refname) %(objectname) %(*objectname) [5ms]
2023-03-05 16:43:27.693 [info] > git check-ignore -v -z --stdin [4ms]
2023-03-05 16:43:28.275 [info] No remotes found in the git config file.
2023-03-05 16:43:28.276 [info] > git config --get commit.template [33ms]
2023-03-05 16:43:28.278 [info] > git for-each-ref --format=%(refname)%00%(upstream:short)%00%(objectname)%00%(upstream:track)%00%(upstream:remotename)%00%(upstream:remoteref) refs/heads/master refs/remotes/master [3ms]
2023-03-05 16:43:28.313 [info] > git status -z -uall [16ms]
2023-03-05 16:43:28.314 [info] > git for-each-ref --sort -committerdate --format %(refname) %(objectname) %(*objectname) [2ms]
2023-03-05 16:43:49.500 [info] > git check-ignore -v -z --stdin [6ms]
2023-03-05 16:44:47.385 [info] No remotes found in the git config file.
2023-03-05 16:44:47.385 [info] > git config --get commit.template [29ms]
2023-03-05 16:44:47.388 [info] > git for-each-ref --format=%(refname)%00%(upstream:short)%00%(objectname)%00%(upstream:track)%00%(upstream:remotename)%00%(upstream:remoteref) refs/heads/master refs/remotes/master [4ms]
2023-03-05 16:44:47.429 [info] > git status -z -uall [21ms]
2023-03-05 16:44:47.431 [info] > git for-each-ref --sort -committerdate --format %(refname) %(objectname) %(*objectname) [3ms]
2023-03-05 16:45:45.299 [info] No remotes found in the git config file.
2023-03-05 16:45:45.300 [info] > git config --get commit.template [10ms]
2023-03-05 16:45:45.300 [info] > git for-each-ref --format=%(refname)%00%(upstream:short)%00%(objectname)%00%(upstream:track)%00%(upstream:remotename)%00%(upstream:remoteref) refs/heads/master refs/remotes/master [1ms]
2023-03-05 16:45:45.319 [info] > git status -z -uall [10ms]
2023-03-05 16:45:45.321 [info] > git for-each-ref --sort -committerdate --format %(refname) %(objectname) %(*objectname) [2ms]
2023-03-05 16:45:48.023 [info] > git check-ignore -v -z --stdin [3ms]
2023-03-05 16:46:45.105 [info] > git show --textconv :src/app/maps/maps.module.ts [19ms]
2023-03-05 16:46:45.106 [info] > git ls-files --stage -- /home/rugery/Documentos/Programs/MapsAngular/maps/src/app/maps/maps.module.ts [1ms]
2023-03-05 16:46:54.362 [info] > git config --get commit.template [3ms]
2023-03-05 16:46:54.383 [info] No remotes found in the git config file.
2023-03-05 16:46:54.384 [info] > git for-each-ref --format=%(refname)%00%(upstream:short)%00%(objectname)%00%(upstream:track)%00%(upstream:remotename)%00%(upstream:remoteref) refs/heads/master refs/remotes/master [2ms]
2023-03-05 16:46:54.411 [info] > git status -z -uall [14ms]
2023-03-05 16:46:54.413 [info] > git for-each-ref --sort -committerdate --format %(refname) %(objectname) %(*objectname) [3ms]
2023-03-05 16:46:59.455 [info] > git config --get commit.template [4ms]
2023-03-05 16:46:59.481 [info] No remotes found in the git config file.
2023-03-05 16:46:59.484 [info] > git for-each-ref --format=%(refname)%00%(upstream:short)%00%(objectname)%00%(upstream:track)%00%(upstream:remotename)%00%(upstream:remoteref) refs/heads/master refs/remotes/master [3ms]
2023-03-05 16:46:59.510 [info] > git status -z -uall [13ms]
2023-03-05 16:46:59.510 [info] > git for-each-ref --sort -committerdate --format %(refname) %(objectname) %(*objectname) [2ms]
2023-03-05 16:47:05.149 [info] > git config --get commit.template [2ms]
2023-03-05 16:47:05.159 [info] No remotes found in the git config file.
2023-03-05 16:47:05.161 [info] > git for-each-ref --format=%(refname)%00%(upstream:short)%00%(objectname)%00%(upstream:track)%00%(upstream:remotename)%00%(upstream:remoteref) refs/heads/master refs/remotes/master [2ms]
2023-03-05 16:47:05.182 [info] > git status -z -uall [12ms]
2023-03-05 16:47:05.183 [info] > git for-each-ref --sort -committerdate --format %(refname) %(objectname) %(*objectname) [2ms]
2023-03-05 16:47:10.203 [info] > git config --get commit.template [1ms]
2023-03-05 16:47:10.215 [info] No remotes found in the git config file.
2023-03-05 16:47:10.216 [info] > git for-each-ref --format=%(refname)%00%(upstream:short)%00%(objectname)%00%(upstream:track)%00%(upstream:remotename)%00%(upstream:remoteref) refs/heads/master refs/remotes/master [2ms]
2023-03-05 16:47:10.242 [info] > git status -z -uall [12ms]
2023-03-05 16:47:10.243 [info] > git for-each-ref --sort -committerdate --format %(refname) %(objectname) %(*objectname) [2ms]
2023-03-05 16:47:17.534 [info] No remotes found in the git config file.
2023-03-05 16:47:17.536 [info] > git config --get commit.template [19ms]
2023-03-05 16:47:17.539 [info] > git for-each-ref --format=%(refname)%00%(upstream:short)%00%(objectname)%00%(upstream:track)%00%(upstream:remotename)%00%(upstream:remoteref) refs/heads/master refs/remotes/master [5ms]
2023-03-05 16:47:17.571 [info] > git status -z -uall [17ms]
2023-03-05 16:47:17.576 [info] > git for-each-ref --sort -committerdate --format %(refname) %(objectname) %(*objectname) [6ms]
2023-03-05 16:47:22.592 [info] > git config --get commit.template [1ms]
2023-03-05 16:47:22.603 [info] No remotes found in the git config file.
2023-03-05 16:47:22.604 [info] > git for-each-ref --format=%(refname)%00%(upstream:short)%00%(objectname)%00%(upstream:track)%00%(upstream:remotename)%00%(upstream:remoteref) refs/heads/master refs/remotes/master [2ms]
2023-03-05 16:47:22.629 [info] > git status -z -uall [14ms]
2023-03-05 16:47:22.630 [info] > git for-each-ref --sort -committerdate --format %(refname) %(objectname) %(*objectname) [2ms]
2023-03-05 16:47:24.445 [info] > git show --textconv :src/app/maps/pages/maps-pages/maps-pages.component.ts [14ms]
2023-03-05 16:47:24.445 [info] > git ls-files --stage -- /home/rugery/Documentos/Programs/MapsAngular/maps/src/app/maps/pages/maps-pages/maps-pages.component.ts [2ms]
2023-03-05 16:47:27.658 [info] No remotes found in the git config file.
2023-03-05 16:47:27.658 [info] > git config --get commit.template [12ms]
2023-03-05 16:47:27.659 [info] > git for-each-ref --format=%(refname)%00%(upstream:short)%00%(objectname)%00%(upstream:track)%00%(upstream:remotename)%00%(upstream:remoteref) refs/heads/master refs/remotes/master [2ms]
2023-03-05 16:47:27.682 [info] > git status -z -uall [11ms]
2023-03-05 16:47:27.683 [info] > git for-each-ref --sort -committerdate --format %(refname) %(objectname) %(*objectname) [2ms]
2023-03-05 16:47:32.731 [info] > git config --get commit.template [24ms]
2023-03-05 16:47:32.763 [info] No remotes found in the git config file.
2023-03-05 16:47:32.765 [info] > git for-each-ref --format=%(refname)%00%(upstream:short)%00%(objectname)%00%(upstream:track)%00%(upstream:remotename)%00%(upstream:remoteref) refs/heads/master refs/remotes/master [2ms]
2023-03-05 16:47:32.796 [info] > git status -z -uall [21ms]
2023-03-05 16:47:32.796 [info] > git for-each-ref --sort -committerdate --format %(refname) %(objectname) %(*objectname) [5ms]
2023-03-05 16:47:43.347 [info] > git config --get commit.template [2ms]
2023-03-05 16:47:43.360 [info] No remotes found in the git config file.
2023-03-05 16:47:43.363 [info] > git for-each-ref --format=%(refname)%00%(upstream:short)%00%(objectname)%00%(upstream:track)%00%(upstream:remotename)%00%(upstream:remoteref) refs/heads/master refs/remotes/master [3ms]
2023-03-05 16:47:43.391 [info] > git status -z -uall [14ms]
2023-03-05 16:47:43.394 [info] > git for-each-ref --sort -committerdate --format %(refname) %(objectname) %(*objectname) [4ms]
2023-03-05 16:47:48.431 [info] > git config --get commit.template [2ms]
2023-03-05 16:47:48.443 [info] No remotes found in the git config file.
2023-03-05 16:47:48.444 [info] > git for-each-ref --format=%(refname)%00%(upstream:short)%00%(objectname)%00%(upstream:track)%00%(upstream:remotename)%00%(upstream:remoteref) refs/heads/master refs/remotes/master [1ms]
2023-03-05 16:47:48.465 [info] > git status -z -uall [11ms]
2023-03-05 16:47:48.466 [info] > git for-each-ref --sort -committerdate --format %(refname) %(objectname) %(*objectname) [2ms]
2023-03-05 16:48:03.951 [info] > git show --textconv :src/app/app.component.html [16ms]
2023-03-05 16:48:03.953 [info] > git ls-files --stage -- /home/rugery/Documentos/Programs/MapsAngular/maps/src/app/app.component.html [3ms]
2023-03-05 16:48:03.968 [info] > git cat-file -s e4e763e743967415addf23ee48bc72444b78f6fe [2ms]
2023-03-05 16:48:08.303 [info] > git config --get commit.template [2ms]
2023-03-05 16:48:08.325 [info] No remotes found in the git config file.
2023-03-05 16:48:08.327 [info] > git for-each-ref --format=%(refname)%00%(upstream:short)%00%(objectname)%00%(upstream:track)%00%(upstream:remotename)%00%(upstream:remoteref) refs/heads/master refs/remotes/master [2ms]
2023-03-05 16:48:08.352 [info] > git status -z -uall [15ms]
2023-03-05 16:48:08.362 [info] > git for-each-ref --sort -committerdate --format %(refname) %(objectname) %(*objectname) [15ms]
2023-03-05 16:48:13.402 [info] > git config --get commit.template [5ms]
2023-03-05 16:48:13.416 [info] No remotes found in the git config file.
2023-03-05 16:48:13.418 [info] > git for-each-ref --format=%(refname)%00%(upstream:short)%00%(objectname)%00%(upstream:track)%00%(upstream:remotename)%00%(upstream:remoteref) refs/heads/master refs/remotes/master [2ms]
2023-03-05 16:48:13.437 [info] > git status -z -uall [10ms]
2023-03-05 16:48:13.439 [info] > git for-each-ref --sort -committerdate --format %(refname) %(objectname) %(*objectname) [3ms]
2023-03-05 16:48:18.482 [info] > git config --get commit.template [6ms]
2023-03-05 16:48:18.512 [info] No remotes found in the git config file.
2023-03-05 16:48:18.516 [info] > git for-each-ref --format=%(refname)%00%(upstream:short)%00%(objectname)%00%(upstream:track)%00%(upstream:remotename)%00%(upstream:remoteref) refs/heads/master refs/remotes/master [5ms]
2023-03-05 16:48:18.558 [info] > git status -z -uall [19ms]
2023-03-05 16:48:18.560 [info] > git for-each-ref --sort -committerdate --format %(refname) %(objectname) %(*objectname) [3ms]
2023-03-05 16:48:23.617 [info] > git config --get commit.template [8ms]
2023-03-05 16:48:23.656 [info] No remotes found in the git config file.
2023-03-05 16:48:23.661 [info] > git for-each-ref --format=%(refname)%00%(upstream:short)%00%(objectname)%00%(upstream:track)%00%(upstream:remotename)%00%(upstream:remoteref) refs/heads/master refs/remotes/master [6ms]
2023-03-05 16:48:23.725 [info] > git status -z -uall [35ms]
2023-03-05 16:48:23.730 [info] > git for-each-ref --sort -committerdate --format %(refname) %(objectname) %(*objectname) [8ms]
2023-03-05 16:48:28.793 [info] > git config --get commit.template [13ms]
2023-03-05 16:48:28.820 [info] No remotes found in the git config file.
2023-03-05 16:48:28.822 [info] > git for-each-ref --format=%(refname)%00%(upstream:short)%00%(objectname)%00%(upstream:track)%00%(upstream:remotename)%00%(upstream:remoteref) refs/heads/master refs/remotes/master [2ms]
2023-03-05 16:48:28.852 [info] > git status -z -uall [16ms]
2023-03-05 16:48:28.853 [info] > git for-each-ref --sort -committerdate --format %(refname) %(objectname) %(*objectname) [3ms]
2023-03-05 16:48:33.878 [info] > git config --get commit.template [5ms]
2023-03-05 16:48:33.890 [info] No remotes found in the git config file.
2023-03-05 16:48:33.892 [info] > git for-each-ref --format=%(refname)%00%(upstream:short)%00%(objectname)%00%(upstream:track)%00%(upstream:remotename)%00%(upstream:remoteref) refs/heads/master refs/remotes/master [2ms]
2023-03-05 16:48:33.914 [info] > git status -z -uall [12ms]
2023-03-05 16:48:33.923 [info] > git for-each-ref --sort -committerdate --format %(refname) %(objectname) %(*objectname) [11ms]
2023-03-05 16:48:38.985 [info] No remotes found in the git config file.
2023-03-05 16:48:38.986 [info] > git config --get commit.template [22ms]
2023-03-05 16:48:38.986 [info] > git for-each-ref --format=%(refname)%00%(upstream:short)%00%(objectname)%00%(upstream:track)%00%(upstream:remotename)%00%(upstream:remoteref) refs/heads/master refs/remotes/master [2ms]
2023-03-05 16:48:39.011 [info] > git status -z -uall [12ms]
2023-03-05 16:48:39.012 [info] > git for-each-ref --sort -committerdate --format %(refname) %(objectname) %(*objectname) [2ms]
2023-03-05 16:48:42.047 [info] > git show --textconv :src/app/maps/maps.module.ts [13ms]
2023-03-05 16:48:42.048 [info] > git ls-files --stage -- /home/rugery/Documentos/Programs/MapsAngular/maps/src/app/maps/maps.module.ts [2ms]
2023-03-05 16:48:46.942 [info] > git show --textconv :src/app/maps/pages/maps-pages/maps-pages.component.ts [12ms]
2023-03-05 16:48:46.944 [info] > git ls-files --stage -- /home/rugery/Documentos/Programs/MapsAngular/maps/src/app/maps/pages/maps-pages/maps-pages.component.ts [2ms]
2023-03-05 16:49:00.798 [info] No remotes found in the git config file.
2023-03-05 16:49:00.798 [info] > git config --get commit.template [23ms]
2023-03-05 16:49:00.799 [info] > git for-each-ref --format=%(refname)%00%(upstream:short)%00%(objectname)%00%(upstream:track)%00%(upstream:remotename)%00%(upstream:remoteref) refs/heads/master refs/remotes/master [2ms]
2023-03-05 16:49:00.843 [info] > git status -z -uall [32ms]
2023-03-05 16:49:00.843 [info] > git for-each-ref --sort -committerdate --format %(refname) %(objectname) %(*objectname) [17ms]
2023-03-05 16:50:45.867 [info] > git config --get commit.template [2ms]
2023-03-05 16:50:45.896 [info] No remotes found in the git config file.
2023-03-05 16:50:45.897 [info] > git for-each-ref --format=%(refname)%00%(upstream:short)%00%(objectname)%00%(upstream:track)%00%(upstream:remotename)%00%(upstream:remoteref) refs/heads/master refs/remotes/master [1ms]
2023-03-05 16:50:45.919 [info] > git status -z -uall [11ms]
2023-03-05 16:50:45.921 [info] > git for-each-ref --sort -committerdate --format %(refname) %(objectname) %(*objectname) [2ms]
2023-03-05 16:50:51.130 [info] > git show --textconv :src/main.ts [28ms]
2023-03-05 16:50:51.152 [info] > git ls-files --stage -- /home/rugery/Documentos/Programs/MapsAngular/maps/src/main.ts [22ms]
2023-03-05 16:50:51.178 [info] > git cat-file -s c58dc05cbc6d094a9ed44203c6b69b74e5294452 [9ms]
2023-03-05 16:50:59.773 [info] No remotes found in the git config file.
2023-03-05 16:50:59.774 [info] > git config --get commit.template [36ms]
2023-03-05 16:50:59.777 [info] > git for-each-ref --format=%(refname)%00%(upstream:short)%00%(objectname)%00%(upstream:track)%00%(upstream:remotename)%00%(upstream:remoteref) refs/heads/master refs/remotes/master [3ms]
2023-03-05 16:50:59.801 [info] > git status -z -uall [11ms]
2023-03-05 16:50:59.803 [info] > git for-each-ref --sort -committerdate --format %(refname) %(objectname) %(*objectname) [3ms]
2023-03-05 16:51:04.872 [info] > git config --get commit.template [11ms]
2023-03-05 16:51:04.902 [info] No remotes found in the git config file.
2023-03-05 16:51:04.907 [info] > git for-each-ref --format=%(refname)%00%(upstream:short)%00%(objectname)%00%(upstream:track)%00%(upstream:remotename)%00%(upstream:remoteref) refs/heads/master refs/remotes/master [5ms]
2023-03-05 16:51:04.935 [info] > git status -z -uall [16ms]
2023-03-05 16:51:04.936 [info] > git for-each-ref --sort -committerdate --format %(refname) %(objectname) %(*objectname) [5ms]
2023-03-05 16:51:22.713 [info] > git config --get commit.template [2ms]
2023-03-05 16:51:22.726 [info] No remotes found in the git config file.
2023-03-05 16:51:22.730 [info] > git for-each-ref --format=%(refname)%00%(upstream:short)%00%(objectname)%00%(upstream:track)%00%(upstream:remotename)%00%(upstream:remoteref) refs/heads/master refs/remotes/master [4ms]
2023-03-05 16:51:22.771 [info] > git status -z -uall [27ms]
2023-03-05 16:51:22.773 [info] > git for-each-ref --sort -committerdate --format %(refname) %(objectname) %(*objectname) [3ms]
2023-03-05 16:51:27.796 [info] > git config --get commit.template [1ms]
2023-03-05 16:51:27.830 [info] No remotes found in the git config file.
2023-03-05 16:51:27.834 [info] > git for-each-ref --format=%(refname)%00%(upstream:short)%00%(objectname)%00%(upstream:track)%00%(upstream:remotename)%00%(upstream:remoteref) refs/heads/master refs/remotes/master [4ms]
2023-03-05 16:51:27.870 [info] > git status -z -uall [21ms]
2023-03-05 16:51:27.871 [info] > git for-each-ref --sort -committerdate --format %(refname) %(objectname) %(*objectname) [3ms]
2023-03-05 16:51:32.900 [info] No remotes found in the git config file.
2023-03-05 16:51:32.900 [info] > git config --get commit.template [12ms]
2023-03-05 16:51:32.901 [info] > git for-each-ref --format=%(refname)%00%(upstream:short)%00%(objectname)%00%(upstream:track)%00%(upstream:remotename)%00%(upstream:remoteref) refs/heads/master refs/remotes/master [1ms]
2023-03-05 16:51:32.925 [info] > git status -z -uall [14ms]
2023-03-05 16:51:32.927 [info] > git for-each-ref --sort -committerdate --format %(refname) %(objectname) %(*objectname) [5ms]
2023-03-05 16:51:37.994 [info] No remotes found in the git config file.
2023-03-05 16:51:37.996 [info] > git config --get commit.template [34ms]
2023-03-05 16:51:37.998 [info] > git for-each-ref --format=%(refname)%00%(upstream:short)%00%(objectname)%00%(upstream:track)%00%(upstream:remotename)%00%(upstream:remoteref) refs/heads/master refs/remotes/master [4ms]
2023-03-05 16:51:38.063 [info] > git status -z -uall [34ms]
2023-03-05 16:51:38.066 [info] > git for-each-ref --sort -committerdate --format %(refname) %(objectname) %(*objectname) [5ms]
2023-03-05 16:51:47.012 [info] > git config --get commit.template [2ms]
2023-03-05 16:51:47.025 [info] No remotes found in the git config file.
2023-03-05 16:51:47.027 [info] > git for-each-ref --format=%(refname)%00%(upstream:short)%00%(objectname)%00%(upstream:track)%00%(upstream:remotename)%00%(upstream:remoteref) refs/heads/master refs/remotes/master [2ms]
2023-03-05 16:51:47.084 [info] > git status -z -uall [44ms]
2023-03-05 16:51:47.084 [info] > git for-each-ref --sort -committerdate --format %(refname) %(objectname) %(*objectname) [21ms]
2023-03-05 16:51:52.349 [info] No remotes found in the git config file.
2023-03-05 16:51:52.350 [info] > git config --get commit.template [31ms]
2023-03-05 16:51:52.384 [info] > git for-each-ref --format=%(refname)%00%(upstream:short)%00%(objectname)%00%(upstream:track)%00%(upstream:remotename)%00%(upstream:remoteref) refs/heads/master refs/remotes/master [35ms]
2023-03-05 16:51:52.453 [info] > git status -z -uall [43ms]
2023-03-05 16:51:52.491 [info] > git for-each-ref --sort -committerdate --format %(refname) %(objectname) %(*objectname) [40ms]
2023-03-05 16:51:58.147 [info] > git config --get commit.template [67ms]
2023-03-05 16:51:58.182 [info] No remotes found in the git config file.
2023-03-05 16:51:58.195 [info] > git for-each-ref --format=%(refname)%00%(upstream:short)%00%(objectname)%00%(upstream:track)%00%(upstream:remotename)%00%(upstream:remoteref) refs/heads/master refs/remotes/master [14ms]
2023-03-05 16:51:58.219 [info] > git status -z -uall [12ms]
2023-03-05 16:51:58.230 [info] > git for-each-ref --sort -committerdate --format %(refname) %(objectname) %(*objectname) [13ms]
2023-03-05 16:52:03.259 [info] No remotes found in the git config file.
2023-03-05 16:52:03.260 [info] > git for-each-ref --format=%(refname)%00%(upstream:short)%00%(objectname)%00%(upstream:track)%00%(upstream:remotename)%00%(upstream:remoteref) refs/heads/master refs/remotes/master [2ms]
2023-03-05 16:52:03.260 [info] > git config --get commit.template [13ms]
2023-03-05 16:52:03.289 [info] > git status -z -uall [18ms]
2023-03-05 16:52:03.290 [info] > git for-each-ref --sort -committerdate --format %(refname) %(objectname) %(*objectname) [2ms]
2023-03-05 16:52:08.378 [info] > git config --get commit.template [7ms]
2023-03-05 16:52:08.396 [info] No remotes found in the git config file.
2023-03-05 16:52:08.414 [info] > git for-each-ref --format=%(refname)%00%(upstream:short)%00%(objectname)%00%(upstream:track)%00%(upstream:remotename)%00%(upstream:remoteref) refs/heads/master refs/remotes/master [18ms]
2023-03-05 16:52:08.438 [info] > git status -z -uall [13ms]
2023-03-05 16:52:08.440 [info] > git for-each-ref --sort -committerdate --format %(refname) %(objectname) %(*objectname) [5ms]
2023-03-05 16:52:21.013 [info] > git config --get commit.template [3ms]
2023-03-05 16:52:21.027 [info] No remotes found in the git config file.
2023-03-05 16:52:21.029 [info] > git for-each-ref --format=%(refname)%00%(upstream:short)%00%(objectname)%00%(upstream:track)%00%(upstream:remotename)%00%(upstream:remoteref) refs/heads/master refs/remotes/master [1ms]
2023-03-05 16:52:21.058 [info] > git status -z -uall [17ms]
2023-03-05 16:52:21.059 [info] > git for-each-ref --sort -committerdate --format %(refname) %(objectname) %(*objectname) [4ms]
2023-03-05 16:52:26.132 [info] No remotes found in the git config file.
2023-03-05 16:52:26.133 [info] > git config --get commit.template [36ms]
2023-03-05 16:52:26.134 [info] > git for-each-ref --format=%(refname)%00%(upstream:short)%00%(objectname)%00%(upstream:track)%00%(upstream:remotename)%00%(upstream:remoteref) refs/heads/master refs/remotes/master [3ms]
2023-03-05 16:52:26.176 [info] > git status -z -uall [21ms]
2023-03-05 16:52:26.178 [info] > git for-each-ref --sort -committerdate --format %(refname) %(objectname) %(*objectname) [3ms]
2023-03-05 16:52:43.352 [info] No remotes found in the git config file.
2023-03-05 16:52:43.353 [info] > git config --get commit.template [18ms]
2023-03-05 16:52:43.356 [info] > git for-each-ref --format=%(refname)%00%(upstream:short)%00%(objectname)%00%(upstream:track)%00%(upstream:remotename)%00%(upstream:remoteref) refs/heads/master refs/remotes/master [4ms]
2023-03-05 16:52:43.402 [info] > git status -z -uall [25ms]
2023-03-05 16:52:43.403 [info] > git for-each-ref --sort -committerdate --format %(refname) %(objectname) %(*objectname) [2ms]
2023-03-05 16:52:48.459 [info] No remotes found in the git config file.
2023-03-05 16:52:48.460 [info] > git config --get commit.template [28ms]
2023-03-05 16:52:48.463 [info] > git for-each-ref --format=%(refname)%00%(upstream:short)%00%(objectname)%00%(upstream:track)%00%(upstream:remotename)%00%(upstream:remoteref) refs/heads/master refs/remotes/master [4ms]
2023-03-05 16:52:48.513 [info] > git status -z -uall [37ms]
2023-03-05 16:52:48.514 [info] > git for-each-ref --sort -committerdate --format %(refname) %(objectname) %(*objectname) [1ms]
2023-03-05 16:52:55.039 [info] No remotes found in the git config file.
2023-03-05 16:52:55.040 [info] > git config --get commit.template [21ms]
2023-03-05 16:52:55.041 [info] > git for-each-ref --format=%(refname)%00%(upstream:short)%00%(objectname)%00%(upstream:track)%00%(upstream:remotename)%00%(upstream:remoteref) refs/heads/master refs/remotes/master [2ms]
2023-03-05 16:52:55.068 [info] > git status -z -uall [14ms]
2023-03-05 16:52:55.069 [info] > git for-each-ref --sort -committerdate --format %(refname) %(objectname) %(*objectname) [2ms]
2023-03-05 16:53:00.117 [info] > git config --get commit.template [4ms]
2023-03-05 16:53:00.137 [info] No remotes found in the git config file.
2023-03-05 16:53:00.139 [info] > git for-each-ref --format=%(refname)%00%(upstream:short)%00%(objectname)%00%(upstream:track)%00%(upstream:remotename)%00%(upstream:remoteref) refs/heads/master refs/remotes/master [3ms]
2023-03-05 16:53:00.161 [info] > git status -z -uall [12ms]
2023-03-05 16:53:00.163 [info] > git for-each-ref --sort -committerdate --format %(refname) %(objectname) %(*objectname) [2ms]
2023-03-05 16:53:05.241 [info] > git config --get commit.template [8ms]
2023-03-05 16:53:05.259 [info] No remotes found in the git config file.
2023-03-05 16:53:05.260 [info] > git for-each-ref --format=%(refname)%00%(upstream:short)%00%(objectname)%00%(upstream:track)%00%(upstream:remotename)%00%(upstream:remoteref) refs/heads/master refs/remotes/master [1ms]
2023-03-05 16:53:05.283 [info] > git status -z -uall [11ms]
2023-03-05 16:53:05.284 [info] > git for-each-ref --sort -committerdate --format %(refname) %(objectname) %(*objectname) [2ms]
2023-03-05 16:53:11.626 [info] > git config --get commit.template [1ms]
2023-03-05 16:53:11.636 [info] No remotes found in the git config file.
2023-03-05 16:53:11.637 [info] > git for-each-ref --format=%(refname)%00%(upstream:short)%00%(objectname)%00%(upstream:track)%00%(upstream:remotename)%00%(upstream:remoteref) refs/heads/master refs/remotes/master [2ms]
2023-03-05 16:53:11.676 [info] > git status -z -uall [27ms]
2023-03-05 16:53:11.677 [info] > git for-each-ref --sort -committerdate --format %(refname) %(objectname) %(*objectname) [15ms]
2023-03-05 16:53:16.700 [info] > git config --get commit.template [2ms]
2023-03-05 16:53:16.719 [info] No remotes found in the git config file.
2023-03-05 16:53:16.721 [info] > git for-each-ref --format=%(refname)%00%(upstream:short)%00%(objectname)%00%(upstream:track)%00%(upstream:remotename)%00%(upstream:remoteref) refs/heads/master refs/remotes/master [1ms]
2023-03-05 16:53:16.753 [info] > git status -z -uall [18ms]
2023-03-05 16:53:16.753 [info] > git for-each-ref --sort -committerdate --format %(refname) %(objectname) %(*objectname) [3ms]
2023-03-05 16:55:02.514 [info] No remotes found in the git config file.
2023-03-05 16:55:02.514 [info] > git config --get commit.template [13ms]
2023-03-05 16:55:02.515 [info] > git for-each-ref --format=%(refname)%00%(upstream:short)%00%(objectname)%00%(upstream:track)%00%(upstream:remotename)%00%(upstream:remoteref) refs/heads/master refs/remotes/master [2ms]
2023-03-05 16:55:02.537 [info] > git status -z -uall [12ms]
2023-03-05 16:55:02.539 [info] > git for-each-ref --sort -committerdate --format %(refname) %(objectname) %(*objectname) [3ms]
2023-03-05 16:55:15.297 [info] > git check-ignore -v -z --stdin [2ms]
2023-03-05 16:55:15.920 [info] > git show --textconv :src/app/maps/services/places.service.ts [17ms]
2023-03-05 16:55:15.925 [info] > git ls-files --stage -- /home/rugery/Documentos/Programs/MapsAngular/maps/src/app/maps/services/places.service.ts [6ms]
2023-03-05 16:55:49.577 [info] > git show --textconv :src/app/maps/services/index.ts [46ms]
2023-03-05 16:55:49.578 [info] > git ls-files --stage -- /home/rugery/Documentos/Programs/MapsAngular/maps/src/app/maps/services/index.ts [27ms]
2023-03-05 16:55:49.589 [info] > git check-ignore -v -z --stdin [13ms]
2023-03-05 16:55:50.084 [info] No remotes found in the git config file.
2023-03-05 16:55:50.085 [info] > git config --get commit.template [42ms]
2023-03-05 16:55:50.092 [info] > git for-each-ref --format=%(refname)%00%(upstream:short)%00%(objectname)%00%(upstream:track)%00%(upstream:remotename)%00%(upstream:remoteref) refs/heads/master refs/remotes/master [7ms]
2023-03-05 16:55:50.132 [info] > git status -z -uall [19ms]
2023-03-05 16:55:50.134 [info] > git for-each-ref --sort -committerdate --format %(refname) %(objectname) %(*objectname) [2ms]
2023-03-05 16:56:07.805 [info] > git config --get commit.template [4ms]
2023-03-05 16:56:07.816 [info] No remotes found in the git config file.
2023-03-05 16:56:07.817 [info] > git for-each-ref --format=%(refname)%00%(upstream:short)%00%(objectname)%00%(upstream:track)%00%(upstream:remotename)%00%(upstream:remoteref) refs/heads/master refs/remotes/master [1ms]
2023-03-05 16:56:07.839 [info] > git status -z -uall [13ms]
2023-03-05 16:56:07.840 [info] > git for-each-ref --sort -committerdate --format %(refname) %(objectname) %(*objectname) [3ms]
2023-03-05 16:56:12.905 [info] No remotes found in the git config file.
2023-03-05 16:56:12.906 [info] > git config --get commit.template [22ms]
2023-03-05 16:56:12.907 [info] > git for-each-ref --format=%(refname)%00%(upstream:short)%00%(objectname)%00%(upstream:track)%00%(upstream:remotename)%00%(upstream:remoteref) refs/heads/master refs/remotes/master [2ms]
2023-03-05 16:56:12.948 [info] > git status -z -uall [31ms]
2023-03-05 16:56:12.952 [info] > git for-each-ref --sort -committerdate --format %(refname) %(objectname) %(*objectname) [5ms]
2023-03-05 16:56:18.011 [info] > git config --get commit.template [12ms]
2023-03-05 16:56:18.048 [info] No remotes found in the git config file.
2023-03-05 16:56:18.053 [info] > git for-each-ref --format=%(refname)%00%(upstream:short)%00%(objectname)%00%(upstream:track)%00%(upstream:remotename)%00%(upstream:remoteref) refs/heads/master refs/remotes/master [5ms]
2023-03-05 16:56:18.098 [info] > git status -z -uall [21ms]
2023-03-05 16:56:18.098 [info] > git for-each-ref --sort -committerdate --format %(refname) %(objectname) %(*objectname) [4ms]
2023-03-05 16:56:23.124 [info] > git config --get commit.template [12ms]
2023-03-05 16:56:23.125 [info] No remotes found in the git config file.
2023-03-05 16:56:23.125 [info] > git for-each-ref --format=%(refname)%00%(upstream:short)%00%(objectname)%00%(upstream:track)%00%(upstream:remotename)%00%(upstream:remoteref) refs/heads/master refs/remotes/master [1ms]
2023-03-05 16:56:23.147 [info] > git status -z -uall [12ms]
2023-03-05 16:56:23.148 [info] > git for-each-ref --sort -committerdate --format %(refname) %(objectname) %(*objectname) [2ms]
2023-03-05 16:56:29.241 [info] No remotes found in the git config file.
2023-03-05 16:56:29.250 [info] > git config --get commit.template [40ms]
2023-03-05 16:56:29.251 [info] > git for-each-ref --format=%(refname)%00%(upstream:short)%00%(objectname)%00%(upstream:track)%00%(upstream:remotename)%00%(upstream:remoteref) refs/heads/master refs/remotes/master [10ms]
2023-03-05 16:56:29.310 [info] > git status -z -uall [31ms]
2023-03-05 16:56:29.313 [info] > git for-each-ref --sort -committerdate --format %(refname) %(objectname) %(*objectname) [4ms]
2023-03-05 16:56:38.270 [info] > git show --textconv :src/app/maps/maps.module.ts [16ms]
2023-03-05 16:56:38.277 [info] > git ls-files --stage -- /home/rugery/Documentos/Programs/MapsAngular/maps/src/app/maps/maps.module.ts [8ms]
2023-03-05 16:56:38.898 [info] > git show --textconv :src/app/maps/services/places.service.ts [22ms]
2023-03-05 16:56:38.903 [info] > git ls-files --stage -- /home/rugery/Documentos/Programs/MapsAngular/maps/src/app/maps/services/places.service.ts [6ms]
2023-03-05 16:56:47.044 [info] No remotes found in the git config file.
2023-03-05 16:56:47.044 [info] > git config --get commit.template [17ms]
2023-03-05 16:56:47.048 [info] > git for-each-ref --format=%(refname)%00%(upstream:short)%00%(objectname)%00%(upstream:track)%00%(upstream:remotename)%00%(upstream:remoteref) refs/heads/master refs/remotes/master [4ms]
2023-03-05 16:56:47.089 [info] > git status -z -uall [26ms]
2023-03-05 16:56:47.089 [info] > git for-each-ref --sort -committerdate --format %(refname) %(objectname) %(*objectname) [1ms]
2023-03-05 16:56:56.349 [info] > git config --get commit.template [1ms]
2023-03-05 16:56:56.360 [info] No remotes found in the git config file.
2023-03-05 16:56:56.362 [info] > git for-each-ref --format=%(refname)%00%(upstream:short)%00%(objectname)%00%(upstream:track)%00%(upstream:remotename)%00%(upstream:remoteref) refs/heads/master refs/remotes/master [3ms]
2023-03-05 16:56:56.387 [info] > git status -z -uall [13ms]
2023-03-05 16:56:56.388 [info] > git for-each-ref --sort -committerdate --format %(refname) %(objectname) %(*objectname) [2ms]
2023-03-05 16:57:06.563 [info] No remotes found in the git config file.
2023-03-05 16:57:06.564 [info] > git config --get commit.template [31ms]
2023-03-05 16:57:06.565 [info] > git for-each-ref --format=%(refname)%00%(upstream:short)%00%(objectname)%00%(upstream:track)%00%(upstream:remotename)%00%(upstream:remoteref) refs/heads/master refs/remotes/master [3ms]
2023-03-05 16:57:06.590 [info] > git status -z -uall [12ms]
2023-03-05 16:57:06.592 [info] > git for-each-ref --sort -committerdate --format %(refname) %(objectname) %(*objectname) [1ms]
2023-03-05 16:57:11.669 [info] > git config --get commit.template [13ms]
2023-03-05 16:57:11.701 [info] No remotes found in the git config file.
2023-03-05 16:57:11.706 [info] > git for-each-ref --format=%(refname)%00%(upstream:short)%00%(objectname)%00%(upstream:track)%00%(upstream:remotename)%00%(upstream:remoteref) refs/heads/master refs/remotes/master [4ms]
2023-03-05 16:57:11.770 [info] > git status -z -uall [35ms]
2023-03-05 16:57:11.775 [info] > git for-each-ref --sort -committerdate --format %(refname) %(objectname) %(*objectname) [6ms]
2023-03-05 16:57:21.738 [info] No remotes found in the git config file.
2023-03-05 16:57:21.741 [info] > git config --get commit.template [22ms]
2023-03-05 16:57:21.747 [info] > git for-each-ref --format=%(refname)%00%(upstream:short)%00%(objectname)%00%(upstream:track)%00%(upstream:remotename)%00%(upstream:remoteref) refs/heads/master refs/remotes/master [10ms]
2023-03-05 16:57:21.784 [info] > git status -z -uall [22ms]
2023-03-05 16:57:21.785 [info] > git for-each-ref --sort -committerdate --format %(refname) %(objectname) %(*objectname) [2ms]
2023-03-05 16:57:41.137 [info] No remotes found in the git config file.
2023-03-05 16:57:41.138 [info] > git config --get commit.template [27ms]
2023-03-05 16:57:41.140 [info] > git for-each-ref --format=%(refname)%00%(upstream:short)%00%(objectname)%00%(upstream:track)%00%(upstream:remotename)%00%(upstream:remoteref) refs/heads/master refs/remotes/master [4ms]
2023-03-05 16:57:41.187 [info] > git status -z -uall [28ms]
2023-03-05 16:57:41.191 [info] > git for-each-ref --sort -committerdate --format %(refname) %(objectname) %(*objectname) [5ms]
2023-03-05 16:58:04.350 [info] > git config --get commit.template [11ms]
2023-03-05 16:58:04.366 [info] No remotes found in the git config file.
2023-03-05 16:58:04.369 [info] > git for-each-ref --format=%(refname)%00%(upstream:short)%00%(objectname)%00%(upstream:track)%00%(upstream:remotename)%00%(upstream:remoteref) refs/heads/master refs/remotes/master [3ms]
2023-03-05 16:58:04.416 [info] > git status -z -uall [29ms]
2023-03-05 16:58:04.417 [info] > git for-each-ref --sort -committerdate --format %(refname) %(objectname) %(*objectname) [9ms]
2023-03-05 16:58:15.662 [info] No remotes found in the git config file.
2023-03-05 16:58:15.663 [info] > git config --get commit.template [14ms]
2023-03-05 16:58:15.665 [info] > git for-each-ref --format=%(refname)%00%(upstream:short)%00%(objectname)%00%(upstream:track)%00%(upstream:remotename)%00%(upstream:remoteref) refs/heads/master refs/remotes/master [3ms]
2023-03-05 16:58:15.700 [info] > git status -z -uall [18ms]
2023-03-05 16:58:15.701 [info] > git for-each-ref --sort -committerdate --format %(refname) %(objectname) %(*objectname) [2ms]
2023-03-05 16:58:23.127 [info] > git config --get commit.template [5ms]
2023-03-05 16:58:23.143 [info] No remotes found in the git config file.
2023-03-05 16:58:23.144 [info] > git for-each-ref --format=%(refname)%00%(upstream:short)%00%(objectname)%00%(upstream:track)%00%(upstream:remotename)%00%(upstream:remoteref) refs/heads/master refs/remotes/master [2ms]
2023-03-05 16:58:23.183 [info] > git status -z -uall [22ms]
2023-03-05 16:58:23.184 [info] > git for-each-ref --sort -committerdate --format %(refname) %(objectname) %(*objectname) [2ms]
2023-03-05 16:58:30.928 [info] No remotes found in the git config file.
2023-03-05 16:58:30.928 [info] > git config --get commit.template [12ms]
2023-03-05 16:58:30.929 [info] > git for-each-ref --format=%(refname)%00%(upstream:short)%00%(objectname)%00%(upstream:track)%00%(upstream:remotename)%00%(upstream:remoteref) refs/heads/master refs/remotes/master [1ms]
2023-03-05 16:58:30.958 [info] > git status -z -uall [15ms]
2023-03-05 16:58:30.960 [info] > git for-each-ref --sort -committerdate --format %(refname) %(objectname) %(*objectname) [2ms]
2023-03-05 16:58:36.024 [info] No remotes found in the git config file.
2023-03-05 16:58:36.026 [info] > git config --get commit.template [33ms]
2023-03-05 16:58:36.028 [info] > git for-each-ref --format=%(refname)%00%(upstream:short)%00%(objectname)%00%(upstream:track)%00%(upstream:remotename)%00%(upstream:remoteref) refs/heads/master refs/remotes/master [4ms]
2023-03-05 16:58:36.098 [info] > git status -z -uall [41ms]
2023-03-05 16:58:36.102 [info] > git for-each-ref --sort -committerdate --format %(refname) %(objectname) %(*objectname) [6ms]
2023-03-05 16:58:41.437 [info] No remotes found in the git config file.
2023-03-05 16:58:41.437 [info] > git config --get commit.template [22ms]
2023-03-05 16:58:41.438 [info] > git for-each-ref --format=%(refname)%00%(upstream:short)%00%(objectname)%00%(upstream:track)%00%(upstream:remotename)%00%(upstream:remoteref) refs/heads/master refs/remotes/master [2ms]
2023-03-05 16:58:41.496 [info] > git status -z -uall [25ms]
2023-03-05 16:58:41.501 [info] > git for-each-ref --sort -committerdate --format %(refname) %(objectname) %(*objectname) [7ms]
2023-03-05 16:58:46.563 [info] No remotes found in the git config file.
2023-03-05 16:58:46.564 [info] > git config --get commit.template [24ms]
2023-03-05 16:58:46.566 [info] > git for-each-ref --format=%(refname)%00%(upstream:short)%00%(objectname)%00%(upstream:track)%00%(upstream:remotename)%00%(upstream:remoteref) refs/heads/master refs/remotes/master [3ms]
2023-03-05 16:58:46.602 [info] > git status -z -uall [21ms]
2023-03-05 16:58:46.603 [info] > git for-each-ref --sort -committerdate --format %(refname) %(objectname) %(*objectname) [11ms]
2023-03-05 16:58:51.652 [info] > git config --get commit.template [10ms]
2023-03-05 16:58:51.698 [info] No remotes found in the git config file.
2023-03-05 16:58:51.706 [info] > git for-each-ref --format=%(refname)%00%(upstream:short)%00%(objectname)%00%(upstream:track)%00%(upstream:remotename)%00%(upstream:remoteref) refs/heads/master refs/remotes/master [8ms]
2023-03-05 16:58:51.758 [info] > git status -z -uall [15ms]
2023-03-05 16:58:51.759 [info] > git for-each-ref --sort -committerdate --format %(refname) %(objectname) %(*objectname) [2ms]
2023-03-05 16:59:26.574 [info] > git config --get commit.template [12ms]
2023-03-05 16:59:26.588 [info] No remotes found in the git config file.
2023-03-05 16:59:26.589 [info] > git for-each-ref --format=%(refname)%00%(upstream:short)%00%(objectname)%00%(upstream:track)%00%(upstream:remotename)%00%(upstream:remoteref) refs/heads/master refs/remotes/master [1ms]
2023-03-05 16:59:26.615 [info] > git status -z -uall [14ms]
2023-03-05 16:59:26.616 [info] > git for-each-ref --sort -committerdate --format %(refname) %(objectname) %(*objectname) [4ms]
2023-03-05 16:59:31.677 [info] > git config --get commit.template [6ms]
2023-03-05 16:59:31.710 [info] No remotes found in the git config file.
2023-03-05 16:59:31.714 [info] > git for-each-ref --format=%(refname)%00%(upstream:short)%00%(objectname)%00%(upstream:track)%00%(upstream:remotename)%00%(upstream:remoteref) refs/heads/master refs/remotes/master [5ms]
2023-03-05 16:59:31.766 [info] > git status -z -uall [22ms]
2023-03-05 16:59:31.770 [info] > git for-each-ref --sort -committerdate --format %(refname) %(objectname) %(*objectname) [5ms]
2023-03-05 16:59:36.834 [info] > git config --get commit.template [12ms]
2023-03-05 16:59:36.856 [info] No remotes found in the git config file.
2023-03-05 16:59:36.858 [info] > git for-each-ref --format=%(refname)%00%(upstream:short)%00%(objectname)%00%(upstream:track)%00%(upstream:remotename)%00%(upstream:remoteref) refs/heads/master refs/remotes/master [2ms]
2023-03-05 16:59:36.893 [info] > git status -z -uall [18ms]
2023-03-05 16:59:36.895 [info] > git for-each-ref --sort -committerdate --format %(refname) %(objectname) %(*objectname) [4ms]
2023-03-05 16:59:46.963 [info] No remotes found in the git config file.
2023-03-05 16:59:46.966 [info] > git config --get commit.template [34ms]
2023-03-05 16:59:46.975 [info] > git for-each-ref --format=%(refname)%00%(upstream:short)%00%(objectname)%00%(upstream:track)%00%(upstream:remotename)%00%(upstream:remoteref) refs/heads/master refs/remotes/master [13ms]
2023-03-05 16:59:47.034 [info] > git status -z -uall [17ms]
2023-03-05 16:59:47.036 [info] > git for-each-ref --sort -committerdate --format %(refname) %(objectname) %(*objectname) [3ms]
2023-03-05 17:00:38.176 [info] No remotes found in the git config file.
2023-03-05 17:00:38.177 [info] > git config --get commit.template [22ms]
2023-03-05 17:00:38.179 [info] > git for-each-ref --format=%(refname)%00%(upstream:short)%00%(objectname)%00%(upstream:track)%00%(upstream:remotename)%00%(upstream:remoteref) refs/heads/master refs/remotes/master [3ms]
2023-03-05 17:00:38.210 [info] > git status -z -uall [15ms]
2023-03-05 17:00:38.213 [info] > git for-each-ref --sort -committerdate --format %(refname) %(objectname) %(*objectname) [3ms]
2023-03-05 17:00:43.258 [info] No remotes found in the git config file.
2023-03-05 17:00:43.260 [info] > git config --get commit.template [20ms]
2023-03-05 17:00:43.260 [info] > git for-each-ref --format=%(refname)%00%(upstream:short)%00%(objectname)%00%(upstream:track)%00%(upstream:remotename)%00%(upstream:remoteref) refs/heads/master refs/remotes/master [2ms]
2023-03-05 17:00:43.287 [info] > git status -z -uall [14ms]
2023-03-05 17:00:43.290 [info] > git for-each-ref --sort -committerdate --format %(refname) %(objectname) %(*objectname) [5ms]
2023-03-05 17:00:48.309 [info] > git config --get commit.template [2ms]
2023-03-05 17:00:48.320 [info] No remotes found in the git config file.
2023-03-05 17:00:48.329 [info] > git for-each-ref --format=%(refname)%00%(upstream:short)%00%(objectname)%00%(upstream:track)%00%(upstream:remotename)%00%(upstream:remoteref) refs/heads/master refs/remotes/master [2ms]
2023-03-05 17:00:48.375 [info] > git status -z -uall [20ms]
2023-03-05 17:00:48.379 [info] > git for-each-ref --sort -committerdate --format %(refname) %(objectname) %(*objectname) [5ms]
2023-03-05 17:00:53.658 [info] > git config --get commit.template [3ms]
2023-03-05 17:00:53.689 [info] No remotes found in the git config file.
2023-03-05 17:00:53.693 [info] > git for-each-ref --format=%(refname)%00%(upstream:short)%00%(objectname)%00%(upstream:track)%00%(upstream:remotename)%00%(upstream:remoteref) refs/heads/master refs/remotes/master [5ms]
2023-03-05 17:00:53.788 [info] > git status -z -uall [37ms]
2023-03-05 17:00:53.791 [info] > git for-each-ref --sort -committerdate --format %(refname) %(objectname) %(*objectname) [4ms]
2023-03-05 17:00:58.820 [info] No remotes found in the git config file.
2023-03-05 17:00:58.822 [info] > git for-each-ref --format=%(refname)%00%(upstream:short)%00%(objectname)%00%(upstream:track)%00%(upstream:remotename)%00%(upstream:remoteref) refs/heads/master refs/remotes/master [3ms]
2023-03-05 17:00:58.822 [info] > git config --get commit.template [15ms]
2023-03-05 17:00:58.854 [info] > git status -z -uall [18ms]
2023-03-05 17:00:58.858 [info] > git for-each-ref --sort -committerdate --format %(refname) %(objectname) %(*objectname) [5ms]
2023-03-05 17:01:03.903 [info] No remotes found in the git config file.
2023-03-05 17:01:03.903 [info] > git config --get commit.template [16ms]
2023-03-05 17:01:03.906 [info] > git for-each-ref --format=%(refname)%00%(upstream:short)%00%(objectname)%00%(upstream:track)%00%(upstream:remotename)%00%(upstream:remoteref) refs/heads/master refs/remotes/master [3ms]
2023-03-05 17:01:03.939 [info] > git status -z -uall [19ms]
2023-03-05 17:01:03.945 [info] > git for-each-ref --sort -committerdate --format %(refname) %(objectname) %(*objectname) [7ms]
2023-03-05 17:01:08.968 [info] > git config --get commit.template [3ms]
2023-03-05 17:01:08.984 [info] No remotes found in the git config file.
2023-03-05 17:01:08.986 [info] > git for-each-ref --format=%(refname)%00%(upstream:short)%00%(objectname)%00%(upstream:track)%00%(upstream:remotename)%00%(upstream:remoteref) refs/heads/master refs/remotes/master [2ms]
2023-03-05 17:01:09.018 [info] > git status -z -uall [16ms]
2023-03-05 17:01:09.020 [info] > git for-each-ref --sort -committerdate --format %(refname) %(objectname) %(*objectname) [3ms]
2023-03-05 17:01:14.184 [info] No remotes found in the git config file.
2023-03-05 17:01:14.191 [info] > git for-each-ref --format=%(refname)%00%(upstream:short)%00%(objectname)%00%(upstream:track)%00%(upstream:remotename)%00%(upstream:remoteref) refs/heads/master refs/remotes/master [6ms]
2023-03-05 17:01:14.191 [info] > git config --get commit.template [28ms]
2023-03-05 17:01:14.237 [info] > git status -z -uall [27ms]
2023-03-05 17:01:14.239 [info] > git for-each-ref --sort -committerdate --format %(refname) %(objectname) %(*objectname) [6ms]
2023-03-05 17:01:19.805 [info] No remotes found in the git config file.
2023-03-05 17:01:19.806 [info] > git config --get commit.template [10ms]
2023-03-05 17:01:19.806 [info] > git for-each-ref --format=%(refname)%00%(upstream:short)%00%(objectname)%00%(upstream:track)%00%(upstream:remotename)%00%(upstream:remoteref) refs/heads/master refs/remotes/master [1ms]
2023-03-05 17:01:19.839 [info] > git status -z -uall [15ms]
2023-03-05 17:01:19.840 [info] > git for-each-ref --sort -committerdate --format %(refname) %(objectname) %(*objectname) [1ms]
2023-03-05 17:01:24.863 [info] No remotes found in the git config file.
2023-03-05 17:01:24.864 [info] > git config --get commit.template [12ms]
2023-03-05 17:01:24.865 [info] > git for-each-ref --format=%(refname)%00%(upstream:short)%00%(objectname)%00%(upstream:track)%00%(upstream:remotename)%00%(upstream:remoteref) refs/heads/master refs/remotes/master [2ms]
2023-03-05 17:01:24.887 [info] > git status -z -uall [13ms]
2023-03-05 17:01:24.887 [info] > git for-each-ref --sort -committerdate --format %(refname) %(objectname) %(*objectname) [2ms]
2023-03-05 17:01:29.912 [info] No remotes found in the git config file.
2023-03-05 17:01:29.913 [info] > git config --get commit.template [12ms]
2023-03-05 17:01:29.914 [info] > git for-each-ref --format=%(refname)%00%(upstream:short)%00%(objectname)%00%(upstream:track)%00%(upstream:remotename)%00%(upstream:remoteref) refs/heads/master refs/remotes/master [2ms]
2023-03-05 17:01:29.936 [info] > git status -z -uall [12ms]
2023-03-05 17:01:29.938 [info] > git for-each-ref --sort -committerdate --format %(refname) %(objectname) %(*objectname) [3ms]
2023-03-05 17:01:34.967 [info] > git config --get commit.template [2ms]
2023-03-05 17:01:34.992 [info] No remotes found in the git config file.
2023-03-05 17:01:34.994 [info] > git for-each-ref --format=%(refname)%00%(upstream:short)%00%(objectname)%00%(upstream:track)%00%(upstream:remotename)%00%(upstream:remoteref) refs/heads/master refs/remotes/master [3ms]
2023-03-05 17:01:35.021 [info] > git status -z -uall [13ms]
2023-03-05 17:01:35.022 [info] > git for-each-ref --sort -committerdate --format %(refname) %(objectname) %(*objectname) [2ms]
2023-03-05 17:01:40.144 [info] No remotes found in the git config file.
2023-03-05 17:01:40.145 [info] > git config --get commit.template [37ms]
2023-03-05 17:01:40.146 [info] > git for-each-ref --format=%(refname)%00%(upstream:short)%00%(objectname)%00%(upstream:track)%00%(upstream:remotename)%00%(upstream:remoteref) refs/heads/master refs/remotes/master [3ms]
2023-03-05 17:01:40.179 [info] > git status -z -uall [18ms]
2023-03-05 17:01:40.181 [info] > git for-each-ref --sort -committerdate --format %(refname) %(objectname) %(*objectname) [4ms]
2023-03-05 17:01:51.667 [info] No remotes found in the git config file.
2023-03-05 17:01:51.668 [info] > git config --get commit.template [38ms]
2023-03-05 17:01:51.675 [info] > git for-each-ref --format=%(refname)%00%(upstream:short)%00%(objectname)%00%(upstream:track)%00%(upstream:remotename)%00%(upstream:remoteref) refs/heads/master refs/remotes/master [8ms]
2023-03-05 17:01:51.716 [info] > git status -z -uall [25ms]
2023-03-05 17:01:51.726 [info] > git for-each-ref --sort -committerdate --format %(refname) %(objectname) %(*objectname) [11ms]
2023-03-05 17:02:16.011 [info] No remotes found in the git config file.
2023-03-05 17:02:16.012 [info] > git config --get commit.template [19ms]
2023-03-05 17:02:16.015 [info] > git for-each-ref --format=%(refname)%00%(upstream:short)%00%(objectname)%00%(upstream:track)%00%(upstream:remotename)%00%(upstream:remoteref) refs/heads/master refs/remotes/master [4ms]
2023-03-05 17:02:16.051 [info] > git status -z -uall [20ms]
2023-03-05 17:02:16.052 [info] > git for-each-ref --sort -committerdate --format %(refname) %(objectname) %(*objectname) [2ms]
2023-03-05 17:02:21.128 [info] No remotes found in the git config file.
2023-03-05 17:02:21.130 [info] > git config --get commit.template [27ms]
2023-03-05 17:02:21.130 [info] > git for-each-ref --format=%(refname)%00%(upstream:short)%00%(objectname)%00%(upstream:track)%00%(upstream:remotename)%00%(upstream:remoteref) refs/heads/master refs/remotes/master [2ms]
2023-03-05 17:02:21.167 [info] > git status -z -uall [21ms]
2023-03-05 17:02:21.168 [info] > git for-each-ref --sort -committerdate --format %(refname) %(objectname) %(*objectname) [3ms]
2023-03-05 17:02:35.254 [info] No remotes found in the git config file.
2023-03-05 17:02:35.273 [info] > git config --get commit.template [19ms]
2023-03-05 17:02:35.276 [info] > git for-each-ref --format=%(refname)%00%(upstream:short)%00%(objectname)%00%(upstream:track)%00%(upstream:remotename)%00%(upstream:remoteref) refs/heads/master refs/remotes/master [4ms]
2023-03-05 17:02:35.311 [info] > git status -z -uall [17ms]
2023-03-05 17:02:35.318 [info] > git for-each-ref --sort -committerdate --format %(refname) %(objectname) %(*objectname) [8ms]
2023-03-05 17:02:52.029 [info] No remotes found in the git config file.
2023-03-05 17:02:52.029 [info] > git config --get commit.template [21ms]
2023-03-05 17:02:52.033 [info] > git for-each-ref --format=%(refname)%00%(upstream:short)%00%(objectname)%00%(upstream:track)%00%(upstream:remotename)%00%(upstream:remoteref) refs/heads/master refs/remotes/master [4ms]
2023-03-05 17:02:52.078 [info] > git status -z -uall [27ms]
2023-03-05 17:02:52.081 [info] > git for-each-ref --sort -committerdate --format %(refname) %(objectname) %(*objectname) [4ms]
2023-03-05 17:02:57.146 [info] No remotes found in the git config file.
2023-03-05 17:02:57.150 [info] > git config --get commit.template [35ms]
2023-03-05 17:02:57.151 [info] > git for-each-ref --format=%(refname)%00%(upstream:short)%00%(objectname)%00%(upstream:track)%00%(upstream:remotename)%00%(upstream:remoteref) refs/heads/master refs/remotes/master [6ms]
2023-03-05 17:02:57.207 [info] > git status -z -uall [18ms]
2023-03-05 17:02:57.209 [info] > git for-each-ref --sort -committerdate --format %(refname) %(objectname) %(*objectname) [3ms]
2023-03-05 17:03:05.904 [info] > git config --get commit.template [4ms]
2023-03-05 17:03:05.926 [info] No remotes found in the git config file.
2023-03-05 17:03:05.928 [info] > git for-each-ref --format=%(refname)%00%(upstream:short)%00%(objectname)%00%(upstream:track)%00%(upstream:remotename)%00%(upstream:remoteref) refs/heads/master refs/remotes/master [3ms]
2023-03-05 17:03:05.972 [info] > git status -z -uall [22ms]
2023-03-05 17:03:05.973 [info] > git for-each-ref --sort -committerdate --format %(refname) %(objectname) %(*objectname) [2ms]
2023-03-05 17:03:11.976 [info] No remotes found in the git config file.
2023-03-05 17:03:11.978 [info] > git config --get commit.template [47ms]
2023-03-05 17:03:11.993 [info] > git for-each-ref --format=%(refname)%00%(upstream:short)%00%(objectname)%00%(upstream:track)%00%(upstream:remotename)%00%(upstream:remoteref) refs/heads/master refs/remotes/master [17ms]
2023-03-05 17:03:12.062 [info] > git status -z -uall [43ms]
2023-03-05 17:03:12.071 [info] > git for-each-ref --sort -committerdate --format %(refname) %(objectname) %(*objectname) [9ms]
2023-03-05 17:03:17.794 [info] No remotes found in the git config file.
2023-03-05 17:03:17.795 [info] > git config --get commit.template [14ms]
2023-03-05 17:03:17.796 [info] > git for-each-ref --format=%(refname)%00%(upstream:short)%00%(objectname)%00%(upstream:track)%00%(upstream:remotename)%00%(upstream:remoteref) refs/heads/master refs/remotes/master [2ms]
2023-03-05 17:03:17.820 [info] > git status -z -uall [13ms]
2023-03-05 17:03:17.822 [info] > git for-each-ref --sort -committerdate --format %(refname) %(objectname) %(*objectname) [1ms]
2023-03-05 17:03:22.863 [info] > git config --get commit.template [5ms]
2023-03-05 17:03:22.895 [info] No remotes found in the git config file.
2023-03-05 17:03:22.899 [info] > git for-each-ref --format=%(refname)%00%(upstream:short)%00%(objectname)%00%(upstream:track)%00%(upstream:remotename)%00%(upstream:remoteref) refs/heads/master refs/remotes/master [4ms]
2023-03-05 17:03:22.933 [info] > git status -z -uall [15ms]
2023-03-05 17:03:22.934 [info] > git for-each-ref --sort -committerdate --format %(refname) %(objectname) %(*objectname) [2ms]
2023-03-05 17:03:36.227 [info] No remotes found in the git config file.
2023-03-05 17:03:36.228 [info] > git config --get commit.template [19ms]
2023-03-05 17:03:36.229 [info] > git for-each-ref --format=%(refname)%00%(upstream:short)%00%(objectname)%00%(upstream:track)%00%(upstream:remotename)%00%(upstream:remoteref) refs/heads/master refs/remotes/master [2ms]
2023-03-05 17:03:36.253 [info] > git status -z -uall [13ms]
2023-03-05 17:03:36.254 [info] > git for-each-ref --sort -committerdate --format %(refname) %(objectname) %(*objectname) [2ms]
2023-03-05 17:03:43.040 [info] > git config --get commit.template [2ms]
2023-03-05 17:03:43.053 [info] No remotes found in the git config file.
2023-03-05 17:03:43.055 [info] > git for-each-ref --format=%(refname)%00%(upstream:short)%00%(objectname)%00%(upstream:track)%00%(upstream:remotename)%00%(upstream:remoteref) refs/heads/master refs/remotes/master [2ms]
2023-03-05 17:03:43.079 [info] > git status -z -uall [12ms]
2023-03-05 17:03:43.080 [info] > git for-each-ref --sort -committerdate --format %(refname) %(objectname) %(*objectname) [2ms]
2023-03-05 17:03:48.758 [info] > git config --get commit.template [5ms]
2023-03-05 17:03:48.780 [info] No remotes found in the git config file.
2023-03-05 17:03:48.782 [info] > git for-each-ref --format=%(refname)%00%(upstream:short)%00%(objectname)%00%(upstream:track)%00%(upstream:remotename)%00%(upstream:remoteref) refs/heads/master refs/remotes/master [3ms]
2023-03-05 17:03:48.814 [info] > git status -z -uall [16ms]
2023-03-05 17:03:48.815 [info] > git for-each-ref --sort -committerdate --format %(refname) %(objectname) %(*objectname) [2ms]
2023-03-05 17:03:53.902 [info] No remotes found in the git config file.
2023-03-05 17:03:53.904 [info] > git config --get commit.template [47ms]
2023-03-05 17:03:53.906 [info] > git for-each-ref --format=%(refname)%00%(upstream:short)%00%(objectname)%00%(upstream:track)%00%(upstream:remotename)%00%(upstream:remoteref) refs/heads/master refs/remotes/master [4ms]
2023-03-05 17:03:53.973 [info] > git status -z -uall [28ms]
2023-03-05 17:03:53.973 [info] > git for-each-ref --sort -committerdate --format %(refname) %(objectname) %(*objectname) [1ms]
2023-03-05 17:04:02.042 [info] > git config --get commit.template [1ms]
2023-03-05 17:04:02.059 [info] No remotes found in the git config file.
2023-03-05 17:04:02.061 [info] > git for-each-ref --format=%(refname)%00%(upstream:short)%00%(objectname)%00%(upstream:track)%00%(upstream:remotename)%00%(upstream:remoteref) refs/heads/master refs/remotes/master [1ms]
2023-03-05 17:04:02.091 [info] > git status -z -uall [16ms]
2023-03-05 17:04:02.092 [info] > git for-each-ref --sort -committerdate --format %(refname) %(objectname) %(*objectname) [2ms]
2023-03-05 17:04:07.302 [info] > git config --get commit.template [4ms]
2023-03-05 17:04:07.315 [info] No remotes found in the git config file.
2023-03-05 17:04:07.317 [info] > git for-each-ref --format=%(refname)%00%(upstream:short)%00%(objectname)%00%(upstream:track)%00%(upstream:remotename)%00%(upstream:remoteref) refs/heads/master refs/remotes/master [2ms]
2023-03-05 17:04:07.342 [info] > git status -z -uall [13ms]
2023-03-05 17:04:07.343 [info] > git for-each-ref --sort -committerdate --format %(refname) %(objectname) %(*objectname) [2ms]
2023-03-05 17:04:21.134 [info] No remotes found in the git config file.
2023-03-05 17:04:21.135 [info] > git config --get commit.template [22ms]
2023-03-05 17:04:21.135 [info] > git for-each-ref --format=%(refname)%00%(upstream:short)%00%(objectname)%00%(upstream:track)%00%(upstream:remotename)%00%(upstream:remoteref) refs/heads/master refs/remotes/master [1ms]
2023-03-05 17:04:21.165 [info] > git status -z -uall [15ms]
2023-03-05 17:04:21.166 [info] > git for-each-ref --sort -committerdate --format %(refname) %(objectname) %(*objectname) [4ms]
2023-03-05 17:04:26.241 [info] No remotes found in the git config file.
2023-03-05 17:04:26.242 [info] > git config --get commit.template [38ms]
2023-03-05 17:04:26.243 [info] > git for-each-ref --format=%(refname)%00%(upstream:short)%00%(objectname)%00%(upstream:track)%00%(upstream:remotename)%00%(upstream:remoteref) refs/heads/master refs/remotes/master [3ms]
2023-03-05 17:04:26.285 [info] > git status -z -uall [23ms]
2023-03-05 17:04:26.287 [info] > git for-each-ref --sort -committerdate --format %(refname) %(objectname) %(*objectname) [2ms]
2023-03-05 17:04:32.813 [info] > git config --get commit.template [2ms]
2023-03-05 17:04:32.830 [info] No remotes found in the git config file.
2023-03-05 17:04:32.832 [info] > git for-each-ref --format=%(refname)%00%(upstream:short)%00%(objectname)%00%(upstream:track)%00%(upstream:remotename)%00%(upstream:remoteref) refs/heads/master refs/remotes/master [1ms]
2023-03-05 17:04:32.864 [info] > git status -z -uall [15ms]
2023-03-05 17:04:32.865 [info] > git for-each-ref --sort -committerdate --format %(refname) %(objectname) %(*objectname) [0ms]
2023-03-05 17:06:21.655 [info] No remotes found in the git config file.
2023-03-05 17:06:21.656 [info] > git config --get commit.template [14ms]
2023-03-05 17:06:21.656 [info] > git for-each-ref --format=%(refname)%00%(upstream:short)%00%(objectname)%00%(upstream:track)%00%(upstream:remotename)%00%(upstream:remoteref) refs/heads/master refs/remotes/master [1ms]
2023-03-05 17:06:21.682 [info] > git status -z -uall [12ms]
2023-03-05 17:06:21.683 [info] > git for-each-ref --sort -committerdate --format %(refname) %(objectname) %(*objectname) [2ms]
