2023-03-15 17:05:44.423 [info] Added views:workbench.panel.markers.view in workbench.panel.markers
2023-03-15 17:05:44.423 [info] Added views:workbench.panel.output in workbench.panel.output
2023-03-15 17:05:44.423 [info] Added views:terminal in terminal
2023-03-15 17:05:44.423 [info] Added views:outline in workbench.view.explorer
2023-03-15 17:05:44.423 [info] Added views:workbench.scm in workbench.view.scm
2023-03-15 17:05:44.423 [info] Added views:workbench.view.search in workbench.view.search
2023-03-15 17:05:44.423 [info] Added views:timeline in workbench.view.explorer
2023-03-15 17:05:44.423 [info] Added views:workbench.explorer.fileView in workbench.view.explorer
2023-03-15 17:05:45.076 [info] Added views:gitlens.views.home,gitlens.views.contributors in workbench.view.extension.gitlens
2023-03-15 17:05:45.078 [info] Added views:gitlens.views.commits,gitlens.views.commitDetails,gitlens.views.fileHistory,gitlens.views.branches,gitlens.views.remotes,gitlens.views.stashes,gitlens.views.tags,gitlens.views.searchAndCompare in workbench.view.scm
2023-03-15 17:05:45.079 [info] Added views:cell-tag in workbench.view.extension.jupyter
2023-03-15 17:05:45.634 [info] Added views:workbench.debug.variablesView,workbench.debug.watchExpressionsView,workbench.debug.callStackView,workbench.debug.breakPointsView in workbench.view.debug
2023-03-15 17:05:45.720 [info] Added views:workbench.panel.repl.view in workbench.panel.repl
2023-03-15 17:05:48.039 [info] Added views:gitlens.views.timeline in workbench.view.extension.gitlensPanel
2023-03-15 17:05:48.040 [info] Added views:gitlens.views.worktrees in workbench.view.scm
2023-03-15 17:05:49.040 [info] Added views:liveshare.session,liveshare.contacts in workbench.view.extension.liveshare
2023-03-15 17:10:07.579 [info] Added views:workbench.view.testing in workbench.view.extension.test
2023-03-15 17:22:10.784 [info] Added views:workbench.views.extensions.installed,workbench.views.extensions.popular,extensions.recommendedList in workbench.view.extensions
2023-03-15 17:22:10.808 [info] Removed views:workbench.views.extensions.popular from workbench.view.extensions
2023-03-15 17:26:46.702 [info] Removed views:workbench.view.testing from workbench.view.extension.test
