[Info  - 16:32:56] Angular language server process ID: 36954
[Info  - 16:32:56] Using typescript/lib/tsserverlibrary v4.8.2 from /home/rugery/.vscode/extensions/angular.ng-template-15.2.0/node_modules/typescript/lib/tsserverlibrary.js
[Info  - 16:32:56] Using @angular/language-service v15.2.0 from /home/rugery/.vscode/extensions/angular.ng-template-15.2.0/node_modules/@angular/language-service/index.js
[Info  - 16:32:56] Logging is turned off. To enable, run command 'Open Angular server log'.
[Error - 16:32:59] No config file for /home/rugery/Documentos/Programs/MapsAngular/maps/src/index.html
[Error - 16:32:59] No config file for /home/rugery/Documentos/Programs/MapsAngular/maps/src/index.html
[Error - 16:32:59] No config file for /home/rugery/Documentos/Programs/MapsAngular/maps/src/index.html
[Error - 16:32:59] No config file for /home/rugery/Documentos/Programs/MapsAngular/maps/src/index.html
[Error - 16:32:59] No config file for /home/rugery/Documentos/Programs/MapsAngular/maps/src/index.html
[Error - 16:32:59] No config file for /home/rugery/Documentos/Programs/MapsAngular/maps/src/index.html
[Error - 16:32:59] No config file for /home/rugery/Documentos/Programs/MapsAngular/maps/src/index.html
[Error - 16:32:59] No config file for /home/rugery/Documentos/Programs/MapsAngular/maps/src/index.html
[Error - 16:32:59] No config file for /home/rugery/Documentos/Programs/MapsAngular/maps/src/index.html
[Error - 16:33:01] No config file for /home/rugery/Documentos/Programs/MapsAngular/maps/src/index.html
[Info  - 16:33:01] Enabling Ivy language service for /home/rugery/Documentos/Programs/MapsAngular/maps/tsconfig.json.
[Error - 16:33:02] No config file for /home/rugery/Documentos/Programs/MapsAngular/maps/src/index.html
[Error - 16:33:19] No config file for /home/rugery/Documentos/Programs/MapsAngular/maps/src/index.html
[Error - 16:34:33] No config file for /home/rugery/Documentos/Programs/MapsAngular/maps/src/index.html
[Error - 16:35:36] No config file for /home/rugery/Documentos/Programs/MapsAngular/maps/src/index.html
[Error - 16:35:41] No config file for /home/rugery/Documentos/Programs/MapsAngular/maps/src/index.html
[Error - 16:36:14] No config file for /home/rugery/Documentos/Programs/MapsAngular/maps/src/index.html
[Error - 16:36:15] No config file for /home/rugery/Documentos/Programs/MapsAngular/maps/src/index.html
[Error - 16:36:16] No config file for /home/rugery/Documentos/Programs/MapsAngular/maps/src/index.html
[Error - 16:36:16] No config file for /home/rugery/Documentos/Programs/MapsAngular/maps/src/index.html
[Error - 16:36:16] No config file for /home/rugery/Documentos/Programs/MapsAngular/maps/src/index.html
[Error - 16:36:17] No config file for /home/rugery/Documentos/Programs/MapsAngular/maps/src/index.html
[Error - 16:36:17] No config file for /home/rugery/Documentos/Programs/MapsAngular/maps/src/index.html
[Error - 16:36:18] No config file for /home/rugery/Documentos/Programs/MapsAngular/maps/src/index.html
[Error - 16:36:18] No config file for /home/rugery/Documentos/Programs/MapsAngular/maps/src/index.html
[Error - 16:36:18] No config file for /home/rugery/Documentos/Programs/MapsAngular/maps/src/index.html
[Error - 16:36:18] No config file for /home/rugery/Documentos/Programs/MapsAngular/maps/src/index.html
[Error - 16:36:18] No config file for /home/rugery/Documentos/Programs/MapsAngular/maps/src/index.html
[Error - 16:36:18] No config file for /home/rugery/Documentos/Programs/MapsAngular/maps/src/index.html
[Error - 16:36:18] No config file for /home/rugery/Documentos/Programs/MapsAngular/maps/src/index.html
[Error - 16:36:19] No config file for /home/rugery/Documentos/Programs/MapsAngular/maps/src/index.html
[Error - 16:36:19] No config file for /home/rugery/Documentos/Programs/MapsAngular/maps/src/index.html
[Error - 16:36:19] No config file for /home/rugery/Documentos/Programs/MapsAngular/maps/src/index.html
[Error - 16:36:19] No config file for /home/rugery/Documentos/Programs/MapsAngular/maps/src/index.html
[Error - 16:36:19] No config file for /home/rugery/Documentos/Programs/MapsAngular/maps/src/index.html
[Error - 16:36:19] No config file for /home/rugery/Documentos/Programs/MapsAngular/maps/src/index.html
[Error - 16:36:19] No config file for /home/rugery/Documentos/Programs/MapsAngular/maps/src/index.html
[Error - 16:36:20] No config file for /home/rugery/Documentos/Programs/MapsAngular/maps/src/index.html
[Error - 16:36:20] No config file for /home/rugery/Documentos/Programs/MapsAngular/maps/src/index.html
[Error - 16:36:21] No config file for /home/rugery/Documentos/Programs/MapsAngular/maps/src/index.html
[Error - 16:36:45] No config file for /home/rugery/Documentos/Programs/MapsAngular/maps/src/index.html
[Error - 16:36:58] No config file for /home/rugery/Documentos/Programs/MapsAngular/maps/src/index.html
[Error - 16:37:24] No config file for /home/rugery/Documentos/Programs/MapsAngular/maps/src/index.html
[Error - 16:37:25] No config file for /home/rugery/Documentos/Programs/MapsAngular/maps/src/index.html
[Error - 16:37:26] No config file for /home/rugery/Documentos/Programs/MapsAngular/maps/src/index.html
[Error - 16:37:47] No config file for /home/rugery/Documentos/Programs/MapsAngular/maps/src/index.html
[Error - 16:37:51] No config file for /home/rugery/Documentos/Programs/MapsAngular/maps/src/index.html
[Error - 16:40:54] No config file for /home/rugery/Documentos/Programs/MapsAngular/maps/src/index.html
[Error - 16:40:55] No config file for /home/rugery/Documentos/Programs/MapsAngular/maps/src/index.html
[Error - 16:41:26] No config file for /home/rugery/Documentos/Programs/MapsAngular/maps/src/index.html
[Error - 16:41:26] No config file for /home/rugery/Documentos/Programs/MapsAngular/maps/src/index.html
[Error - 16:41:27] No config file for /home/rugery/Documentos/Programs/MapsAngular/maps/src/index.html
/home/rugery/.vscode/extensions/angular.ng-template-15.2.0/node_modules/typescript/lib/tsserverlibrary.js:14779
    function getSourceFileOfNode(node) {
                                ^

RangeError: Maximum call stack size exceeded
    at Object.getSourceFileOfNode (/home/rugery/.vscode/extensions/angular.ng-template-15.2.0/node_modules/typescript/lib/tsserverlibrary.js:14779:33)
    at NodeObject.getSourceFile (/home/rugery/.vscode/extensions/angular.ng-template-15.2.0/node_modules/typescript/lib/tsserverlibrary.js:166543:23)
    at MetadataDtsModuleScopeResolver.resolve (/home/rugery/.vscode/extensions/angular.ng-template-15.2.0/node_modules/@angular/language-service/bundles/language-service.js:27679:38)
    at LocalModuleScopeRegistry.getExportedScope (/home/rugery/.vscode/extensions/angular.ng-template-15.2.0/node_modules/@angular/language-service/bundles/language-service.js:28238:51)
    at LocalModuleScopeRegistry.getScopeOfModuleReference (/home/rugery/.vscode/extensions/angular.ng-template-15.2.0/node_modules/@angular/language-service/bundles/language-service.js:28032:42)
    at LocalModuleScopeRegistry.getExportedScope (/home/rugery/.vscode/extensions/angular.ng-template-15.2.0/node_modules/@angular/language-service/bundles/language-service.js:28242:29)
    at LocalModuleScopeRegistry.getScopeOfModuleReference (/home/rugery/.vscode/extensions/angular.ng-template-15.2.0/node_modules/@angular/language-service/bundles/language-service.js:28128:42)
    at LocalModuleScopeRegistry.getExportedScope (/home/rugery/.vscode/extensions/angular.ng-template-15.2.0/node_modules/@angular/language-service/bundles/language-service.js:28242:29)
    at LocalModuleScopeRegistry.getScopeOfModuleReference (/home/rugery/.vscode/extensions/angular.ng-template-15.2.0/node_modules/@angular/language-service/bundles/language-service.js:28128:42)
    at LocalModuleScopeRegistry.getExportedScope (/home/rugery/.vscode/extensions/angular.ng-template-15.2.0/node_modules/@angular/language-service/bundles/language-service.js:28242:29)
[Info  - 16:47:05] Connection to server got closed. Server will restart.
[Info  - 16:47:05] Angular language server process ID: 48785
[Info  - 16:47:05] Using typescript/lib/tsserverlibrary v4.8.2 from /home/rugery/.vscode/extensions/angular.ng-template-15.2.0/node_modules/typescript/lib/tsserverlibrary.js
[Info  - 16:47:05] Using @angular/language-service v15.2.0 from /home/rugery/.vscode/extensions/angular.ng-template-15.2.0/node_modules/@angular/language-service/index.js
[Info  - 16:47:05] Logging is turned off. To enable, run command 'Open Angular server log'.
[Info  - 16:47:10] Enabling Ivy language service for /home/rugery/Documentos/Programs/MapsAngular/maps/tsconfig.json.
/home/rugery/.vscode/extensions/angular.ng-template-15.2.0/node_modules/@angular/language-service/bundles/language-service.js:27986
        getScopeOfModuleReference(ref) {
                                 ^

RangeError: Maximum call stack size exceeded
    at LocalModuleScopeRegistry.getScopeOfModuleReference (/home/rugery/.vscode/extensions/angular.ng-template-15.2.0/node_modules/@angular/language-service/bundles/language-service.js:27986:34)
    at LocalModuleScopeRegistry.getExportedScope (/home/rugery/.vscode/extensions/angular.ng-template-15.2.0/node_modules/@angular/language-service/bundles/language-service.js:28242:29)
    at LocalModuleScopeRegistry.getScopeOfModuleReference (/home/rugery/.vscode/extensions/angular.ng-template-15.2.0/node_modules/@angular/language-service/bundles/language-service.js:28128:42)
    at LocalModuleScopeRegistry.getExportedScope (/home/rugery/.vscode/extensions/angular.ng-template-15.2.0/node_modules/@angular/language-service/bundles/language-service.js:28242:29)
    at LocalModuleScopeRegistry.getScopeOfModuleReference (/home/rugery/.vscode/extensions/angular.ng-template-15.2.0/node_modules/@angular/language-service/bundles/language-service.js:28128:42)
    at LocalModuleScopeRegistry.getExportedScope (/home/rugery/.vscode/extensions/angular.ng-template-15.2.0/node_modules/@angular/language-service/bundles/language-service.js:28242:29)
    at LocalModuleScopeRegistry.getScopeOfModuleReference (/home/rugery/.vscode/extensions/angular.ng-template-15.2.0/node_modules/@angular/language-service/bundles/language-service.js:28128:42)
    at LocalModuleScopeRegistry.getExportedScope (/home/rugery/.vscode/extensions/angular.ng-template-15.2.0/node_modules/@angular/language-service/bundles/language-service.js:28242:29)
    at LocalModuleScopeRegistry.getScopeOfModuleReference (/home/rugery/.vscode/extensions/angular.ng-template-15.2.0/node_modules/@angular/language-service/bundles/language-service.js:28128:42)
    at LocalModuleScopeRegistry.getExportedScope (/home/rugery/.vscode/extensions/angular.ng-template-15.2.0/node_modules/@angular/language-service/bundles/language-service.js:28242:29)
[Info  - 16:47:10] Connection to server got closed. Server will restart.
[Info  - 16:47:10] Angular language server process ID: 48917
[Info  - 16:47:10] Using typescript/lib/tsserverlibrary v4.8.2 from /home/rugery/.vscode/extensions/angular.ng-template-15.2.0/node_modules/typescript/lib/tsserverlibrary.js
[Info  - 16:47:10] Using @angular/language-service v15.2.0 from /home/rugery/.vscode/extensions/angular.ng-template-15.2.0/node_modules/@angular/language-service/index.js
[Info  - 16:47:10] Logging is turned off. To enable, run command 'Open Angular server log'.
[Info  - 16:47:16] Enabling Ivy language service for /home/rugery/Documentos/Programs/MapsAngular/maps/tsconfig.json.
/home/rugery/.vscode/extensions/angular.ng-template-15.2.0/node_modules/@angular/language-service/bundles/language-service.js:27986
        getScopeOfModuleReference(ref) {
                                 ^

RangeError: Maximum call stack size exceeded
    at LocalModuleScopeRegistry.getScopeOfModuleReference (/home/rugery/.vscode/extensions/angular.ng-template-15.2.0/node_modules/@angular/language-service/bundles/language-service.js:27986:34)
    at LocalModuleScopeRegistry.getExportedScope (/home/rugery/.vscode/extensions/angular.ng-template-15.2.0/node_modules/@angular/language-service/bundles/language-service.js:28242:29)
    at LocalModuleScopeRegistry.getScopeOfModuleReference (/home/rugery/.vscode/extensions/angular.ng-template-15.2.0/node_modules/@angular/language-service/bundles/language-service.js:28128:42)
    at LocalModuleScopeRegistry.getExportedScope (/home/rugery/.vscode/extensions/angular.ng-template-15.2.0/node_modules/@angular/language-service/bundles/language-service.js:28242:29)
    at LocalModuleScopeRegistry.getScopeOfModuleReference (/home/rugery/.vscode/extensions/angular.ng-template-15.2.0/node_modules/@angular/language-service/bundles/language-service.js:28128:42)
    at LocalModuleScopeRegistry.getExportedScope (/home/rugery/.vscode/extensions/angular.ng-template-15.2.0/node_modules/@angular/language-service/bundles/language-service.js:28242:29)
    at LocalModuleScopeRegistry.getScopeOfModuleReference (/home/rugery/.vscode/extensions/angular.ng-template-15.2.0/node_modules/@angular/language-service/bundles/language-service.js:28128:42)
    at LocalModuleScopeRegistry.getExportedScope (/home/rugery/.vscode/extensions/angular.ng-template-15.2.0/node_modules/@angular/language-service/bundles/language-service.js:28242:29)
    at LocalModuleScopeRegistry.getScopeOfModuleReference (/home/rugery/.vscode/extensions/angular.ng-template-15.2.0/node_modules/@angular/language-service/bundles/language-service.js:28128:42)
    at LocalModuleScopeRegistry.getExportedScope (/home/rugery/.vscode/extensions/angular.ng-template-15.2.0/node_modules/@angular/language-service/bundles/language-service.js:28242:29)
[Info  - 16:47:17] Connection to server got closed. Server will restart.
[Info  - 16:47:18] Angular language server process ID: 49026
[Info  - 16:47:18] Using typescript/lib/tsserverlibrary v4.8.2 from /home/rugery/.vscode/extensions/angular.ng-template-15.2.0/node_modules/typescript/lib/tsserverlibrary.js
[Info  - 16:47:18] Using @angular/language-service v15.2.0 from /home/rugery/.vscode/extensions/angular.ng-template-15.2.0/node_modules/@angular/language-service/index.js
[Info  - 16:47:18] Logging is turned off. To enable, run command 'Open Angular server log'.
[Info  - 16:47:22] Enabling Ivy language service for /home/rugery/Documentos/Programs/MapsAngular/maps/tsconfig.json.
/home/rugery/.vscode/extensions/angular.ng-template-15.2.0/node_modules/@angular/language-service/bundles/language-service.js:27986
        getScopeOfModuleReference(ref) {
                                 ^

RangeError: Maximum call stack size exceeded
    at LocalModuleScopeRegistry.getScopeOfModuleReference (/home/rugery/.vscode/extensions/angular.ng-template-15.2.0/node_modules/@angular/language-service/bundles/language-service.js:27986:34)
    at LocalModuleScopeRegistry.getExportedScope (/home/rugery/.vscode/extensions/angular.ng-template-15.2.0/node_modules/@angular/language-service/bundles/language-service.js:28242:29)
    at LocalModuleScopeRegistry.getScopeOfModuleReference (/home/rugery/.vscode/extensions/angular.ng-template-15.2.0/node_modules/@angular/language-service/bundles/language-service.js:28128:42)
    at LocalModuleScopeRegistry.getExportedScope (/home/rugery/.vscode/extensions/angular.ng-template-15.2.0/node_modules/@angular/language-service/bundles/language-service.js:28242:29)
    at LocalModuleScopeRegistry.getScopeOfModuleReference (/home/rugery/.vscode/extensions/angular.ng-template-15.2.0/node_modules/@angular/language-service/bundles/language-service.js:28128:42)
    at LocalModuleScopeRegistry.getExportedScope (/home/rugery/.vscode/extensions/angular.ng-template-15.2.0/node_modules/@angular/language-service/bundles/language-service.js:28242:29)
    at LocalModuleScopeRegistry.getScopeOfModuleReference (/home/rugery/.vscode/extensions/angular.ng-template-15.2.0/node_modules/@angular/language-service/bundles/language-service.js:28128:42)
    at LocalModuleScopeRegistry.getExportedScope (/home/rugery/.vscode/extensions/angular.ng-template-15.2.0/node_modules/@angular/language-service/bundles/language-service.js:28242:29)
    at LocalModuleScopeRegistry.getScopeOfModuleReference (/home/rugery/.vscode/extensions/angular.ng-template-15.2.0/node_modules/@angular/language-service/bundles/language-service.js:28128:42)
    at LocalModuleScopeRegistry.getExportedScope (/home/rugery/.vscode/extensions/angular.ng-template-15.2.0/node_modules/@angular/language-service/bundles/language-service.js:28242:29)
[Info  - 16:47:22] Connection to server got closed. Server will restart.
[Info  - 16:47:23] Angular language server process ID: 49120
[Info  - 16:47:23] Using typescript/lib/tsserverlibrary v4.8.2 from /home/rugery/.vscode/extensions/angular.ng-template-15.2.0/node_modules/typescript/lib/tsserverlibrary.js
[Info  - 16:47:23] Using @angular/language-service v15.2.0 from /home/rugery/.vscode/extensions/angular.ng-template-15.2.0/node_modules/@angular/language-service/index.js
[Info  - 16:47:23] Logging is turned off. To enable, run command 'Open Angular server log'.
[Info  - 16:47:28] Enabling Ivy language service for /home/rugery/Documentos/Programs/MapsAngular/maps/tsconfig.json.
/home/rugery/.vscode/extensions/angular.ng-template-15.2.0/node_modules/@angular/language-service/bundles/language-service.js:27986
        getScopeOfModuleReference(ref) {
                                 ^

RangeError: Maximum call stack size exceeded
    at LocalModuleScopeRegistry.getScopeOfModuleReference (/home/rugery/.vscode/extensions/angular.ng-template-15.2.0/node_modules/@angular/language-service/bundles/language-service.js:27986:34)
    at LocalModuleScopeRegistry.getExportedScope (/home/rugery/.vscode/extensions/angular.ng-template-15.2.0/node_modules/@angular/language-service/bundles/language-service.js:28242:29)
    at LocalModuleScopeRegistry.getScopeOfModuleReference (/home/rugery/.vscode/extensions/angular.ng-template-15.2.0/node_modules/@angular/language-service/bundles/language-service.js:28128:42)
    at LocalModuleScopeRegistry.getExportedScope (/home/rugery/.vscode/extensions/angular.ng-template-15.2.0/node_modules/@angular/language-service/bundles/language-service.js:28242:29)
    at LocalModuleScopeRegistry.getScopeOfModuleReference (/home/rugery/.vscode/extensions/angular.ng-template-15.2.0/node_modules/@angular/language-service/bundles/language-service.js:28128:42)
    at LocalModuleScopeRegistry.getExportedScope (/home/rugery/.vscode/extensions/angular.ng-template-15.2.0/node_modules/@angular/language-service/bundles/language-service.js:28242:29)
    at LocalModuleScopeRegistry.getScopeOfModuleReference (/home/rugery/.vscode/extensions/angular.ng-template-15.2.0/node_modules/@angular/language-service/bundles/language-service.js:28128:42)
    at LocalModuleScopeRegistry.getExportedScope (/home/rugery/.vscode/extensions/angular.ng-template-15.2.0/node_modules/@angular/language-service/bundles/language-service.js:28242:29)
    at LocalModuleScopeRegistry.getScopeOfModuleReference (/home/rugery/.vscode/extensions/angular.ng-template-15.2.0/node_modules/@angular/language-service/bundles/language-service.js:28128:42)
    at LocalModuleScopeRegistry.getExportedScope (/home/rugery/.vscode/extensions/angular.ng-template-15.2.0/node_modules/@angular/language-service/bundles/language-service.js:28242:29)
[Error - 16:47:28] Connection to server got closed. Server will not be restarted.
[Error - 16:47:28] Request textDocument/codeLens failed.
Error: Connection got disposed.
    at Object.dispose (/home/rugery/.vscode/extensions/angular.ng-template-15.2.0/node_modules/vscode-jsonrpc/lib/common/connection.js:1044:27)
    at Object.dispose (/home/rugery/.vscode/extensions/angular.ng-template-15.2.0/node_modules/vscode-languageclient/lib/common/client.js:73:35)
    at LanguageClient.handleConnectionClosed (/home/rugery/.vscode/extensions/angular.ng-template-15.2.0/node_modules/vscode-languageclient/lib/common/client.js:2424:42)
    at LanguageClient.handleConnectionClosed (/home/rugery/.vscode/extensions/angular.ng-template-15.2.0/node_modules/vscode-languageclient/lib/node/main.js:155:15)
    at closeHandler (/home/rugery/.vscode/extensions/angular.ng-template-15.2.0/node_modules/vscode-languageclient/lib/common/client.js:2411:18)
    at CallbackList.invoke (/home/rugery/.vscode/extensions/angular.ng-template-15.2.0/node_modules/vscode-jsonrpc/lib/common/events.js:55:39)
    at Emitter.fire (/home/rugery/.vscode/extensions/angular.ng-template-15.2.0/node_modules/vscode-jsonrpc/lib/common/events.js:117:36)
    at closeHandler (/home/rugery/.vscode/extensions/angular.ng-template-15.2.0/node_modules/vscode-jsonrpc/lib/common/connection.js:256:26)
    at CallbackList.invoke (/home/rugery/.vscode/extensions/angular.ng-template-15.2.0/node_modules/vscode-jsonrpc/lib/common/events.js:55:39)
    at Emitter.fire (/home/rugery/.vscode/extensions/angular.ng-template-15.2.0/node_modules/vscode-jsonrpc/lib/common/events.js:117:36)
    at IPCMessageReader.fireClose (/home/rugery/.vscode/extensions/angular.ng-template-15.2.0/node_modules/vscode-jsonrpc/lib/common/messageReader.js:40:27)
    at ChildProcess.<anonymous> (/home/rugery/.vscode/extensions/angular.ng-template-15.2.0/node_modules/vscode-jsonrpc/lib/node/main.js:33:45)
    at ChildProcess.emit (node:events:538:35)
    at ChildProcess.emit (node:domain:475:12)
    at maybeClose (node:internal/child_process:1092:16)
    at Process.ChildProcess._handle.onexit (node:internal/child_process:302:5)
[Error - 16:47:28] Request textDocument/foldingRange failed.
Error: Connection got disposed.
    at Object.dispose (/home/rugery/.vscode/extensions/angular.ng-template-15.2.0/node_modules/vscode-jsonrpc/lib/common/connection.js:1044:27)
    at Object.dispose (/home/rugery/.vscode/extensions/angular.ng-template-15.2.0/node_modules/vscode-languageclient/lib/common/client.js:73:35)
    at LanguageClient.handleConnectionClosed (/home/rugery/.vscode/extensions/angular.ng-template-15.2.0/node_modules/vscode-languageclient/lib/common/client.js:2424:42)
    at LanguageClient.handleConnectionClosed (/home/rugery/.vscode/extensions/angular.ng-template-15.2.0/node_modules/vscode-languageclient/lib/node/main.js:155:15)
    at closeHandler (/home/rugery/.vscode/extensions/angular.ng-template-15.2.0/node_modules/vscode-languageclient/lib/common/client.js:2411:18)
    at CallbackList.invoke (/home/rugery/.vscode/extensions/angular.ng-template-15.2.0/node_modules/vscode-jsonrpc/lib/common/events.js:55:39)
    at Emitter.fire (/home/rugery/.vscode/extensions/angular.ng-template-15.2.0/node_modules/vscode-jsonrpc/lib/common/events.js:117:36)
    at closeHandler (/home/rugery/.vscode/extensions/angular.ng-template-15.2.0/node_modules/vscode-jsonrpc/lib/common/connection.js:256:26)
    at CallbackList.invoke (/home/rugery/.vscode/extensions/angular.ng-template-15.2.0/node_modules/vscode-jsonrpc/lib/common/events.js:55:39)
    at Emitter.fire (/home/rugery/.vscode/extensions/angular.ng-template-15.2.0/node_modules/vscode-jsonrpc/lib/common/events.js:117:36)
    at IPCMessageReader.fireClose (/home/rugery/.vscode/extensions/angular.ng-template-15.2.0/node_modules/vscode-jsonrpc/lib/common/messageReader.js:40:27)
    at ChildProcess.<anonymous> (/home/rugery/.vscode/extensions/angular.ng-template-15.2.0/node_modules/vscode-jsonrpc/lib/node/main.js:33:45)
    at ChildProcess.emit (node:events:538:35)
    at ChildProcess.emit (node:domain:475:12)
    at maybeClose (node:internal/child_process:1092:16)
    at Process.ChildProcess._handle.onexit (node:internal/child_process:302:5)
