2023-03-15 16:35:05.774 [info] Reading sessions from keychain...
2023-03-15 16:35:05.774 [info] Getting sessions for user:email...
2023-03-15 16:35:05.774 [info] Got 0 sessions for user:email...
2023-03-15 16:35:05.774 [info] Getting sessions for all scopes...
2023-03-15 16:35:05.774 [info] Got 0 sessions for ...
2023-03-15 16:35:05.909 [info] Getting sessions for all scopes...
2023-03-15 16:35:06.035 [info] Got 0 sessions for ...
2023-03-15 16:35:06.217 [info] Getting sessions for read:user,repo,user:email,workflow...
2023-03-15 16:35:06.217 [info] Got 0 sessions for read:user,repo,user:email,workflow...
2023-03-15 16:39:07.894 [info] Reading sessions from keychain...
2023-03-15 16:39:07.894 [info] Getting sessions for user:email...
2023-03-15 16:39:07.894 [info] Got 0 sessions for user:email...
2023-03-15 16:39:07.894 [info] Getting sessions for all scopes...
2023-03-15 16:39:07.894 [info] Got 0 sessions for ...
2023-03-15 16:39:07.943 [info] Getting sessions for all scopes...
2023-03-15 16:39:07.944 [info] Got 0 sessions for ...
2023-03-15 16:39:08.109 [info] Getting sessions for all scopes...
2023-03-15 16:39:08.109 [info] Got 0 sessions for ...
2023-03-15 16:39:08.422 [info] Getting sessions for read:user,repo,user:email,workflow...
2023-03-15 16:39:08.422 [info] Got 0 sessions for read:user,repo,user:email,workflow...
