2023-03-05 15:45:53.560 [info] Extension host with pid 3700 started
2023-03-05 15:45:53.560 [info] Skipping acquiring lock for /home/rugery/.config/Code/User/workspaceStorage/41810d14e38801c00679b6fa9135698f.
2023-03-05 15:45:53.695 [info] ExtensionService#_doActivateExtension vscode.emmet, startup: false, activationEvent: 'onLanguage'
2023-03-05 15:45:53.896 [info] ExtensionService#_doActivateExtension ms-python.python, startup: false, activationEvent: 'onLanguage:python', root cause: ms-python.isort
2023-03-05 15:45:54.738 [info] ExtensionService#_doActivateExtension ms-toolsai.jupyter, startup: false, activationEvent: 'onLanguage:python'
2023-03-05 15:45:55.089 [info] ExtensionService#_doActivateExtension vscode.git-base, startup: true, activationEvent: '*', root cause: vscode.git
2023-03-05 15:45:55.115 [info] ExtensionService#_doActivateExtension alexiv.vscode-angular2-files, startup: true, activationEvent: '*'
2023-03-05 15:45:55.238 [info] ExtensionService#_doActivateExtension christian-kohler.path-intellisense, startup: true, activationEvent: '*'
2023-03-05 15:45:55.776 [info] ExtensionService#_doActivateExtension formulahendry.auto-rename-tag, startup: true, activationEvent: '*'
2023-03-05 15:45:55.827 [info] ExtensionService#_doActivateExtension kisstkondoros.vscode-gutter-preview, startup: true, activationEvent: '*'
2023-03-05 15:45:55.922 [info] ExtensionService#_doActivateExtension naumovs.color-highlight, startup: true, activationEvent: '*'
2023-03-05 15:45:55.986 [info] ExtensionService#_doActivateExtension oderwat.indent-rainbow, startup: true, activationEvent: '*'
2023-03-05 15:45:57.285 [info] ExtensionService#_doActivateExtension vscode.github-authentication, startup: false, activationEvent: 'onAuthenticationRequest:github'
2023-03-05 15:45:57.776 [info] ExtensionService#_doActivateExtension ms-toolsai.jupyter-renderers, startup: false, activationEvent: 'api', root cause: ms-toolsai.jupyter
2023-03-05 15:45:57.908 [info] ExtensionService#_doActivateExtension vscode.git, startup: true, activationEvent: '*'
2023-03-05 15:45:58.261 [info] ExtensionService#_doActivateExtension vscode.github, startup: true, activationEvent: '*'
2023-03-05 15:45:58.497 [info] ExtensionService#_doActivateExtension ms-python.isort, startup: false, activationEvent: 'onLanguage:python'
2023-03-05 15:45:58.674 [info] ExtensionService#_doActivateExtension ms-python.vscode-pylance, startup: false, activationEvent: 'onLanguage:python'
2023-03-05 15:45:59.416 [info] ExtensionService#_doActivateExtension vscode.microsoft-authentication, startup: false, activationEvent: 'onAuthenticationRequest:microsoft'
2023-03-05 15:46:00.474 [info] Eager extensions activated
2023-03-05 15:46:00.548 [info] ExtensionService#_doActivateExtension vscode.debug-auto-launch, startup: false, activationEvent: 'onStartupFinished'
2023-03-05 15:46:00.680 [info] ExtensionService#_doActivateExtension vscode.merge-conflict, startup: false, activationEvent: 'onStartupFinished'
2023-03-05 15:46:00.875 [info] ExtensionService#_doActivateExtension aaron-bond.better-comments, startup: false, activationEvent: 'onStartupFinished'
2023-03-05 15:46:01.351 [info] ExtensionService#_doActivateExtension dbaeumer.vscode-eslint, startup: false, activationEvent: 'onStartupFinished'
2023-03-05 15:46:01.506 [info] ExtensionService#_doActivateExtension eamodio.gitlens, startup: false, activationEvent: 'onStartupFinished'
2023-03-05 15:46:01.892 [info] ExtensionService#_doActivateExtension ms-vsliveshare.vsliveshare, startup: false, activationEvent: 'onStartupFinished'
2023-03-05 15:46:02.624 [info] ExtensionService#_doActivateExtension PKief.material-icon-theme, startup: false, activationEvent: 'onStartupFinished'
2023-03-05 15:46:02.789 [info] ExtensionService#_doActivateExtension ritwickdey.LiveServer, startup: false, activationEvent: 'onStartupFinished'
2023-03-05 15:46:03.046 [info] ExtensionService#_doActivateExtension zhuangtongfa.material-theme, startup: false, activationEvent: 'onStartupFinished'
2023-03-05 15:46:04.959 [error] Error: Module 'pip' not installed.
    at Xa.execModule (/home/rugery/.vscode/extensions/ms-toolsai.jupyter-2023.1.2010391206/out/extension.node.js:2:1806741)
    at xl.getPackageInformation (/home/rugery/.vscode/extensions/ms-toolsai.jupyter-2023.1.2010391206/out/extension.node.js:17:38262)
2023-03-05 15:48:01.351 [info] Extension host terminating: renderer closed the MessagePort
2023-03-05 15:48:01.474 [error] Canceled: Canceled
    at new u (/opt/visual-studio-code/resources/app/out/vs/workbench/api/node/extensionHostProcess.js:96:88070)
    at l.O (/opt/visual-studio-code/resources/app/out/vs/workbench/api/node/extensionHostProcess.js:106:11276)
    at Proxy.V.<computed>.M.charCodeAt.V.<computed> (/opt/visual-studio-code/resources/app/out/vs/workbench/api/node/extensionHostProcess.js:106:8557)
    at s.g (/opt/visual-studio-code/resources/app/out/vs/workbench/api/node/extensionHostProcess.js:96:107430)
    at s.executeCommand (/opt/visual-studio-code/resources/app/out/vs/workbench/api/node/extensionHostProcess.js:96:106806)
    at w.registerCommand.description (/opt/visual-studio-code/resources/app/out/vs/workbench/api/node/extensionHostProcess.js:96:106099)
    at s.h (/opt/visual-studio-code/resources/app/out/vs/workbench/api/node/extensionHostProcess.js:96:108016)
    at s.g (/opt/visual-studio-code/resources/app/out/vs/workbench/api/node/extensionHostProcess.js:96:106906)
    at s.executeCommand (/opt/visual-studio-code/resources/app/out/vs/workbench/api/node/extensionHostProcess.js:96:106806)
    at Object.executeCommand (/opt/visual-studio-code/resources/app/out/vs/workbench/api/node/extensionHostProcess.js:117:30778)
    at c (/home/rugery/.vscode/extensions/eamodio.gitlens-13.3.1/dist/gitlens.js:1:991281)
    at ActionRunners._updateContextKeys (/home/rugery/.vscode/extensions/eamodio.gitlens-13.3.1/dist/gitlens.js:1:12768)
    at s (/home/rugery/.vscode/extensions/eamodio.gitlens-13.3.1/dist/gitlens.js:1:11187)
    at RegisteredActionRunner.unregister (/home/rugery/.vscode/extensions/eamodio.gitlens-13.3.1/dist/gitlens.js:1:11331)
    at RegisteredActionRunner.dispose (/home/rugery/.vscode/extensions/eamodio.gitlens-13.3.1/dist/gitlens.js:1:9993)
    at ActionRunners.dispose (/home/rugery/.vscode/extensions/eamodio.gitlens-13.3.1/dist/gitlens.js:1:10772)
    at T (/opt/visual-studio-code/resources/app/out/vs/workbench/api/node/extensionHostProcess.js:10:12072)
    at f.X (/opt/visual-studio-code/resources/app/out/vs/workbench/api/node/extensionHostProcess.js:108:11242)
    at /opt/visual-studio-code/resources/app/out/vs/workbench/api/node/extensionHostProcess.js:108:9037
    at Array.map (<anonymous>)
    at f.Q (/opt/visual-studio-code/resources/app/out/vs/workbench/api/node/extensionHostProcess.js:108:9024)
    at f.terminate (/opt/visual-studio-code/resources/app/out/vs/workbench/api/node/extensionHostProcess.js:108:9298)
    at h.terminate (/opt/visual-studio-code/resources/app/out/vs/workbench/api/node/extensionHostProcess.js:112:1397)
    at p (/opt/visual-studio-code/resources/app/out/vs/workbench/api/node/extensionHostProcess.js:122:17851)
    at MessagePortMain.<anonymous> (/opt/visual-studio-code/resources/app/out/vs/workbench/api/node/extensionHostProcess.js:122:13990)
    at MessagePortMain.emit (node:events:526:28)
    at Object.MessagePortMain._internalPort.emit (node:electron/js2c/utility_init:5:364) setContext undefined
2023-03-05 15:48:01.477 [error] Canceled: Canceled
    at new u (/opt/visual-studio-code/resources/app/out/vs/workbench/api/node/extensionHostProcess.js:96:88070)
    at l.O (/opt/visual-studio-code/resources/app/out/vs/workbench/api/node/extensionHostProcess.js:106:11276)
    at Proxy.V.<computed>.M.charCodeAt.V.<computed> (/opt/visual-studio-code/resources/app/out/vs/workbench/api/node/extensionHostProcess.js:106:8557)
    at s.g (/opt/visual-studio-code/resources/app/out/vs/workbench/api/node/extensionHostProcess.js:96:107430)
    at s.executeCommand (/opt/visual-studio-code/resources/app/out/vs/workbench/api/node/extensionHostProcess.js:96:106806)
    at w.registerCommand.description (/opt/visual-studio-code/resources/app/out/vs/workbench/api/node/extensionHostProcess.js:96:106099)
    at s.h (/opt/visual-studio-code/resources/app/out/vs/workbench/api/node/extensionHostProcess.js:96:108016)
    at s.g (/opt/visual-studio-code/resources/app/out/vs/workbench/api/node/extensionHostProcess.js:96:106906)
    at s.executeCommand (/opt/visual-studio-code/resources/app/out/vs/workbench/api/node/extensionHostProcess.js:96:106806)
    at Object.executeCommand (/opt/visual-studio-code/resources/app/out/vs/workbench/api/node/extensionHostProcess.js:117:30778)
    at c (/home/rugery/.vscode/extensions/eamodio.gitlens-13.3.1/dist/gitlens.js:1:991281)
    at ActionRunners._updateContextKeys (/home/rugery/.vscode/extensions/eamodio.gitlens-13.3.1/dist/gitlens.js:1:12768)
    at s (/home/rugery/.vscode/extensions/eamodio.gitlens-13.3.1/dist/gitlens.js:1:11187)
    at RegisteredActionRunner.unregister (/home/rugery/.vscode/extensions/eamodio.gitlens-13.3.1/dist/gitlens.js:1:11331)
    at RegisteredActionRunner.dispose (/home/rugery/.vscode/extensions/eamodio.gitlens-13.3.1/dist/gitlens.js:1:9993)
    at ActionRunners.dispose (/home/rugery/.vscode/extensions/eamodio.gitlens-13.3.1/dist/gitlens.js:1:10772)
    at T (/opt/visual-studio-code/resources/app/out/vs/workbench/api/node/extensionHostProcess.js:10:12072)
    at f.X (/opt/visual-studio-code/resources/app/out/vs/workbench/api/node/extensionHostProcess.js:108:11242)
    at /opt/visual-studio-code/resources/app/out/vs/workbench/api/node/extensionHostProcess.js:108:9037
    at Array.map (<anonymous>)
    at f.Q (/opt/visual-studio-code/resources/app/out/vs/workbench/api/node/extensionHostProcess.js:108:9024)
    at f.terminate (/opt/visual-studio-code/resources/app/out/vs/workbench/api/node/extensionHostProcess.js:108:9298)
    at h.terminate (/opt/visual-studio-code/resources/app/out/vs/workbench/api/node/extensionHostProcess.js:112:1397)
    at p (/opt/visual-studio-code/resources/app/out/vs/workbench/api/node/extensionHostProcess.js:122:17851)
    at MessagePortMain.<anonymous> (/opt/visual-studio-code/resources/app/out/vs/workbench/api/node/extensionHostProcess.js:122:13990)
    at MessagePortMain.emit (node:events:526:28)
    at Object.MessagePortMain._internalPort.emit (node:electron/js2c/utility_init:5:364) setContext undefined
2023-03-05 15:48:01.478 [error] Canceled: Canceled
    at new u (/opt/visual-studio-code/resources/app/out/vs/workbench/api/node/extensionHostProcess.js:96:88070)
    at l.O (/opt/visual-studio-code/resources/app/out/vs/workbench/api/node/extensionHostProcess.js:106:11276)
    at Proxy.V.<computed>.M.charCodeAt.V.<computed> (/opt/visual-studio-code/resources/app/out/vs/workbench/api/node/extensionHostProcess.js:106:8557)
    at s.g (/opt/visual-studio-code/resources/app/out/vs/workbench/api/node/extensionHostProcess.js:96:107430)
    at s.executeCommand (/opt/visual-studio-code/resources/app/out/vs/workbench/api/node/extensionHostProcess.js:96:106806)
    at w.registerCommand.description (/opt/visual-studio-code/resources/app/out/vs/workbench/api/node/extensionHostProcess.js:96:106099)
    at s.h (/opt/visual-studio-code/resources/app/out/vs/workbench/api/node/extensionHostProcess.js:96:108016)
    at s.g (/opt/visual-studio-code/resources/app/out/vs/workbench/api/node/extensionHostProcess.js:96:106906)
    at s.executeCommand (/opt/visual-studio-code/resources/app/out/vs/workbench/api/node/extensionHostProcess.js:96:106806)
    at Object.executeCommand (/opt/visual-studio-code/resources/app/out/vs/workbench/api/node/extensionHostProcess.js:117:30778)
    at c (/home/rugery/.vscode/extensions/eamodio.gitlens-13.3.1/dist/gitlens.js:1:991281)
    at ActionRunners._updateContextKeys (/home/rugery/.vscode/extensions/eamodio.gitlens-13.3.1/dist/gitlens.js:1:12768)
    at s (/home/rugery/.vscode/extensions/eamodio.gitlens-13.3.1/dist/gitlens.js:1:11187)
    at RegisteredActionRunner.unregister (/home/rugery/.vscode/extensions/eamodio.gitlens-13.3.1/dist/gitlens.js:1:11331)
    at RegisteredActionRunner.dispose (/home/rugery/.vscode/extensions/eamodio.gitlens-13.3.1/dist/gitlens.js:1:9993)
    at ActionRunners.dispose (/home/rugery/.vscode/extensions/eamodio.gitlens-13.3.1/dist/gitlens.js:1:10772)
    at T (/opt/visual-studio-code/resources/app/out/vs/workbench/api/node/extensionHostProcess.js:10:12072)
    at f.X (/opt/visual-studio-code/resources/app/out/vs/workbench/api/node/extensionHostProcess.js:108:11242)
    at /opt/visual-studio-code/resources/app/out/vs/workbench/api/node/extensionHostProcess.js:108:9037
    at Array.map (<anonymous>)
    at f.Q (/opt/visual-studio-code/resources/app/out/vs/workbench/api/node/extensionHostProcess.js:108:9024)
    at f.terminate (/opt/visual-studio-code/resources/app/out/vs/workbench/api/node/extensionHostProcess.js:108:9298)
    at h.terminate (/opt/visual-studio-code/resources/app/out/vs/workbench/api/node/extensionHostProcess.js:112:1397)
    at p (/opt/visual-studio-code/resources/app/out/vs/workbench/api/node/extensionHostProcess.js:122:17851)
    at MessagePortMain.<anonymous> (/opt/visual-studio-code/resources/app/out/vs/workbench/api/node/extensionHostProcess.js:122:13990)
    at MessagePortMain.emit (node:events:526:28)
    at Object.MessagePortMain._internalPort.emit (node:electron/js2c/utility_init:5:364) setContext undefined
2023-03-05 15:48:01.485 [error] Canceled: Canceled
    at new u (/opt/visual-studio-code/resources/app/out/vs/workbench/api/node/extensionHostProcess.js:96:88070)
    at l.O (/opt/visual-studio-code/resources/app/out/vs/workbench/api/node/extensionHostProcess.js:106:11276)
    at Proxy.V.<computed>.M.charCodeAt.V.<computed> (/opt/visual-studio-code/resources/app/out/vs/workbench/api/node/extensionHostProcess.js:106:8557)
    at s.g (/opt/visual-studio-code/resources/app/out/vs/workbench/api/node/extensionHostProcess.js:96:107430)
    at s.executeCommand (/opt/visual-studio-code/resources/app/out/vs/workbench/api/node/extensionHostProcess.js:96:106806)
    at w.registerCommand.description (/opt/visual-studio-code/resources/app/out/vs/workbench/api/node/extensionHostProcess.js:96:106099)
    at s.h (/opt/visual-studio-code/resources/app/out/vs/workbench/api/node/extensionHostProcess.js:96:108016)
    at s.g (/opt/visual-studio-code/resources/app/out/vs/workbench/api/node/extensionHostProcess.js:96:106906)
    at s.executeCommand (/opt/visual-studio-code/resources/app/out/vs/workbench/api/node/extensionHostProcess.js:96:106806)
    at Object.executeCommand (/opt/visual-studio-code/resources/app/out/vs/workbench/api/node/extensionHostProcess.js:117:30778)
    at c (/home/rugery/.vscode/extensions/eamodio.gitlens-13.3.1/dist/gitlens.js:1:991281)
    at ActionRunners._updateContextKeys (/home/rugery/.vscode/extensions/eamodio.gitlens-13.3.1/dist/gitlens.js:1:12768)
    at s (/home/rugery/.vscode/extensions/eamodio.gitlens-13.3.1/dist/gitlens.js:1:11187)
    at RegisteredActionRunner.unregister (/home/rugery/.vscode/extensions/eamodio.gitlens-13.3.1/dist/gitlens.js:1:11331)
    at RegisteredActionRunner.dispose (/home/rugery/.vscode/extensions/eamodio.gitlens-13.3.1/dist/gitlens.js:1:9993)
    at Object.dispose (/home/rugery/.vscode/extensions/eamodio.gitlens-13.3.1/dist/gitlens.js:1:11428)
    at T (/opt/visual-studio-code/resources/app/out/vs/workbench/api/node/extensionHostProcess.js:10:12072)
    at f.X (/opt/visual-studio-code/resources/app/out/vs/workbench/api/node/extensionHostProcess.js:108:11242)
    at /opt/visual-studio-code/resources/app/out/vs/workbench/api/node/extensionHostProcess.js:108:9037
    at Array.map (<anonymous>)
    at f.Q (/opt/visual-studio-code/resources/app/out/vs/workbench/api/node/extensionHostProcess.js:108:9024)
    at f.terminate (/opt/visual-studio-code/resources/app/out/vs/workbench/api/node/extensionHostProcess.js:108:9298)
    at h.terminate (/opt/visual-studio-code/resources/app/out/vs/workbench/api/node/extensionHostProcess.js:112:1397)
    at p (/opt/visual-studio-code/resources/app/out/vs/workbench/api/node/extensionHostProcess.js:122:17851)
    at MessagePortMain.<anonymous> (/opt/visual-studio-code/resources/app/out/vs/workbench/api/node/extensionHostProcess.js:122:13990)
    at MessagePortMain.emit (node:events:526:28)
    at Object.MessagePortMain._internalPort.emit (node:electron/js2c/utility_init:5:364) setContext undefined
2023-03-05 15:48:01.488 [error] Canceled: Canceled
    at new u (/opt/visual-studio-code/resources/app/out/vs/workbench/api/node/extensionHostProcess.js:96:88070)
    at l.O (/opt/visual-studio-code/resources/app/out/vs/workbench/api/node/extensionHostProcess.js:106:11276)
    at Proxy.V.<computed>.M.charCodeAt.V.<computed> (/opt/visual-studio-code/resources/app/out/vs/workbench/api/node/extensionHostProcess.js:106:8557)
    at s.g (/opt/visual-studio-code/resources/app/out/vs/workbench/api/node/extensionHostProcess.js:96:107430)
    at s.executeCommand (/opt/visual-studio-code/resources/app/out/vs/workbench/api/node/extensionHostProcess.js:96:106806)
    at w.registerCommand.description (/opt/visual-studio-code/resources/app/out/vs/workbench/api/node/extensionHostProcess.js:96:106099)
    at s.h (/opt/visual-studio-code/resources/app/out/vs/workbench/api/node/extensionHostProcess.js:96:108016)
    at s.g (/opt/visual-studio-code/resources/app/out/vs/workbench/api/node/extensionHostProcess.js:96:106906)
    at s.executeCommand (/opt/visual-studio-code/resources/app/out/vs/workbench/api/node/extensionHostProcess.js:96:106806)
    at Object.executeCommand (/opt/visual-studio-code/resources/app/out/vs/workbench/api/node/extensionHostProcess.js:117:30778)
    at c (/home/rugery/.vscode/extensions/eamodio.gitlens-13.3.1/dist/gitlens.js:1:991281)
    at ActionRunners._updateContextKeys (/home/rugery/.vscode/extensions/eamodio.gitlens-13.3.1/dist/gitlens.js:1:12768)
    at s (/home/rugery/.vscode/extensions/eamodio.gitlens-13.3.1/dist/gitlens.js:1:11187)
    at RegisteredActionRunner.unregister (/home/rugery/.vscode/extensions/eamodio.gitlens-13.3.1/dist/gitlens.js:1:11331)
    at RegisteredActionRunner.dispose (/home/rugery/.vscode/extensions/eamodio.gitlens-13.3.1/dist/gitlens.js:1:9993)
    at Object.dispose (/home/rugery/.vscode/extensions/eamodio.gitlens-13.3.1/dist/gitlens.js:1:11428)
    at T (/opt/visual-studio-code/resources/app/out/vs/workbench/api/node/extensionHostProcess.js:10:12072)
    at f.X (/opt/visual-studio-code/resources/app/out/vs/workbench/api/node/extensionHostProcess.js:108:11242)
    at /opt/visual-studio-code/resources/app/out/vs/workbench/api/node/extensionHostProcess.js:108:9037
    at Array.map (<anonymous>)
    at f.Q (/opt/visual-studio-code/resources/app/out/vs/workbench/api/node/extensionHostProcess.js:108:9024)
    at f.terminate (/opt/visual-studio-code/resources/app/out/vs/workbench/api/node/extensionHostProcess.js:108:9298)
    at h.terminate (/opt/visual-studio-code/resources/app/out/vs/workbench/api/node/extensionHostProcess.js:112:1397)
    at p (/opt/visual-studio-code/resources/app/out/vs/workbench/api/node/extensionHostProcess.js:122:17851)
    at MessagePortMain.<anonymous> (/opt/visual-studio-code/resources/app/out/vs/workbench/api/node/extensionHostProcess.js:122:13990)
    at MessagePortMain.emit (node:events:526:28)
    at Object.MessagePortMain._internalPort.emit (node:electron/js2c/utility_init:5:364) setContext undefined
2023-03-05 15:48:01.491 [error] Canceled: Canceled
    at new u (/opt/visual-studio-code/resources/app/out/vs/workbench/api/node/extensionHostProcess.js:96:88070)
    at l.O (/opt/visual-studio-code/resources/app/out/vs/workbench/api/node/extensionHostProcess.js:106:11276)
    at Proxy.V.<computed>.M.charCodeAt.V.<computed> (/opt/visual-studio-code/resources/app/out/vs/workbench/api/node/extensionHostProcess.js:106:8557)
    at s.g (/opt/visual-studio-code/resources/app/out/vs/workbench/api/node/extensionHostProcess.js:96:107430)
    at s.executeCommand (/opt/visual-studio-code/resources/app/out/vs/workbench/api/node/extensionHostProcess.js:96:106806)
    at w.registerCommand.description (/opt/visual-studio-code/resources/app/out/vs/workbench/api/node/extensionHostProcess.js:96:106099)
    at s.h (/opt/visual-studio-code/resources/app/out/vs/workbench/api/node/extensionHostProcess.js:96:108016)
    at s.g (/opt/visual-studio-code/resources/app/out/vs/workbench/api/node/extensionHostProcess.js:96:106906)
    at s.executeCommand (/opt/visual-studio-code/resources/app/out/vs/workbench/api/node/extensionHostProcess.js:96:106806)
    at Object.executeCommand (/opt/visual-studio-code/resources/app/out/vs/workbench/api/node/extensionHostProcess.js:117:30778)
    at c (/home/rugery/.vscode/extensions/eamodio.gitlens-13.3.1/dist/gitlens.js:1:991281)
    at ActionRunners._updateContextKeys (/home/rugery/.vscode/extensions/eamodio.gitlens-13.3.1/dist/gitlens.js:1:12768)
    at s (/home/rugery/.vscode/extensions/eamodio.gitlens-13.3.1/dist/gitlens.js:1:11187)
    at RegisteredActionRunner.unregister (/home/rugery/.vscode/extensions/eamodio.gitlens-13.3.1/dist/gitlens.js:1:11331)
    at RegisteredActionRunner.dispose (/home/rugery/.vscode/extensions/eamodio.gitlens-13.3.1/dist/gitlens.js:1:9993)
    at Object.dispose (/home/rugery/.vscode/extensions/eamodio.gitlens-13.3.1/dist/gitlens.js:1:11428)
    at T (/opt/visual-studio-code/resources/app/out/vs/workbench/api/node/extensionHostProcess.js:10:12072)
    at f.X (/opt/visual-studio-code/resources/app/out/vs/workbench/api/node/extensionHostProcess.js:108:11242)
    at /opt/visual-studio-code/resources/app/out/vs/workbench/api/node/extensionHostProcess.js:108:9037
    at Array.map (<anonymous>)
    at f.Q (/opt/visual-studio-code/resources/app/out/vs/workbench/api/node/extensionHostProcess.js:108:9024)
    at f.terminate (/opt/visual-studio-code/resources/app/out/vs/workbench/api/node/extensionHostProcess.js:108:9298)
    at h.terminate (/opt/visual-studio-code/resources/app/out/vs/workbench/api/node/extensionHostProcess.js:112:1397)
    at p (/opt/visual-studio-code/resources/app/out/vs/workbench/api/node/extensionHostProcess.js:122:17851)
    at MessagePortMain.<anonymous> (/opt/visual-studio-code/resources/app/out/vs/workbench/api/node/extensionHostProcess.js:122:13990)
    at MessagePortMain.emit (node:events:526:28)
    at Object.MessagePortMain._internalPort.emit (node:electron/js2c/utility_init:5:364) setContext undefined
2023-03-05 15:48:01.525 [info] Extension host with pid 3700 exiting with code 0
2023-03-05 15:48:03.450 [info] Extension host with pid 5252 started
2023-03-05 15:48:03.450 [info] Skipping acquiring lock for /home/rugery/.config/Code/User/workspaceStorage/cb17bc6e9aa3fb316b1fb80c803696b6.
2023-03-05 15:48:03.682 [info] ExtensionService#_doActivateExtension vscode.emmet, startup: false, activationEvent: 'onLanguage'
2023-03-05 15:48:03.691 [info] ExtensionService#_doActivateExtension vscode.git-base, startup: true, activationEvent: '*', root cause: vscode.git
2023-03-05 15:48:03.693 [info] ExtensionService#_doActivateExtension alexiv.vscode-angular2-files, startup: true, activationEvent: '*'
2023-03-05 15:48:03.718 [info] ExtensionService#_doActivateExtension christian-kohler.path-intellisense, startup: true, activationEvent: '*'
2023-03-05 15:48:03.734 [info] ExtensionService#_doActivateExtension formulahendry.auto-rename-tag, startup: true, activationEvent: '*'
2023-03-05 15:48:03.748 [info] ExtensionService#_doActivateExtension kisstkondoros.vscode-gutter-preview, startup: true, activationEvent: '*'
2023-03-05 15:48:03.766 [info] ExtensionService#_doActivateExtension naumovs.color-highlight, startup: true, activationEvent: '*'
2023-03-05 15:48:03.774 [info] ExtensionService#_doActivateExtension oderwat.indent-rainbow, startup: true, activationEvent: '*'
2023-03-05 15:48:03.888 [info] ExtensionService#_doActivateExtension vscode.git, startup: true, activationEvent: '*'
2023-03-05 15:48:03.930 [info] ExtensionService#_doActivateExtension vscode.github, startup: true, activationEvent: '*'
2023-03-05 15:48:04.103 [info] ExtensionService#_doActivateExtension vscode.github-authentication, startup: false, activationEvent: 'onAuthenticationRequest:github'
2023-03-05 15:48:04.211 [info] Eager extensions activated
2023-03-05 15:48:04.357 [info] ExtensionService#_doActivateExtension vscode.debug-auto-launch, startup: false, activationEvent: 'onStartupFinished'
2023-03-05 15:48:04.361 [info] ExtensionService#_doActivateExtension vscode.merge-conflict, startup: false, activationEvent: 'onStartupFinished'
2023-03-05 15:48:04.372 [info] ExtensionService#_doActivateExtension aaron-bond.better-comments, startup: false, activationEvent: 'onStartupFinished'
2023-03-05 15:48:04.378 [info] ExtensionService#_doActivateExtension dbaeumer.vscode-eslint, startup: false, activationEvent: 'onStartupFinished'
2023-03-05 15:48:04.395 [info] ExtensionService#_doActivateExtension eamodio.gitlens, startup: false, activationEvent: 'onStartupFinished'
2023-03-05 15:48:04.443 [info] ExtensionService#_doActivateExtension ms-vsliveshare.vsliveshare, startup: false, activationEvent: 'onStartupFinished'
2023-03-05 15:48:04.609 [info] ExtensionService#_doActivateExtension PKief.material-icon-theme, startup: false, activationEvent: 'onStartupFinished'
2023-03-05 15:48:04.616 [info] ExtensionService#_doActivateExtension ritwickdey.LiveServer, startup: false, activationEvent: 'onStartupFinished'
2023-03-05 15:48:04.623 [info] ExtensionService#_doActivateExtension zhuangtongfa.material-theme, startup: false, activationEvent: 'onStartupFinished'
2023-03-05 15:48:04.894 [info] ExtensionService#_doActivateExtension vscode.microsoft-authentication, startup: false, activationEvent: 'onAuthenticationRequest:microsoft'
2023-03-05 15:58:09.097 [info] ExtensionService#_doActivateExtension vscode.html-language-features, startup: false, activationEvent: 'onLanguage:html'
2023-03-05 15:58:09.330 [info] ExtensionService#_doActivateExtension Angular.ng-template, startup: false, activationEvent: 'onLanguage:html'
2023-03-05 15:58:13.146 [info] ExtensionService#_doActivateExtension vscode.configuration-editing, startup: false, activationEvent: 'onLanguage:jsonc'
2023-03-05 15:58:13.258 [info] ExtensionService#_doActivateExtension vscode.json-language-features, startup: false, activationEvent: 'onLanguage:jsonc'
2023-03-05 15:58:13.354 [info] ExtensionService#_doActivateExtension vscode.typescript-language-features, startup: false, activationEvent: 'onLanguage:jsonc'
2023-03-05 16:01:03.142 [info] ExtensionService#_doActivateExtension christian-kohler.npm-intellisense, startup: false, activationEvent: 'onLanguage:javascript'
2023-03-05 16:01:47.253 [info] ExtensionService#_doActivateExtension vscode.css-language-features, startup: false, activationEvent: 'onLanguage:css'
2023-03-05 16:32:00.358 [info] Extension host terminating: renderer closed the MessagePort
2023-03-05 16:32:00.430 [error] Canceled: Canceled
    at new u (/opt/visual-studio-code/resources/app/out/vs/workbench/api/node/extensionHostProcess.js:96:88070)
    at l.O (/opt/visual-studio-code/resources/app/out/vs/workbench/api/node/extensionHostProcess.js:106:11276)
    at Proxy.V.<computed>.M.charCodeAt.V.<computed> (/opt/visual-studio-code/resources/app/out/vs/workbench/api/node/extensionHostProcess.js:106:8557)
    at s.g (/opt/visual-studio-code/resources/app/out/vs/workbench/api/node/extensionHostProcess.js:96:107430)
    at s.executeCommand (/opt/visual-studio-code/resources/app/out/vs/workbench/api/node/extensionHostProcess.js:96:106806)
    at w.registerCommand.description (/opt/visual-studio-code/resources/app/out/vs/workbench/api/node/extensionHostProcess.js:96:106099)
    at s.h (/opt/visual-studio-code/resources/app/out/vs/workbench/api/node/extensionHostProcess.js:96:108016)
    at s.g (/opt/visual-studio-code/resources/app/out/vs/workbench/api/node/extensionHostProcess.js:96:106906)
    at s.executeCommand (/opt/visual-studio-code/resources/app/out/vs/workbench/api/node/extensionHostProcess.js:96:106806)
    at Object.executeCommand (/opt/visual-studio-code/resources/app/out/vs/workbench/api/node/extensionHostProcess.js:117:30778)
    at D (/opt/visual-studio-code/resources/app/extensions/git/dist/main.js:2:2055373)
    at f.invoke (/opt/visual-studio-code/resources/app/out/vs/workbench/api/node/extensionHostProcess.js:63:145)
    at g.deliver (/opt/visual-studio-code/resources/app/out/vs/workbench/api/node/extensionHostProcess.js:63:2029)
    at d.fire (/opt/visual-studio-code/resources/app/out/vs/workbench/api/node/extensionHostProcess.js:63:1667)
    at Object.h [as dispose] (/opt/visual-studio-code/resources/app/extensions/git/dist/main.js:2:2070210)
    at /opt/visual-studio-code/resources/app/extensions/git/dist/main.js:2:2074277
    at Array.forEach (<anonymous>)
    at g.dispose (/opt/visual-studio-code/resources/app/extensions/git/dist/main.js:2:2074263)
    at C.<anonymous> (/opt/visual-studio-code/resources/app/out/vs/workbench/api/node/extensionHostProcess.js:94:12431)
    at C.dispose (/opt/visual-studio-code/resources/app/out/vs/workbench/api/node/extensionHostProcess.js:94:12566)
    at C.<anonymous> (/opt/visual-studio-code/resources/app/extensions/git/dist/main.js:2:2057503)
    at C.dispose (/opt/visual-studio-code/resources/app/out/vs/workbench/api/node/extensionHostProcess.js:94:12566)
    at T (/opt/visual-studio-code/resources/app/out/vs/workbench/api/node/extensionHostProcess.js:10:12072)
    at f.X (/opt/visual-studio-code/resources/app/out/vs/workbench/api/node/extensionHostProcess.js:108:11242)
    at /opt/visual-studio-code/resources/app/out/vs/workbench/api/node/extensionHostProcess.js:108:9037
    at Array.map (<anonymous>)
    at f.Q (/opt/visual-studio-code/resources/app/out/vs/workbench/api/node/extensionHostProcess.js:108:9024)
    at f.terminate (/opt/visual-studio-code/resources/app/out/vs/workbench/api/node/extensionHostProcess.js:108:9298)
    at h.terminate (/opt/visual-studio-code/resources/app/out/vs/workbench/api/node/extensionHostProcess.js:112:1397)
    at p (/opt/visual-studio-code/resources/app/out/vs/workbench/api/node/extensionHostProcess.js:122:17851)
    at MessagePortMain.<anonymous> (/opt/visual-studio-code/resources/app/out/vs/workbench/api/node/extensionHostProcess.js:122:13990)
    at MessagePortMain.emit (node:events:526:28)
    at MessagePortMain.emit (node:domain:475:12)
    at Object.MessagePortMain._internalPort.emit (node:electron/js2c/utility_init:5:364) setContext undefined
2023-03-05 16:32:00.442 [error] Canceled: Canceled
    at new u (/opt/visual-studio-code/resources/app/out/vs/workbench/api/node/extensionHostProcess.js:96:88070)
    at l.O (/opt/visual-studio-code/resources/app/out/vs/workbench/api/node/extensionHostProcess.js:106:11276)
    at Proxy.V.<computed>.M.charCodeAt.V.<computed> (/opt/visual-studio-code/resources/app/out/vs/workbench/api/node/extensionHostProcess.js:106:8557)
    at s.g (/opt/visual-studio-code/resources/app/out/vs/workbench/api/node/extensionHostProcess.js:96:107430)
    at s.executeCommand (/opt/visual-studio-code/resources/app/out/vs/workbench/api/node/extensionHostProcess.js:96:106806)
    at w.registerCommand.description (/opt/visual-studio-code/resources/app/out/vs/workbench/api/node/extensionHostProcess.js:96:106099)
    at s.h (/opt/visual-studio-code/resources/app/out/vs/workbench/api/node/extensionHostProcess.js:96:108016)
    at s.g (/opt/visual-studio-code/resources/app/out/vs/workbench/api/node/extensionHostProcess.js:96:106906)
    at s.executeCommand (/opt/visual-studio-code/resources/app/out/vs/workbench/api/node/extensionHostProcess.js:96:106806)
    at Object.executeCommand (/opt/visual-studio-code/resources/app/out/vs/workbench/api/node/extensionHostProcess.js:117:30778)
    at c (/home/rugery/.vscode/extensions/eamodio.gitlens-13.3.1/dist/gitlens.js:1:991281)
    at GitProviderService.setEnabledContext (/home/rugery/.vscode/extensions/eamodio.gitlens-13.3.1/dist/gitlens.js:1:719772)
    at GitProviderService.S.<computed> (/home/rugery/.vscode/extensions/eamodio.gitlens-13.3.1/dist/gitlens.js:1:1254640)
    at GitProviderService.updateContext (/home/rugery/.vscode/extensions/eamodio.gitlens-13.3.1/dist/gitlens.js:1:720061)
    at /home/rugery/.vscode/extensions/eamodio.gitlens-13.3.1/dist/gitlens.js:1:713767
    at f.invoke (/opt/visual-studio-code/resources/app/out/vs/workbench/api/node/extensionHostProcess.js:63:145)
    at g.deliver (/opt/visual-studio-code/resources/app/out/vs/workbench/api/node/extensionHostProcess.js:63:2029)
    at d.fire (/opt/visual-studio-code/resources/app/out/vs/workbench/api/node/extensionHostProcess.js:63:1667)
    at LocalGitProvider.onRepositoryChanged (/home/rugery/.vscode/extensions/eamodio.gitlens-13.3.1/dist/gitlens.js:1:94150)
    at W.fireChange (/home/rugery/.vscode/extensions/eamodio.gitlens-13.3.1/dist/gitlens.js:1:1178651)
    at W.S.<computed> (/home/rugery/.vscode/extensions/eamodio.gitlens-13.3.1/dist/gitlens.js:1:1254640)
    at W.set closed [as closed] (/home/rugery/.vscode/extensions/eamodio.gitlens-13.3.1/dist/gitlens.js:1:1168388)
    at /home/rugery/.vscode/extensions/eamodio.gitlens-13.3.1/dist/gitlens.js:1:714025
    at f.invoke (/opt/visual-studio-code/resources/app/out/vs/workbench/api/node/extensionHostProcess.js:63:145)
    at g.deliver (/opt/visual-studio-code/resources/app/out/vs/workbench/api/node/extensionHostProcess.js:63:2029)
    at d.fire (/opt/visual-studio-code/resources/app/out/vs/workbench/api/node/extensionHostProcess.js:63:1667)
    at /home/rugery/.vscode/extensions/eamodio.gitlens-13.3.1/dist/gitlens.js:1:94602
    at /opt/visual-studio-code/resources/app/extensions/git/dist/main.js:2:2141211
    at f.invoke (/opt/visual-studio-code/resources/app/out/vs/workbench/api/node/extensionHostProcess.js:63:145)
    at g.deliver (/opt/visual-studio-code/resources/app/out/vs/workbench/api/node/extensionHostProcess.js:63:2029)
    at d.fire (/opt/visual-studio-code/resources/app/out/vs/workbench/api/node/extensionHostProcess.js:63:1667)
    at Object.h [as dispose] (/opt/visual-studio-code/resources/app/extensions/git/dist/main.js:2:2070210)
    at /opt/visual-studio-code/resources/app/extensions/git/dist/main.js:2:2074277
    at Array.forEach (<anonymous>)
    at g.dispose (/opt/visual-studio-code/resources/app/extensions/git/dist/main.js:2:2074263)
    at C.<anonymous> (/opt/visual-studio-code/resources/app/out/vs/workbench/api/node/extensionHostProcess.js:94:12431)
    at C.dispose (/opt/visual-studio-code/resources/app/out/vs/workbench/api/node/extensionHostProcess.js:94:12566)
    at C.<anonymous> (/opt/visual-studio-code/resources/app/extensions/git/dist/main.js:2:2057503)
    at C.dispose (/opt/visual-studio-code/resources/app/out/vs/workbench/api/node/extensionHostProcess.js:94:12566)
    at T (/opt/visual-studio-code/resources/app/out/vs/workbench/api/node/extensionHostProcess.js:10:12072)
    at f.X (/opt/visual-studio-code/resources/app/out/vs/workbench/api/node/extensionHostProcess.js:108:11242)
    at /opt/visual-studio-code/resources/app/out/vs/workbench/api/node/extensionHostProcess.js:108:9037
    at Array.map (<anonymous>)
    at f.Q (/opt/visual-studio-code/resources/app/out/vs/workbench/api/node/extensionHostProcess.js:108:9024)
    at f.terminate (/opt/visual-studio-code/resources/app/out/vs/workbench/api/node/extensionHostProcess.js:108:9298)
    at h.terminate (/opt/visual-studio-code/resources/app/out/vs/workbench/api/node/extensionHostProcess.js:112:1397)
    at p (/opt/visual-studio-code/resources/app/out/vs/workbench/api/node/extensionHostProcess.js:122:17851)
    at MessagePortMain.<anonymous> (/opt/visual-studio-code/resources/app/out/vs/workbench/api/node/extensionHostProcess.js:122:13990)
    at MessagePortMain.emit (node:events:526:28)
    at MessagePortMain.emit (node:domain:475:12)
    at Object.MessagePortMain._internalPort.emit (node:electron/js2c/utility_init:5:364) setContext undefined
2023-03-05 16:32:00.443 [error] Canceled: Canceled
    at new u (/opt/visual-studio-code/resources/app/out/vs/workbench/api/node/extensionHostProcess.js:96:88070)
    at l.O (/opt/visual-studio-code/resources/app/out/vs/workbench/api/node/extensionHostProcess.js:106:11276)
    at Proxy.V.<computed>.M.charCodeAt.V.<computed> (/opt/visual-studio-code/resources/app/out/vs/workbench/api/node/extensionHostProcess.js:106:8557)
    at s.g (/opt/visual-studio-code/resources/app/out/vs/workbench/api/node/extensionHostProcess.js:96:107430)
    at s.executeCommand (/opt/visual-studio-code/resources/app/out/vs/workbench/api/node/extensionHostProcess.js:96:106806)
    at w.registerCommand.description (/opt/visual-studio-code/resources/app/out/vs/workbench/api/node/extensionHostProcess.js:96:106099)
    at s.h (/opt/visual-studio-code/resources/app/out/vs/workbench/api/node/extensionHostProcess.js:96:108016)
    at s.g (/opt/visual-studio-code/resources/app/out/vs/workbench/api/node/extensionHostProcess.js:96:106906)
    at s.executeCommand (/opt/visual-studio-code/resources/app/out/vs/workbench/api/node/extensionHostProcess.js:96:106806)
    at Object.executeCommand (/opt/visual-studio-code/resources/app/out/vs/workbench/api/node/extensionHostProcess.js:117:30778)
    at c (/home/rugery/.vscode/extensions/eamodio.gitlens-13.3.1/dist/gitlens.js:1:991281)
    at GitProviderService.setEnabledContext (/home/rugery/.vscode/extensions/eamodio.gitlens-13.3.1/dist/gitlens.js:1:719860)
    at GitProviderService.S.<computed> (/home/rugery/.vscode/extensions/eamodio.gitlens-13.3.1/dist/gitlens.js:1:1254640)
    at GitProviderService.updateContext (/home/rugery/.vscode/extensions/eamodio.gitlens-13.3.1/dist/gitlens.js:1:720061)
    at /home/rugery/.vscode/extensions/eamodio.gitlens-13.3.1/dist/gitlens.js:1:713767
    at f.invoke (/opt/visual-studio-code/resources/app/out/vs/workbench/api/node/extensionHostProcess.js:63:145)
    at g.deliver (/opt/visual-studio-code/resources/app/out/vs/workbench/api/node/extensionHostProcess.js:63:2029)
    at d.fire (/opt/visual-studio-code/resources/app/out/vs/workbench/api/node/extensionHostProcess.js:63:1667)
    at LocalGitProvider.onRepositoryChanged (/home/rugery/.vscode/extensions/eamodio.gitlens-13.3.1/dist/gitlens.js:1:94150)
    at W.fireChange (/home/rugery/.vscode/extensions/eamodio.gitlens-13.3.1/dist/gitlens.js:1:1178651)
    at W.S.<computed> (/home/rugery/.vscode/extensions/eamodio.gitlens-13.3.1/dist/gitlens.js:1:1254640)
    at W.set closed [as closed] (/home/rugery/.vscode/extensions/eamodio.gitlens-13.3.1/dist/gitlens.js:1:1168388)
    at /home/rugery/.vscode/extensions/eamodio.gitlens-13.3.1/dist/gitlens.js:1:714025
    at f.invoke (/opt/visual-studio-code/resources/app/out/vs/workbench/api/node/extensionHostProcess.js:63:145)
    at g.deliver (/opt/visual-studio-code/resources/app/out/vs/workbench/api/node/extensionHostProcess.js:63:2029)
    at d.fire (/opt/visual-studio-code/resources/app/out/vs/workbench/api/node/extensionHostProcess.js:63:1667)
    at /home/rugery/.vscode/extensions/eamodio.gitlens-13.3.1/dist/gitlens.js:1:94602
    at /opt/visual-studio-code/resources/app/extensions/git/dist/main.js:2:2141211
    at f.invoke (/opt/visual-studio-code/resources/app/out/vs/workbench/api/node/extensionHostProcess.js:63:145)
    at g.deliver (/opt/visual-studio-code/resources/app/out/vs/workbench/api/node/extensionHostProcess.js:63:2029)
    at d.fire (/opt/visual-studio-code/resources/app/out/vs/workbench/api/node/extensionHostProcess.js:63:1667)
    at Object.h [as dispose] (/opt/visual-studio-code/resources/app/extensions/git/dist/main.js:2:2070210)
    at /opt/visual-studio-code/resources/app/extensions/git/dist/main.js:2:2074277
    at Array.forEach (<anonymous>)
    at g.dispose (/opt/visual-studio-code/resources/app/extensions/git/dist/main.js:2:2074263)
    at C.<anonymous> (/opt/visual-studio-code/resources/app/out/vs/workbench/api/node/extensionHostProcess.js:94:12431)
    at C.dispose (/opt/visual-studio-code/resources/app/out/vs/workbench/api/node/extensionHostProcess.js:94:12566)
    at C.<anonymous> (/opt/visual-studio-code/resources/app/extensions/git/dist/main.js:2:2057503)
    at C.dispose (/opt/visual-studio-code/resources/app/out/vs/workbench/api/node/extensionHostProcess.js:94:12566)
    at T (/opt/visual-studio-code/resources/app/out/vs/workbench/api/node/extensionHostProcess.js:10:12072)
    at f.X (/opt/visual-studio-code/resources/app/out/vs/workbench/api/node/extensionHostProcess.js:108:11242)
    at /opt/visual-studio-code/resources/app/out/vs/workbench/api/node/extensionHostProcess.js:108:9037
    at Array.map (<anonymous>)
    at f.Q (/opt/visual-studio-code/resources/app/out/vs/workbench/api/node/extensionHostProcess.js:108:9024)
    at f.terminate (/opt/visual-studio-code/resources/app/out/vs/workbench/api/node/extensionHostProcess.js:108:9298)
    at h.terminate (/opt/visual-studio-code/resources/app/out/vs/workbench/api/node/extensionHostProcess.js:112:1397)
    at p (/opt/visual-studio-code/resources/app/out/vs/workbench/api/node/extensionHostProcess.js:122:17851)
    at MessagePortMain.<anonymous> (/opt/visual-studio-code/resources/app/out/vs/workbench/api/node/extensionHostProcess.js:122:13990)
    at MessagePortMain.emit (node:events:526:28)
    at MessagePortMain.emit (node:domain:475:12)
    at Object.MessagePortMain._internalPort.emit (node:electron/js2c/utility_init:5:364) setContext undefined
2023-03-05 16:32:00.443 [error] Canceled: Canceled
    at new u (/opt/visual-studio-code/resources/app/out/vs/workbench/api/node/extensionHostProcess.js:96:88070)
    at l.O (/opt/visual-studio-code/resources/app/out/vs/workbench/api/node/extensionHostProcess.js:106:11276)
    at Proxy.V.<computed>.M.charCodeAt.V.<computed> (/opt/visual-studio-code/resources/app/out/vs/workbench/api/node/extensionHostProcess.js:106:8557)
    at s.g (/opt/visual-studio-code/resources/app/out/vs/workbench/api/node/extensionHostProcess.js:96:107430)
    at s.executeCommand (/opt/visual-studio-code/resources/app/out/vs/workbench/api/node/extensionHostProcess.js:96:106806)
    at w.registerCommand.description (/opt/visual-studio-code/resources/app/out/vs/workbench/api/node/extensionHostProcess.js:96:106099)
    at s.h (/opt/visual-studio-code/resources/app/out/vs/workbench/api/node/extensionHostProcess.js:96:108016)
    at s.g (/opt/visual-studio-code/resources/app/out/vs/workbench/api/node/extensionHostProcess.js:96:106906)
    at s.executeCommand (/opt/visual-studio-code/resources/app/out/vs/workbench/api/node/extensionHostProcess.js:96:106806)
    at Object.executeCommand (/opt/visual-studio-code/resources/app/out/vs/workbench/api/node/extensionHostProcess.js:117:30778)
    at c (/home/rugery/.vscode/extensions/eamodio.gitlens-13.3.1/dist/gitlens.js:1:991281)
    at ActionRunners._updateContextKeys (/home/rugery/.vscode/extensions/eamodio.gitlens-13.3.1/dist/gitlens.js:1:12768)
    at s (/home/rugery/.vscode/extensions/eamodio.gitlens-13.3.1/dist/gitlens.js:1:11187)
    at RegisteredActionRunner.unregister (/home/rugery/.vscode/extensions/eamodio.gitlens-13.3.1/dist/gitlens.js:1:11331)
    at RegisteredActionRunner.dispose (/home/rugery/.vscode/extensions/eamodio.gitlens-13.3.1/dist/gitlens.js:1:9993)
    at ActionRunners.dispose (/home/rugery/.vscode/extensions/eamodio.gitlens-13.3.1/dist/gitlens.js:1:10772)
    at T (/opt/visual-studio-code/resources/app/out/vs/workbench/api/node/extensionHostProcess.js:10:12072)
    at f.X (/opt/visual-studio-code/resources/app/out/vs/workbench/api/node/extensionHostProcess.js:108:11242)
    at /opt/visual-studio-code/resources/app/out/vs/workbench/api/node/extensionHostProcess.js:108:9037
    at Array.map (<anonymous>)
    at f.Q (/opt/visual-studio-code/resources/app/out/vs/workbench/api/node/extensionHostProcess.js:108:9024)
    at f.terminate (/opt/visual-studio-code/resources/app/out/vs/workbench/api/node/extensionHostProcess.js:108:9298)
    at h.terminate (/opt/visual-studio-code/resources/app/out/vs/workbench/api/node/extensionHostProcess.js:112:1397)
    at p (/opt/visual-studio-code/resources/app/out/vs/workbench/api/node/extensionHostProcess.js:122:17851)
    at MessagePortMain.<anonymous> (/opt/visual-studio-code/resources/app/out/vs/workbench/api/node/extensionHostProcess.js:122:13990)
    at MessagePortMain.emit (node:events:526:28)
    at MessagePortMain.emit (node:domain:475:12)
    at Object.MessagePortMain._internalPort.emit (node:electron/js2c/utility_init:5:364) setContext undefined
2023-03-05 16:32:00.444 [error] Canceled: Canceled
    at new u (/opt/visual-studio-code/resources/app/out/vs/workbench/api/node/extensionHostProcess.js:96:88070)
    at l.O (/opt/visual-studio-code/resources/app/out/vs/workbench/api/node/extensionHostProcess.js:106:11276)
    at Proxy.V.<computed>.M.charCodeAt.V.<computed> (/opt/visual-studio-code/resources/app/out/vs/workbench/api/node/extensionHostProcess.js:106:8557)
    at s.g (/opt/visual-studio-code/resources/app/out/vs/workbench/api/node/extensionHostProcess.js:96:107430)
    at s.executeCommand (/opt/visual-studio-code/resources/app/out/vs/workbench/api/node/extensionHostProcess.js:96:106806)
    at w.registerCommand.description (/opt/visual-studio-code/resources/app/out/vs/workbench/api/node/extensionHostProcess.js:96:106099)
    at s.h (/opt/visual-studio-code/resources/app/out/vs/workbench/api/node/extensionHostProcess.js:96:108016)
    at s.g (/opt/visual-studio-code/resources/app/out/vs/workbench/api/node/extensionHostProcess.js:96:106906)
    at s.executeCommand (/opt/visual-studio-code/resources/app/out/vs/workbench/api/node/extensionHostProcess.js:96:106806)
    at Object.executeCommand (/opt/visual-studio-code/resources/app/out/vs/workbench/api/node/extensionHostProcess.js:117:30778)
    at c (/home/rugery/.vscode/extensions/eamodio.gitlens-13.3.1/dist/gitlens.js:1:991281)
    at ActionRunners._updateContextKeys (/home/rugery/.vscode/extensions/eamodio.gitlens-13.3.1/dist/gitlens.js:1:12768)
    at s (/home/rugery/.vscode/extensions/eamodio.gitlens-13.3.1/dist/gitlens.js:1:11187)
    at RegisteredActionRunner.unregister (/home/rugery/.vscode/extensions/eamodio.gitlens-13.3.1/dist/gitlens.js:1:11331)
    at RegisteredActionRunner.dispose (/home/rugery/.vscode/extensions/eamodio.gitlens-13.3.1/dist/gitlens.js:1:9993)
    at ActionRunners.dispose (/home/rugery/.vscode/extensions/eamodio.gitlens-13.3.1/dist/gitlens.js:1:10772)
    at T (/opt/visual-studio-code/resources/app/out/vs/workbench/api/node/extensionHostProcess.js:10:12072)
    at f.X (/opt/visual-studio-code/resources/app/out/vs/workbench/api/node/extensionHostProcess.js:108:11242)
    at /opt/visual-studio-code/resources/app/out/vs/workbench/api/node/extensionHostProcess.js:108:9037
    at Array.map (<anonymous>)
    at f.Q (/opt/visual-studio-code/resources/app/out/vs/workbench/api/node/extensionHostProcess.js:108:9024)
    at f.terminate (/opt/visual-studio-code/resources/app/out/vs/workbench/api/node/extensionHostProcess.js:108:9298)
    at h.terminate (/opt/visual-studio-code/resources/app/out/vs/workbench/api/node/extensionHostProcess.js:112:1397)
    at p (/opt/visual-studio-code/resources/app/out/vs/workbench/api/node/extensionHostProcess.js:122:17851)
    at MessagePortMain.<anonymous> (/opt/visual-studio-code/resources/app/out/vs/workbench/api/node/extensionHostProcess.js:122:13990)
    at MessagePortMain.emit (node:events:526:28)
    at MessagePortMain.emit (node:domain:475:12)
    at Object.MessagePortMain._internalPort.emit (node:electron/js2c/utility_init:5:364) setContext undefined
2023-03-05 16:32:00.444 [error] Canceled: Canceled
    at new u (/opt/visual-studio-code/resources/app/out/vs/workbench/api/node/extensionHostProcess.js:96:88070)
    at l.O (/opt/visual-studio-code/resources/app/out/vs/workbench/api/node/extensionHostProcess.js:106:11276)
    at Proxy.V.<computed>.M.charCodeAt.V.<computed> (/opt/visual-studio-code/resources/app/out/vs/workbench/api/node/extensionHostProcess.js:106:8557)
    at s.g (/opt/visual-studio-code/resources/app/out/vs/workbench/api/node/extensionHostProcess.js:96:107430)
    at s.executeCommand (/opt/visual-studio-code/resources/app/out/vs/workbench/api/node/extensionHostProcess.js:96:106806)
    at w.registerCommand.description (/opt/visual-studio-code/resources/app/out/vs/workbench/api/node/extensionHostProcess.js:96:106099)
    at s.h (/opt/visual-studio-code/resources/app/out/vs/workbench/api/node/extensionHostProcess.js:96:108016)
    at s.g (/opt/visual-studio-code/resources/app/out/vs/workbench/api/node/extensionHostProcess.js:96:106906)
    at s.executeCommand (/opt/visual-studio-code/resources/app/out/vs/workbench/api/node/extensionHostProcess.js:96:106806)
    at Object.executeCommand (/opt/visual-studio-code/resources/app/out/vs/workbench/api/node/extensionHostProcess.js:117:30778)
    at c (/home/rugery/.vscode/extensions/eamodio.gitlens-13.3.1/dist/gitlens.js:1:991281)
    at ActionRunners._updateContextKeys (/home/rugery/.vscode/extensions/eamodio.gitlens-13.3.1/dist/gitlens.js:1:12768)
    at s (/home/rugery/.vscode/extensions/eamodio.gitlens-13.3.1/dist/gitlens.js:1:11187)
    at RegisteredActionRunner.unregister (/home/rugery/.vscode/extensions/eamodio.gitlens-13.3.1/dist/gitlens.js:1:11331)
    at RegisteredActionRunner.dispose (/home/rugery/.vscode/extensions/eamodio.gitlens-13.3.1/dist/gitlens.js:1:9993)
    at ActionRunners.dispose (/home/rugery/.vscode/extensions/eamodio.gitlens-13.3.1/dist/gitlens.js:1:10772)
    at T (/opt/visual-studio-code/resources/app/out/vs/workbench/api/node/extensionHostProcess.js:10:12072)
    at f.X (/opt/visual-studio-code/resources/app/out/vs/workbench/api/node/extensionHostProcess.js:108:11242)
    at /opt/visual-studio-code/resources/app/out/vs/workbench/api/node/extensionHostProcess.js:108:9037
    at Array.map (<anonymous>)
    at f.Q (/opt/visual-studio-code/resources/app/out/vs/workbench/api/node/extensionHostProcess.js:108:9024)
    at f.terminate (/opt/visual-studio-code/resources/app/out/vs/workbench/api/node/extensionHostProcess.js:108:9298)
    at h.terminate (/opt/visual-studio-code/resources/app/out/vs/workbench/api/node/extensionHostProcess.js:112:1397)
    at p (/opt/visual-studio-code/resources/app/out/vs/workbench/api/node/extensionHostProcess.js:122:17851)
    at MessagePortMain.<anonymous> (/opt/visual-studio-code/resources/app/out/vs/workbench/api/node/extensionHostProcess.js:122:13990)
    at MessagePortMain.emit (node:events:526:28)
    at MessagePortMain.emit (node:domain:475:12)
    at Object.MessagePortMain._internalPort.emit (node:electron/js2c/utility_init:5:364) setContext undefined
2023-03-05 16:32:00.444 [error] Canceled: Canceled
    at new u (/opt/visual-studio-code/resources/app/out/vs/workbench/api/node/extensionHostProcess.js:96:88070)
    at l.O (/opt/visual-studio-code/resources/app/out/vs/workbench/api/node/extensionHostProcess.js:106:11276)
    at Proxy.V.<computed>.M.charCodeAt.V.<computed> (/opt/visual-studio-code/resources/app/out/vs/workbench/api/node/extensionHostProcess.js:106:8557)
    at s.g (/opt/visual-studio-code/resources/app/out/vs/workbench/api/node/extensionHostProcess.js:96:107430)
    at s.executeCommand (/opt/visual-studio-code/resources/app/out/vs/workbench/api/node/extensionHostProcess.js:96:106806)
    at w.registerCommand.description (/opt/visual-studio-code/resources/app/out/vs/workbench/api/node/extensionHostProcess.js:96:106099)
    at s.h (/opt/visual-studio-code/resources/app/out/vs/workbench/api/node/extensionHostProcess.js:96:108016)
    at s.g (/opt/visual-studio-code/resources/app/out/vs/workbench/api/node/extensionHostProcess.js:96:106906)
    at s.executeCommand (/opt/visual-studio-code/resources/app/out/vs/workbench/api/node/extensionHostProcess.js:96:106806)
    at Object.executeCommand (/opt/visual-studio-code/resources/app/out/vs/workbench/api/node/extensionHostProcess.js:117:30778)
    at c (/home/rugery/.vscode/extensions/eamodio.gitlens-13.3.1/dist/gitlens.js:1:991281)
    at ActionRunners._updateContextKeys (/home/rugery/.vscode/extensions/eamodio.gitlens-13.3.1/dist/gitlens.js:1:12768)
    at s (/home/rugery/.vscode/extensions/eamodio.gitlens-13.3.1/dist/gitlens.js:1:11187)
    at RegisteredActionRunner.unregister (/home/rugery/.vscode/extensions/eamodio.gitlens-13.3.1/dist/gitlens.js:1:11331)
    at RegisteredActionRunner.dispose (/home/rugery/.vscode/extensions/eamodio.gitlens-13.3.1/dist/gitlens.js:1:9993)
    at Object.dispose (/home/rugery/.vscode/extensions/eamodio.gitlens-13.3.1/dist/gitlens.js:1:11428)
    at T (/opt/visual-studio-code/resources/app/out/vs/workbench/api/node/extensionHostProcess.js:10:12072)
    at f.X (/opt/visual-studio-code/resources/app/out/vs/workbench/api/node/extensionHostProcess.js:108:11242)
    at /opt/visual-studio-code/resources/app/out/vs/workbench/api/node/extensionHostProcess.js:108:9037
    at Array.map (<anonymous>)
    at f.Q (/opt/visual-studio-code/resources/app/out/vs/workbench/api/node/extensionHostProcess.js:108:9024)
    at f.terminate (/opt/visual-studio-code/resources/app/out/vs/workbench/api/node/extensionHostProcess.js:108:9298)
    at h.terminate (/opt/visual-studio-code/resources/app/out/vs/workbench/api/node/extensionHostProcess.js:112:1397)
    at p (/opt/visual-studio-code/resources/app/out/vs/workbench/api/node/extensionHostProcess.js:122:17851)
    at MessagePortMain.<anonymous> (/opt/visual-studio-code/resources/app/out/vs/workbench/api/node/extensionHostProcess.js:122:13990)
    at MessagePortMain.emit (node:events:526:28)
    at MessagePortMain.emit (node:domain:475:12)
    at Object.MessagePortMain._internalPort.emit (node:electron/js2c/utility_init:5:364) setContext undefined
2023-03-05 16:32:00.446 [error] Canceled: Canceled
    at new u (/opt/visual-studio-code/resources/app/out/vs/workbench/api/node/extensionHostProcess.js:96:88070)
    at l.O (/opt/visual-studio-code/resources/app/out/vs/workbench/api/node/extensionHostProcess.js:106:11276)
    at Proxy.V.<computed>.M.charCodeAt.V.<computed> (/opt/visual-studio-code/resources/app/out/vs/workbench/api/node/extensionHostProcess.js:106:8557)
    at s.g (/opt/visual-studio-code/resources/app/out/vs/workbench/api/node/extensionHostProcess.js:96:107430)
    at s.executeCommand (/opt/visual-studio-code/resources/app/out/vs/workbench/api/node/extensionHostProcess.js:96:106806)
    at w.registerCommand.description (/opt/visual-studio-code/resources/app/out/vs/workbench/api/node/extensionHostProcess.js:96:106099)
    at s.h (/opt/visual-studio-code/resources/app/out/vs/workbench/api/node/extensionHostProcess.js:96:108016)
    at s.g (/opt/visual-studio-code/resources/app/out/vs/workbench/api/node/extensionHostProcess.js:96:106906)
    at s.executeCommand (/opt/visual-studio-code/resources/app/out/vs/workbench/api/node/extensionHostProcess.js:96:106806)
    at Object.executeCommand (/opt/visual-studio-code/resources/app/out/vs/workbench/api/node/extensionHostProcess.js:117:30778)
    at c (/home/rugery/.vscode/extensions/eamodio.gitlens-13.3.1/dist/gitlens.js:1:991281)
    at ActionRunners._updateContextKeys (/home/rugery/.vscode/extensions/eamodio.gitlens-13.3.1/dist/gitlens.js:1:12768)
    at s (/home/rugery/.vscode/extensions/eamodio.gitlens-13.3.1/dist/gitlens.js:1:11187)
    at RegisteredActionRunner.unregister (/home/rugery/.vscode/extensions/eamodio.gitlens-13.3.1/dist/gitlens.js:1:11331)
    at RegisteredActionRunner.dispose (/home/rugery/.vscode/extensions/eamodio.gitlens-13.3.1/dist/gitlens.js:1:9993)
    at Object.dispose (/home/rugery/.vscode/extensions/eamodio.gitlens-13.3.1/dist/gitlens.js:1:11428)
    at T (/opt/visual-studio-code/resources/app/out/vs/workbench/api/node/extensionHostProcess.js:10:12072)
    at f.X (/opt/visual-studio-code/resources/app/out/vs/workbench/api/node/extensionHostProcess.js:108:11242)
    at /opt/visual-studio-code/resources/app/out/vs/workbench/api/node/extensionHostProcess.js:108:9037
    at Array.map (<anonymous>)
    at f.Q (/opt/visual-studio-code/resources/app/out/vs/workbench/api/node/extensionHostProcess.js:108:9024)
    at f.terminate (/opt/visual-studio-code/resources/app/out/vs/workbench/api/node/extensionHostProcess.js:108:9298)
    at h.terminate (/opt/visual-studio-code/resources/app/out/vs/workbench/api/node/extensionHostProcess.js:112:1397)
    at p (/opt/visual-studio-code/resources/app/out/vs/workbench/api/node/extensionHostProcess.js:122:17851)
    at MessagePortMain.<anonymous> (/opt/visual-studio-code/resources/app/out/vs/workbench/api/node/extensionHostProcess.js:122:13990)
    at MessagePortMain.emit (node:events:526:28)
    at MessagePortMain.emit (node:domain:475:12)
    at Object.MessagePortMain._internalPort.emit (node:electron/js2c/utility_init:5:364) setContext undefined
2023-03-05 16:32:00.446 [error] Canceled: Canceled
    at new u (/opt/visual-studio-code/resources/app/out/vs/workbench/api/node/extensionHostProcess.js:96:88070)
    at l.O (/opt/visual-studio-code/resources/app/out/vs/workbench/api/node/extensionHostProcess.js:106:11276)
    at Proxy.V.<computed>.M.charCodeAt.V.<computed> (/opt/visual-studio-code/resources/app/out/vs/workbench/api/node/extensionHostProcess.js:106:8557)
    at s.g (/opt/visual-studio-code/resources/app/out/vs/workbench/api/node/extensionHostProcess.js:96:107430)
    at s.executeCommand (/opt/visual-studio-code/resources/app/out/vs/workbench/api/node/extensionHostProcess.js:96:106806)
    at w.registerCommand.description (/opt/visual-studio-code/resources/app/out/vs/workbench/api/node/extensionHostProcess.js:96:106099)
    at s.h (/opt/visual-studio-code/resources/app/out/vs/workbench/api/node/extensionHostProcess.js:96:108016)
    at s.g (/opt/visual-studio-code/resources/app/out/vs/workbench/api/node/extensionHostProcess.js:96:106906)
    at s.executeCommand (/opt/visual-studio-code/resources/app/out/vs/workbench/api/node/extensionHostProcess.js:96:106806)
    at Object.executeCommand (/opt/visual-studio-code/resources/app/out/vs/workbench/api/node/extensionHostProcess.js:117:30778)
    at c (/home/rugery/.vscode/extensions/eamodio.gitlens-13.3.1/dist/gitlens.js:1:991281)
    at ActionRunners._updateContextKeys (/home/rugery/.vscode/extensions/eamodio.gitlens-13.3.1/dist/gitlens.js:1:12768)
    at s (/home/rugery/.vscode/extensions/eamodio.gitlens-13.3.1/dist/gitlens.js:1:11187)
    at RegisteredActionRunner.unregister (/home/rugery/.vscode/extensions/eamodio.gitlens-13.3.1/dist/gitlens.js:1:11331)
    at RegisteredActionRunner.dispose (/home/rugery/.vscode/extensions/eamodio.gitlens-13.3.1/dist/gitlens.js:1:9993)
    at Object.dispose (/home/rugery/.vscode/extensions/eamodio.gitlens-13.3.1/dist/gitlens.js:1:11428)
    at T (/opt/visual-studio-code/resources/app/out/vs/workbench/api/node/extensionHostProcess.js:10:12072)
    at f.X (/opt/visual-studio-code/resources/app/out/vs/workbench/api/node/extensionHostProcess.js:108:11242)
    at /opt/visual-studio-code/resources/app/out/vs/workbench/api/node/extensionHostProcess.js:108:9037
    at Array.map (<anonymous>)
    at f.Q (/opt/visual-studio-code/resources/app/out/vs/workbench/api/node/extensionHostProcess.js:108:9024)
    at f.terminate (/opt/visual-studio-code/resources/app/out/vs/workbench/api/node/extensionHostProcess.js:108:9298)
    at h.terminate (/opt/visual-studio-code/resources/app/out/vs/workbench/api/node/extensionHostProcess.js:112:1397)
    at p (/opt/visual-studio-code/resources/app/out/vs/workbench/api/node/extensionHostProcess.js:122:17851)
    at MessagePortMain.<anonymous> (/opt/visual-studio-code/resources/app/out/vs/workbench/api/node/extensionHostProcess.js:122:13990)
    at MessagePortMain.emit (node:events:526:28)
    at MessagePortMain.emit (node:domain:475:12)
    at Object.MessagePortMain._internalPort.emit (node:electron/js2c/utility_init:5:364) setContext undefined
2023-03-05 16:32:00.483 [info] Extension host with pid 5252 exiting with code 0
